[0.006s] Invoking command in '/home/hayden/ros_ws/build/pymoveit2': CMAKE_PREFIX_PATH=${CMAKE_PREFIX_PATH}:/opt/ros/humble /usr/bin/cmake /home/hayden/ros_ws/src/pymoveit2 -DAMENT_CMAKE_SYMLINK_INSTALL=1 -DCMAKE_INSTALL_PREFIX=/home/hayden/ros_ws/install/pymoveit2
[0.105s] -- The C compiler identification is GNU 11.4.0
[0.171s] -- The CXX compiler identification is GNU 11.4.0
[0.180s] -- Detecting C compiler ABI info
[0.234s] -- Detecting C compiler ABI info - done
[0.238s] -- Check for working C compiler: /usr/bin/cc - skipped
[0.239s] -- Detecting C compile features
[0.239s] -- Detecting C compile features - done
[0.241s] -- Detecting CXX compiler ABI info
[0.296s] -- Detecting CXX compiler ABI info - done
[0.301s] -- Check for working CXX compiler: /usr/bin/c++ - skipped
[0.301s] -- Detecting CXX compile features
[0.302s] -- Detecting CXX compile features - done
[0.306s] -- Found ament_cmake: 1.3.14 (/opt/ros/humble/share/ament_cmake/cmake)
[0.404s] -- Found Python3: /usr/bin/python3 (found version "3.10.12") found components: Interpreter 
[0.448s] -- Override CMake install command with custom implementation using symlinks instead of copying resources
[0.569s] -- Configuring done
[0.572s] -- Generating done
[0.574s] -- Build files have been written to: /home/hayden/ros_ws/build/pymoveit2
[0.577s] Invoked command in '/home/hayden/ros_ws/build/pymoveit2' returned '0': CMAKE_PREFIX_PATH=${CMAKE_PREFIX_PATH}:/opt/ros/humble /usr/bin/cmake /home/hayden/ros_ws/src/pymoveit2 -DAMENT_CMAKE_SYMLINK_INSTALL=1 -DCMAKE_INSTALL_PREFIX=/home/hayden/ros_ws/install/pymoveit2
[0.578s] Invoking command in '/home/hayden/ros_ws/build/pymoveit2': CMAKE_PREFIX_PATH=${CMAKE_PREFIX_PATH}:/opt/ros/humble /usr/bin/cmake --build /home/hayden/ros_ws/build/pymoveit2 -- -j12 -l12
[0.615s] Built target ament_cmake_python_symlink_pymoveit2
[0.774s] running egg_info
[0.775s] creating pymoveit2.egg-info
[0.775s] writing pymoveit2.egg-info/PKG-INFO
[0.775s] writing dependency_links to pymoveit2.egg-info/dependency_links.txt
[0.775s] writing top-level names to pymoveit2.egg-info/top_level.txt
[0.777s] writing manifest file 'pymoveit2.egg-info/SOURCES.txt'
[0.778s] reading manifest file 'pymoveit2.egg-info/SOURCES.txt'
[0.779s] writing manifest file 'pymoveit2.egg-info/SOURCES.txt'
[0.796s] Built target ament_cmake_python_build_pymoveit2_egg
[0.804s] Invoked command in '/home/hayden/ros_ws/build/pymoveit2' returned '0': CMAKE_PREFIX_PATH=${CMAKE_PREFIX_PATH}:/opt/ros/humble /usr/bin/cmake --build /home/hayden/ros_ws/build/pymoveit2 -- -j12 -l12
[0.805s] Invoking command in '/home/hayden/ros_ws/build/pymoveit2': CMAKE_PREFIX_PATH=${CMAKE_PREFIX_PATH}:/opt/ros/humble /usr/bin/cmake --install /home/hayden/ros_ws/build/pymoveit2
[0.810s] -- Install configuration: ""
[0.810s] -- Execute custom install script
[0.810s] -- Symlinking: /home/hayden/ros_ws/install/pymoveit2/share/pymoveit2/environment/pythonpath.sh
[0.817s] -- Symlinking: /home/hayden/ros_ws/install/pymoveit2/share/pymoveit2/environment/pythonpath.dsv
[0.823s] -- Symlinking: /home/hayden/ros_ws/install/pymoveit2/local/lib/python3.10/dist-packages/pymoveit2-2.1.0-py3.10.egg-info/PKG-INFO
[0.829s] -- Symlinking: /home/hayden/ros_ws/install/pymoveit2/local/lib/python3.10/dist-packages/pymoveit2-2.1.0-py3.10.egg-info/SOURCES.txt
[0.835s] -- Symlinking: /home/hayden/ros_ws/install/pymoveit2/local/lib/python3.10/dist-packages/pymoveit2-2.1.0-py3.10.egg-info/dependency_links.txt
[0.841s] -- Symlinking: /home/hayden/ros_ws/install/pymoveit2/local/lib/python3.10/dist-packages/pymoveit2-2.1.0-py3.10.egg-info/top_level.txt
[0.848s] -- Symlinking: /home/hayden/ros_ws/install/pymoveit2/local/lib/python3.10/dist-packages/pymoveit2/__init__.py
[0.854s] -- Symlinking: /home/hayden/ros_ws/install/pymoveit2/local/lib/python3.10/dist-packages/pymoveit2/gripper_command.py
[0.859s] -- Symlinking: /home/hayden/ros_ws/install/pymoveit2/local/lib/python3.10/dist-packages/pymoveit2/gripper_interface.py
[0.865s] -- Symlinking: /home/hayden/ros_ws/install/pymoveit2/local/lib/python3.10/dist-packages/pymoveit2/moveit2.py
[0.871s] -- Symlinking: /home/hayden/ros_ws/install/pymoveit2/local/lib/python3.10/dist-packages/pymoveit2/moveit2_gripper.py
[0.877s] -- Symlinking: /home/hayden/ros_ws/install/pymoveit2/local/lib/python3.10/dist-packages/pymoveit2/moveit2_servo.py
[0.883s] -- Symlinking: /home/hayden/ros_ws/install/pymoveit2/local/lib/python3.10/dist-packages/pymoveit2/robots/__init__.py
[0.889s] -- Symlinking: /home/hayden/ros_ws/install/pymoveit2/local/lib/python3.10/dist-packages/pymoveit2/robots/kinova.py
[0.895s] -- Symlinking: /home/hayden/ros_ws/install/pymoveit2/local/lib/python3.10/dist-packages/pymoveit2/robots/panda.py
[0.901s] -- Symlinking: /home/hayden/ros_ws/install/pymoveit2/local/lib/python3.10/dist-packages/pymoveit2/robots/phantomx_pincher.py
[0.908s] -- Symlinking: /home/hayden/ros_ws/install/pymoveit2/lib/pymoveit2/ex_collision_mesh.py
[0.914s] -- Symlinking: /home/hayden/ros_ws/install/pymoveit2/lib/pymoveit2/ex_collision_primitive.py
[0.920s] -- Symlinking: /home/hayden/ros_ws/install/pymoveit2/lib/pymoveit2/ex_gripper.py
[0.927s] -- Symlinking: /home/hayden/ros_ws/install/pymoveit2/lib/pymoveit2/ex_joint_goal.py
[0.933s] -- Symlinking: /home/hayden/ros_ws/install/pymoveit2/lib/pymoveit2/ex_pose_goal.py
[0.939s] -- Symlinking: /home/hayden/ros_ws/install/pymoveit2/lib/pymoveit2/ex_servo.py
[0.945s] -- Symlinking: /home/hayden/ros_ws/install/pymoveit2/share/ament_index/resource_index/package_run_dependencies/pymoveit2
[0.951s] -- Symlinking: /home/hayden/ros_ws/install/pymoveit2/share/ament_index/resource_index/parent_prefix_path/pymoveit2
[0.957s] -- Symlinking: /home/hayden/ros_ws/install/pymoveit2/share/pymoveit2/environment/ament_prefix_path.sh
[0.963s] -- Symlinking: /home/hayden/ros_ws/install/pymoveit2/share/pymoveit2/environment/ament_prefix_path.dsv
[0.969s] -- Symlinking: /home/hayden/ros_ws/install/pymoveit2/share/pymoveit2/environment/path.sh
[0.975s] -- Symlinking: /home/hayden/ros_ws/install/pymoveit2/share/pymoveit2/environment/path.dsv
[0.981s] -- Symlinking: /home/hayden/ros_ws/install/pymoveit2/share/pymoveit2/local_setup.bash
[0.987s] -- Symlinking: /home/hayden/ros_ws/install/pymoveit2/share/pymoveit2/local_setup.sh
[0.993s] -- Symlinking: /home/hayden/ros_ws/install/pymoveit2/share/pymoveit2/local_setup.zsh
[0.999s] -- Symlinking: /home/hayden/ros_ws/install/pymoveit2/share/pymoveit2/local_setup.dsv
[1.005s] -- Symlinking: /home/hayden/ros_ws/install/pymoveit2/share/pymoveit2/package.dsv
[1.011s] -- Symlinking: /home/hayden/ros_ws/install/pymoveit2/share/ament_index/resource_index/packages/pymoveit2
[1.017s] -- Symlinking: /home/hayden/ros_ws/install/pymoveit2/share/pymoveit2/cmake/pymoveit2Config.cmake
[1.023s] -- Symlinking: /home/hayden/ros_ws/install/pymoveit2/share/pymoveit2/cmake/pymoveit2Config-version.cmake
[1.029s] -- Symlinking: /home/hayden/ros_ws/install/pymoveit2/share/pymoveit2/package.xml
[1.067s] Listing '/home/hayden/ros_ws/install/pymoveit2/local/lib/python3.10/dist-packages/pymoveit2'...
[1.067s] Compiling '/home/hayden/ros_ws/install/pymoveit2/local/lib/python3.10/dist-packages/pymoveit2/__init__.py'...
[1.067s] Compiling '/home/hayden/ros_ws/install/pymoveit2/local/lib/python3.10/dist-packages/pymoveit2/gripper_command.py'...
[1.067s] Compiling '/home/hayden/ros_ws/install/pymoveit2/local/lib/python3.10/dist-packages/pymoveit2/gripper_interface.py'...
[1.067s] Compiling '/home/hayden/ros_ws/install/pymoveit2/local/lib/python3.10/dist-packages/pymoveit2/moveit2.py'...
[1.067s] Compiling '/home/hayden/ros_ws/install/pymoveit2/local/lib/python3.10/dist-packages/pymoveit2/moveit2_gripper.py'...
[1.067s] Compiling '/home/hayden/ros_ws/install/pymoveit2/local/lib/python3.10/dist-packages/pymoveit2/moveit2_servo.py'...
[1.067s] Listing '/home/hayden/ros_ws/install/pymoveit2/local/lib/python3.10/dist-packages/pymoveit2/robots'...
[1.067s] Compiling '/home/hayden/ros_ws/install/pymoveit2/local/lib/python3.10/dist-packages/pymoveit2/robots/__init__.py'...
[1.067s] Compiling '/home/hayden/ros_ws/install/pymoveit2/local/lib/python3.10/dist-packages/pymoveit2/robots/kinova.py'...
[1.067s] Compiling '/home/hayden/ros_ws/install/pymoveit2/local/lib/python3.10/dist-packages/pymoveit2/robots/panda.py'...
[1.067s] Compiling '/home/hayden/ros_ws/install/pymoveit2/local/lib/python3.10/dist-packages/pymoveit2/robots/phantomx_pincher.py'...
[1.071s] Invoked command in '/home/hayden/ros_ws/build/pymoveit2' returned '0': CMAKE_PREFIX_PATH=${CMAKE_PREFIX_PATH}:/opt/ros/humble /usr/bin/cmake --install /home/hayden/ros_ws/build/pymoveit2
