-- Install configuration: ""
-- Up-to-date: /home/hayden/ros_ws/install/pepper_robot/share/pepper_robot/launch
-- Up-to-date: /home/hayden/ros_ws/install/pepper_robot/share/pepper_robot/launch/fake.launch.py
-- Installing: /home/hayden/ros_ws/install/pepper_robot/share/pepper_robot/launch/move_pepper.launch.py
-- Up-to-date: /home/hayden/ros_ws/install/pepper_robot/share/pepper_robot/launch/gz.launch.py
-- Up-to-date: /home/hayden/ros_ws/install/pepper_robot/share/ament_index/resource_index/package_run_dependencies/pepper_robot
-- Up-to-date: /home/hayden/ros_ws/install/pepper_robot/share/ament_index/resource_index/parent_prefix_path/pepper_robot
-- Up-to-date: /home/hayden/ros_ws/install/pepper_robot/share/pepper_robot/environment/ament_prefix_path.sh
-- Up-to-date: /home/hayden/ros_ws/install/pepper_robot/share/pepper_robot/environment/ament_prefix_path.dsv
-- Up-to-date: /home/hayden/ros_ws/install/pepper_robot/share/pepper_robot/environment/path.sh
-- Up-to-date: /home/hayden/ros_ws/install/pepper_robot/share/pepper_robot/environment/path.dsv
-- Up-to-date: /home/hayden/ros_ws/install/pepper_robot/share/pepper_robot/local_setup.bash
-- Up-to-date: /home/hayden/ros_ws/install/pepper_robot/share/pepper_robot/local_setup.sh
-- Up-to-date: /home/hayden/ros_ws/install/pepper_robot/share/pepper_robot/local_setup.zsh
-- Up-to-date: /home/hayden/ros_ws/install/pepper_robot/share/pepper_robot/local_setup.dsv
-- Up-to-date: /home/hayden/ros_ws/install/pepper_robot/share/pepper_robot/package.dsv
-- Up-to-date: /home/hayden/ros_ws/install/pepper_robot/share/ament_index/resource_index/packages/pepper_robot
-- Up-to-date: /home/hayden/ros_ws/install/pepper_robot/share/pepper_robot/cmake/pepper_robotConfig.cmake
-- Up-to-date: /home/hayden/ros_ws/install/pepper_robot/share/pepper_robot/cmake/pepper_robotConfig-version.cmake
-- Up-to-date: /home/hayden/ros_ws/install/pepper_robot/share/pepper_robot/package.xml
