[0.007s] Invoking command in '/home/hayden/ros_ws/build/pepper_robot': CMAKE_PREFIX_PATH=/home/hayden/ros_ws/install/pepper_robot_moveit_config:/home/hayden/ros_ws/install/pepper_robot_description:/home/hayden/ros_ws/install/pymoveit2:/home/hayden/ros_ws/install/pepper_robot_ign:/home/hayden/ros_ws/install/pepper_robot:/opt/ros/humble /usr/bin/cmake --build /home/hayden/ros_ws/build/pepper_robot -- -j12 -l12
[0.035s] Invoked command in '/home/hayden/ros_ws/build/pepper_robot' returned '0': CMAKE_PREFIX_PATH=/home/hayden/ros_ws/install/pepper_robot_moveit_config:/home/hayden/ros_ws/install/pepper_robot_description:/home/hayden/ros_ws/install/pymoveit2:/home/hayden/ros_ws/install/pepper_robot_ign:/home/hayden/ros_ws/install/pepper_robot:/opt/ros/humble /usr/bin/cmake --build /home/hayden/ros_ws/build/pepper_robot -- -j12 -l12
[0.037s] Invoking command in '/home/hayden/ros_ws/build/pepper_robot': CMAKE_PREFIX_PATH=/home/hayden/ros_ws/install/pepper_robot_moveit_config:/home/hayden/ros_ws/install/pepper_robot_description:/home/hayden/ros_ws/install/pymoveit2:/home/hayden/ros_ws/install/pepper_robot_ign:/home/hayden/ros_ws/install/pepper_robot:/opt/ros/humble /usr/bin/cmake --install /home/hayden/ros_ws/build/pepper_robot
[0.042s] -- Install configuration: ""
[0.042s] -- Up-to-date: /home/hayden/ros_ws/install/pepper_robot/share/pepper_robot/launch
[0.042s] -- Up-to-date: /home/hayden/ros_ws/install/pepper_robot/share/pepper_robot/launch/fake.launch.py
[0.042s] -- Installing: /home/hayden/ros_ws/install/pepper_robot/share/pepper_robot/launch/move_pepper.launch.py
[0.042s] -- Up-to-date: /home/hayden/ros_ws/install/pepper_robot/share/pepper_robot/launch/gz.launch.py
[0.043s] -- Up-to-date: /home/hayden/ros_ws/install/pepper_robot/share/ament_index/resource_index/package_run_dependencies/pepper_robot
[0.043s] -- Up-to-date: /home/hayden/ros_ws/install/pepper_robot/share/ament_index/resource_index/parent_prefix_path/pepper_robot
[0.043s] -- Up-to-date: /home/hayden/ros_ws/install/pepper_robot/share/pepper_robot/environment/ament_prefix_path.sh
[0.043s] -- Up-to-date: /home/hayden/ros_ws/install/pepper_robot/share/pepper_robot/environment/ament_prefix_path.dsv
[0.043s] -- Up-to-date: /home/hayden/ros_ws/install/pepper_robot/share/pepper_robot/environment/path.sh
[0.043s] -- Up-to-date: /home/hayden/ros_ws/install/pepper_robot/share/pepper_robot/environment/path.dsv
[0.043s] -- Up-to-date: /home/hayden/ros_ws/install/pepper_robot/share/pepper_robot/local_setup.bash
[0.043s] -- Up-to-date: /home/hayden/ros_ws/install/pepper_robot/share/pepper_robot/local_setup.sh
[0.043s] -- Up-to-date: /home/hayden/ros_ws/install/pepper_robot/share/pepper_robot/local_setup.zsh
[0.043s] -- Up-to-date: /home/hayden/ros_ws/install/pepper_robot/share/pepper_robot/local_setup.dsv
[0.043s] -- Up-to-date: /home/hayden/ros_ws/install/pepper_robot/share/pepper_robot/package.dsv
[0.043s] -- Up-to-date: /home/hayden/ros_ws/install/pepper_robot/share/ament_index/resource_index/packages/pepper_robot
[0.043s] -- Up-to-date: /home/hayden/ros_ws/install/pepper_robot/share/pepper_robot/cmake/pepper_robotConfig.cmake
[0.043s] -- Up-to-date: /home/hayden/ros_ws/install/pepper_robot/share/pepper_robot/cmake/pepper_robotConfig-version.cmake
[0.043s] -- Up-to-date: /home/hayden/ros_ws/install/pepper_robot/share/pepper_robot/package.xml
[0.044s] Invoked command in '/home/hayden/ros_ws/build/pepper_robot' returned '0': CMAKE_PREFIX_PATH=/home/hayden/ros_ws/install/pepper_robot_moveit_config:/home/hayden/ros_ws/install/pepper_robot_description:/home/hayden/ros_ws/install/pymoveit2:/home/hayden/ros_ws/install/pepper_robot_ign:/home/hayden/ros_ws/install/pepper_robot:/opt/ros/humble /usr/bin/cmake --install /home/hayden/ros_ws/build/pepper_robot
