[0.103s] DEBUG:colcon:Command line arguments: ['/usr/bin/colcon', 'build']
[0.103s] DEBUG:colcon:Parsed command line arguments: Namespace(log_base=None, log_level=None, verb_name='build', build_base='build', install_base='install', merge_install=False, symlink_install=False, test_result_base=None, continue_on_error=False, executor='parallel', parallel_workers=12, event_handlers=None, ignore_user_meta=False, metas=['./colcon.meta'], base_paths=['.'], packages_ignore=None, packages_ignore_regex=None, paths=None, packages_up_to=None, packages_up_to_regex=None, packages_above=None, packages_above_and_dependencies=None, packages_above_depth=None, packages_select_by_dep=None, packages_skip_by_dep=None, packages_skip_up_to=None, packages_select_build_failed=False, packages_skip_build_finished=False, packages_select_test_failures=False, packages_skip_test_passed=False, packages_select=None, packages_skip=None, packages_select_regex=None, packages_skip_regex=None, packages_start=None, packages_end=None, allow_overriding=[], cmake_args=None, cmake_target=None, cmake_target_skip_unavailable=False, cmake_clean_cache=False, cmake_clean_first=False, cmake_force_configure=False, ament_cmake_args=None, catkin_cmake_args=None, catkin_skip_building_tests=False, mixin_files=None, mixin=None, verb_parser=<colcon_mixin.mixin.mixin_argument.MixinArgumentDecorator object at 0x7a7fa9051a20>, verb_extension=<colcon_core.verb.build.BuildVerb object at 0x7a7fa9162a10>, main=<bound method BuildVerb.main of <colcon_core.verb.build.BuildVerb object at 0x7a7fa9162a10>>, mixin_verb=('build',))
[0.278s] Level 1:colcon.colcon_core.package_discovery:discover_packages(colcon_meta) check parameters
[0.278s] Level 1:colcon.colcon_core.package_discovery:discover_packages(recursive) check parameters
[0.278s] Level 1:colcon.colcon_core.package_discovery:discover_packages(ignore) check parameters
[0.278s] Level 1:colcon.colcon_core.package_discovery:discover_packages(path) check parameters
[0.278s] Level 1:colcon.colcon_core.package_discovery:discover_packages(colcon_meta) discover
[0.278s] Level 1:colcon.colcon_core.package_discovery:discover_packages(recursive) discover
[0.278s] INFO:colcon.colcon_core.package_discovery:Crawling recursively for packages in '/home/hayden/ros_ws'
[0.278s] Level 1:colcon.colcon_core.package_identification:_identify(.) by extensions ['ignore', 'ignore_ament_install']
[0.278s] Level 1:colcon.colcon_core.package_identification:_identify(.) by extension 'ignore'
[0.278s] Level 1:colcon.colcon_core.package_identification:_identify(.) by extension 'ignore_ament_install'
[0.279s] Level 1:colcon.colcon_core.package_identification:_identify(.) by extensions ['colcon_pkg']
[0.279s] Level 1:colcon.colcon_core.package_identification:_identify(.) by extension 'colcon_pkg'
[0.279s] Level 1:colcon.colcon_core.package_identification:_identify(.) by extensions ['colcon_meta']
[0.279s] Level 1:colcon.colcon_core.package_identification:_identify(.) by extension 'colcon_meta'
[0.279s] Level 1:colcon.colcon_core.package_identification:_identify(.) by extensions ['ros']
[0.279s] Level 1:colcon.colcon_core.package_identification:_identify(.) by extension 'ros'
[0.285s] Level 1:colcon.colcon_core.package_identification:_identify(.) by extensions ['cmake', 'python']
[0.285s] Level 1:colcon.colcon_core.package_identification:_identify(.) by extension 'cmake'
[0.285s] Level 1:colcon.colcon_core.package_identification:_identify(.) by extension 'python'
[0.285s] Level 1:colcon.colcon_core.package_identification:_identify(.) by extensions ['python_setup_py']
[0.285s] Level 1:colcon.colcon_core.package_identification:_identify(.) by extension 'python_setup_py'
[0.285s] Level 1:colcon.colcon_core.package_identification:_identify(build) by extensions ['ignore', 'ignore_ament_install']
[0.286s] Level 1:colcon.colcon_core.package_identification:_identify(build) by extension 'ignore'
[0.286s] Level 1:colcon.colcon_core.package_identification:_identify(build) ignored
[0.286s] Level 1:colcon.colcon_core.package_identification:_identify(build_old) by extensions ['ignore', 'ignore_ament_install']
[0.286s] Level 1:colcon.colcon_core.package_identification:_identify(build_old) by extension 'ignore'
[0.286s] Level 1:colcon.colcon_core.package_identification:_identify(build_old) ignored
[0.286s] Level 1:colcon.colcon_core.package_identification:_identify(install) by extensions ['ignore', 'ignore_ament_install']
[0.286s] Level 1:colcon.colcon_core.package_identification:_identify(install) by extension 'ignore'
[0.286s] Level 1:colcon.colcon_core.package_identification:_identify(install) ignored
[0.286s] Level 1:colcon.colcon_core.package_identification:_identify(install_old) by extensions ['ignore', 'ignore_ament_install']
[0.286s] Level 1:colcon.colcon_core.package_identification:_identify(install_old) by extension 'ignore'
[0.286s] Level 1:colcon.colcon_core.package_identification:_identify(install_old) ignored
[0.286s] Level 1:colcon.colcon_core.package_identification:_identify(log) by extensions ['ignore', 'ignore_ament_install']
[0.286s] Level 1:colcon.colcon_core.package_identification:_identify(log) by extension 'ignore'
[0.286s] Level 1:colcon.colcon_core.package_identification:_identify(log) ignored
[0.286s] Level 1:colcon.colcon_core.package_identification:_identify(src) by extensions ['ignore', 'ignore_ament_install']
[0.286s] Level 1:colcon.colcon_core.package_identification:_identify(src) by extension 'ignore'
[0.286s] Level 1:colcon.colcon_core.package_identification:_identify(src) by extension 'ignore_ament_install'
[0.286s] Level 1:colcon.colcon_core.package_identification:_identify(src) by extensions ['colcon_pkg']
[0.286s] Level 1:colcon.colcon_core.package_identification:_identify(src) by extension 'colcon_pkg'
[0.286s] Level 1:colcon.colcon_core.package_identification:_identify(src) by extensions ['colcon_meta']
[0.286s] Level 1:colcon.colcon_core.package_identification:_identify(src) by extension 'colcon_meta'
[0.286s] Level 1:colcon.colcon_core.package_identification:_identify(src) by extensions ['ros']
[0.286s] Level 1:colcon.colcon_core.package_identification:_identify(src) by extension 'ros'
[0.287s] Level 1:colcon.colcon_core.package_identification:_identify(src) by extensions ['cmake', 'python']
[0.287s] Level 1:colcon.colcon_core.package_identification:_identify(src) by extension 'cmake'
[0.287s] Level 1:colcon.colcon_core.package_identification:_identify(src) by extension 'python'
[0.287s] Level 1:colcon.colcon_core.package_identification:_identify(src) by extensions ['python_setup_py']
[0.287s] Level 1:colcon.colcon_core.package_identification:_identify(src) by extension 'python_setup_py'
[0.287s] Level 1:colcon.colcon_core.package_identification:_identify(src/pepper_ign_moveit2) by extensions ['ignore', 'ignore_ament_install']
[0.287s] Level 1:colcon.colcon_core.package_identification:_identify(src/pepper_ign_moveit2) by extension 'ignore'
[0.287s] Level 1:colcon.colcon_core.package_identification:_identify(src/pepper_ign_moveit2) by extension 'ignore_ament_install'
[0.287s] Level 1:colcon.colcon_core.package_identification:_identify(src/pepper_ign_moveit2) by extensions ['colcon_pkg']
[0.287s] Level 1:colcon.colcon_core.package_identification:_identify(src/pepper_ign_moveit2) by extension 'colcon_pkg'
[0.287s] Level 1:colcon.colcon_core.package_identification:_identify(src/pepper_ign_moveit2) by extensions ['colcon_meta']
[0.287s] Level 1:colcon.colcon_core.package_identification:_identify(src/pepper_ign_moveit2) by extension 'colcon_meta'
[0.287s] Level 1:colcon.colcon_core.package_identification:_identify(src/pepper_ign_moveit2) by extensions ['ros']
[0.287s] Level 1:colcon.colcon_core.package_identification:_identify(src/pepper_ign_moveit2) by extension 'ros'
[0.287s] Level 1:colcon.colcon_core.package_identification:_identify(src/pepper_ign_moveit2) by extensions ['cmake', 'python']
[0.287s] Level 1:colcon.colcon_core.package_identification:_identify(src/pepper_ign_moveit2) by extension 'cmake'
[0.287s] Level 1:colcon.colcon_core.package_identification:_identify(src/pepper_ign_moveit2) by extension 'python'
[0.287s] Level 1:colcon.colcon_core.package_identification:_identify(src/pepper_ign_moveit2) by extensions ['python_setup_py']
[0.287s] Level 1:colcon.colcon_core.package_identification:_identify(src/pepper_ign_moveit2) by extension 'python_setup_py'
[0.287s] Level 1:colcon.colcon_core.package_identification:_identify(src/pepper_ign_moveit2/pepper_robot) by extensions ['ignore', 'ignore_ament_install']
[0.287s] Level 1:colcon.colcon_core.package_identification:_identify(src/pepper_ign_moveit2/pepper_robot) by extension 'ignore'
[0.287s] Level 1:colcon.colcon_core.package_identification:_identify(src/pepper_ign_moveit2/pepper_robot) by extension 'ignore_ament_install'
[0.287s] Level 1:colcon.colcon_core.package_identification:_identify(src/pepper_ign_moveit2/pepper_robot) by extensions ['colcon_pkg']
[0.287s] Level 1:colcon.colcon_core.package_identification:_identify(src/pepper_ign_moveit2/pepper_robot) by extension 'colcon_pkg'
[0.287s] Level 1:colcon.colcon_core.package_identification:_identify(src/pepper_ign_moveit2/pepper_robot) by extensions ['colcon_meta']
[0.287s] Level 1:colcon.colcon_core.package_identification:_identify(src/pepper_ign_moveit2/pepper_robot) by extension 'colcon_meta'
[0.288s] Level 1:colcon.colcon_core.package_identification:_identify(src/pepper_ign_moveit2/pepper_robot) by extensions ['ros']
[0.288s] Level 1:colcon.colcon_core.package_identification:_identify(src/pepper_ign_moveit2/pepper_robot) by extension 'ros'
[0.289s] DEBUG:colcon.colcon_core.package_identification:Package 'src/pepper_ign_moveit2/pepper_robot' with type 'ros.ament_cmake' and name 'pepper_robot'
[0.289s] Level 1:colcon.colcon_core.package_identification:_identify(src/pepper_ign_moveit2/pepper_robot_description) by extensions ['ignore', 'ignore_ament_install']
[0.289s] Level 1:colcon.colcon_core.package_identification:_identify(src/pepper_ign_moveit2/pepper_robot_description) by extension 'ignore'
[0.289s] Level 1:colcon.colcon_core.package_identification:_identify(src/pepper_ign_moveit2/pepper_robot_description) by extension 'ignore_ament_install'
[0.289s] Level 1:colcon.colcon_core.package_identification:_identify(src/pepper_ign_moveit2/pepper_robot_description) by extensions ['colcon_pkg']
[0.289s] Level 1:colcon.colcon_core.package_identification:_identify(src/pepper_ign_moveit2/pepper_robot_description) by extension 'colcon_pkg'
[0.289s] Level 1:colcon.colcon_core.package_identification:_identify(src/pepper_ign_moveit2/pepper_robot_description) by extensions ['colcon_meta']
[0.289s] Level 1:colcon.colcon_core.package_identification:_identify(src/pepper_ign_moveit2/pepper_robot_description) by extension 'colcon_meta'
[0.289s] Level 1:colcon.colcon_core.package_identification:_identify(src/pepper_ign_moveit2/pepper_robot_description) by extensions ['ros']
[0.289s] Level 1:colcon.colcon_core.package_identification:_identify(src/pepper_ign_moveit2/pepper_robot_description) by extension 'ros'
[0.290s] DEBUG:colcon.colcon_core.package_identification:Package 'src/pepper_ign_moveit2/pepper_robot_description' with type 'ros.ament_cmake' and name 'pepper_robot_description'
[0.290s] Level 1:colcon.colcon_core.package_identification:_identify(src/pepper_ign_moveit2/pepper_robot_ign) by extensions ['ignore', 'ignore_ament_install']
[0.290s] Level 1:colcon.colcon_core.package_identification:_identify(src/pepper_ign_moveit2/pepper_robot_ign) by extension 'ignore'
[0.290s] Level 1:colcon.colcon_core.package_identification:_identify(src/pepper_ign_moveit2/pepper_robot_ign) by extension 'ignore_ament_install'
[0.290s] Level 1:colcon.colcon_core.package_identification:_identify(src/pepper_ign_moveit2/pepper_robot_ign) by extensions ['colcon_pkg']
[0.290s] Level 1:colcon.colcon_core.package_identification:_identify(src/pepper_ign_moveit2/pepper_robot_ign) by extension 'colcon_pkg'
[0.290s] Level 1:colcon.colcon_core.package_identification:_identify(src/pepper_ign_moveit2/pepper_robot_ign) by extensions ['colcon_meta']
[0.290s] Level 1:colcon.colcon_core.package_identification:_identify(src/pepper_ign_moveit2/pepper_robot_ign) by extension 'colcon_meta'
[0.290s] Level 1:colcon.colcon_core.package_identification:_identify(src/pepper_ign_moveit2/pepper_robot_ign) by extensions ['ros']
[0.290s] Level 1:colcon.colcon_core.package_identification:_identify(src/pepper_ign_moveit2/pepper_robot_ign) by extension 'ros'
[0.291s] DEBUG:colcon.colcon_core.package_identification:Package 'src/pepper_ign_moveit2/pepper_robot_ign' with type 'ros.ament_cmake' and name 'pepper_robot_ign'
[0.291s] Level 1:colcon.colcon_core.package_identification:_identify(src/pepper_ign_moveit2/pepper_robot_moveit_config) by extensions ['ignore', 'ignore_ament_install']
[0.291s] Level 1:colcon.colcon_core.package_identification:_identify(src/pepper_ign_moveit2/pepper_robot_moveit_config) by extension 'ignore'
[0.291s] Level 1:colcon.colcon_core.package_identification:_identify(src/pepper_ign_moveit2/pepper_robot_moveit_config) by extension 'ignore_ament_install'
[0.291s] Level 1:colcon.colcon_core.package_identification:_identify(src/pepper_ign_moveit2/pepper_robot_moveit_config) by extensions ['colcon_pkg']
[0.291s] Level 1:colcon.colcon_core.package_identification:_identify(src/pepper_ign_moveit2/pepper_robot_moveit_config) by extension 'colcon_pkg'
[0.291s] Level 1:colcon.colcon_core.package_identification:_identify(src/pepper_ign_moveit2/pepper_robot_moveit_config) by extensions ['colcon_meta']
[0.291s] Level 1:colcon.colcon_core.package_identification:_identify(src/pepper_ign_moveit2/pepper_robot_moveit_config) by extension 'colcon_meta'
[0.291s] Level 1:colcon.colcon_core.package_identification:_identify(src/pepper_ign_moveit2/pepper_robot_moveit_config) by extensions ['ros']
[0.291s] Level 1:colcon.colcon_core.package_identification:_identify(src/pepper_ign_moveit2/pepper_robot_moveit_config) by extension 'ros'
[0.292s] DEBUG:colcon.colcon_core.package_identification:Package 'src/pepper_ign_moveit2/pepper_robot_moveit_config' with type 'ros.ament_cmake' and name 'pepper_robot_moveit_config'
[0.292s] Level 1:colcon.colcon_core.package_identification:_identify(src/pepper_ign_moveit2/vid) by extensions ['ignore', 'ignore_ament_install']
[0.292s] Level 1:colcon.colcon_core.package_identification:_identify(src/pepper_ign_moveit2/vid) by extension 'ignore'
[0.292s] Level 1:colcon.colcon_core.package_identification:_identify(src/pepper_ign_moveit2/vid) by extension 'ignore_ament_install'
[0.292s] Level 1:colcon.colcon_core.package_identification:_identify(src/pepper_ign_moveit2/vid) by extensions ['colcon_pkg']
[0.292s] Level 1:colcon.colcon_core.package_identification:_identify(src/pepper_ign_moveit2/vid) by extension 'colcon_pkg'
[0.292s] Level 1:colcon.colcon_core.package_identification:_identify(src/pepper_ign_moveit2/vid) by extensions ['colcon_meta']
[0.292s] Level 1:colcon.colcon_core.package_identification:_identify(src/pepper_ign_moveit2/vid) by extension 'colcon_meta'
[0.292s] Level 1:colcon.colcon_core.package_identification:_identify(src/pepper_ign_moveit2/vid) by extensions ['ros']
[0.292s] Level 1:colcon.colcon_core.package_identification:_identify(src/pepper_ign_moveit2/vid) by extension 'ros'
[0.292s] Level 1:colcon.colcon_core.package_identification:_identify(src/pepper_ign_moveit2/vid) by extensions ['cmake', 'python']
[0.292s] Level 1:colcon.colcon_core.package_identification:_identify(src/pepper_ign_moveit2/vid) by extension 'cmake'
[0.292s] Level 1:colcon.colcon_core.package_identification:_identify(src/pepper_ign_moveit2/vid) by extension 'python'
[0.292s] Level 1:colcon.colcon_core.package_identification:_identify(src/pepper_ign_moveit2/vid) by extensions ['python_setup_py']
[0.292s] Level 1:colcon.colcon_core.package_identification:_identify(src/pepper_ign_moveit2/vid) by extension 'python_setup_py'
[0.292s] Level 1:colcon.colcon_core.package_identification:_identify(src/pymoveit2) by extensions ['ignore', 'ignore_ament_install']
[0.292s] Level 1:colcon.colcon_core.package_identification:_identify(src/pymoveit2) by extension 'ignore'
[0.292s] Level 1:colcon.colcon_core.package_identification:_identify(src/pymoveit2) by extension 'ignore_ament_install'
[0.292s] Level 1:colcon.colcon_core.package_identification:_identify(src/pymoveit2) by extensions ['colcon_pkg']
[0.292s] Level 1:colcon.colcon_core.package_identification:_identify(src/pymoveit2) by extension 'colcon_pkg'
[0.292s] Level 1:colcon.colcon_core.package_identification:_identify(src/pymoveit2) by extensions ['colcon_meta']
[0.292s] Level 1:colcon.colcon_core.package_identification:_identify(src/pymoveit2) by extension 'colcon_meta'
[0.292s] Level 1:colcon.colcon_core.package_identification:_identify(src/pymoveit2) by extensions ['ros']
[0.292s] Level 1:colcon.colcon_core.package_identification:_identify(src/pymoveit2) by extension 'ros'
[0.293s] DEBUG:colcon.colcon_core.package_identification:Package 'src/pymoveit2' with type 'ros.ament_cmake' and name 'pymoveit2'
[0.293s] Level 1:colcon.colcon_core.package_discovery:discover_packages(recursive) using defaults
[0.293s] Level 1:colcon.colcon_core.package_discovery:discover_packages(ignore) discover
[0.293s] Level 1:colcon.colcon_core.package_discovery:discover_packages(ignore) using defaults
[0.293s] Level 1:colcon.colcon_core.package_discovery:discover_packages(path) discover
[0.293s] Level 1:colcon.colcon_core.package_discovery:discover_packages(path) using defaults
[0.318s] Level 1:colcon.colcon_core.package_discovery:discover_packages(prefix_path) check parameters
[0.318s] Level 1:colcon.colcon_core.package_discovery:discover_packages(prefix_path) discover
[0.320s] DEBUG:colcon.colcon_installed_package_information.package_discovery:Found 5 installed packages in /home/hayden/ros_ws/install
[0.321s] DEBUG:colcon.colcon_installed_package_information.package_discovery:Found 376 installed packages in /opt/ros/humble
[0.323s] Level 1:colcon.colcon_core.package_discovery:discover_packages(prefix_path) using defaults
[0.354s] Level 5:colcon.colcon_core.verb:set package 'pepper_robot_description' build argument 'cmake_args' from command line to 'None'
[0.354s] Level 5:colcon.colcon_core.verb:set package 'pepper_robot_description' build argument 'cmake_target' from command line to 'None'
[0.354s] Level 5:colcon.colcon_core.verb:set package 'pepper_robot_description' build argument 'cmake_target_skip_unavailable' from command line to 'False'
[0.354s] Level 5:colcon.colcon_core.verb:set package 'pepper_robot_description' build argument 'cmake_clean_cache' from command line to 'False'
[0.354s] Level 5:colcon.colcon_core.verb:set package 'pepper_robot_description' build argument 'cmake_clean_first' from command line to 'False'
[0.354s] Level 5:colcon.colcon_core.verb:set package 'pepper_robot_description' build argument 'cmake_force_configure' from command line to 'False'
[0.354s] Level 5:colcon.colcon_core.verb:set package 'pepper_robot_description' build argument 'ament_cmake_args' from command line to 'None'
[0.354s] Level 5:colcon.colcon_core.verb:set package 'pepper_robot_description' build argument 'catkin_cmake_args' from command line to 'None'
[0.354s] Level 5:colcon.colcon_core.verb:set package 'pepper_robot_description' build argument 'catkin_skip_building_tests' from command line to 'False'
[0.354s] DEBUG:colcon.colcon_core.verb:Building package 'pepper_robot_description' with the following arguments: {'ament_cmake_args': None, 'build_base': '/home/hayden/ros_ws/build/pepper_robot_description', 'catkin_cmake_args': None, 'catkin_skip_building_tests': False, 'cmake_args': None, 'cmake_clean_cache': False, 'cmake_clean_first': False, 'cmake_force_configure': False, 'cmake_target': None, 'cmake_target_skip_unavailable': False, 'install_base': '/home/hayden/ros_ws/install/pepper_robot_description', 'merge_install': False, 'path': '/home/hayden/ros_ws/src/pepper_ign_moveit2/pepper_robot_description', 'symlink_install': False, 'test_result_base': None}
[0.355s] Level 5:colcon.colcon_core.verb:set package 'pymoveit2' build argument 'cmake_args' from command line to 'None'
[0.355s] Level 5:colcon.colcon_core.verb:set package 'pymoveit2' build argument 'cmake_target' from command line to 'None'
[0.355s] Level 5:colcon.colcon_core.verb:set package 'pymoveit2' build argument 'cmake_target_skip_unavailable' from command line to 'False'
[0.355s] Level 5:colcon.colcon_core.verb:set package 'pymoveit2' build argument 'cmake_clean_cache' from command line to 'False'
[0.355s] Level 5:colcon.colcon_core.verb:set package 'pymoveit2' build argument 'cmake_clean_first' from command line to 'False'
[0.355s] Level 5:colcon.colcon_core.verb:set package 'pymoveit2' build argument 'cmake_force_configure' from command line to 'False'
[0.355s] Level 5:colcon.colcon_core.verb:set package 'pymoveit2' build argument 'ament_cmake_args' from command line to 'None'
[0.355s] Level 5:colcon.colcon_core.verb:set package 'pymoveit2' build argument 'catkin_cmake_args' from command line to 'None'
[0.355s] Level 5:colcon.colcon_core.verb:set package 'pymoveit2' build argument 'catkin_skip_building_tests' from command line to 'False'
[0.355s] DEBUG:colcon.colcon_core.verb:Building package 'pymoveit2' with the following arguments: {'ament_cmake_args': None, 'build_base': '/home/hayden/ros_ws/build/pymoveit2', 'catkin_cmake_args': None, 'catkin_skip_building_tests': False, 'cmake_args': None, 'cmake_clean_cache': False, 'cmake_clean_first': False, 'cmake_force_configure': False, 'cmake_target': None, 'cmake_target_skip_unavailable': False, 'install_base': '/home/hayden/ros_ws/install/pymoveit2', 'merge_install': False, 'path': '/home/hayden/ros_ws/src/pymoveit2', 'symlink_install': False, 'test_result_base': None}
[0.355s] Level 5:colcon.colcon_core.verb:set package 'pepper_robot_moveit_config' build argument 'cmake_args' from command line to 'None'
[0.355s] Level 5:colcon.colcon_core.verb:set package 'pepper_robot_moveit_config' build argument 'cmake_target' from command line to 'None'
[0.355s] Level 5:colcon.colcon_core.verb:set package 'pepper_robot_moveit_config' build argument 'cmake_target_skip_unavailable' from command line to 'False'
[0.355s] Level 5:colcon.colcon_core.verb:set package 'pepper_robot_moveit_config' build argument 'cmake_clean_cache' from command line to 'False'
[0.355s] Level 5:colcon.colcon_core.verb:set package 'pepper_robot_moveit_config' build argument 'cmake_clean_first' from command line to 'False'
[0.355s] Level 5:colcon.colcon_core.verb:set package 'pepper_robot_moveit_config' build argument 'cmake_force_configure' from command line to 'False'
[0.355s] Level 5:colcon.colcon_core.verb:set package 'pepper_robot_moveit_config' build argument 'ament_cmake_args' from command line to 'None'
[0.355s] Level 5:colcon.colcon_core.verb:set package 'pepper_robot_moveit_config' build argument 'catkin_cmake_args' from command line to 'None'
[0.355s] Level 5:colcon.colcon_core.verb:set package 'pepper_robot_moveit_config' build argument 'catkin_skip_building_tests' from command line to 'False'
[0.355s] DEBUG:colcon.colcon_core.verb:Building package 'pepper_robot_moveit_config' with the following arguments: {'ament_cmake_args': None, 'build_base': '/home/hayden/ros_ws/build/pepper_robot_moveit_config', 'catkin_cmake_args': None, 'catkin_skip_building_tests': False, 'cmake_args': None, 'cmake_clean_cache': False, 'cmake_clean_first': False, 'cmake_force_configure': False, 'cmake_target': None, 'cmake_target_skip_unavailable': False, 'install_base': '/home/hayden/ros_ws/install/pepper_robot_moveit_config', 'merge_install': False, 'path': '/home/hayden/ros_ws/src/pepper_ign_moveit2/pepper_robot_moveit_config', 'symlink_install': False, 'test_result_base': None}
[0.355s] Level 5:colcon.colcon_core.verb:set package 'pepper_robot' build argument 'cmake_args' from command line to 'None'
[0.355s] Level 5:colcon.colcon_core.verb:set package 'pepper_robot' build argument 'cmake_target' from command line to 'None'
[0.355s] Level 5:colcon.colcon_core.verb:set package 'pepper_robot' build argument 'cmake_target_skip_unavailable' from command line to 'False'
[0.355s] Level 5:colcon.colcon_core.verb:set package 'pepper_robot' build argument 'cmake_clean_cache' from command line to 'False'
[0.355s] Level 5:colcon.colcon_core.verb:set package 'pepper_robot' build argument 'cmake_clean_first' from command line to 'False'
[0.355s] Level 5:colcon.colcon_core.verb:set package 'pepper_robot' build argument 'cmake_force_configure' from command line to 'False'
[0.355s] Level 5:colcon.colcon_core.verb:set package 'pepper_robot' build argument 'ament_cmake_args' from command line to 'None'
[0.355s] Level 5:colcon.colcon_core.verb:set package 'pepper_robot' build argument 'catkin_cmake_args' from command line to 'None'
[0.356s] Level 5:colcon.colcon_core.verb:set package 'pepper_robot' build argument 'catkin_skip_building_tests' from command line to 'False'
[0.356s] DEBUG:colcon.colcon_core.verb:Building package 'pepper_robot' with the following arguments: {'ament_cmake_args': None, 'build_base': '/home/hayden/ros_ws/build/pepper_robot', 'catkin_cmake_args': None, 'catkin_skip_building_tests': False, 'cmake_args': None, 'cmake_clean_cache': False, 'cmake_clean_first': False, 'cmake_force_configure': False, 'cmake_target': None, 'cmake_target_skip_unavailable': False, 'install_base': '/home/hayden/ros_ws/install/pepper_robot', 'merge_install': False, 'path': '/home/hayden/ros_ws/src/pepper_ign_moveit2/pepper_robot', 'symlink_install': False, 'test_result_base': None}
[0.356s] Level 5:colcon.colcon_core.verb:set package 'pepper_robot_ign' build argument 'cmake_args' from command line to 'None'
[0.356s] Level 5:colcon.colcon_core.verb:set package 'pepper_robot_ign' build argument 'cmake_target' from command line to 'None'
[0.356s] Level 5:colcon.colcon_core.verb:set package 'pepper_robot_ign' build argument 'cmake_target_skip_unavailable' from command line to 'False'
[0.356s] Level 5:colcon.colcon_core.verb:set package 'pepper_robot_ign' build argument 'cmake_clean_cache' from command line to 'False'
[0.356s] Level 5:colcon.colcon_core.verb:set package 'pepper_robot_ign' build argument 'cmake_clean_first' from command line to 'False'
[0.356s] Level 5:colcon.colcon_core.verb:set package 'pepper_robot_ign' build argument 'cmake_force_configure' from command line to 'False'
[0.356s] Level 5:colcon.colcon_core.verb:set package 'pepper_robot_ign' build argument 'ament_cmake_args' from command line to 'None'
[0.356s] Level 5:colcon.colcon_core.verb:set package 'pepper_robot_ign' build argument 'catkin_cmake_args' from command line to 'None'
[0.356s] Level 5:colcon.colcon_core.verb:set package 'pepper_robot_ign' build argument 'catkin_skip_building_tests' from command line to 'False'
[0.356s] DEBUG:colcon.colcon_core.verb:Building package 'pepper_robot_ign' with the following arguments: {'ament_cmake_args': None, 'build_base': '/home/hayden/ros_ws/build/pepper_robot_ign', 'catkin_cmake_args': None, 'catkin_skip_building_tests': False, 'cmake_args': None, 'cmake_clean_cache': False, 'cmake_clean_first': False, 'cmake_force_configure': False, 'cmake_target': None, 'cmake_target_skip_unavailable': False, 'install_base': '/home/hayden/ros_ws/install/pepper_robot_ign', 'merge_install': False, 'path': '/home/hayden/ros_ws/src/pepper_ign_moveit2/pepper_robot_ign', 'symlink_install': False, 'test_result_base': None}
[0.356s] INFO:colcon.colcon_core.executor:Executing jobs using 'parallel' executor
[0.357s] DEBUG:colcon.colcon_parallel_executor.executor.parallel:run_until_complete
[0.357s] INFO:colcon.colcon_ros.task.ament_cmake.build:Building ROS package in '/home/hayden/ros_ws/src/pepper_ign_moveit2/pepper_robot_description' with build type 'ament_cmake'
[0.357s] INFO:colcon.colcon_cmake.task.cmake.build:Building CMake package in '/home/hayden/ros_ws/src/pepper_ign_moveit2/pepper_robot_description'
[0.360s] INFO:colcon.colcon_core.plugin_system:Skipping extension 'colcon_core.shell.bat': Not used on non-Windows systems
[0.360s] INFO:colcon.colcon_core.shell:Skip shell extension 'powershell' for command environment: Not usable outside of PowerShell
[0.360s] DEBUG:colcon.colcon_core.shell:Skip shell extension 'dsv' for command environment
[0.363s] INFO:colcon.colcon_ros.task.ament_cmake.build:Building ROS package in '/home/hayden/ros_ws/src/pymoveit2' with build type 'ament_cmake'
[0.363s] INFO:colcon.colcon_cmake.task.cmake.build:Building CMake package in '/home/hayden/ros_ws/src/pymoveit2'
[0.363s] INFO:colcon.colcon_core.shell:Skip shell extension 'powershell' for command environment: Not usable outside of PowerShell
[0.363s] DEBUG:colcon.colcon_core.shell:Skip shell extension 'dsv' for command environment
[0.369s] DEBUG:colcon.colcon_core.event_handler.log_command:Invoking command in '/home/hayden/ros_ws/build/pepper_robot_description': CMAKE_PREFIX_PATH=${CMAKE_PREFIX_PATH}:/opt/ros/humble /usr/bin/cmake /home/hayden/ros_ws/src/pepper_ign_moveit2/pepper_robot_description -DCMAKE_INSTALL_PREFIX=/home/hayden/ros_ws/install/pepper_robot_description
[0.372s] DEBUG:colcon.colcon_core.event_handler.log_command:Invoking command in '/home/hayden/ros_ws/build/pymoveit2': CMAKE_PREFIX_PATH=${CMAKE_PREFIX_PATH}:/opt/ros/humble /usr/bin/cmake --build /home/hayden/ros_ws/build/pymoveit2 -- -j12 -l12
[0.555s] DEBUG:colcon.colcon_core.event_handler.log_command:Invoked command in '/home/hayden/ros_ws/build/pepper_robot_description' returned '0': CMAKE_PREFIX_PATH=${CMAKE_PREFIX_PATH}:/opt/ros/humble /usr/bin/cmake /home/hayden/ros_ws/src/pepper_ign_moveit2/pepper_robot_description -DCMAKE_INSTALL_PREFIX=/home/hayden/ros_ws/install/pepper_robot_description
[0.556s] DEBUG:colcon.colcon_core.event_handler.log_command:Invoking command in '/home/hayden/ros_ws/build/pepper_robot_description': CMAKE_PREFIX_PATH=${CMAKE_PREFIX_PATH}:/opt/ros/humble /usr/bin/cmake --build /home/hayden/ros_ws/build/pepper_robot_description -- -j12 -l12
[0.586s] DEBUG:colcon.colcon_core.event_handler.log_command:Invoked command in '/home/hayden/ros_ws/build/pepper_robot_description' returned '0': CMAKE_PREFIX_PATH=${CMAKE_PREFIX_PATH}:/opt/ros/humble /usr/bin/cmake --build /home/hayden/ros_ws/build/pepper_robot_description -- -j12 -l12
[0.594s] DEBUG:colcon.colcon_core.event_handler.log_command:Invoking command in '/home/hayden/ros_ws/build/pepper_robot_description': CMAKE_PREFIX_PATH=${CMAKE_PREFIX_PATH}:/opt/ros/humble /usr/bin/cmake --install /home/hayden/ros_ws/build/pepper_robot_description
[0.633s] DEBUG:colcon.colcon_core.event_handler.log_command:Invoked command in '/home/hayden/ros_ws/build/pymoveit2' returned '0': CMAKE_PREFIX_PATH=${CMAKE_PREFIX_PATH}:/opt/ros/humble /usr/bin/cmake --build /home/hayden/ros_ws/build/pymoveit2 -- -j12 -l12
[0.635s] DEBUG:colcon.colcon_core.event_handler.log_command:Invoking command in '/home/hayden/ros_ws/build/pymoveit2': CMAKE_PREFIX_PATH=${CMAKE_PREFIX_PATH}:/opt/ros/humble /usr/bin/cmake --install /home/hayden/ros_ws/build/pymoveit2
[0.647s] Level 1:colcon.colcon_core.environment:create_environment_scripts_only(pepper_robot_description)
[0.648s] DEBUG:colcon.colcon_core.event_handler.log_command:Invoked command in '/home/hayden/ros_ws/build/pepper_robot_description' returned '0': CMAKE_PREFIX_PATH=${CMAKE_PREFIX_PATH}:/opt/ros/humble /usr/bin/cmake --install /home/hayden/ros_ws/build/pepper_robot_description
[0.652s] Level 1:colcon.colcon_core.environment:checking '/home/hayden/ros_ws/install/pepper_robot_description' for CMake module files
[0.653s] Level 1:colcon.colcon_core.environment:checking '/home/hayden/ros_ws/install/pepper_robot_description' for CMake config files
[0.655s] Level 1:colcon.colcon_core.shell:create_environment_hook('pepper_robot_description', 'cmake_prefix_path')
[0.655s] INFO:colcon.colcon_core.shell:Creating environment hook '/home/hayden/ros_ws/install/pepper_robot_description/share/pepper_robot_description/hook/cmake_prefix_path.ps1'
[0.656s] INFO:colcon.colcon_core.shell:Creating environment descriptor '/home/hayden/ros_ws/install/pepper_robot_description/share/pepper_robot_description/hook/cmake_prefix_path.dsv'
[0.656s] INFO:colcon.colcon_core.shell:Creating environment hook '/home/hayden/ros_ws/install/pepper_robot_description/share/pepper_robot_description/hook/cmake_prefix_path.sh'
[0.657s] Level 1:colcon.colcon_core.environment:checking '/home/hayden/ros_ws/install/pepper_robot_description/lib'
[0.658s] Level 1:colcon.colcon_core.environment:checking '/home/hayden/ros_ws/install/pepper_robot_description/bin'
[0.658s] Level 1:colcon.colcon_core.environment:checking '/home/hayden/ros_ws/install/pepper_robot_description/lib/pkgconfig/pepper_robot_description.pc'
[0.658s] Level 1:colcon.colcon_core.environment:checking '/home/hayden/ros_ws/install/pepper_robot_description/lib/python3.10/site-packages'
[0.658s] Level 1:colcon.colcon_core.environment:checking '/home/hayden/ros_ws/install/pepper_robot_description/bin'
[0.659s] INFO:colcon.colcon_core.shell:Creating package script '/home/hayden/ros_ws/install/pepper_robot_description/share/pepper_robot_description/package.ps1'
[0.660s] INFO:colcon.colcon_core.shell:Creating package descriptor '/home/hayden/ros_ws/install/pepper_robot_description/share/pepper_robot_description/package.dsv'
[0.661s] INFO:colcon.colcon_core.shell:Creating package script '/home/hayden/ros_ws/install/pepper_robot_description/share/pepper_robot_description/package.sh'
[0.661s] INFO:colcon.colcon_core.shell:Creating package script '/home/hayden/ros_ws/install/pepper_robot_description/share/pepper_robot_description/package.bash'
[0.662s] INFO:colcon.colcon_core.shell:Creating package script '/home/hayden/ros_ws/install/pepper_robot_description/share/pepper_robot_description/package.zsh'
[0.663s] Level 1:colcon.colcon_core.environment:create_file_with_runtime_dependencies(/home/hayden/ros_ws/install/pepper_robot_description/share/colcon-core/packages/pepper_robot_description)
[0.664s] Level 1:colcon.colcon_core.environment:create_environment_scripts_only(pepper_robot_description)
[0.664s] Level 1:colcon.colcon_core.environment:checking '/home/hayden/ros_ws/install/pepper_robot_description' for CMake module files
[0.665s] Level 1:colcon.colcon_core.environment:checking '/home/hayden/ros_ws/install/pepper_robot_description' for CMake config files
[0.666s] Level 1:colcon.colcon_core.shell:create_environment_hook('pepper_robot_description', 'cmake_prefix_path')
[0.666s] INFO:colcon.colcon_core.shell:Creating environment hook '/home/hayden/ros_ws/install/pepper_robot_description/share/pepper_robot_description/hook/cmake_prefix_path.ps1'
[0.667s] INFO:colcon.colcon_core.shell:Creating environment descriptor '/home/hayden/ros_ws/install/pepper_robot_description/share/pepper_robot_description/hook/cmake_prefix_path.dsv'
[0.667s] INFO:colcon.colcon_core.shell:Creating environment hook '/home/hayden/ros_ws/install/pepper_robot_description/share/pepper_robot_description/hook/cmake_prefix_path.sh'
[0.667s] Level 1:colcon.colcon_core.environment:checking '/home/hayden/ros_ws/install/pepper_robot_description/lib'
[0.667s] Level 1:colcon.colcon_core.environment:checking '/home/hayden/ros_ws/install/pepper_robot_description/bin'
[0.667s] Level 1:colcon.colcon_core.environment:checking '/home/hayden/ros_ws/install/pepper_robot_description/lib/pkgconfig/pepper_robot_description.pc'
[0.668s] Level 1:colcon.colcon_core.environment:checking '/home/hayden/ros_ws/install/pepper_robot_description/lib/python3.10/site-packages'
[0.668s] Level 1:colcon.colcon_core.environment:checking '/home/hayden/ros_ws/install/pepper_robot_description/bin'
[0.668s] INFO:colcon.colcon_core.shell:Creating package script '/home/hayden/ros_ws/install/pepper_robot_description/share/pepper_robot_description/package.ps1'
[0.669s] INFO:colcon.colcon_core.shell:Creating package descriptor '/home/hayden/ros_ws/install/pepper_robot_description/share/pepper_robot_description/package.dsv'
[0.669s] INFO:colcon.colcon_core.shell:Creating package script '/home/hayden/ros_ws/install/pepper_robot_description/share/pepper_robot_description/package.sh'
[0.670s] INFO:colcon.colcon_core.shell:Creating package script '/home/hayden/ros_ws/install/pepper_robot_description/share/pepper_robot_description/package.bash'
[0.670s] INFO:colcon.colcon_core.shell:Creating package script '/home/hayden/ros_ws/install/pepper_robot_description/share/pepper_robot_description/package.zsh'
[0.670s] Level 1:colcon.colcon_core.environment:create_file_with_runtime_dependencies(/home/hayden/ros_ws/install/pepper_robot_description/share/colcon-core/packages/pepper_robot_description)
[0.671s] INFO:colcon.colcon_ros.task.ament_cmake.build:Building ROS package in '/home/hayden/ros_ws/src/pepper_ign_moveit2/pepper_robot_moveit_config' with build type 'ament_cmake'
[0.671s] INFO:colcon.colcon_cmake.task.cmake.build:Building CMake package in '/home/hayden/ros_ws/src/pepper_ign_moveit2/pepper_robot_moveit_config'
[0.671s] INFO:colcon.colcon_core.shell:Skip shell extension 'powershell' for command environment: Not usable outside of PowerShell
[0.671s] DEBUG:colcon.colcon_core.shell:Skip shell extension 'dsv' for command environment
[0.675s] Level 1:colcon.colcon_core.environment:create_environment_scripts_only(pymoveit2)
[0.675s] Level 1:colcon.colcon_core.environment:checking '/home/hayden/ros_ws/install/pymoveit2' for CMake module files
[0.676s] DEBUG:colcon.colcon_core.event_handler.log_command:Invoked command in '/home/hayden/ros_ws/build/pymoveit2' returned '0': CMAKE_PREFIX_PATH=${CMAKE_PREFIX_PATH}:/opt/ros/humble /usr/bin/cmake --install /home/hayden/ros_ws/build/pymoveit2
[0.676s] Level 1:colcon.colcon_core.environment:checking '/home/hayden/ros_ws/install/pymoveit2' for CMake config files
[0.676s] Level 1:colcon.colcon_core.shell:create_environment_hook('pymoveit2', 'cmake_prefix_path')
[0.676s] INFO:colcon.colcon_core.shell:Creating environment hook '/home/hayden/ros_ws/install/pymoveit2/share/pymoveit2/hook/cmake_prefix_path.ps1'
[0.677s] INFO:colcon.colcon_core.shell:Creating environment descriptor '/home/hayden/ros_ws/install/pymoveit2/share/pymoveit2/hook/cmake_prefix_path.dsv'
[0.677s] INFO:colcon.colcon_core.shell:Creating environment hook '/home/hayden/ros_ws/install/pymoveit2/share/pymoveit2/hook/cmake_prefix_path.sh'
[0.677s] Level 1:colcon.colcon_core.environment:checking '/home/hayden/ros_ws/install/pymoveit2/lib'
[0.677s] Level 1:colcon.colcon_core.environment:checking '/home/hayden/ros_ws/install/pymoveit2/bin'
[0.677s] Level 1:colcon.colcon_core.environment:checking '/home/hayden/ros_ws/install/pymoveit2/lib/pkgconfig/pymoveit2.pc'
[0.677s] Level 1:colcon.colcon_core.environment:checking '/home/hayden/ros_ws/install/pymoveit2/lib/python3.10/site-packages'
[0.678s] Level 1:colcon.colcon_core.environment:checking '/home/hayden/ros_ws/install/pymoveit2/bin'
[0.678s] INFO:colcon.colcon_core.shell:Creating package script '/home/hayden/ros_ws/install/pymoveit2/share/pymoveit2/package.ps1'
[0.678s] INFO:colcon.colcon_core.shell:Creating package descriptor '/home/hayden/ros_ws/install/pymoveit2/share/pymoveit2/package.dsv'
[0.678s] INFO:colcon.colcon_core.shell:Creating package script '/home/hayden/ros_ws/install/pymoveit2/share/pymoveit2/package.sh'
[0.679s] INFO:colcon.colcon_core.shell:Creating package script '/home/hayden/ros_ws/install/pymoveit2/share/pymoveit2/package.bash'
[0.679s] INFO:colcon.colcon_core.shell:Creating package script '/home/hayden/ros_ws/install/pymoveit2/share/pymoveit2/package.zsh'
[0.679s] Level 1:colcon.colcon_core.environment:create_file_with_runtime_dependencies(/home/hayden/ros_ws/install/pymoveit2/share/colcon-core/packages/pymoveit2)
[0.680s] Level 1:colcon.colcon_core.environment:create_environment_scripts_only(pymoveit2)
[0.680s] Level 1:colcon.colcon_core.environment:checking '/home/hayden/ros_ws/install/pymoveit2' for CMake module files
[0.680s] Level 1:colcon.colcon_core.environment:checking '/home/hayden/ros_ws/install/pymoveit2' for CMake config files
[0.680s] Level 1:colcon.colcon_core.shell:create_environment_hook('pymoveit2', 'cmake_prefix_path')
[0.680s] INFO:colcon.colcon_core.shell:Creating environment hook '/home/hayden/ros_ws/install/pymoveit2/share/pymoveit2/hook/cmake_prefix_path.ps1'
[0.681s] INFO:colcon.colcon_core.shell:Creating environment descriptor '/home/hayden/ros_ws/install/pymoveit2/share/pymoveit2/hook/cmake_prefix_path.dsv'
[0.681s] INFO:colcon.colcon_core.shell:Creating environment hook '/home/hayden/ros_ws/install/pymoveit2/share/pymoveit2/hook/cmake_prefix_path.sh'
[0.681s] Level 1:colcon.colcon_core.environment:checking '/home/hayden/ros_ws/install/pymoveit2/lib'
[0.681s] Level 1:colcon.colcon_core.environment:checking '/home/hayden/ros_ws/install/pymoveit2/bin'
[0.681s] Level 1:colcon.colcon_core.environment:checking '/home/hayden/ros_ws/install/pymoveit2/lib/pkgconfig/pymoveit2.pc'
[0.682s] Level 1:colcon.colcon_core.environment:checking '/home/hayden/ros_ws/install/pymoveit2/lib/python3.10/site-packages'
[0.682s] Level 1:colcon.colcon_core.environment:checking '/home/hayden/ros_ws/install/pymoveit2/bin'
[0.682s] INFO:colcon.colcon_core.shell:Creating package script '/home/hayden/ros_ws/install/pymoveit2/share/pymoveit2/package.ps1'
[0.682s] INFO:colcon.colcon_core.shell:Creating package descriptor '/home/hayden/ros_ws/install/pymoveit2/share/pymoveit2/package.dsv'
[0.683s] INFO:colcon.colcon_core.shell:Creating package script '/home/hayden/ros_ws/install/pymoveit2/share/pymoveit2/package.sh'
[0.683s] INFO:colcon.colcon_core.shell:Creating package script '/home/hayden/ros_ws/install/pymoveit2/share/pymoveit2/package.bash'
[0.684s] INFO:colcon.colcon_core.shell:Creating package script '/home/hayden/ros_ws/install/pymoveit2/share/pymoveit2/package.zsh'
[0.684s] Level 1:colcon.colcon_core.environment:create_file_with_runtime_dependencies(/home/hayden/ros_ws/install/pymoveit2/share/colcon-core/packages/pymoveit2)
[0.687s] DEBUG:colcon.colcon_core.event_handler.log_command:Invoking command in '/home/hayden/ros_ws/build/pepper_robot_moveit_config': CMAKE_PREFIX_PATH=/home/hayden/ros_ws/install/pepper_robot_description:/home/hayden/ros_ws/install/pymoveit2:/home/hayden/ros_ws/install/pepper_robot_ign:/home/hayden/ros_ws/install/pepper_robot_moveit_config:/home/hayden/ros_ws/install/pepper_robot:/opt/ros/humble /usr/bin/cmake --build /home/hayden/ros_ws/build/pepper_robot_moveit_config -- -j12 -l12
[0.857s] DEBUG:colcon.colcon_core.event_handler.log_command:Invoked command in '/home/hayden/ros_ws/build/pepper_robot_moveit_config' returned '0': CMAKE_PREFIX_PATH=/home/hayden/ros_ws/install/pepper_robot_description:/home/hayden/ros_ws/install/pymoveit2:/home/hayden/ros_ws/install/pepper_robot_ign:/home/hayden/ros_ws/install/pepper_robot_moveit_config:/home/hayden/ros_ws/install/pepper_robot:/opt/ros/humble /usr/bin/cmake --build /home/hayden/ros_ws/build/pepper_robot_moveit_config -- -j12 -l12
[0.858s] DEBUG:colcon.colcon_core.event_handler.log_command:Invoking command in '/home/hayden/ros_ws/build/pepper_robot_moveit_config': CMAKE_PREFIX_PATH=/home/hayden/ros_ws/install/pepper_robot_description:/home/hayden/ros_ws/install/pymoveit2:/home/hayden/ros_ws/install/pepper_robot_ign:/home/hayden/ros_ws/install/pepper_robot_moveit_config:/home/hayden/ros_ws/install/pepper_robot:/opt/ros/humble /usr/bin/cmake --install /home/hayden/ros_ws/build/pepper_robot_moveit_config
[0.866s] Level 1:colcon.colcon_core.environment:create_environment_scripts_only(pepper_robot_moveit_config)
[0.866s] Level 1:colcon.colcon_core.environment:checking '/home/hayden/ros_ws/install/pepper_robot_moveit_config' for CMake module files
[0.867s] DEBUG:colcon.colcon_core.event_handler.log_command:Invoked command in '/home/hayden/ros_ws/build/pepper_robot_moveit_config' returned '0': CMAKE_PREFIX_PATH=/home/hayden/ros_ws/install/pepper_robot_description:/home/hayden/ros_ws/install/pymoveit2:/home/hayden/ros_ws/install/pepper_robot_ign:/home/hayden/ros_ws/install/pepper_robot_moveit_config:/home/hayden/ros_ws/install/pepper_robot:/opt/ros/humble /usr/bin/cmake --install /home/hayden/ros_ws/build/pepper_robot_moveit_config
[0.867s] Level 1:colcon.colcon_core.environment:checking '/home/hayden/ros_ws/install/pepper_robot_moveit_config' for CMake config files
[0.867s] Level 1:colcon.colcon_core.shell:create_environment_hook('pepper_robot_moveit_config', 'cmake_prefix_path')
[0.868s] INFO:colcon.colcon_core.shell:Creating environment hook '/home/hayden/ros_ws/install/pepper_robot_moveit_config/share/pepper_robot_moveit_config/hook/cmake_prefix_path.ps1'
[0.868s] INFO:colcon.colcon_core.shell:Creating environment descriptor '/home/hayden/ros_ws/install/pepper_robot_moveit_config/share/pepper_robot_moveit_config/hook/cmake_prefix_path.dsv'
[0.868s] INFO:colcon.colcon_core.shell:Creating environment hook '/home/hayden/ros_ws/install/pepper_robot_moveit_config/share/pepper_robot_moveit_config/hook/cmake_prefix_path.sh'
[0.869s] Level 1:colcon.colcon_core.environment:checking '/home/hayden/ros_ws/install/pepper_robot_moveit_config/bin'
[0.869s] Level 1:colcon.colcon_core.environment:checking '/home/hayden/ros_ws/install/pepper_robot_moveit_config/lib/pkgconfig/pepper_robot_moveit_config.pc'
[0.869s] Level 1:colcon.colcon_core.environment:checking '/home/hayden/ros_ws/install/pepper_robot_moveit_config/lib/python3.10/site-packages'
[0.869s] Level 1:colcon.colcon_core.environment:checking '/home/hayden/ros_ws/install/pepper_robot_moveit_config/bin'
[0.870s] INFO:colcon.colcon_core.shell:Creating package script '/home/hayden/ros_ws/install/pepper_robot_moveit_config/share/pepper_robot_moveit_config/package.ps1'
[0.870s] INFO:colcon.colcon_core.shell:Creating package descriptor '/home/hayden/ros_ws/install/pepper_robot_moveit_config/share/pepper_robot_moveit_config/package.dsv'
[0.871s] INFO:colcon.colcon_core.shell:Creating package script '/home/hayden/ros_ws/install/pepper_robot_moveit_config/share/pepper_robot_moveit_config/package.sh'
[0.871s] INFO:colcon.colcon_core.shell:Creating package script '/home/hayden/ros_ws/install/pepper_robot_moveit_config/share/pepper_robot_moveit_config/package.bash'
[0.871s] INFO:colcon.colcon_core.shell:Creating package script '/home/hayden/ros_ws/install/pepper_robot_moveit_config/share/pepper_robot_moveit_config/package.zsh'
[0.872s] Level 1:colcon.colcon_core.environment:create_file_with_runtime_dependencies(/home/hayden/ros_ws/install/pepper_robot_moveit_config/share/colcon-core/packages/pepper_robot_moveit_config)
[0.872s] Level 1:colcon.colcon_core.environment:create_environment_scripts_only(pepper_robot_moveit_config)
[0.873s] Level 1:colcon.colcon_core.environment:checking '/home/hayden/ros_ws/install/pepper_robot_moveit_config' for CMake module files
[0.873s] Level 1:colcon.colcon_core.environment:checking '/home/hayden/ros_ws/install/pepper_robot_moveit_config' for CMake config files
[0.873s] Level 1:colcon.colcon_core.shell:create_environment_hook('pepper_robot_moveit_config', 'cmake_prefix_path')
[0.874s] INFO:colcon.colcon_core.shell:Creating environment hook '/home/hayden/ros_ws/install/pepper_robot_moveit_config/share/pepper_robot_moveit_config/hook/cmake_prefix_path.ps1'
[0.874s] INFO:colcon.colcon_core.shell:Creating environment descriptor '/home/hayden/ros_ws/install/pepper_robot_moveit_config/share/pepper_robot_moveit_config/hook/cmake_prefix_path.dsv'
[0.874s] INFO:colcon.colcon_core.shell:Creating environment hook '/home/hayden/ros_ws/install/pepper_robot_moveit_config/share/pepper_robot_moveit_config/hook/cmake_prefix_path.sh'
[0.875s] Level 1:colcon.colcon_core.environment:checking '/home/hayden/ros_ws/install/pepper_robot_moveit_config/bin'
[0.875s] Level 1:colcon.colcon_core.environment:checking '/home/hayden/ros_ws/install/pepper_robot_moveit_config/lib/pkgconfig/pepper_robot_moveit_config.pc'
[0.875s] Level 1:colcon.colcon_core.environment:checking '/home/hayden/ros_ws/install/pepper_robot_moveit_config/lib/python3.10/site-packages'
[0.876s] Level 1:colcon.colcon_core.environment:checking '/home/hayden/ros_ws/install/pepper_robot_moveit_config/bin'
[0.876s] INFO:colcon.colcon_core.shell:Creating package script '/home/hayden/ros_ws/install/pepper_robot_moveit_config/share/pepper_robot_moveit_config/package.ps1'
[0.877s] INFO:colcon.colcon_core.shell:Creating package descriptor '/home/hayden/ros_ws/install/pepper_robot_moveit_config/share/pepper_robot_moveit_config/package.dsv'
[0.877s] INFO:colcon.colcon_core.shell:Creating package script '/home/hayden/ros_ws/install/pepper_robot_moveit_config/share/pepper_robot_moveit_config/package.sh'
[0.877s] INFO:colcon.colcon_core.shell:Creating package script '/home/hayden/ros_ws/install/pepper_robot_moveit_config/share/pepper_robot_moveit_config/package.bash'
[0.878s] INFO:colcon.colcon_core.shell:Creating package script '/home/hayden/ros_ws/install/pepper_robot_moveit_config/share/pepper_robot_moveit_config/package.zsh'
[0.878s] Level 1:colcon.colcon_core.environment:create_file_with_runtime_dependencies(/home/hayden/ros_ws/install/pepper_robot_moveit_config/share/colcon-core/packages/pepper_robot_moveit_config)
[0.879s] INFO:colcon.colcon_ros.task.ament_cmake.build:Building ROS package in '/home/hayden/ros_ws/src/pepper_ign_moveit2/pepper_robot' with build type 'ament_cmake'
[0.879s] INFO:colcon.colcon_cmake.task.cmake.build:Building CMake package in '/home/hayden/ros_ws/src/pepper_ign_moveit2/pepper_robot'
[0.879s] INFO:colcon.colcon_core.shell:Skip shell extension 'powershell' for command environment: Not usable outside of PowerShell
[0.879s] DEBUG:colcon.colcon_core.shell:Skip shell extension 'dsv' for command environment
[0.883s] INFO:colcon.colcon_ros.task.ament_cmake.build:Building ROS package in '/home/hayden/ros_ws/src/pepper_ign_moveit2/pepper_robot_ign' with build type 'ament_cmake'
[0.883s] INFO:colcon.colcon_cmake.task.cmake.build:Building CMake package in '/home/hayden/ros_ws/src/pepper_ign_moveit2/pepper_robot_ign'
[0.883s] INFO:colcon.colcon_core.shell:Skip shell extension 'powershell' for command environment: Not usable outside of PowerShell
[0.883s] DEBUG:colcon.colcon_core.shell:Skip shell extension 'dsv' for command environment
[0.889s] DEBUG:colcon.colcon_core.event_handler.log_command:Invoking command in '/home/hayden/ros_ws/build/pepper_robot': CMAKE_PREFIX_PATH=/home/hayden/ros_ws/install/pepper_robot_moveit_config:/home/hayden/ros_ws/install/pepper_robot_description:/home/hayden/ros_ws/install/pymoveit2:/home/hayden/ros_ws/install/pepper_robot_ign:/home/hayden/ros_ws/install/pepper_robot:/opt/ros/humble /usr/bin/cmake --build /home/hayden/ros_ws/build/pepper_robot -- -j12 -l12
[0.891s] DEBUG:colcon.colcon_core.event_handler.log_command:Invoking command in '/home/hayden/ros_ws/build/pepper_robot_ign': CMAKE_PREFIX_PATH=/home/hayden/ros_ws/install/pepper_robot_moveit_config:/home/hayden/ros_ws/install/pepper_robot_description:/home/hayden/ros_ws/install/pymoveit2:/home/hayden/ros_ws/install/pepper_robot_ign:/home/hayden/ros_ws/install/pepper_robot:/opt/ros/humble /usr/bin/cmake --build /home/hayden/ros_ws/build/pepper_robot_ign -- -j12 -l12
[1.053s] DEBUG:colcon.colcon_core.event_handler.log_command:Invoked command in '/home/hayden/ros_ws/build/pepper_robot_ign' returned '0': CMAKE_PREFIX_PATH=/home/hayden/ros_ws/install/pepper_robot_moveit_config:/home/hayden/ros_ws/install/pepper_robot_description:/home/hayden/ros_ws/install/pymoveit2:/home/hayden/ros_ws/install/pepper_robot_ign:/home/hayden/ros_ws/install/pepper_robot:/opt/ros/humble /usr/bin/cmake --build /home/hayden/ros_ws/build/pepper_robot_ign -- -j12 -l12
[1.055s] DEBUG:colcon.colcon_core.event_handler.log_command:Invoking command in '/home/hayden/ros_ws/build/pepper_robot_ign': CMAKE_PREFIX_PATH=/home/hayden/ros_ws/install/pepper_robot_moveit_config:/home/hayden/ros_ws/install/pepper_robot_description:/home/hayden/ros_ws/install/pymoveit2:/home/hayden/ros_ws/install/pepper_robot_ign:/home/hayden/ros_ws/install/pepper_robot:/opt/ros/humble /usr/bin/cmake --install /home/hayden/ros_ws/build/pepper_robot_ign
[1.062s] Level 1:colcon.colcon_core.environment:create_environment_scripts_only(pepper_robot_ign)
[1.063s] Level 1:colcon.colcon_core.environment:checking '/home/hayden/ros_ws/install/pepper_robot_ign' for CMake module files
[1.063s] DEBUG:colcon.colcon_core.event_handler.log_command:Invoked command in '/home/hayden/ros_ws/build/pepper_robot_ign' returned '0': CMAKE_PREFIX_PATH=/home/hayden/ros_ws/install/pepper_robot_moveit_config:/home/hayden/ros_ws/install/pepper_robot_description:/home/hayden/ros_ws/install/pymoveit2:/home/hayden/ros_ws/install/pepper_robot_ign:/home/hayden/ros_ws/install/pepper_robot:/opt/ros/humble /usr/bin/cmake --install /home/hayden/ros_ws/build/pepper_robot_ign
[1.063s] Level 1:colcon.colcon_core.environment:checking '/home/hayden/ros_ws/install/pepper_robot_ign' for CMake config files
[1.064s] Level 1:colcon.colcon_core.shell:create_environment_hook('pepper_robot_ign', 'cmake_prefix_path')
[1.064s] INFO:colcon.colcon_core.shell:Creating environment hook '/home/hayden/ros_ws/install/pepper_robot_ign/share/pepper_robot_ign/hook/cmake_prefix_path.ps1'
[1.064s] INFO:colcon.colcon_core.shell:Creating environment descriptor '/home/hayden/ros_ws/install/pepper_robot_ign/share/pepper_robot_ign/hook/cmake_prefix_path.dsv'
[1.065s] INFO:colcon.colcon_core.shell:Creating environment hook '/home/hayden/ros_ws/install/pepper_robot_ign/share/pepper_robot_ign/hook/cmake_prefix_path.sh'
[1.065s] Level 1:colcon.colcon_core.environment:checking '/home/hayden/ros_ws/install/pepper_robot_ign/lib'
[1.065s] Level 1:colcon.colcon_core.environment:checking '/home/hayden/ros_ws/install/pepper_robot_ign/bin'
[1.065s] Level 1:colcon.colcon_core.environment:checking '/home/hayden/ros_ws/install/pepper_robot_ign/lib/pkgconfig/pepper_robot_ign.pc'
[1.065s] Level 1:colcon.colcon_core.environment:checking '/home/hayden/ros_ws/install/pepper_robot_ign/lib/python3.10/site-packages'
[1.066s] Level 1:colcon.colcon_core.environment:checking '/home/hayden/ros_ws/install/pepper_robot_ign/bin'
[1.066s] INFO:colcon.colcon_core.shell:Creating package script '/home/hayden/ros_ws/install/pepper_robot_ign/share/pepper_robot_ign/package.ps1'
[1.066s] INFO:colcon.colcon_core.shell:Creating package descriptor '/home/hayden/ros_ws/install/pepper_robot_ign/share/pepper_robot_ign/package.dsv'
[1.067s] INFO:colcon.colcon_core.shell:Creating package script '/home/hayden/ros_ws/install/pepper_robot_ign/share/pepper_robot_ign/package.sh'
[1.067s] INFO:colcon.colcon_core.shell:Creating package script '/home/hayden/ros_ws/install/pepper_robot_ign/share/pepper_robot_ign/package.bash'
[1.067s] INFO:colcon.colcon_core.shell:Creating package script '/home/hayden/ros_ws/install/pepper_robot_ign/share/pepper_robot_ign/package.zsh'
[1.067s] Level 1:colcon.colcon_core.environment:create_file_with_runtime_dependencies(/home/hayden/ros_ws/install/pepper_robot_ign/share/colcon-core/packages/pepper_robot_ign)
[1.068s] Level 1:colcon.colcon_core.environment:create_environment_scripts_only(pepper_robot_ign)
[1.068s] Level 1:colcon.colcon_core.environment:checking '/home/hayden/ros_ws/install/pepper_robot_ign' for CMake module files
[1.068s] Level 1:colcon.colcon_core.environment:checking '/home/hayden/ros_ws/install/pepper_robot_ign' for CMake config files
[1.069s] Level 1:colcon.colcon_core.shell:create_environment_hook('pepper_robot_ign', 'cmake_prefix_path')
[1.069s] INFO:colcon.colcon_core.shell:Creating environment hook '/home/hayden/ros_ws/install/pepper_robot_ign/share/pepper_robot_ign/hook/cmake_prefix_path.ps1'
[1.069s] INFO:colcon.colcon_core.shell:Creating environment descriptor '/home/hayden/ros_ws/install/pepper_robot_ign/share/pepper_robot_ign/hook/cmake_prefix_path.dsv'
[1.069s] INFO:colcon.colcon_core.shell:Creating environment hook '/home/hayden/ros_ws/install/pepper_robot_ign/share/pepper_robot_ign/hook/cmake_prefix_path.sh'
[1.070s] Level 1:colcon.colcon_core.environment:checking '/home/hayden/ros_ws/install/pepper_robot_ign/lib'
[1.070s] Level 1:colcon.colcon_core.environment:checking '/home/hayden/ros_ws/install/pepper_robot_ign/bin'
[1.070s] Level 1:colcon.colcon_core.environment:checking '/home/hayden/ros_ws/install/pepper_robot_ign/lib/pkgconfig/pepper_robot_ign.pc'
[1.070s] Level 1:colcon.colcon_core.environment:checking '/home/hayden/ros_ws/install/pepper_robot_ign/lib/python3.10/site-packages'
[1.070s] Level 1:colcon.colcon_core.environment:checking '/home/hayden/ros_ws/install/pepper_robot_ign/bin'
[1.071s] INFO:colcon.colcon_core.shell:Creating package script '/home/hayden/ros_ws/install/pepper_robot_ign/share/pepper_robot_ign/package.ps1'
[1.071s] INFO:colcon.colcon_core.shell:Creating package descriptor '/home/hayden/ros_ws/install/pepper_robot_ign/share/pepper_robot_ign/package.dsv'
[1.071s] INFO:colcon.colcon_core.shell:Creating package script '/home/hayden/ros_ws/install/pepper_robot_ign/share/pepper_robot_ign/package.sh'
[1.072s] INFO:colcon.colcon_core.shell:Creating package script '/home/hayden/ros_ws/install/pepper_robot_ign/share/pepper_robot_ign/package.bash'
[1.072s] INFO:colcon.colcon_core.shell:Creating package script '/home/hayden/ros_ws/install/pepper_robot_ign/share/pepper_robot_ign/package.zsh'
[1.072s] Level 1:colcon.colcon_core.environment:create_file_with_runtime_dependencies(/home/hayden/ros_ws/install/pepper_robot_ign/share/colcon-core/packages/pepper_robot_ign)
[1.600s] DEBUG:colcon.colcon_core.event_handler.log_command:Invoked command in '/home/hayden/ros_ws/build/pepper_robot' returned '0': CMAKE_PREFIX_PATH=/home/hayden/ros_ws/install/pepper_robot_moveit_config:/home/hayden/ros_ws/install/pepper_robot_description:/home/hayden/ros_ws/install/pymoveit2:/home/hayden/ros_ws/install/pepper_robot_ign:/home/hayden/ros_ws/install/pepper_robot:/opt/ros/humble /usr/bin/cmake --build /home/hayden/ros_ws/build/pepper_robot -- -j12 -l12
[1.601s] DEBUG:colcon.colcon_core.event_handler.log_command:Invoking command in '/home/hayden/ros_ws/build/pepper_robot': CMAKE_PREFIX_PATH=/home/hayden/ros_ws/install/pepper_robot_moveit_config:/home/hayden/ros_ws/install/pepper_robot_description:/home/hayden/ros_ws/install/pymoveit2:/home/hayden/ros_ws/install/pepper_robot_ign:/home/hayden/ros_ws/install/pepper_robot:/opt/ros/humble /usr/bin/cmake --install /home/hayden/ros_ws/build/pepper_robot
[1.608s] Level 1:colcon.colcon_core.environment:create_environment_scripts_only(pepper_robot)
[1.608s] Level 1:colcon.colcon_core.environment:checking '/home/hayden/ros_ws/install/pepper_robot' for CMake module files
[1.609s] DEBUG:colcon.colcon_core.event_handler.log_command:Invoked command in '/home/hayden/ros_ws/build/pepper_robot' returned '0': CMAKE_PREFIX_PATH=/home/hayden/ros_ws/install/pepper_robot_moveit_config:/home/hayden/ros_ws/install/pepper_robot_description:/home/hayden/ros_ws/install/pymoveit2:/home/hayden/ros_ws/install/pepper_robot_ign:/home/hayden/ros_ws/install/pepper_robot:/opt/ros/humble /usr/bin/cmake --install /home/hayden/ros_ws/build/pepper_robot
[1.609s] Level 1:colcon.colcon_core.environment:checking '/home/hayden/ros_ws/install/pepper_robot' for CMake config files
[1.609s] Level 1:colcon.colcon_core.shell:create_environment_hook('pepper_robot', 'cmake_prefix_path')
[1.610s] INFO:colcon.colcon_core.shell:Creating environment hook '/home/hayden/ros_ws/install/pepper_robot/share/pepper_robot/hook/cmake_prefix_path.ps1'
[1.610s] INFO:colcon.colcon_core.shell:Creating environment descriptor '/home/hayden/ros_ws/install/pepper_robot/share/pepper_robot/hook/cmake_prefix_path.dsv'
[1.610s] INFO:colcon.colcon_core.shell:Creating environment hook '/home/hayden/ros_ws/install/pepper_robot/share/pepper_robot/hook/cmake_prefix_path.sh'
[1.611s] Level 1:colcon.colcon_core.environment:checking '/home/hayden/ros_ws/install/pepper_robot/bin'
[1.611s] Level 1:colcon.colcon_core.environment:checking '/home/hayden/ros_ws/install/pepper_robot/lib/pkgconfig/pepper_robot.pc'
[1.611s] Level 1:colcon.colcon_core.environment:checking '/home/hayden/ros_ws/install/pepper_robot/lib/python3.10/site-packages'
[1.612s] Level 1:colcon.colcon_core.environment:checking '/home/hayden/ros_ws/install/pepper_robot/bin'
[1.612s] INFO:colcon.colcon_core.shell:Creating package script '/home/hayden/ros_ws/install/pepper_robot/share/pepper_robot/package.ps1'
[1.613s] INFO:colcon.colcon_core.shell:Creating package descriptor '/home/hayden/ros_ws/install/pepper_robot/share/pepper_robot/package.dsv'
[1.613s] INFO:colcon.colcon_core.shell:Creating package script '/home/hayden/ros_ws/install/pepper_robot/share/pepper_robot/package.sh'
[1.613s] INFO:colcon.colcon_core.shell:Creating package script '/home/hayden/ros_ws/install/pepper_robot/share/pepper_robot/package.bash'
[1.614s] INFO:colcon.colcon_core.shell:Creating package script '/home/hayden/ros_ws/install/pepper_robot/share/pepper_robot/package.zsh'
[1.614s] Level 1:colcon.colcon_core.environment:create_file_with_runtime_dependencies(/home/hayden/ros_ws/install/pepper_robot/share/colcon-core/packages/pepper_robot)
[1.615s] Level 1:colcon.colcon_core.environment:create_environment_scripts_only(pepper_robot)
[1.615s] Level 1:colcon.colcon_core.environment:checking '/home/hayden/ros_ws/install/pepper_robot' for CMake module files
[1.615s] Level 1:colcon.colcon_core.environment:checking '/home/hayden/ros_ws/install/pepper_robot' for CMake config files
[1.616s] Level 1:colcon.colcon_core.shell:create_environment_hook('pepper_robot', 'cmake_prefix_path')
[1.616s] INFO:colcon.colcon_core.shell:Creating environment hook '/home/hayden/ros_ws/install/pepper_robot/share/pepper_robot/hook/cmake_prefix_path.ps1'
[1.616s] INFO:colcon.colcon_core.shell:Creating environment descriptor '/home/hayden/ros_ws/install/pepper_robot/share/pepper_robot/hook/cmake_prefix_path.dsv'
[1.617s] INFO:colcon.colcon_core.shell:Creating environment hook '/home/hayden/ros_ws/install/pepper_robot/share/pepper_robot/hook/cmake_prefix_path.sh'
[1.617s] Level 1:colcon.colcon_core.environment:checking '/home/hayden/ros_ws/install/pepper_robot/bin'
[1.617s] Level 1:colcon.colcon_core.environment:checking '/home/hayden/ros_ws/install/pepper_robot/lib/pkgconfig/pepper_robot.pc'
[1.618s] Level 1:colcon.colcon_core.environment:checking '/home/hayden/ros_ws/install/pepper_robot/lib/python3.10/site-packages'
[1.618s] Level 1:colcon.colcon_core.environment:checking '/home/hayden/ros_ws/install/pepper_robot/bin'
[1.618s] INFO:colcon.colcon_core.shell:Creating package script '/home/hayden/ros_ws/install/pepper_robot/share/pepper_robot/package.ps1'
[1.619s] INFO:colcon.colcon_core.shell:Creating package descriptor '/home/hayden/ros_ws/install/pepper_robot/share/pepper_robot/package.dsv'
[1.619s] INFO:colcon.colcon_core.shell:Creating package script '/home/hayden/ros_ws/install/pepper_robot/share/pepper_robot/package.sh'
[1.620s] INFO:colcon.colcon_core.shell:Creating package script '/home/hayden/ros_ws/install/pepper_robot/share/pepper_robot/package.bash'
[1.620s] INFO:colcon.colcon_core.shell:Creating package script '/home/hayden/ros_ws/install/pepper_robot/share/pepper_robot/package.zsh'
[1.620s] Level 1:colcon.colcon_core.environment:create_file_with_runtime_dependencies(/home/hayden/ros_ws/install/pepper_robot/share/colcon-core/packages/pepper_robot)
[1.621s] DEBUG:colcon.colcon_parallel_executor.executor.parallel:closing loop
[1.621s] DEBUG:colcon.colcon_parallel_executor.executor.parallel:loop closed
[1.621s] DEBUG:colcon.colcon_parallel_executor.executor.parallel:run_until_complete finished with '0'
[1.621s] DEBUG:colcon.colcon_core.event_reactor:joining thread
[1.627s] INFO:colcon.colcon_core.plugin_system:Skipping extension 'colcon_notification.desktop_notification.terminal_notifier': Not used on non-Darwin systems
[1.627s] INFO:colcon.colcon_core.plugin_system:Skipping extension 'colcon_notification.desktop_notification.win32': Not used on non-Windows systems
[1.627s] INFO:colcon.colcon_notification.desktop_notification:Sending desktop notification using 'notify2'
[1.642s] DEBUG:colcon.colcon_core.event_reactor:joined thread
[1.642s] INFO:colcon.colcon_core.shell:Creating prefix script '/home/hayden/ros_ws/install/local_setup.ps1'
[1.644s] INFO:colcon.colcon_core.shell:Creating prefix util module '/home/hayden/ros_ws/install/_local_setup_util_ps1.py'
[1.646s] INFO:colcon.colcon_core.shell:Creating prefix chain script '/home/hayden/ros_ws/install/setup.ps1'
[1.648s] INFO:colcon.colcon_core.shell:Creating prefix script '/home/hayden/ros_ws/install/local_setup.sh'
[1.649s] INFO:colcon.colcon_core.shell:Creating prefix util module '/home/hayden/ros_ws/install/_local_setup_util_sh.py'
[1.650s] INFO:colcon.colcon_core.shell:Creating prefix chain script '/home/hayden/ros_ws/install/setup.sh'
[1.652s] INFO:colcon.colcon_core.shell:Creating prefix script '/home/hayden/ros_ws/install/local_setup.bash'
[1.653s] INFO:colcon.colcon_core.shell:Creating prefix chain script '/home/hayden/ros_ws/install/setup.bash'
[1.655s] INFO:colcon.colcon_core.shell:Creating prefix script '/home/hayden/ros_ws/install/local_setup.zsh'
[1.656s] INFO:colcon.colcon_core.shell:Creating prefix chain script '/home/hayden/ros_ws/install/setup.zsh'
