[0.078s] DEBUG:colcon:Command line arguments: ['/usr/bin/colcon', 'build']
[0.079s] DEBUG:colcon:Parsed command line arguments: Namespace(log_base=None, log_level=None, verb_name='build', build_base='build', install_base='install', merge_install=False, symlink_install=False, test_result_base=None, continue_on_error=False, executor='parallel', parallel_workers=12, event_handlers=None, ignore_user_meta=False, metas=['./colcon.meta'], base_paths=['.'], packages_ignore=None, packages_ignore_regex=None, paths=None, packages_up_to=None, packages_up_to_regex=None, packages_above=None, packages_above_and_dependencies=None, packages_above_depth=None, packages_select_by_dep=None, packages_skip_by_dep=None, packages_skip_up_to=None, packages_select_build_failed=False, packages_skip_build_finished=False, packages_select_test_failures=False, packages_skip_test_passed=False, packages_select=None, packages_skip=None, packages_select_regex=None, packages_skip_regex=None, packages_start=None, packages_end=None, allow_overriding=[], cmake_args=None, cmake_target=None, cmake_target_skip_unavailable=False, cmake_clean_cache=False, cmake_clean_first=False, cmake_force_configure=False, ament_cmake_args=None, catkin_cmake_args=None, catkin_skip_building_tests=False, mixin_files=None, mixin=None, verb_parser=<colcon_mixin.mixin.mixin_argument.MixinArgumentDecorator object at 0x70c289a3dae0>, verb_extension=<colcon_core.verb.build.BuildVerb object at 0x70c289b46ad0>, main=<bound method BuildVerb.main of <colcon_core.verb.build.BuildVerb object at 0x70c289b46ad0>>, mixin_verb=('build',))
[0.198s] Level 1:colcon.colcon_core.package_discovery:discover_packages(colcon_meta) check parameters
[0.198s] Level 1:colcon.colcon_core.package_discovery:discover_packages(recursive) check parameters
[0.198s] Level 1:colcon.colcon_core.package_discovery:discover_packages(ignore) check parameters
[0.198s] Level 1:colcon.colcon_core.package_discovery:discover_packages(path) check parameters
[0.198s] Level 1:colcon.colcon_core.package_discovery:discover_packages(colcon_meta) discover
[0.199s] Level 1:colcon.colcon_core.package_discovery:discover_packages(recursive) discover
[0.199s] INFO:colcon.colcon_core.package_discovery:Crawling recursively for packages in '/home/hayden/ros_ws'
[0.199s] Level 1:colcon.colcon_core.package_identification:_identify(.) by extensions ['ignore', 'ignore_ament_install']
[0.199s] Level 1:colcon.colcon_core.package_identification:_identify(.) by extension 'ignore'
[0.199s] Level 1:colcon.colcon_core.package_identification:_identify(.) by extension 'ignore_ament_install'
[0.199s] Level 1:colcon.colcon_core.package_identification:_identify(.) by extensions ['colcon_pkg']
[0.199s] Level 1:colcon.colcon_core.package_identification:_identify(.) by extension 'colcon_pkg'
[0.199s] Level 1:colcon.colcon_core.package_identification:_identify(.) by extensions ['colcon_meta']
[0.199s] Level 1:colcon.colcon_core.package_identification:_identify(.) by extension 'colcon_meta'
[0.199s] Level 1:colcon.colcon_core.package_identification:_identify(.) by extensions ['ros']
[0.199s] Level 1:colcon.colcon_core.package_identification:_identify(.) by extension 'ros'
[0.206s] Level 1:colcon.colcon_core.package_identification:_identify(.) by extensions ['cmake', 'python']
[0.207s] Level 1:colcon.colcon_core.package_identification:_identify(.) by extension 'cmake'
[0.207s] Level 1:colcon.colcon_core.package_identification:_identify(.) by extension 'python'
[0.207s] Level 1:colcon.colcon_core.package_identification:_identify(.) by extensions ['python_setup_py']
[0.207s] Level 1:colcon.colcon_core.package_identification:_identify(.) by extension 'python_setup_py'
[0.207s] Level 1:colcon.colcon_core.package_identification:_identify(build) by extensions ['ignore', 'ignore_ament_install']
[0.207s] Level 1:colcon.colcon_core.package_identification:_identify(build) by extension 'ignore'
[0.207s] Level 1:colcon.colcon_core.package_identification:_identify(build) ignored
[0.207s] Level 1:colcon.colcon_core.package_identification:_identify(build_old) by extensions ['ignore', 'ignore_ament_install']
[0.207s] Level 1:colcon.colcon_core.package_identification:_identify(build_old) by extension 'ignore'
[0.207s] Level 1:colcon.colcon_core.package_identification:_identify(build_old) ignored
[0.207s] Level 1:colcon.colcon_core.package_identification:_identify(install) by extensions ['ignore', 'ignore_ament_install']
[0.207s] Level 1:colcon.colcon_core.package_identification:_identify(install) by extension 'ignore'
[0.207s] Level 1:colcon.colcon_core.package_identification:_identify(install) ignored
[0.207s] Level 1:colcon.colcon_core.package_identification:_identify(install_old) by extensions ['ignore', 'ignore_ament_install']
[0.207s] Level 1:colcon.colcon_core.package_identification:_identify(install_old) by extension 'ignore'
[0.207s] Level 1:colcon.colcon_core.package_identification:_identify(install_old) ignored
[0.207s] Level 1:colcon.colcon_core.package_identification:_identify(log) by extensions ['ignore', 'ignore_ament_install']
[0.207s] Level 1:colcon.colcon_core.package_identification:_identify(log) by extension 'ignore'
[0.207s] Level 1:colcon.colcon_core.package_identification:_identify(log) ignored
[0.208s] Level 1:colcon.colcon_core.package_identification:_identify(src) by extensions ['ignore', 'ignore_ament_install']
[0.208s] Level 1:colcon.colcon_core.package_identification:_identify(src) by extension 'ignore'
[0.208s] Level 1:colcon.colcon_core.package_identification:_identify(src) by extension 'ignore_ament_install'
[0.208s] Level 1:colcon.colcon_core.package_identification:_identify(src) by extensions ['colcon_pkg']
[0.208s] Level 1:colcon.colcon_core.package_identification:_identify(src) by extension 'colcon_pkg'
[0.208s] Level 1:colcon.colcon_core.package_identification:_identify(src) by extensions ['colcon_meta']
[0.208s] Level 1:colcon.colcon_core.package_identification:_identify(src) by extension 'colcon_meta'
[0.208s] Level 1:colcon.colcon_core.package_identification:_identify(src) by extensions ['ros']
[0.208s] Level 1:colcon.colcon_core.package_identification:_identify(src) by extension 'ros'
[0.208s] Level 1:colcon.colcon_core.package_identification:_identify(src) by extensions ['cmake', 'python']
[0.208s] Level 1:colcon.colcon_core.package_identification:_identify(src) by extension 'cmake'
[0.208s] Level 1:colcon.colcon_core.package_identification:_identify(src) by extension 'python'
[0.208s] Level 1:colcon.colcon_core.package_identification:_identify(src) by extensions ['python_setup_py']
[0.208s] Level 1:colcon.colcon_core.package_identification:_identify(src) by extension 'python_setup_py'
[0.208s] Level 1:colcon.colcon_core.package_identification:_identify(src/pepper_ign_moveit2) by extensions ['ignore', 'ignore_ament_install']
[0.208s] Level 1:colcon.colcon_core.package_identification:_identify(src/pepper_ign_moveit2) by extension 'ignore'
[0.208s] Level 1:colcon.colcon_core.package_identification:_identify(src/pepper_ign_moveit2) by extension 'ignore_ament_install'
[0.208s] Level 1:colcon.colcon_core.package_identification:_identify(src/pepper_ign_moveit2) by extensions ['colcon_pkg']
[0.208s] Level 1:colcon.colcon_core.package_identification:_identify(src/pepper_ign_moveit2) by extension 'colcon_pkg'
[0.208s] Level 1:colcon.colcon_core.package_identification:_identify(src/pepper_ign_moveit2) by extensions ['colcon_meta']
[0.208s] Level 1:colcon.colcon_core.package_identification:_identify(src/pepper_ign_moveit2) by extension 'colcon_meta'
[0.208s] Level 1:colcon.colcon_core.package_identification:_identify(src/pepper_ign_moveit2) by extensions ['ros']
[0.208s] Level 1:colcon.colcon_core.package_identification:_identify(src/pepper_ign_moveit2) by extension 'ros'
[0.208s] Level 1:colcon.colcon_core.package_identification:_identify(src/pepper_ign_moveit2) by extensions ['cmake', 'python']
[0.208s] Level 1:colcon.colcon_core.package_identification:_identify(src/pepper_ign_moveit2) by extension 'cmake'
[0.208s] Level 1:colcon.colcon_core.package_identification:_identify(src/pepper_ign_moveit2) by extension 'python'
[0.208s] Level 1:colcon.colcon_core.package_identification:_identify(src/pepper_ign_moveit2) by extensions ['python_setup_py']
[0.208s] Level 1:colcon.colcon_core.package_identification:_identify(src/pepper_ign_moveit2) by extension 'python_setup_py'
[0.209s] Level 1:colcon.colcon_core.package_identification:_identify(src/pepper_ign_moveit2/pepper_robot) by extensions ['ignore', 'ignore_ament_install']
[0.209s] Level 1:colcon.colcon_core.package_identification:_identify(src/pepper_ign_moveit2/pepper_robot) by extension 'ignore'
[0.209s] Level 1:colcon.colcon_core.package_identification:_identify(src/pepper_ign_moveit2/pepper_robot) by extension 'ignore_ament_install'
[0.209s] Level 1:colcon.colcon_core.package_identification:_identify(src/pepper_ign_moveit2/pepper_robot) by extensions ['colcon_pkg']
[0.209s] Level 1:colcon.colcon_core.package_identification:_identify(src/pepper_ign_moveit2/pepper_robot) by extension 'colcon_pkg'
[0.209s] Level 1:colcon.colcon_core.package_identification:_identify(src/pepper_ign_moveit2/pepper_robot) by extensions ['colcon_meta']
[0.209s] Level 1:colcon.colcon_core.package_identification:_identify(src/pepper_ign_moveit2/pepper_robot) by extension 'colcon_meta'
[0.209s] Level 1:colcon.colcon_core.package_identification:_identify(src/pepper_ign_moveit2/pepper_robot) by extensions ['ros']
[0.209s] Level 1:colcon.colcon_core.package_identification:_identify(src/pepper_ign_moveit2/pepper_robot) by extension 'ros'
[0.210s] DEBUG:colcon.colcon_core.package_identification:Package 'src/pepper_ign_moveit2/pepper_robot' with type 'ros.ament_cmake' and name 'pepper_robot'
[0.210s] Level 1:colcon.colcon_core.package_identification:_identify(src/pepper_ign_moveit2/pepper_robot_description) by extensions ['ignore', 'ignore_ament_install']
[0.210s] Level 1:colcon.colcon_core.package_identification:_identify(src/pepper_ign_moveit2/pepper_robot_description) by extension 'ignore'
[0.211s] Level 1:colcon.colcon_core.package_identification:_identify(src/pepper_ign_moveit2/pepper_robot_description) by extension 'ignore_ament_install'
[0.211s] Level 1:colcon.colcon_core.package_identification:_identify(src/pepper_ign_moveit2/pepper_robot_description) by extensions ['colcon_pkg']
[0.211s] Level 1:colcon.colcon_core.package_identification:_identify(src/pepper_ign_moveit2/pepper_robot_description) by extension 'colcon_pkg'
[0.211s] Level 1:colcon.colcon_core.package_identification:_identify(src/pepper_ign_moveit2/pepper_robot_description) by extensions ['colcon_meta']
[0.211s] Level 1:colcon.colcon_core.package_identification:_identify(src/pepper_ign_moveit2/pepper_robot_description) by extension 'colcon_meta'
[0.211s] Level 1:colcon.colcon_core.package_identification:_identify(src/pepper_ign_moveit2/pepper_robot_description) by extensions ['ros']
[0.211s] Level 1:colcon.colcon_core.package_identification:_identify(src/pepper_ign_moveit2/pepper_robot_description) by extension 'ros'
[0.211s] DEBUG:colcon.colcon_core.package_identification:Package 'src/pepper_ign_moveit2/pepper_robot_description' with type 'ros.ament_cmake' and name 'pepper_robot_description'
[0.211s] Level 1:colcon.colcon_core.package_identification:_identify(src/pepper_ign_moveit2/pepper_robot_ign) by extensions ['ignore', 'ignore_ament_install']
[0.211s] Level 1:colcon.colcon_core.package_identification:_identify(src/pepper_ign_moveit2/pepper_robot_ign) by extension 'ignore'
[0.211s] Level 1:colcon.colcon_core.package_identification:_identify(src/pepper_ign_moveit2/pepper_robot_ign) by extension 'ignore_ament_install'
[0.211s] Level 1:colcon.colcon_core.package_identification:_identify(src/pepper_ign_moveit2/pepper_robot_ign) by extensions ['colcon_pkg']
[0.211s] Level 1:colcon.colcon_core.package_identification:_identify(src/pepper_ign_moveit2/pepper_robot_ign) by extension 'colcon_pkg'
[0.211s] Level 1:colcon.colcon_core.package_identification:_identify(src/pepper_ign_moveit2/pepper_robot_ign) by extensions ['colcon_meta']
[0.211s] Level 1:colcon.colcon_core.package_identification:_identify(src/pepper_ign_moveit2/pepper_robot_ign) by extension 'colcon_meta'
[0.211s] Level 1:colcon.colcon_core.package_identification:_identify(src/pepper_ign_moveit2/pepper_robot_ign) by extensions ['ros']
[0.211s] Level 1:colcon.colcon_core.package_identification:_identify(src/pepper_ign_moveit2/pepper_robot_ign) by extension 'ros'
[0.212s] DEBUG:colcon.colcon_core.package_identification:Package 'src/pepper_ign_moveit2/pepper_robot_ign' with type 'ros.ament_cmake' and name 'pepper_robot_ign'
[0.212s] Level 1:colcon.colcon_core.package_identification:_identify(src/pepper_ign_moveit2/pepper_robot_moveit_config) by extensions ['ignore', 'ignore_ament_install']
[0.212s] Level 1:colcon.colcon_core.package_identification:_identify(src/pepper_ign_moveit2/pepper_robot_moveit_config) by extension 'ignore'
[0.212s] Level 1:colcon.colcon_core.package_identification:_identify(src/pepper_ign_moveit2/pepper_robot_moveit_config) by extension 'ignore_ament_install'
[0.212s] Level 1:colcon.colcon_core.package_identification:_identify(src/pepper_ign_moveit2/pepper_robot_moveit_config) by extensions ['colcon_pkg']
[0.212s] Level 1:colcon.colcon_core.package_identification:_identify(src/pepper_ign_moveit2/pepper_robot_moveit_config) by extension 'colcon_pkg'
[0.212s] Level 1:colcon.colcon_core.package_identification:_identify(src/pepper_ign_moveit2/pepper_robot_moveit_config) by extensions ['colcon_meta']
[0.212s] Level 1:colcon.colcon_core.package_identification:_identify(src/pepper_ign_moveit2/pepper_robot_moveit_config) by extension 'colcon_meta'
[0.212s] Level 1:colcon.colcon_core.package_identification:_identify(src/pepper_ign_moveit2/pepper_robot_moveit_config) by extensions ['ros']
[0.212s] Level 1:colcon.colcon_core.package_identification:_identify(src/pepper_ign_moveit2/pepper_robot_moveit_config) by extension 'ros'
[0.213s] DEBUG:colcon.colcon_core.package_identification:Package 'src/pepper_ign_moveit2/pepper_robot_moveit_config' with type 'ros.ament_cmake' and name 'pepper_robot_moveit_config'
[0.213s] Level 1:colcon.colcon_core.package_identification:_identify(src/pepper_ign_moveit2/vid) by extensions ['ignore', 'ignore_ament_install']
[0.213s] Level 1:colcon.colcon_core.package_identification:_identify(src/pepper_ign_moveit2/vid) by extension 'ignore'
[0.213s] Level 1:colcon.colcon_core.package_identification:_identify(src/pepper_ign_moveit2/vid) by extension 'ignore_ament_install'
[0.213s] Level 1:colcon.colcon_core.package_identification:_identify(src/pepper_ign_moveit2/vid) by extensions ['colcon_pkg']
[0.213s] Level 1:colcon.colcon_core.package_identification:_identify(src/pepper_ign_moveit2/vid) by extension 'colcon_pkg'
[0.213s] Level 1:colcon.colcon_core.package_identification:_identify(src/pepper_ign_moveit2/vid) by extensions ['colcon_meta']
[0.213s] Level 1:colcon.colcon_core.package_identification:_identify(src/pepper_ign_moveit2/vid) by extension 'colcon_meta'
[0.213s] Level 1:colcon.colcon_core.package_identification:_identify(src/pepper_ign_moveit2/vid) by extensions ['ros']
[0.213s] Level 1:colcon.colcon_core.package_identification:_identify(src/pepper_ign_moveit2/vid) by extension 'ros'
[0.213s] Level 1:colcon.colcon_core.package_identification:_identify(src/pepper_ign_moveit2/vid) by extensions ['cmake', 'python']
[0.213s] Level 1:colcon.colcon_core.package_identification:_identify(src/pepper_ign_moveit2/vid) by extension 'cmake'
[0.213s] Level 1:colcon.colcon_core.package_identification:_identify(src/pepper_ign_moveit2/vid) by extension 'python'
[0.213s] Level 1:colcon.colcon_core.package_identification:_identify(src/pepper_ign_moveit2/vid) by extensions ['python_setup_py']
[0.213s] Level 1:colcon.colcon_core.package_identification:_identify(src/pepper_ign_moveit2/vid) by extension 'python_setup_py'
[0.213s] Level 1:colcon.colcon_core.package_identification:_identify(src/pymoveit2) by extensions ['ignore', 'ignore_ament_install']
[0.213s] Level 1:colcon.colcon_core.package_identification:_identify(src/pymoveit2) by extension 'ignore'
[0.213s] Level 1:colcon.colcon_core.package_identification:_identify(src/pymoveit2) by extension 'ignore_ament_install'
[0.213s] Level 1:colcon.colcon_core.package_identification:_identify(src/pymoveit2) by extensions ['colcon_pkg']
[0.213s] Level 1:colcon.colcon_core.package_identification:_identify(src/pymoveit2) by extension 'colcon_pkg'
[0.213s] Level 1:colcon.colcon_core.package_identification:_identify(src/pymoveit2) by extensions ['colcon_meta']
[0.213s] Level 1:colcon.colcon_core.package_identification:_identify(src/pymoveit2) by extension 'colcon_meta'
[0.213s] Level 1:colcon.colcon_core.package_identification:_identify(src/pymoveit2) by extensions ['ros']
[0.213s] Level 1:colcon.colcon_core.package_identification:_identify(src/pymoveit2) by extension 'ros'
[0.214s] DEBUG:colcon.colcon_core.package_identification:Package 'src/pymoveit2' with type 'ros.ament_cmake' and name 'pymoveit2'
[0.214s] Level 1:colcon.colcon_core.package_discovery:discover_packages(recursive) using defaults
[0.214s] Level 1:colcon.colcon_core.package_discovery:discover_packages(ignore) discover
[0.214s] Level 1:colcon.colcon_core.package_discovery:discover_packages(ignore) using defaults
[0.214s] Level 1:colcon.colcon_core.package_discovery:discover_packages(path) discover
[0.214s] Level 1:colcon.colcon_core.package_discovery:discover_packages(path) using defaults
[0.235s] Level 1:colcon.colcon_core.package_discovery:discover_packages(prefix_path) check parameters
[0.235s] Level 1:colcon.colcon_core.package_discovery:discover_packages(prefix_path) discover
[0.235s] WARNING:colcon.colcon_ros.prefix_path.ament:The path '/home/hayden/ros_ws/install/pymoveit2' in the environment variable AMENT_PREFIX_PATH doesn't exist
[0.235s] WARNING:colcon.colcon_ros.prefix_path.ament:The path '/home/hayden/ros_ws/install/pepper_robot_ign' in the environment variable AMENT_PREFIX_PATH doesn't exist
[0.236s] WARNING:colcon.colcon_ros.prefix_path.ament:The path '/home/hayden/ros_ws/install/pepper_robot_moveit_config' in the environment variable AMENT_PREFIX_PATH doesn't exist
[0.236s] WARNING:colcon.colcon_ros.prefix_path.ament:The path '/home/hayden/ros_ws/install/pepper_robot' in the environment variable AMENT_PREFIX_PATH doesn't exist
[0.236s] WARNING:colcon.colcon_ros.prefix_path.catkin:The path '/home/hayden/ros_ws/install/pymoveit2' in the environment variable CMAKE_PREFIX_PATH doesn't exist
[0.236s] WARNING:colcon.colcon_ros.prefix_path.catkin:The path '/home/hayden/ros_ws/install/pepper_robot_ign' in the environment variable CMAKE_PREFIX_PATH doesn't exist
[0.236s] WARNING:colcon.colcon_ros.prefix_path.catkin:The path '/home/hayden/ros_ws/install/pepper_robot_moveit_config' in the environment variable CMAKE_PREFIX_PATH doesn't exist
[0.236s] WARNING:colcon.colcon_ros.prefix_path.catkin:The path '/home/hayden/ros_ws/install/pepper_robot' in the environment variable CMAKE_PREFIX_PATH doesn't exist
[0.236s] DEBUG:colcon.colcon_installed_package_information.package_discovery:Found 1 installed packages in /home/hayden/ros_ws/install
[0.238s] DEBUG:colcon.colcon_installed_package_information.package_discovery:Found 376 installed packages in /opt/ros/humble
[0.239s] Level 1:colcon.colcon_core.package_discovery:discover_packages(prefix_path) using defaults
[0.273s] Level 5:colcon.colcon_core.verb:set package 'pepper_robot_description' build argument 'cmake_args' from command line to 'None'
[0.273s] Level 5:colcon.colcon_core.verb:set package 'pepper_robot_description' build argument 'cmake_target' from command line to 'None'
[0.273s] Level 5:colcon.colcon_core.verb:set package 'pepper_robot_description' build argument 'cmake_target_skip_unavailable' from command line to 'False'
[0.273s] Level 5:colcon.colcon_core.verb:set package 'pepper_robot_description' build argument 'cmake_clean_cache' from command line to 'False'
[0.273s] Level 5:colcon.colcon_core.verb:set package 'pepper_robot_description' build argument 'cmake_clean_first' from command line to 'False'
[0.273s] Level 5:colcon.colcon_core.verb:set package 'pepper_robot_description' build argument 'cmake_force_configure' from command line to 'False'
[0.273s] Level 5:colcon.colcon_core.verb:set package 'pepper_robot_description' build argument 'ament_cmake_args' from command line to 'None'
[0.273s] Level 5:colcon.colcon_core.verb:set package 'pepper_robot_description' build argument 'catkin_cmake_args' from command line to 'None'
[0.273s] Level 5:colcon.colcon_core.verb:set package 'pepper_robot_description' build argument 'catkin_skip_building_tests' from command line to 'False'
[0.273s] DEBUG:colcon.colcon_core.verb:Building package 'pepper_robot_description' with the following arguments: {'ament_cmake_args': None, 'build_base': '/home/hayden/ros_ws/build/pepper_robot_description', 'catkin_cmake_args': None, 'catkin_skip_building_tests': False, 'cmake_args': None, 'cmake_clean_cache': False, 'cmake_clean_first': False, 'cmake_force_configure': False, 'cmake_target': None, 'cmake_target_skip_unavailable': False, 'install_base': '/home/hayden/ros_ws/install/pepper_robot_description', 'merge_install': False, 'path': '/home/hayden/ros_ws/src/pepper_ign_moveit2/pepper_robot_description', 'symlink_install': False, 'test_result_base': None}
[0.273s] Level 5:colcon.colcon_core.verb:set package 'pymoveit2' build argument 'cmake_args' from command line to 'None'
[0.273s] Level 5:colcon.colcon_core.verb:set package 'pymoveit2' build argument 'cmake_target' from command line to 'None'
[0.273s] Level 5:colcon.colcon_core.verb:set package 'pymoveit2' build argument 'cmake_target_skip_unavailable' from command line to 'False'
[0.273s] Level 5:colcon.colcon_core.verb:set package 'pymoveit2' build argument 'cmake_clean_cache' from command line to 'False'
[0.273s] Level 5:colcon.colcon_core.verb:set package 'pymoveit2' build argument 'cmake_clean_first' from command line to 'False'
[0.273s] Level 5:colcon.colcon_core.verb:set package 'pymoveit2' build argument 'cmake_force_configure' from command line to 'False'
[0.273s] Level 5:colcon.colcon_core.verb:set package 'pymoveit2' build argument 'ament_cmake_args' from command line to 'None'
[0.273s] Level 5:colcon.colcon_core.verb:set package 'pymoveit2' build argument 'catkin_cmake_args' from command line to 'None'
[0.273s] Level 5:colcon.colcon_core.verb:set package 'pymoveit2' build argument 'catkin_skip_building_tests' from command line to 'False'
[0.273s] DEBUG:colcon.colcon_core.verb:Building package 'pymoveit2' with the following arguments: {'ament_cmake_args': None, 'build_base': '/home/hayden/ros_ws/build/pymoveit2', 'catkin_cmake_args': None, 'catkin_skip_building_tests': False, 'cmake_args': None, 'cmake_clean_cache': False, 'cmake_clean_first': False, 'cmake_force_configure': False, 'cmake_target': None, 'cmake_target_skip_unavailable': False, 'install_base': '/home/hayden/ros_ws/install/pymoveit2', 'merge_install': False, 'path': '/home/hayden/ros_ws/src/pymoveit2', 'symlink_install': False, 'test_result_base': None}
[0.274s] Level 5:colcon.colcon_core.verb:set package 'pepper_robot_moveit_config' build argument 'cmake_args' from command line to 'None'
[0.274s] Level 5:colcon.colcon_core.verb:set package 'pepper_robot_moveit_config' build argument 'cmake_target' from command line to 'None'
[0.274s] Level 5:colcon.colcon_core.verb:set package 'pepper_robot_moveit_config' build argument 'cmake_target_skip_unavailable' from command line to 'False'
[0.274s] Level 5:colcon.colcon_core.verb:set package 'pepper_robot_moveit_config' build argument 'cmake_clean_cache' from command line to 'False'
[0.274s] Level 5:colcon.colcon_core.verb:set package 'pepper_robot_moveit_config' build argument 'cmake_clean_first' from command line to 'False'
[0.274s] Level 5:colcon.colcon_core.verb:set package 'pepper_robot_moveit_config' build argument 'cmake_force_configure' from command line to 'False'
[0.274s] Level 5:colcon.colcon_core.verb:set package 'pepper_robot_moveit_config' build argument 'ament_cmake_args' from command line to 'None'
[0.274s] Level 5:colcon.colcon_core.verb:set package 'pepper_robot_moveit_config' build argument 'catkin_cmake_args' from command line to 'None'
[0.274s] Level 5:colcon.colcon_core.verb:set package 'pepper_robot_moveit_config' build argument 'catkin_skip_building_tests' from command line to 'False'
[0.274s] DEBUG:colcon.colcon_core.verb:Building package 'pepper_robot_moveit_config' with the following arguments: {'ament_cmake_args': None, 'build_base': '/home/hayden/ros_ws/build/pepper_robot_moveit_config', 'catkin_cmake_args': None, 'catkin_skip_building_tests': False, 'cmake_args': None, 'cmake_clean_cache': False, 'cmake_clean_first': False, 'cmake_force_configure': False, 'cmake_target': None, 'cmake_target_skip_unavailable': False, 'install_base': '/home/hayden/ros_ws/install/pepper_robot_moveit_config', 'merge_install': False, 'path': '/home/hayden/ros_ws/src/pepper_ign_moveit2/pepper_robot_moveit_config', 'symlink_install': False, 'test_result_base': None}
[0.274s] Level 5:colcon.colcon_core.verb:set package 'pepper_robot' build argument 'cmake_args' from command line to 'None'
[0.274s] Level 5:colcon.colcon_core.verb:set package 'pepper_robot' build argument 'cmake_target' from command line to 'None'
[0.274s] Level 5:colcon.colcon_core.verb:set package 'pepper_robot' build argument 'cmake_target_skip_unavailable' from command line to 'False'
[0.274s] Level 5:colcon.colcon_core.verb:set package 'pepper_robot' build argument 'cmake_clean_cache' from command line to 'False'
[0.274s] Level 5:colcon.colcon_core.verb:set package 'pepper_robot' build argument 'cmake_clean_first' from command line to 'False'
[0.274s] Level 5:colcon.colcon_core.verb:set package 'pepper_robot' build argument 'cmake_force_configure' from command line to 'False'
[0.274s] Level 5:colcon.colcon_core.verb:set package 'pepper_robot' build argument 'ament_cmake_args' from command line to 'None'
[0.274s] Level 5:colcon.colcon_core.verb:set package 'pepper_robot' build argument 'catkin_cmake_args' from command line to 'None'
[0.274s] Level 5:colcon.colcon_core.verb:set package 'pepper_robot' build argument 'catkin_skip_building_tests' from command line to 'False'
[0.274s] DEBUG:colcon.colcon_core.verb:Building package 'pepper_robot' with the following arguments: {'ament_cmake_args': None, 'build_base': '/home/hayden/ros_ws/build/pepper_robot', 'catkin_cmake_args': None, 'catkin_skip_building_tests': False, 'cmake_args': None, 'cmake_clean_cache': False, 'cmake_clean_first': False, 'cmake_force_configure': False, 'cmake_target': None, 'cmake_target_skip_unavailable': False, 'install_base': '/home/hayden/ros_ws/install/pepper_robot', 'merge_install': False, 'path': '/home/hayden/ros_ws/src/pepper_ign_moveit2/pepper_robot', 'symlink_install': False, 'test_result_base': None}
[0.274s] Level 5:colcon.colcon_core.verb:set package 'pepper_robot_ign' build argument 'cmake_args' from command line to 'None'
[0.274s] Level 5:colcon.colcon_core.verb:set package 'pepper_robot_ign' build argument 'cmake_target' from command line to 'None'
[0.274s] Level 5:colcon.colcon_core.verb:set package 'pepper_robot_ign' build argument 'cmake_target_skip_unavailable' from command line to 'False'
[0.274s] Level 5:colcon.colcon_core.verb:set package 'pepper_robot_ign' build argument 'cmake_clean_cache' from command line to 'False'
[0.274s] Level 5:colcon.colcon_core.verb:set package 'pepper_robot_ign' build argument 'cmake_clean_first' from command line to 'False'
[0.274s] Level 5:colcon.colcon_core.verb:set package 'pepper_robot_ign' build argument 'cmake_force_configure' from command line to 'False'
[0.274s] Level 5:colcon.colcon_core.verb:set package 'pepper_robot_ign' build argument 'ament_cmake_args' from command line to 'None'
[0.274s] Level 5:colcon.colcon_core.verb:set package 'pepper_robot_ign' build argument 'catkin_cmake_args' from command line to 'None'
[0.274s] Level 5:colcon.colcon_core.verb:set package 'pepper_robot_ign' build argument 'catkin_skip_building_tests' from command line to 'False'
[0.274s] DEBUG:colcon.colcon_core.verb:Building package 'pepper_robot_ign' with the following arguments: {'ament_cmake_args': None, 'build_base': '/home/hayden/ros_ws/build/pepper_robot_ign', 'catkin_cmake_args': None, 'catkin_skip_building_tests': False, 'cmake_args': None, 'cmake_clean_cache': False, 'cmake_clean_first': False, 'cmake_force_configure': False, 'cmake_target': None, 'cmake_target_skip_unavailable': False, 'install_base': '/home/hayden/ros_ws/install/pepper_robot_ign', 'merge_install': False, 'path': '/home/hayden/ros_ws/src/pepper_ign_moveit2/pepper_robot_ign', 'symlink_install': False, 'test_result_base': None}
[0.275s] INFO:colcon.colcon_core.executor:Executing jobs using 'parallel' executor
[0.275s] DEBUG:colcon.colcon_parallel_executor.executor.parallel:run_until_complete
[0.276s] INFO:colcon.colcon_ros.task.ament_cmake.build:Building ROS package in '/home/hayden/ros_ws/src/pepper_ign_moveit2/pepper_robot_description' with build type 'ament_cmake'
[0.276s] INFO:colcon.colcon_cmake.task.cmake.build:Building CMake package in '/home/hayden/ros_ws/src/pepper_ign_moveit2/pepper_robot_description'
[0.277s] INFO:colcon.colcon_core.plugin_system:Skipping extension 'colcon_core.shell.bat': Not used on non-Windows systems
[0.277s] INFO:colcon.colcon_core.shell:Skip shell extension 'powershell' for command environment: Not usable outside of PowerShell
[0.277s] DEBUG:colcon.colcon_core.shell:Skip shell extension 'dsv' for command environment
[0.280s] INFO:colcon.colcon_ros.task.ament_cmake.build:Building ROS package in '/home/hayden/ros_ws/src/pymoveit2' with build type 'ament_cmake'
[0.280s] INFO:colcon.colcon_cmake.task.cmake.build:Building CMake package in '/home/hayden/ros_ws/src/pymoveit2'
[0.280s] INFO:colcon.colcon_core.shell:Skip shell extension 'powershell' for command environment: Not usable outside of PowerShell
[0.280s] DEBUG:colcon.colcon_core.shell:Skip shell extension 'dsv' for command environment
[0.286s] DEBUG:colcon.colcon_core.event_handler.log_command:Invoking command in '/home/hayden/ros_ws/build/pepper_robot_description': CMAKE_PREFIX_PATH=${CMAKE_PREFIX_PATH}:/opt/ros/humble /usr/bin/cmake --build /home/hayden/ros_ws/build/pepper_robot_description -- -j12 -l12
[0.288s] DEBUG:colcon.colcon_core.event_handler.log_command:Invoking command in '/home/hayden/ros_ws/build/pymoveit2': CMAKE_PREFIX_PATH=${CMAKE_PREFIX_PATH}:/opt/ros/humble /usr/bin/cmake --build /home/hayden/ros_ws/build/pymoveit2 -- -j12 -l12
[0.472s] DEBUG:colcon.colcon_core.event_handler.log_command:Invoked command in '/home/hayden/ros_ws/build/pepper_robot_description' returned '0': CMAKE_PREFIX_PATH=${CMAKE_PREFIX_PATH}:/opt/ros/humble /usr/bin/cmake --build /home/hayden/ros_ws/build/pepper_robot_description -- -j12 -l12
[0.480s] DEBUG:colcon.colcon_core.event_handler.log_command:Invoking command in '/home/hayden/ros_ws/build/pepper_robot_description': CMAKE_PREFIX_PATH=${CMAKE_PREFIX_PATH}:/opt/ros/humble /usr/bin/cmake --install /home/hayden/ros_ws/build/pepper_robot_description
[0.496s] Level 1:colcon.colcon_core.environment:create_environment_scripts_only(pepper_robot_description)
[0.501s] DEBUG:colcon.colcon_core.event_handler.log_command:Invoked command in '/home/hayden/ros_ws/build/pepper_robot_description' returned '0': CMAKE_PREFIX_PATH=${CMAKE_PREFIX_PATH}:/opt/ros/humble /usr/bin/cmake --install /home/hayden/ros_ws/build/pepper_robot_description
[0.502s] Level 1:colcon.colcon_core.environment:checking '/home/hayden/ros_ws/install/pepper_robot_description' for CMake module files
[0.502s] Level 1:colcon.colcon_core.environment:checking '/home/hayden/ros_ws/install/pepper_robot_description' for CMake config files
[0.503s] Level 1:colcon.colcon_core.shell:create_environment_hook('pepper_robot_description', 'cmake_prefix_path')
[0.503s] INFO:colcon.colcon_core.shell:Creating environment hook '/home/hayden/ros_ws/install/pepper_robot_description/share/pepper_robot_description/hook/cmake_prefix_path.ps1'
[0.504s] INFO:colcon.colcon_core.shell:Creating environment descriptor '/home/hayden/ros_ws/install/pepper_robot_description/share/pepper_robot_description/hook/cmake_prefix_path.dsv'
[0.504s] INFO:colcon.colcon_core.shell:Creating environment hook '/home/hayden/ros_ws/install/pepper_robot_description/share/pepper_robot_description/hook/cmake_prefix_path.sh'
[0.505s] Level 1:colcon.colcon_core.environment:checking '/home/hayden/ros_ws/install/pepper_robot_description/lib'
[0.505s] Level 1:colcon.colcon_core.environment:checking '/home/hayden/ros_ws/install/pepper_robot_description/bin'
[0.505s] Level 1:colcon.colcon_core.environment:checking '/home/hayden/ros_ws/install/pepper_robot_description/lib/pkgconfig/pepper_robot_description.pc'
[0.505s] Level 1:colcon.colcon_core.environment:checking '/home/hayden/ros_ws/install/pepper_robot_description/lib/python3.10/site-packages'
[0.505s] Level 1:colcon.colcon_core.environment:checking '/home/hayden/ros_ws/install/pepper_robot_description/bin'
[0.506s] INFO:colcon.colcon_core.shell:Creating package script '/home/hayden/ros_ws/install/pepper_robot_description/share/pepper_robot_description/package.ps1'
[0.506s] INFO:colcon.colcon_core.shell:Creating package descriptor '/home/hayden/ros_ws/install/pepper_robot_description/share/pepper_robot_description/package.dsv'
[0.507s] INFO:colcon.colcon_core.shell:Creating package script '/home/hayden/ros_ws/install/pepper_robot_description/share/pepper_robot_description/package.sh'
[0.507s] INFO:colcon.colcon_core.shell:Creating package script '/home/hayden/ros_ws/install/pepper_robot_description/share/pepper_robot_description/package.bash'
[0.508s] INFO:colcon.colcon_core.shell:Creating package script '/home/hayden/ros_ws/install/pepper_robot_description/share/pepper_robot_description/package.zsh'
[0.508s] Level 1:colcon.colcon_core.environment:create_file_with_runtime_dependencies(/home/hayden/ros_ws/install/pepper_robot_description/share/colcon-core/packages/pepper_robot_description)
[0.509s] Level 1:colcon.colcon_core.environment:create_environment_scripts_only(pepper_robot_description)
[0.509s] Level 1:colcon.colcon_core.environment:checking '/home/hayden/ros_ws/install/pepper_robot_description' for CMake module files
[0.509s] Level 1:colcon.colcon_core.environment:checking '/home/hayden/ros_ws/install/pepper_robot_description' for CMake config files
[0.510s] Level 1:colcon.colcon_core.shell:create_environment_hook('pepper_robot_description', 'cmake_prefix_path')
[0.510s] INFO:colcon.colcon_core.shell:Creating environment hook '/home/hayden/ros_ws/install/pepper_robot_description/share/pepper_robot_description/hook/cmake_prefix_path.ps1'
[0.510s] INFO:colcon.colcon_core.shell:Creating environment descriptor '/home/hayden/ros_ws/install/pepper_robot_description/share/pepper_robot_description/hook/cmake_prefix_path.dsv'
[0.510s] INFO:colcon.colcon_core.shell:Creating environment hook '/home/hayden/ros_ws/install/pepper_robot_description/share/pepper_robot_description/hook/cmake_prefix_path.sh'
[0.511s] Level 1:colcon.colcon_core.environment:checking '/home/hayden/ros_ws/install/pepper_robot_description/lib'
[0.511s] Level 1:colcon.colcon_core.environment:checking '/home/hayden/ros_ws/install/pepper_robot_description/bin'
[0.511s] Level 1:colcon.colcon_core.environment:checking '/home/hayden/ros_ws/install/pepper_robot_description/lib/pkgconfig/pepper_robot_description.pc'
[0.511s] Level 1:colcon.colcon_core.environment:checking '/home/hayden/ros_ws/install/pepper_robot_description/lib/python3.10/site-packages'
[0.511s] Level 1:colcon.colcon_core.environment:checking '/home/hayden/ros_ws/install/pepper_robot_description/bin'
[0.511s] INFO:colcon.colcon_core.shell:Creating package script '/home/hayden/ros_ws/install/pepper_robot_description/share/pepper_robot_description/package.ps1'
[0.512s] INFO:colcon.colcon_core.shell:Creating package descriptor '/home/hayden/ros_ws/install/pepper_robot_description/share/pepper_robot_description/package.dsv'
[0.512s] INFO:colcon.colcon_core.shell:Creating package script '/home/hayden/ros_ws/install/pepper_robot_description/share/pepper_robot_description/package.sh'
[0.512s] INFO:colcon.colcon_core.shell:Creating package script '/home/hayden/ros_ws/install/pepper_robot_description/share/pepper_robot_description/package.bash'
[0.512s] INFO:colcon.colcon_core.shell:Creating package script '/home/hayden/ros_ws/install/pepper_robot_description/share/pepper_robot_description/package.zsh'
[0.513s] Level 1:colcon.colcon_core.environment:create_file_with_runtime_dependencies(/home/hayden/ros_ws/install/pepper_robot_description/share/colcon-core/packages/pepper_robot_description)
[0.513s] INFO:colcon.colcon_ros.task.ament_cmake.build:Building ROS package in '/home/hayden/ros_ws/src/pepper_ign_moveit2/pepper_robot_moveit_config' with build type 'ament_cmake'
[0.513s] INFO:colcon.colcon_cmake.task.cmake.build:Building CMake package in '/home/hayden/ros_ws/src/pepper_ign_moveit2/pepper_robot_moveit_config'
[0.513s] INFO:colcon.colcon_core.shell:Skip shell extension 'powershell' for command environment: Not usable outside of PowerShell
[0.513s] DEBUG:colcon.colcon_core.shell:Skip shell extension 'dsv' for command environment
[0.520s] DEBUG:colcon.colcon_core.event_handler.log_command:Invoking command in '/home/hayden/ros_ws/build/pepper_robot_moveit_config': CMAKE_PREFIX_PATH=/home/hayden/ros_ws/install/pepper_robot_description:/home/hayden/ros_ws/install/pymoveit2:/home/hayden/ros_ws/install/pepper_robot_ign:/home/hayden/ros_ws/install/pepper_robot_moveit_config:/home/hayden/ros_ws/install/pepper_robot:/opt/ros/humble /usr/bin/cmake /home/hayden/ros_ws/src/pepper_ign_moveit2/pepper_robot_moveit_config -DCMAKE_INSTALL_PREFIX=/home/hayden/ros_ws/install/pepper_robot_moveit_config
[0.558s] DEBUG:colcon.colcon_core.event_handler.log_command:Invoked command in '/home/hayden/ros_ws/build/pymoveit2' returned '0': CMAKE_PREFIX_PATH=${CMAKE_PREFIX_PATH}:/opt/ros/humble /usr/bin/cmake --build /home/hayden/ros_ws/build/pymoveit2 -- -j12 -l12
[0.559s] DEBUG:colcon.colcon_core.event_handler.log_command:Invoking command in '/home/hayden/ros_ws/build/pymoveit2': CMAKE_PREFIX_PATH=${CMAKE_PREFIX_PATH}:/opt/ros/humble /usr/bin/cmake --install /home/hayden/ros_ws/build/pymoveit2
[0.612s] Level 1:colcon.colcon_core.environment:create_environment_scripts_only(pymoveit2)
[0.612s] Level 1:colcon.colcon_core.environment:checking '/home/hayden/ros_ws/install/pymoveit2' for CMake module files
[0.612s] DEBUG:colcon.colcon_core.event_handler.log_command:Invoked command in '/home/hayden/ros_ws/build/pymoveit2' returned '0': CMAKE_PREFIX_PATH=${CMAKE_PREFIX_PATH}:/opt/ros/humble /usr/bin/cmake --install /home/hayden/ros_ws/build/pymoveit2
[0.613s] Level 1:colcon.colcon_core.environment:checking '/home/hayden/ros_ws/install/pymoveit2' for CMake config files
[0.613s] Level 1:colcon.colcon_core.shell:create_environment_hook('pymoveit2', 'cmake_prefix_path')
[0.613s] INFO:colcon.colcon_core.shell:Creating environment hook '/home/hayden/ros_ws/install/pymoveit2/share/pymoveit2/hook/cmake_prefix_path.ps1'
[0.614s] INFO:colcon.colcon_core.shell:Creating environment descriptor '/home/hayden/ros_ws/install/pymoveit2/share/pymoveit2/hook/cmake_prefix_path.dsv'
[0.614s] INFO:colcon.colcon_core.shell:Creating environment hook '/home/hayden/ros_ws/install/pymoveit2/share/pymoveit2/hook/cmake_prefix_path.sh'
[0.614s] Level 1:colcon.colcon_core.environment:checking '/home/hayden/ros_ws/install/pymoveit2/lib'
[0.615s] Level 1:colcon.colcon_core.environment:checking '/home/hayden/ros_ws/install/pymoveit2/bin'
[0.615s] Level 1:colcon.colcon_core.environment:checking '/home/hayden/ros_ws/install/pymoveit2/lib/pkgconfig/pymoveit2.pc'
[0.615s] Level 1:colcon.colcon_core.environment:checking '/home/hayden/ros_ws/install/pymoveit2/lib/python3.10/site-packages'
[0.615s] Level 1:colcon.colcon_core.environment:checking '/home/hayden/ros_ws/install/pymoveit2/bin'
[0.615s] INFO:colcon.colcon_core.shell:Creating package script '/home/hayden/ros_ws/install/pymoveit2/share/pymoveit2/package.ps1'
[0.616s] INFO:colcon.colcon_core.shell:Creating package descriptor '/home/hayden/ros_ws/install/pymoveit2/share/pymoveit2/package.dsv'
[0.616s] INFO:colcon.colcon_core.shell:Creating package script '/home/hayden/ros_ws/install/pymoveit2/share/pymoveit2/package.sh'
[0.617s] INFO:colcon.colcon_core.shell:Creating package script '/home/hayden/ros_ws/install/pymoveit2/share/pymoveit2/package.bash'
[0.617s] INFO:colcon.colcon_core.shell:Creating package script '/home/hayden/ros_ws/install/pymoveit2/share/pymoveit2/package.zsh'
[0.617s] Level 1:colcon.colcon_core.environment:create_file_with_runtime_dependencies(/home/hayden/ros_ws/install/pymoveit2/share/colcon-core/packages/pymoveit2)
[0.618s] Level 1:colcon.colcon_core.environment:create_environment_scripts_only(pymoveit2)
[0.618s] Level 1:colcon.colcon_core.environment:checking '/home/hayden/ros_ws/install/pymoveit2' for CMake module files
[0.618s] Level 1:colcon.colcon_core.environment:checking '/home/hayden/ros_ws/install/pymoveit2' for CMake config files
[0.619s] Level 1:colcon.colcon_core.shell:create_environment_hook('pymoveit2', 'cmake_prefix_path')
[0.619s] INFO:colcon.colcon_core.shell:Creating environment hook '/home/hayden/ros_ws/install/pymoveit2/share/pymoveit2/hook/cmake_prefix_path.ps1'
[0.620s] INFO:colcon.colcon_core.shell:Creating environment descriptor '/home/hayden/ros_ws/install/pymoveit2/share/pymoveit2/hook/cmake_prefix_path.dsv'
[0.620s] INFO:colcon.colcon_core.shell:Creating environment hook '/home/hayden/ros_ws/install/pymoveit2/share/pymoveit2/hook/cmake_prefix_path.sh'
[0.620s] Level 1:colcon.colcon_core.environment:checking '/home/hayden/ros_ws/install/pymoveit2/lib'
[0.621s] Level 1:colcon.colcon_core.environment:checking '/home/hayden/ros_ws/install/pymoveit2/bin'
[0.621s] Level 1:colcon.colcon_core.environment:checking '/home/hayden/ros_ws/install/pymoveit2/lib/pkgconfig/pymoveit2.pc'
[0.621s] Level 1:colcon.colcon_core.environment:checking '/home/hayden/ros_ws/install/pymoveit2/lib/python3.10/site-packages'
[0.621s] Level 1:colcon.colcon_core.environment:checking '/home/hayden/ros_ws/install/pymoveit2/bin'
[0.621s] INFO:colcon.colcon_core.shell:Creating package script '/home/hayden/ros_ws/install/pymoveit2/share/pymoveit2/package.ps1'
[0.622s] INFO:colcon.colcon_core.shell:Creating package descriptor '/home/hayden/ros_ws/install/pymoveit2/share/pymoveit2/package.dsv'
[0.622s] INFO:colcon.colcon_core.shell:Creating package script '/home/hayden/ros_ws/install/pymoveit2/share/pymoveit2/package.sh'
[0.623s] INFO:colcon.colcon_core.shell:Creating package script '/home/hayden/ros_ws/install/pymoveit2/share/pymoveit2/package.bash'
[0.623s] INFO:colcon.colcon_core.shell:Creating package script '/home/hayden/ros_ws/install/pymoveit2/share/pymoveit2/package.zsh'
[0.623s] Level 1:colcon.colcon_core.environment:create_file_with_runtime_dependencies(/home/hayden/ros_ws/install/pymoveit2/share/colcon-core/packages/pymoveit2)
[0.989s] DEBUG:colcon.colcon_core.event_handler.log_command:Invoked command in '/home/hayden/ros_ws/build/pepper_robot_moveit_config' returned '0': CMAKE_PREFIX_PATH=/home/hayden/ros_ws/install/pepper_robot_description:/home/hayden/ros_ws/install/pymoveit2:/home/hayden/ros_ws/install/pepper_robot_ign:/home/hayden/ros_ws/install/pepper_robot_moveit_config:/home/hayden/ros_ws/install/pepper_robot:/opt/ros/humble /usr/bin/cmake /home/hayden/ros_ws/src/pepper_ign_moveit2/pepper_robot_moveit_config -DCMAKE_INSTALL_PREFIX=/home/hayden/ros_ws/install/pepper_robot_moveit_config
[0.991s] DEBUG:colcon.colcon_core.event_handler.log_command:Invoking command in '/home/hayden/ros_ws/build/pepper_robot_moveit_config': CMAKE_PREFIX_PATH=/home/hayden/ros_ws/install/pepper_robot_description:/home/hayden/ros_ws/install/pymoveit2:/home/hayden/ros_ws/install/pepper_robot_ign:/home/hayden/ros_ws/install/pepper_robot_moveit_config:/home/hayden/ros_ws/install/pepper_robot:/opt/ros/humble /usr/bin/cmake --build /home/hayden/ros_ws/build/pepper_robot_moveit_config -- -j12 -l12
[1.025s] DEBUG:colcon.colcon_core.event_handler.log_command:Invoked command in '/home/hayden/ros_ws/build/pepper_robot_moveit_config' returned '0': CMAKE_PREFIX_PATH=/home/hayden/ros_ws/install/pepper_robot_description:/home/hayden/ros_ws/install/pymoveit2:/home/hayden/ros_ws/install/pepper_robot_ign:/home/hayden/ros_ws/install/pepper_robot_moveit_config:/home/hayden/ros_ws/install/pepper_robot:/opt/ros/humble /usr/bin/cmake --build /home/hayden/ros_ws/build/pepper_robot_moveit_config -- -j12 -l12
[1.026s] DEBUG:colcon.colcon_core.event_handler.log_command:Invoking command in '/home/hayden/ros_ws/build/pepper_robot_moveit_config': CMAKE_PREFIX_PATH=/home/hayden/ros_ws/install/pepper_robot_description:/home/hayden/ros_ws/install/pymoveit2:/home/hayden/ros_ws/install/pepper_robot_ign:/home/hayden/ros_ws/install/pepper_robot_moveit_config:/home/hayden/ros_ws/install/pepper_robot:/opt/ros/humble /usr/bin/cmake --install /home/hayden/ros_ws/build/pepper_robot_moveit_config
[1.037s] Level 1:colcon.colcon_core.environment:create_environment_scripts_only(pepper_robot_moveit_config)
[1.038s] Level 1:colcon.colcon_core.environment:checking '/home/hayden/ros_ws/install/pepper_robot_moveit_config' for CMake module files
[1.038s] DEBUG:colcon.colcon_core.event_handler.log_command:Invoked command in '/home/hayden/ros_ws/build/pepper_robot_moveit_config' returned '0': CMAKE_PREFIX_PATH=/home/hayden/ros_ws/install/pepper_robot_description:/home/hayden/ros_ws/install/pymoveit2:/home/hayden/ros_ws/install/pepper_robot_ign:/home/hayden/ros_ws/install/pepper_robot_moveit_config:/home/hayden/ros_ws/install/pepper_robot:/opt/ros/humble /usr/bin/cmake --install /home/hayden/ros_ws/build/pepper_robot_moveit_config
[1.038s] Level 1:colcon.colcon_core.environment:checking '/home/hayden/ros_ws/install/pepper_robot_moveit_config' for CMake config files
[1.039s] Level 1:colcon.colcon_core.shell:create_environment_hook('pepper_robot_moveit_config', 'cmake_prefix_path')
[1.039s] INFO:colcon.colcon_core.shell:Creating environment hook '/home/hayden/ros_ws/install/pepper_robot_moveit_config/share/pepper_robot_moveit_config/hook/cmake_prefix_path.ps1'
[1.039s] INFO:colcon.colcon_core.shell:Creating environment descriptor '/home/hayden/ros_ws/install/pepper_robot_moveit_config/share/pepper_robot_moveit_config/hook/cmake_prefix_path.dsv'
[1.040s] INFO:colcon.colcon_core.shell:Creating environment hook '/home/hayden/ros_ws/install/pepper_robot_moveit_config/share/pepper_robot_moveit_config/hook/cmake_prefix_path.sh'
[1.040s] Level 1:colcon.colcon_core.environment:checking '/home/hayden/ros_ws/install/pepper_robot_moveit_config/bin'
[1.040s] Level 1:colcon.colcon_core.environment:checking '/home/hayden/ros_ws/install/pepper_robot_moveit_config/lib/pkgconfig/pepper_robot_moveit_config.pc'
[1.040s] Level 1:colcon.colcon_core.environment:checking '/home/hayden/ros_ws/install/pepper_robot_moveit_config/lib/python3.10/site-packages'
[1.041s] Level 1:colcon.colcon_core.environment:checking '/home/hayden/ros_ws/install/pepper_robot_moveit_config/bin'
[1.041s] INFO:colcon.colcon_core.shell:Creating package script '/home/hayden/ros_ws/install/pepper_robot_moveit_config/share/pepper_robot_moveit_config/package.ps1'
[1.041s] INFO:colcon.colcon_core.shell:Creating package descriptor '/home/hayden/ros_ws/install/pepper_robot_moveit_config/share/pepper_robot_moveit_config/package.dsv'
[1.042s] INFO:colcon.colcon_core.shell:Creating package script '/home/hayden/ros_ws/install/pepper_robot_moveit_config/share/pepper_robot_moveit_config/package.sh'
[1.042s] INFO:colcon.colcon_core.shell:Creating package script '/home/hayden/ros_ws/install/pepper_robot_moveit_config/share/pepper_robot_moveit_config/package.bash'
[1.042s] INFO:colcon.colcon_core.shell:Creating package script '/home/hayden/ros_ws/install/pepper_robot_moveit_config/share/pepper_robot_moveit_config/package.zsh'
[1.042s] Level 1:colcon.colcon_core.environment:create_file_with_runtime_dependencies(/home/hayden/ros_ws/install/pepper_robot_moveit_config/share/colcon-core/packages/pepper_robot_moveit_config)
[1.043s] Level 1:colcon.colcon_core.environment:create_environment_scripts_only(pepper_robot_moveit_config)
[1.043s] Level 1:colcon.colcon_core.environment:checking '/home/hayden/ros_ws/install/pepper_robot_moveit_config' for CMake module files
[1.043s] Level 1:colcon.colcon_core.environment:checking '/home/hayden/ros_ws/install/pepper_robot_moveit_config' for CMake config files
[1.044s] Level 1:colcon.colcon_core.shell:create_environment_hook('pepper_robot_moveit_config', 'cmake_prefix_path')
[1.044s] INFO:colcon.colcon_core.shell:Creating environment hook '/home/hayden/ros_ws/install/pepper_robot_moveit_config/share/pepper_robot_moveit_config/hook/cmake_prefix_path.ps1'
[1.044s] INFO:colcon.colcon_core.shell:Creating environment descriptor '/home/hayden/ros_ws/install/pepper_robot_moveit_config/share/pepper_robot_moveit_config/hook/cmake_prefix_path.dsv'
[1.044s] INFO:colcon.colcon_core.shell:Creating environment hook '/home/hayden/ros_ws/install/pepper_robot_moveit_config/share/pepper_robot_moveit_config/hook/cmake_prefix_path.sh'
[1.045s] Level 1:colcon.colcon_core.environment:checking '/home/hayden/ros_ws/install/pepper_robot_moveit_config/bin'
[1.045s] Level 1:colcon.colcon_core.environment:checking '/home/hayden/ros_ws/install/pepper_robot_moveit_config/lib/pkgconfig/pepper_robot_moveit_config.pc'
[1.045s] Level 1:colcon.colcon_core.environment:checking '/home/hayden/ros_ws/install/pepper_robot_moveit_config/lib/python3.10/site-packages'
[1.045s] Level 1:colcon.colcon_core.environment:checking '/home/hayden/ros_ws/install/pepper_robot_moveit_config/bin'
[1.046s] INFO:colcon.colcon_core.shell:Creating package script '/home/hayden/ros_ws/install/pepper_robot_moveit_config/share/pepper_robot_moveit_config/package.ps1'
[1.046s] INFO:colcon.colcon_core.shell:Creating package descriptor '/home/hayden/ros_ws/install/pepper_robot_moveit_config/share/pepper_robot_moveit_config/package.dsv'
[1.046s] INFO:colcon.colcon_core.shell:Creating package script '/home/hayden/ros_ws/install/pepper_robot_moveit_config/share/pepper_robot_moveit_config/package.sh'
[1.047s] INFO:colcon.colcon_core.shell:Creating package script '/home/hayden/ros_ws/install/pepper_robot_moveit_config/share/pepper_robot_moveit_config/package.bash'
[1.047s] INFO:colcon.colcon_core.shell:Creating package script '/home/hayden/ros_ws/install/pepper_robot_moveit_config/share/pepper_robot_moveit_config/package.zsh'
[1.048s] Level 1:colcon.colcon_core.environment:create_file_with_runtime_dependencies(/home/hayden/ros_ws/install/pepper_robot_moveit_config/share/colcon-core/packages/pepper_robot_moveit_config)
[1.048s] INFO:colcon.colcon_ros.task.ament_cmake.build:Building ROS package in '/home/hayden/ros_ws/src/pepper_ign_moveit2/pepper_robot' with build type 'ament_cmake'
[1.048s] INFO:colcon.colcon_cmake.task.cmake.build:Building CMake package in '/home/hayden/ros_ws/src/pepper_ign_moveit2/pepper_robot'
[1.048s] INFO:colcon.colcon_core.shell:Skip shell extension 'powershell' for command environment: Not usable outside of PowerShell
[1.048s] DEBUG:colcon.colcon_core.shell:Skip shell extension 'dsv' for command environment
[1.052s] INFO:colcon.colcon_ros.task.ament_cmake.build:Building ROS package in '/home/hayden/ros_ws/src/pepper_ign_moveit2/pepper_robot_ign' with build type 'ament_cmake'
[1.052s] INFO:colcon.colcon_cmake.task.cmake.build:Building CMake package in '/home/hayden/ros_ws/src/pepper_ign_moveit2/pepper_robot_ign'
[1.052s] INFO:colcon.colcon_core.shell:Skip shell extension 'powershell' for command environment: Not usable outside of PowerShell
[1.052s] DEBUG:colcon.colcon_core.shell:Skip shell extension 'dsv' for command environment
[1.057s] DEBUG:colcon.colcon_core.event_handler.log_command:Invoking command in '/home/hayden/ros_ws/build/pepper_robot': CMAKE_PREFIX_PATH=/home/hayden/ros_ws/install/pepper_robot_moveit_config:/home/hayden/ros_ws/install/pepper_robot_description:/home/hayden/ros_ws/install/pymoveit2:/home/hayden/ros_ws/install/pepper_robot_ign:/home/hayden/ros_ws/install/pepper_robot:/opt/ros/humble /usr/bin/cmake /home/hayden/ros_ws/src/pepper_ign_moveit2/pepper_robot -DCMAKE_INSTALL_PREFIX=/home/hayden/ros_ws/install/pepper_robot
[1.059s] DEBUG:colcon.colcon_core.event_handler.log_command:Invoking command in '/home/hayden/ros_ws/build/pepper_robot_ign': CMAKE_PREFIX_PATH=/home/hayden/ros_ws/install/pepper_robot_moveit_config:/home/hayden/ros_ws/install/pepper_robot_description:/home/hayden/ros_ws/install/pymoveit2:/home/hayden/ros_ws/install/pepper_robot_ign:/home/hayden/ros_ws/install/pepper_robot:/opt/ros/humble /usr/bin/cmake /home/hayden/ros_ws/src/pepper_ign_moveit2/pepper_robot_ign -DCMAKE_INSTALL_PREFIX=/home/hayden/ros_ws/install/pepper_robot_ign
[1.527s] DEBUG:colcon.colcon_core.event_handler.log_command:Invoked command in '/home/hayden/ros_ws/build/pepper_robot_ign' returned '0': CMAKE_PREFIX_PATH=/home/hayden/ros_ws/install/pepper_robot_moveit_config:/home/hayden/ros_ws/install/pepper_robot_description:/home/hayden/ros_ws/install/pymoveit2:/home/hayden/ros_ws/install/pepper_robot_ign:/home/hayden/ros_ws/install/pepper_robot:/opt/ros/humble /usr/bin/cmake /home/hayden/ros_ws/src/pepper_ign_moveit2/pepper_robot_ign -DCMAKE_INSTALL_PREFIX=/home/hayden/ros_ws/install/pepper_robot_ign
[1.528s] DEBUG:colcon.colcon_core.event_handler.log_command:Invoking command in '/home/hayden/ros_ws/build/pepper_robot_ign': CMAKE_PREFIX_PATH=/home/hayden/ros_ws/install/pepper_robot_moveit_config:/home/hayden/ros_ws/install/pepper_robot_description:/home/hayden/ros_ws/install/pymoveit2:/home/hayden/ros_ws/install/pepper_robot_ign:/home/hayden/ros_ws/install/pepper_robot:/opt/ros/humble /usr/bin/cmake --build /home/hayden/ros_ws/build/pepper_robot_ign -- -j12 -l12
[1.559s] DEBUG:colcon.colcon_core.event_handler.log_command:Invoked command in '/home/hayden/ros_ws/build/pepper_robot_ign' returned '0': CMAKE_PREFIX_PATH=/home/hayden/ros_ws/install/pepper_robot_moveit_config:/home/hayden/ros_ws/install/pepper_robot_description:/home/hayden/ros_ws/install/pymoveit2:/home/hayden/ros_ws/install/pepper_robot_ign:/home/hayden/ros_ws/install/pepper_robot:/opt/ros/humble /usr/bin/cmake --build /home/hayden/ros_ws/build/pepper_robot_ign -- -j12 -l12
[1.560s] DEBUG:colcon.colcon_core.event_handler.log_command:Invoking command in '/home/hayden/ros_ws/build/pepper_robot_ign': CMAKE_PREFIX_PATH=/home/hayden/ros_ws/install/pepper_robot_moveit_config:/home/hayden/ros_ws/install/pepper_robot_description:/home/hayden/ros_ws/install/pymoveit2:/home/hayden/ros_ws/install/pepper_robot_ign:/home/hayden/ros_ws/install/pepper_robot:/opt/ros/humble /usr/bin/cmake --install /home/hayden/ros_ws/build/pepper_robot_ign
[1.572s] Level 1:colcon.colcon_core.environment:create_environment_scripts_only(pepper_robot_ign)
[1.573s] Level 1:colcon.colcon_core.environment:checking '/home/hayden/ros_ws/install/pepper_robot_ign' for CMake module files
[1.573s] DEBUG:colcon.colcon_core.event_handler.log_command:Invoked command in '/home/hayden/ros_ws/build/pepper_robot_ign' returned '0': CMAKE_PREFIX_PATH=/home/hayden/ros_ws/install/pepper_robot_moveit_config:/home/hayden/ros_ws/install/pepper_robot_description:/home/hayden/ros_ws/install/pymoveit2:/home/hayden/ros_ws/install/pepper_robot_ign:/home/hayden/ros_ws/install/pepper_robot:/opt/ros/humble /usr/bin/cmake --install /home/hayden/ros_ws/build/pepper_robot_ign
[1.573s] Level 1:colcon.colcon_core.environment:checking '/home/hayden/ros_ws/install/pepper_robot_ign' for CMake config files
[1.574s] Level 1:colcon.colcon_core.shell:create_environment_hook('pepper_robot_ign', 'cmake_prefix_path')
[1.574s] INFO:colcon.colcon_core.shell:Creating environment hook '/home/hayden/ros_ws/install/pepper_robot_ign/share/pepper_robot_ign/hook/cmake_prefix_path.ps1'
[1.574s] INFO:colcon.colcon_core.shell:Creating environment descriptor '/home/hayden/ros_ws/install/pepper_robot_ign/share/pepper_robot_ign/hook/cmake_prefix_path.dsv'
[1.575s] INFO:colcon.colcon_core.shell:Creating environment hook '/home/hayden/ros_ws/install/pepper_robot_ign/share/pepper_robot_ign/hook/cmake_prefix_path.sh'
[1.575s] Level 1:colcon.colcon_core.environment:checking '/home/hayden/ros_ws/install/pepper_robot_ign/lib'
[1.575s] Level 1:colcon.colcon_core.environment:checking '/home/hayden/ros_ws/install/pepper_robot_ign/bin'
[1.575s] Level 1:colcon.colcon_core.environment:checking '/home/hayden/ros_ws/install/pepper_robot_ign/lib/pkgconfig/pepper_robot_ign.pc'
[1.576s] Level 1:colcon.colcon_core.environment:checking '/home/hayden/ros_ws/install/pepper_robot_ign/lib/python3.10/site-packages'
[1.576s] Level 1:colcon.colcon_core.environment:checking '/home/hayden/ros_ws/install/pepper_robot_ign/bin'
[1.576s] INFO:colcon.colcon_core.shell:Creating package script '/home/hayden/ros_ws/install/pepper_robot_ign/share/pepper_robot_ign/package.ps1'
[1.577s] INFO:colcon.colcon_core.shell:Creating package descriptor '/home/hayden/ros_ws/install/pepper_robot_ign/share/pepper_robot_ign/package.dsv'
[1.577s] INFO:colcon.colcon_core.shell:Creating package script '/home/hayden/ros_ws/install/pepper_robot_ign/share/pepper_robot_ign/package.sh'
[1.577s] INFO:colcon.colcon_core.shell:Creating package script '/home/hayden/ros_ws/install/pepper_robot_ign/share/pepper_robot_ign/package.bash'
[1.578s] INFO:colcon.colcon_core.shell:Creating package script '/home/hayden/ros_ws/install/pepper_robot_ign/share/pepper_robot_ign/package.zsh'
[1.578s] Level 1:colcon.colcon_core.environment:create_file_with_runtime_dependencies(/home/hayden/ros_ws/install/pepper_robot_ign/share/colcon-core/packages/pepper_robot_ign)
[1.579s] Level 1:colcon.colcon_core.environment:create_environment_scripts_only(pepper_robot_ign)
[1.579s] Level 1:colcon.colcon_core.environment:checking '/home/hayden/ros_ws/install/pepper_robot_ign' for CMake module files
[1.579s] Level 1:colcon.colcon_core.environment:checking '/home/hayden/ros_ws/install/pepper_robot_ign' for CMake config files
[1.580s] Level 1:colcon.colcon_core.shell:create_environment_hook('pepper_robot_ign', 'cmake_prefix_path')
[1.580s] INFO:colcon.colcon_core.shell:Creating environment hook '/home/hayden/ros_ws/install/pepper_robot_ign/share/pepper_robot_ign/hook/cmake_prefix_path.ps1'
[1.580s] INFO:colcon.colcon_core.shell:Creating environment descriptor '/home/hayden/ros_ws/install/pepper_robot_ign/share/pepper_robot_ign/hook/cmake_prefix_path.dsv'
[1.581s] INFO:colcon.colcon_core.shell:Creating environment hook '/home/hayden/ros_ws/install/pepper_robot_ign/share/pepper_robot_ign/hook/cmake_prefix_path.sh'
[1.581s] Level 1:colcon.colcon_core.environment:checking '/home/hayden/ros_ws/install/pepper_robot_ign/lib'
[1.581s] Level 1:colcon.colcon_core.environment:checking '/home/hayden/ros_ws/install/pepper_robot_ign/bin'
[1.581s] Level 1:colcon.colcon_core.environment:checking '/home/hayden/ros_ws/install/pepper_robot_ign/lib/pkgconfig/pepper_robot_ign.pc'
[1.582s] Level 1:colcon.colcon_core.environment:checking '/home/hayden/ros_ws/install/pepper_robot_ign/lib/python3.10/site-packages'
[1.582s] Level 1:colcon.colcon_core.environment:checking '/home/hayden/ros_ws/install/pepper_robot_ign/bin'
[1.582s] INFO:colcon.colcon_core.shell:Creating package script '/home/hayden/ros_ws/install/pepper_robot_ign/share/pepper_robot_ign/package.ps1'
[1.583s] INFO:colcon.colcon_core.shell:Creating package descriptor '/home/hayden/ros_ws/install/pepper_robot_ign/share/pepper_robot_ign/package.dsv'
[1.583s] INFO:colcon.colcon_core.shell:Creating package script '/home/hayden/ros_ws/install/pepper_robot_ign/share/pepper_robot_ign/package.sh'
[1.584s] INFO:colcon.colcon_core.shell:Creating package script '/home/hayden/ros_ws/install/pepper_robot_ign/share/pepper_robot_ign/package.bash'
[1.584s] INFO:colcon.colcon_core.shell:Creating package script '/home/hayden/ros_ws/install/pepper_robot_ign/share/pepper_robot_ign/package.zsh'
[1.584s] Level 1:colcon.colcon_core.environment:create_file_with_runtime_dependencies(/home/hayden/ros_ws/install/pepper_robot_ign/share/colcon-core/packages/pepper_robot_ign)
[2.164s] DEBUG:colcon.colcon_core.event_handler.log_command:Invoked command in '/home/hayden/ros_ws/build/pepper_robot' returned '0': CMAKE_PREFIX_PATH=/home/hayden/ros_ws/install/pepper_robot_moveit_config:/home/hayden/ros_ws/install/pepper_robot_description:/home/hayden/ros_ws/install/pymoveit2:/home/hayden/ros_ws/install/pepper_robot_ign:/home/hayden/ros_ws/install/pepper_robot:/opt/ros/humble /usr/bin/cmake /home/hayden/ros_ws/src/pepper_ign_moveit2/pepper_robot -DCMAKE_INSTALL_PREFIX=/home/hayden/ros_ws/install/pepper_robot
[2.165s] DEBUG:colcon.colcon_core.event_handler.log_command:Invoking command in '/home/hayden/ros_ws/build/pepper_robot': CMAKE_PREFIX_PATH=/home/hayden/ros_ws/install/pepper_robot_moveit_config:/home/hayden/ros_ws/install/pepper_robot_description:/home/hayden/ros_ws/install/pymoveit2:/home/hayden/ros_ws/install/pepper_robot_ign:/home/hayden/ros_ws/install/pepper_robot:/opt/ros/humble /usr/bin/cmake --build /home/hayden/ros_ws/build/pepper_robot -- -j12 -l12
[2.197s] DEBUG:colcon.colcon_core.event_handler.log_command:Invoked command in '/home/hayden/ros_ws/build/pepper_robot' returned '0': CMAKE_PREFIX_PATH=/home/hayden/ros_ws/install/pepper_robot_moveit_config:/home/hayden/ros_ws/install/pepper_robot_description:/home/hayden/ros_ws/install/pymoveit2:/home/hayden/ros_ws/install/pepper_robot_ign:/home/hayden/ros_ws/install/pepper_robot:/opt/ros/humble /usr/bin/cmake --build /home/hayden/ros_ws/build/pepper_robot -- -j12 -l12
[2.198s] DEBUG:colcon.colcon_core.event_handler.log_command:Invoking command in '/home/hayden/ros_ws/build/pepper_robot': CMAKE_PREFIX_PATH=/home/hayden/ros_ws/install/pepper_robot_moveit_config:/home/hayden/ros_ws/install/pepper_robot_description:/home/hayden/ros_ws/install/pymoveit2:/home/hayden/ros_ws/install/pepper_robot_ign:/home/hayden/ros_ws/install/pepper_robot:/opt/ros/humble /usr/bin/cmake --install /home/hayden/ros_ws/build/pepper_robot
[2.208s] Level 1:colcon.colcon_core.environment:create_environment_scripts_only(pepper_robot)
[2.208s] Level 1:colcon.colcon_core.environment:checking '/home/hayden/ros_ws/install/pepper_robot' for CMake module files
[2.209s] DEBUG:colcon.colcon_core.event_handler.log_command:Invoked command in '/home/hayden/ros_ws/build/pepper_robot' returned '0': CMAKE_PREFIX_PATH=/home/hayden/ros_ws/install/pepper_robot_moveit_config:/home/hayden/ros_ws/install/pepper_robot_description:/home/hayden/ros_ws/install/pymoveit2:/home/hayden/ros_ws/install/pepper_robot_ign:/home/hayden/ros_ws/install/pepper_robot:/opt/ros/humble /usr/bin/cmake --install /home/hayden/ros_ws/build/pepper_robot
[2.209s] Level 1:colcon.colcon_core.environment:checking '/home/hayden/ros_ws/install/pepper_robot' for CMake config files
[2.209s] Level 1:colcon.colcon_core.shell:create_environment_hook('pepper_robot', 'cmake_prefix_path')
[2.209s] INFO:colcon.colcon_core.shell:Creating environment hook '/home/hayden/ros_ws/install/pepper_robot/share/pepper_robot/hook/cmake_prefix_path.ps1'
[2.210s] INFO:colcon.colcon_core.shell:Creating environment descriptor '/home/hayden/ros_ws/install/pepper_robot/share/pepper_robot/hook/cmake_prefix_path.dsv'
[2.210s] INFO:colcon.colcon_core.shell:Creating environment hook '/home/hayden/ros_ws/install/pepper_robot/share/pepper_robot/hook/cmake_prefix_path.sh'
[2.210s] Level 1:colcon.colcon_core.environment:checking '/home/hayden/ros_ws/install/pepper_robot/bin'
[2.211s] Level 1:colcon.colcon_core.environment:checking '/home/hayden/ros_ws/install/pepper_robot/lib/pkgconfig/pepper_robot.pc'
[2.211s] Level 1:colcon.colcon_core.environment:checking '/home/hayden/ros_ws/install/pepper_robot/lib/python3.10/site-packages'
[2.211s] Level 1:colcon.colcon_core.environment:checking '/home/hayden/ros_ws/install/pepper_robot/bin'
[2.211s] INFO:colcon.colcon_core.shell:Creating package script '/home/hayden/ros_ws/install/pepper_robot/share/pepper_robot/package.ps1'
[2.212s] INFO:colcon.colcon_core.shell:Creating package descriptor '/home/hayden/ros_ws/install/pepper_robot/share/pepper_robot/package.dsv'
[2.212s] INFO:colcon.colcon_core.shell:Creating package script '/home/hayden/ros_ws/install/pepper_robot/share/pepper_robot/package.sh'
[2.212s] INFO:colcon.colcon_core.shell:Creating package script '/home/hayden/ros_ws/install/pepper_robot/share/pepper_robot/package.bash'
[2.212s] INFO:colcon.colcon_core.shell:Creating package script '/home/hayden/ros_ws/install/pepper_robot/share/pepper_robot/package.zsh'
[2.213s] Level 1:colcon.colcon_core.environment:create_file_with_runtime_dependencies(/home/hayden/ros_ws/install/pepper_robot/share/colcon-core/packages/pepper_robot)
[2.213s] Level 1:colcon.colcon_core.environment:create_environment_scripts_only(pepper_robot)
[2.213s] Level 1:colcon.colcon_core.environment:checking '/home/hayden/ros_ws/install/pepper_robot' for CMake module files
[2.214s] Level 1:colcon.colcon_core.environment:checking '/home/hayden/ros_ws/install/pepper_robot' for CMake config files
[2.214s] Level 1:colcon.colcon_core.shell:create_environment_hook('pepper_robot', 'cmake_prefix_path')
[2.214s] INFO:colcon.colcon_core.shell:Creating environment hook '/home/hayden/ros_ws/install/pepper_robot/share/pepper_robot/hook/cmake_prefix_path.ps1'
[2.214s] INFO:colcon.colcon_core.shell:Creating environment descriptor '/home/hayden/ros_ws/install/pepper_robot/share/pepper_robot/hook/cmake_prefix_path.dsv'
[2.215s] INFO:colcon.colcon_core.shell:Creating environment hook '/home/hayden/ros_ws/install/pepper_robot/share/pepper_robot/hook/cmake_prefix_path.sh'
[2.215s] Level 1:colcon.colcon_core.environment:checking '/home/hayden/ros_ws/install/pepper_robot/bin'
[2.215s] Level 1:colcon.colcon_core.environment:checking '/home/hayden/ros_ws/install/pepper_robot/lib/pkgconfig/pepper_robot.pc'
[2.215s] Level 1:colcon.colcon_core.environment:checking '/home/hayden/ros_ws/install/pepper_robot/lib/python3.10/site-packages'
[2.215s] Level 1:colcon.colcon_core.environment:checking '/home/hayden/ros_ws/install/pepper_robot/bin'
[2.215s] INFO:colcon.colcon_core.shell:Creating package script '/home/hayden/ros_ws/install/pepper_robot/share/pepper_robot/package.ps1'
[2.216s] INFO:colcon.colcon_core.shell:Creating package descriptor '/home/hayden/ros_ws/install/pepper_robot/share/pepper_robot/package.dsv'
[2.216s] INFO:colcon.colcon_core.shell:Creating package script '/home/hayden/ros_ws/install/pepper_robot/share/pepper_robot/package.sh'
[2.217s] INFO:colcon.colcon_core.shell:Creating package script '/home/hayden/ros_ws/install/pepper_robot/share/pepper_robot/package.bash'
[2.217s] INFO:colcon.colcon_core.shell:Creating package script '/home/hayden/ros_ws/install/pepper_robot/share/pepper_robot/package.zsh'
[2.217s] Level 1:colcon.colcon_core.environment:create_file_with_runtime_dependencies(/home/hayden/ros_ws/install/pepper_robot/share/colcon-core/packages/pepper_robot)
[2.218s] DEBUG:colcon.colcon_parallel_executor.executor.parallel:closing loop
[2.218s] DEBUG:colcon.colcon_parallel_executor.executor.parallel:loop closed
[2.218s] DEBUG:colcon.colcon_parallel_executor.executor.parallel:run_until_complete finished with '0'
[2.218s] DEBUG:colcon.colcon_core.event_reactor:joining thread
[2.222s] INFO:colcon.colcon_core.plugin_system:Skipping extension 'colcon_notification.desktop_notification.terminal_notifier': Not used on non-Darwin systems
[2.222s] INFO:colcon.colcon_core.plugin_system:Skipping extension 'colcon_notification.desktop_notification.win32': Not used on non-Windows systems
[2.222s] INFO:colcon.colcon_notification.desktop_notification:Sending desktop notification using 'notify2'
[2.229s] DEBUG:colcon.colcon_core.event_reactor:joined thread
[2.230s] INFO:colcon.colcon_core.shell:Creating prefix script '/home/hayden/ros_ws/install/local_setup.ps1'
[2.230s] INFO:colcon.colcon_core.shell:Creating prefix util module '/home/hayden/ros_ws/install/_local_setup_util_ps1.py'
[2.231s] INFO:colcon.colcon_core.shell:Creating prefix chain script '/home/hayden/ros_ws/install/setup.ps1'
[2.232s] INFO:colcon.colcon_core.shell:Creating prefix script '/home/hayden/ros_ws/install/local_setup.sh'
[2.232s] INFO:colcon.colcon_core.shell:Creating prefix util module '/home/hayden/ros_ws/install/_local_setup_util_sh.py'
[2.233s] INFO:colcon.colcon_core.shell:Creating prefix chain script '/home/hayden/ros_ws/install/setup.sh'
[2.234s] INFO:colcon.colcon_core.shell:Creating prefix script '/home/hayden/ros_ws/install/local_setup.bash'
[2.234s] INFO:colcon.colcon_core.shell:Creating prefix chain script '/home/hayden/ros_ws/install/setup.bash'
[2.235s] INFO:colcon.colcon_core.shell:Creating prefix script '/home/hayden/ros_ws/install/local_setup.zsh'
[2.235s] INFO:colcon.colcon_core.shell:Creating prefix chain script '/home/hayden/ros_ws/install/setup.zsh'
