[0.008s] Invoking command in '/home/hayden/ros_ws/build/pepper_robot_ign': CMAKE_PREFIX_PATH=/home/hayden/ros_ws/install/pepper_robot_moveit_config:/home/hayden/ros_ws/install/pepper_robot_description:/home/hayden/ros_ws/install/pymoveit2:/home/hayden/ros_ws/install/pepper_robot_ign:/home/hayden/ros_ws/install/pepper_robot:/opt/ros/humble /usr/bin/cmake --build /home/hayden/ros_ws/build/pepper_robot_ign -- -j12 -l12
[0.024s] -- Found ament_cmake: 1.3.14 (/opt/ros/humble/share/ament_cmake/cmake)
[0.106s] -- Found pepper_robot_description: 1.0.0 (/home/hayden/ros_ws/install/pepper_robot_description/share/pepper_robot_description/cmake)
[0.107s] -- Found pepper_robot_moveit_config: 1.0.0 (/home/hayden/ros_ws/install/pepper_robot_moveit_config/share/pepper_robot_moveit_config/cmake)
[0.149s] -- Configuring done
[0.152s] -- Generating done
[0.153s] -- Build files have been written to: /home/hayden/ros_ws/build/pepper_robot_ign
[0.171s] Invoked command in '/home/hayden/ros_ws/build/pepper_robot_ign' returned '0': CMAKE_PREFIX_PATH=/home/hayden/ros_ws/install/pepper_robot_moveit_config:/home/hayden/ros_ws/install/pepper_robot_description:/home/hayden/ros_ws/install/pymoveit2:/home/hayden/ros_ws/install/pepper_robot_ign:/home/hayden/ros_ws/install/pepper_robot:/opt/ros/humble /usr/bin/cmake --build /home/hayden/ros_ws/build/pepper_robot_ign -- -j12 -l12
[0.172s] Invoking command in '/home/hayden/ros_ws/build/pepper_robot_ign': CMAKE_PREFIX_PATH=/home/hayden/ros_ws/install/pepper_robot_moveit_config:/home/hayden/ros_ws/install/pepper_robot_description:/home/hayden/ros_ws/install/pymoveit2:/home/hayden/ros_ws/install/pepper_robot_ign:/home/hayden/ros_ws/install/pepper_robot:/opt/ros/humble /usr/bin/cmake --install /home/hayden/ros_ws/build/pepper_robot_ign
[0.177s] -- Install configuration: ""
[0.177s] -- Up-to-date: /home/hayden/ros_ws/install/pepper_robot_ign/share/pepper_robot_ign/launch
[0.177s] -- Up-to-date: /home/hayden/ros_ws/install/pepper_robot_ign/share/pepper_robot_ign/launch/examples
[0.177s] -- Up-to-date: /home/hayden/ros_ws/install/pepper_robot_ign/share/pepper_robot_ign/launch/examples/default.launch.py
[0.178s] -- Up-to-date: /home/hayden/ros_ws/install/pepper_robot_ign/share/pepper_robot_ign/launch/examples/ex_py_follow_target.launch.py
[0.178s] -- Up-to-date: /home/hayden/ros_ws/install/pepper_robot_ign/share/pepper_robot_ign/launch/examples/robots
[0.178s] -- Up-to-date: /home/hayden/ros_ws/install/pepper_robot_ign/share/pepper_robot_ign/launch/examples/robots/pepper_robot.launch.py
[0.178s] -- Up-to-date: /home/hayden/ros_ws/install/pepper_robot_ign/share/pepper_robot_ign/launch/examples/worlds
[0.178s] -- Up-to-date: /home/hayden/ros_ws/install/pepper_robot_ign/share/pepper_robot_ign/launch/examples/worlds/world_follow_target.launch.py
[0.178s] -- Up-to-date: /home/hayden/ros_ws/install/pepper_robot_ign/share/pepper_robot_ign/launch/examples/worlds/world_default.launch.py
[0.178s] -- Up-to-date: /home/hayden/ros_ws/install/pepper_robot_ign/share/pepper_robot_ign/launch/bridge.launch.py
[0.178s] -- Up-to-date: /home/hayden/ros_ws/install/pepper_robot_ign/share/pepper_robot_ign/rviz
[0.178s] -- Up-to-date: /home/hayden/ros_ws/install/pepper_robot_ign/share/pepper_robot_ign/rviz/ign_moveit2.rviz
[0.178s] -- Up-to-date: /home/hayden/ros_ws/install/pepper_robot_ign/share/pepper_robot_ign/worlds
[0.178s] -- Up-to-date: /home/hayden/ros_ws/install/pepper_robot_ign/share/pepper_robot_ign/worlds/follow_target.sdf
[0.178s] -- Up-to-date: /home/hayden/ros_ws/install/pepper_robot_ign/lib/pepper_robot_ign/ex_follow_target.py
[0.178s] -- Up-to-date: /home/hayden/ros_ws/install/pepper_robot_ign/share/ament_index/resource_index/package_run_dependencies/pepper_robot_ign
[0.178s] -- Up-to-date: /home/hayden/ros_ws/install/pepper_robot_ign/share/ament_index/resource_index/parent_prefix_path/pepper_robot_ign
[0.178s] -- Up-to-date: /home/hayden/ros_ws/install/pepper_robot_ign/share/pepper_robot_ign/environment/ament_prefix_path.sh
[0.179s] -- Installing: /home/hayden/ros_ws/install/pepper_robot_ign/share/pepper_robot_ign/environment/ament_prefix_path.dsv
[0.179s] -- Up-to-date: /home/hayden/ros_ws/install/pepper_robot_ign/share/pepper_robot_ign/environment/path.sh
[0.179s] -- Installing: /home/hayden/ros_ws/install/pepper_robot_ign/share/pepper_robot_ign/environment/path.dsv
[0.179s] -- Up-to-date: /home/hayden/ros_ws/install/pepper_robot_ign/share/pepper_robot_ign/local_setup.bash
[0.179s] -- Up-to-date: /home/hayden/ros_ws/install/pepper_robot_ign/share/pepper_robot_ign/local_setup.sh
[0.179s] -- Up-to-date: /home/hayden/ros_ws/install/pepper_robot_ign/share/pepper_robot_ign/local_setup.zsh
[0.179s] -- Installing: /home/hayden/ros_ws/install/pepper_robot_ign/share/pepper_robot_ign/local_setup.dsv
[0.179s] -- Installing: /home/hayden/ros_ws/install/pepper_robot_ign/share/pepper_robot_ign/package.dsv
[0.179s] -- Up-to-date: /home/hayden/ros_ws/install/pepper_robot_ign/share/ament_index/resource_index/packages/pepper_robot_ign
[0.179s] -- Up-to-date: /home/hayden/ros_ws/install/pepper_robot_ign/share/pepper_robot_ign/cmake/pepper_robot_ignConfig.cmake
[0.179s] -- Up-to-date: /home/hayden/ros_ws/install/pepper_robot_ign/share/pepper_robot_ign/cmake/pepper_robot_ignConfig-version.cmake
[0.179s] -- Up-to-date: /home/hayden/ros_ws/install/pepper_robot_ign/share/pepper_robot_ign/package.xml
[0.180s] Invoked command in '/home/hayden/ros_ws/build/pepper_robot_ign' returned '0': CMAKE_PREFIX_PATH=/home/hayden/ros_ws/install/pepper_robot_moveit_config:/home/hayden/ros_ws/install/pepper_robot_description:/home/hayden/ros_ws/install/pymoveit2:/home/hayden/ros_ws/install/pepper_robot_ign:/home/hayden/ros_ws/install/pepper_robot:/opt/ros/humble /usr/bin/cmake --install /home/hayden/ros_ws/build/pepper_robot_ign
