[0.007s] Invoking command in '/home/hayden/ros_ws/build/pepper_robot_description': CMAKE_PREFIX_PATH=${CMAKE_PREFIX_PATH}:/opt/ros/humble /usr/bin/cmake /home/hayden/ros_ws/src/pepper_ign_moveit2/pepper_robot_description -DAMENT_CMAKE_SYMLINK_INSTALL=1 -DCMAKE_INSTALL_PREFIX=/home/hayden/ros_ws/install/pepper_robot_description
[0.079s] -- The C compiler identification is GNU 11.4.0
[0.153s] -- The CXX compiler identification is GNU 11.4.0
[0.161s] -- Detecting C compiler ABI info
[0.212s] -- Detecting C compiler ABI info - done
[0.217s] -- Check for working C compiler: /usr/bin/cc - skipped
[0.217s] -- Detecting C compile features
[0.218s] -- Detecting C compile features - done
[0.220s] -- Detecting CXX compiler ABI info
[0.278s] -- Detecting CXX compiler ABI info - done
[0.283s] -- Check for working CXX compiler: /usr/bin/c++ - skipped
[0.283s] -- Detecting CXX compile features
[0.283s] -- Detecting CXX compile features - done
[0.287s] -- Found ament_cmake: 1.3.14 (/opt/ros/humble/share/ament_cmake/cmake)
[0.387s] -- Found Python3: /usr/bin/python3 (found version "3.10.12") found components: Interpreter 
[0.431s] -- Override CMake install command with custom implementation using symlinks instead of copying resources
[0.508s] -- Configuring done
[0.511s] -- Generating done
[0.513s] -- Build files have been written to: /home/hayden/ros_ws/build/pepper_robot_description
[0.517s] Invoked command in '/home/hayden/ros_ws/build/pepper_robot_description' returned '0': CMAKE_PREFIX_PATH=${CMAKE_PREFIX_PATH}:/opt/ros/humble /usr/bin/cmake /home/hayden/ros_ws/src/pepper_ign_moveit2/pepper_robot_description -DAMENT_CMAKE_SYMLINK_INSTALL=1 -DCMAKE_INSTALL_PREFIX=/home/hayden/ros_ws/install/pepper_robot_description
[0.519s] Invoking command in '/home/hayden/ros_ws/build/pepper_robot_description': CMAKE_PREFIX_PATH=${CMAKE_PREFIX_PATH}:/opt/ros/humble /usr/bin/cmake --build /home/hayden/ros_ws/build/pepper_robot_description -- -j12 -l12
[0.547s] Invoked command in '/home/hayden/ros_ws/build/pepper_robot_description' returned '0': CMAKE_PREFIX_PATH=${CMAKE_PREFIX_PATH}:/opt/ros/humble /usr/bin/cmake --build /home/hayden/ros_ws/build/pepper_robot_description -- -j12 -l12
[0.554s] Invoking command in '/home/hayden/ros_ws/build/pepper_robot_description': CMAKE_PREFIX_PATH=${CMAKE_PREFIX_PATH}:/opt/ros/humble /usr/bin/cmake --install /home/hayden/ros_ws/build/pepper_robot_description
[0.559s] -- Install configuration: ""
[0.559s] -- Execute custom install script
[0.560s] -- Symlinking: /home/hayden/ros_ws/install/pepper_robot_description/lib/pepper_robot_description/xacro2sdf_direct.bash
[0.566s] -- Symlinking: /home/hayden/ros_ws/install/pepper_robot_description/lib/pepper_robot_description/xacro2sdf.bash
[0.572s] -- Symlinking: /home/hayden/ros_ws/install/pepper_robot_description/lib/pepper_robot_description/xacro2urdf.bash
[0.578s] -- Symlinking: /home/hayden/ros_ws/install/pepper_robot_description/share/pepper_robot_description/config/initial_joint_positions.yaml
[0.584s] -- Symlinking: /home/hayden/ros_ws/install/pepper_robot_description/share/pepper_robot_description/launch/move_pepper.launch.py
[0.590s] -- Symlinking: /home/hayden/ros_ws/install/pepper_robot_description/share/pepper_robot_description/launch/view.launch.py
[0.596s] -- Symlinking: /home/hayden/ros_ws/install/pepper_robot_description/share/pepper_robot_description/launch/view_gz.launch.py
[0.602s] -- Symlinking: /home/hayden/ros_ws/install/pepper_robot_description/share/pepper_robot_description/pepper_robot/meshes/collision/HeadPitch_0.10.stl
[0.608s] -- Symlinking: /home/hayden/ros_ws/install/pepper_robot_description/share/pepper_robot_description/pepper_robot/meshes/collision/HeadYaw_0.10.stl
[0.615s] -- Symlinking: /home/hayden/ros_ws/install/pepper_robot_description/share/pepper_robot_description/pepper_robot/meshes/collision/HipPitch_0.10.stl
[0.621s] -- Symlinking: /home/hayden/ros_ws/install/pepper_robot_description/share/pepper_robot_description/pepper_robot/meshes/collision/HipRoll_0.10.stl
[0.627s] -- Symlinking: /home/hayden/ros_ws/install/pepper_robot_description/share/pepper_robot_description/pepper_robot/meshes/collision/KneePitch_0.10.stl
[0.633s] -- Symlinking: /home/hayden/ros_ws/install/pepper_robot_description/share/pepper_robot_description/pepper_robot/meshes/collision/LElbowRoll_0.10.stl
[0.639s] -- Symlinking: /home/hayden/ros_ws/install/pepper_robot_description/share/pepper_robot_description/pepper_robot/meshes/collision/LElbowYaw_0.10.stl
[0.645s] -- Symlinking: /home/hayden/ros_ws/install/pepper_robot_description/share/pepper_robot_description/pepper_robot/meshes/collision/LFinger11_0.10.stl
[0.651s] -- Symlinking: /home/hayden/ros_ws/install/pepper_robot_description/share/pepper_robot_description/pepper_robot/meshes/collision/LFinger12_0.10.stl
[0.657s] -- Symlinking: /home/hayden/ros_ws/install/pepper_robot_description/share/pepper_robot_description/pepper_robot/meshes/collision/LFinger13_0.10.stl
[0.663s] -- Symlinking: /home/hayden/ros_ws/install/pepper_robot_description/share/pepper_robot_description/pepper_robot/meshes/collision/LFinger21_0.10.stl
[0.669s] -- Symlinking: /home/hayden/ros_ws/install/pepper_robot_description/share/pepper_robot_description/pepper_robot/meshes/collision/LFinger22_0.10.stl
[0.675s] -- Symlinking: /home/hayden/ros_ws/install/pepper_robot_description/share/pepper_robot_description/pepper_robot/meshes/collision/LFinger23_0.10.stl
[0.681s] -- Symlinking: /home/hayden/ros_ws/install/pepper_robot_description/share/pepper_robot_description/pepper_robot/meshes/collision/LFinger31_0.10.stl
[0.687s] -- Symlinking: /home/hayden/ros_ws/install/pepper_robot_description/share/pepper_robot_description/pepper_robot/meshes/collision/LFinger32_0.10.stl
[0.693s] -- Symlinking: /home/hayden/ros_ws/install/pepper_robot_description/share/pepper_robot_description/pepper_robot/meshes/collision/LFinger33_0.10.stl
[0.699s] -- Symlinking: /home/hayden/ros_ws/install/pepper_robot_description/share/pepper_robot_description/pepper_robot/meshes/collision/LFinger41_0.10.stl
[0.705s] -- Symlinking: /home/hayden/ros_ws/install/pepper_robot_description/share/pepper_robot_description/pepper_robot/meshes/collision/LFinger42_0.10.stl
[0.711s] -- Symlinking: /home/hayden/ros_ws/install/pepper_robot_description/share/pepper_robot_description/pepper_robot/meshes/collision/LFinger43_0.10.stl
[0.717s] -- Symlinking: /home/hayden/ros_ws/install/pepper_robot_description/share/pepper_robot_description/pepper_robot/meshes/collision/LShoulderPitch_0.10.stl
[0.723s] -- Symlinking: /home/hayden/ros_ws/install/pepper_robot_description/share/pepper_robot_description/pepper_robot/meshes/collision/LShoulderRoll_0.10.stl
[0.729s] -- Symlinking: /home/hayden/ros_ws/install/pepper_robot_description/share/pepper_robot_description/pepper_robot/meshes/collision/LThumb1_0.10.stl
[0.735s] -- Symlinking: /home/hayden/ros_ws/install/pepper_robot_description/share/pepper_robot_description/pepper_robot/meshes/collision/LThumb2_0.10.stl
[0.741s] -- Symlinking: /home/hayden/ros_ws/install/pepper_robot_description/share/pepper_robot_description/pepper_robot/meshes/collision/LWristYaw_0.10.stl
[0.747s] -- Symlinking: /home/hayden/ros_ws/install/pepper_robot_description/share/pepper_robot_description/pepper_robot/meshes/collision/RElbowRoll_0.10.stl
[0.754s] -- Symlinking: /home/hayden/ros_ws/install/pepper_robot_description/share/pepper_robot_description/pepper_robot/meshes/collision/RElbowYaw_0.10.stl
[0.760s] -- Symlinking: /home/hayden/ros_ws/install/pepper_robot_description/share/pepper_robot_description/pepper_robot/meshes/collision/RFinger11_0.10.stl
[0.766s] -- Symlinking: /home/hayden/ros_ws/install/pepper_robot_description/share/pepper_robot_description/pepper_robot/meshes/collision/RFinger12_0.10.stl
[0.772s] -- Symlinking: /home/hayden/ros_ws/install/pepper_robot_description/share/pepper_robot_description/pepper_robot/meshes/collision/RFinger13_0.10.stl
[0.778s] -- Symlinking: /home/hayden/ros_ws/install/pepper_robot_description/share/pepper_robot_description/pepper_robot/meshes/collision/RFinger21_0.10.stl
[0.784s] -- Symlinking: /home/hayden/ros_ws/install/pepper_robot_description/share/pepper_robot_description/pepper_robot/meshes/collision/RFinger22_0.10.stl
[0.790s] -- Symlinking: /home/hayden/ros_ws/install/pepper_robot_description/share/pepper_robot_description/pepper_robot/meshes/collision/RFinger23_0.10.stl
[0.795s] -- Symlinking: /home/hayden/ros_ws/install/pepper_robot_description/share/pepper_robot_description/pepper_robot/meshes/collision/RFinger31_0.10.stl
[0.802s] -- Symlinking: /home/hayden/ros_ws/install/pepper_robot_description/share/pepper_robot_description/pepper_robot/meshes/collision/RFinger32_0.10.stl
[0.808s] -- Symlinking: /home/hayden/ros_ws/install/pepper_robot_description/share/pepper_robot_description/pepper_robot/meshes/collision/RFinger33_0.10.stl
[0.814s] -- Symlinking: /home/hayden/ros_ws/install/pepper_robot_description/share/pepper_robot_description/pepper_robot/meshes/collision/RFinger41_0.10.stl
[0.819s] -- Symlinking: /home/hayden/ros_ws/install/pepper_robot_description/share/pepper_robot_description/pepper_robot/meshes/collision/RFinger42_0.10.stl
[0.826s] -- Symlinking: /home/hayden/ros_ws/install/pepper_robot_description/share/pepper_robot_description/pepper_robot/meshes/collision/RFinger43_0.10.stl
[0.832s] -- Symlinking: /home/hayden/ros_ws/install/pepper_robot_description/share/pepper_robot_description/pepper_robot/meshes/collision/RShoulderPitch_0.10.stl
[0.838s] -- Symlinking: /home/hayden/ros_ws/install/pepper_robot_description/share/pepper_robot_description/pepper_robot/meshes/collision/RShoulderRoll_0.10.stl
[0.844s] -- Symlinking: /home/hayden/ros_ws/install/pepper_robot_description/share/pepper_robot_description/pepper_robot/meshes/collision/RThumb1_0.10.stl
[0.850s] -- Symlinking: /home/hayden/ros_ws/install/pepper_robot_description/share/pepper_robot_description/pepper_robot/meshes/collision/RThumb2_0.10.stl
[0.856s] -- Symlinking: /home/hayden/ros_ws/install/pepper_robot_description/share/pepper_robot_description/pepper_robot/meshes/collision/RWristYaw_0.10.stl
[0.862s] -- Symlinking: /home/hayden/ros_ws/install/pepper_robot_description/share/pepper_robot_description/pepper_robot/meshes/collision/Torso_0.10.stl
[0.868s] -- Symlinking: /home/hayden/ros_ws/install/pepper_robot_description/share/pepper_robot_description/pepper_robot/meshes/collision/WheelB_0.10.stl
[0.874s] -- Symlinking: /home/hayden/ros_ws/install/pepper_robot_description/share/pepper_robot_description/pepper_robot/meshes/collision/WheelFL_0.10.stl
[0.880s] -- Symlinking: /home/hayden/ros_ws/install/pepper_robot_description/share/pepper_robot_description/pepper_robot/meshes/collision/WheelFR_0.10.stl
[0.886s] -- Symlinking: /home/hayden/ros_ws/install/pepper_robot_description/share/pepper_robot_description/pepper_robot/meshes/visual/HeadPitch.dae
[0.892s] -- Symlinking: /home/hayden/ros_ws/install/pepper_robot_description/share/pepper_robot_description/pepper_robot/meshes/visual/HeadYaw.dae
[0.898s] -- Symlinking: /home/hayden/ros_ws/install/pepper_robot_description/share/pepper_robot_description/pepper_robot/meshes/visual/HipPitch.dae
[0.904s] -- Symlinking: /home/hayden/ros_ws/install/pepper_robot_description/share/pepper_robot_description/pepper_robot/meshes/visual/HipRoll.dae
[0.910s] -- Symlinking: /home/hayden/ros_ws/install/pepper_robot_description/share/pepper_robot_description/pepper_robot/meshes/visual/KneePitch.dae
[0.917s] -- Symlinking: /home/hayden/ros_ws/install/pepper_robot_description/share/pepper_robot_description/pepper_robot/meshes/visual/LElbowRoll.dae
[0.923s] -- Symlinking: /home/hayden/ros_ws/install/pepper_robot_description/share/pepper_robot_description/pepper_robot/meshes/visual/LElbowYaw.dae
[0.929s] -- Symlinking: /home/hayden/ros_ws/install/pepper_robot_description/share/pepper_robot_description/pepper_robot/meshes/visual/LFinger11.dae
[0.936s] -- Symlinking: /home/hayden/ros_ws/install/pepper_robot_description/share/pepper_robot_description/pepper_robot/meshes/visual/LFinger12.dae
[0.942s] -- Symlinking: /home/hayden/ros_ws/install/pepper_robot_description/share/pepper_robot_description/pepper_robot/meshes/visual/LFinger13.dae
[0.948s] -- Symlinking: /home/hayden/ros_ws/install/pepper_robot_description/share/pepper_robot_description/pepper_robot/meshes/visual/LFinger21.dae
[0.954s] -- Symlinking: /home/hayden/ros_ws/install/pepper_robot_description/share/pepper_robot_description/pepper_robot/meshes/visual/LFinger22.dae
[0.960s] -- Symlinking: /home/hayden/ros_ws/install/pepper_robot_description/share/pepper_robot_description/pepper_robot/meshes/visual/LFinger23.dae
[0.966s] -- Symlinking: /home/hayden/ros_ws/install/pepper_robot_description/share/pepper_robot_description/pepper_robot/meshes/visual/LFinger31.dae
[0.971s] -- Symlinking: /home/hayden/ros_ws/install/pepper_robot_description/share/pepper_robot_description/pepper_robot/meshes/visual/LFinger32.dae
[0.978s] -- Symlinking: /home/hayden/ros_ws/install/pepper_robot_description/share/pepper_robot_description/pepper_robot/meshes/visual/LFinger33.dae
[0.984s] -- Symlinking: /home/hayden/ros_ws/install/pepper_robot_description/share/pepper_robot_description/pepper_robot/meshes/visual/LFinger41.dae
[0.989s] -- Symlinking: /home/hayden/ros_ws/install/pepper_robot_description/share/pepper_robot_description/pepper_robot/meshes/visual/LFinger42.dae
[0.996s] -- Symlinking: /home/hayden/ros_ws/install/pepper_robot_description/share/pepper_robot_description/pepper_robot/meshes/visual/LFinger43.dae
[1.002s] -- Symlinking: /home/hayden/ros_ws/install/pepper_robot_description/share/pepper_robot_description/pepper_robot/meshes/visual/LShoulderPitch.dae
[1.007s] -- Symlinking: /home/hayden/ros_ws/install/pepper_robot_description/share/pepper_robot_description/pepper_robot/meshes/visual/LShoulderRoll.dae
[1.013s] -- Symlinking: /home/hayden/ros_ws/install/pepper_robot_description/share/pepper_robot_description/pepper_robot/meshes/visual/LThumb1.dae
[1.020s] -- Symlinking: /home/hayden/ros_ws/install/pepper_robot_description/share/pepper_robot_description/pepper_robot/meshes/visual/LThumb2.dae
[1.025s] -- Symlinking: /home/hayden/ros_ws/install/pepper_robot_description/share/pepper_robot_description/pepper_robot/meshes/visual/LWristYaw.dae
[1.032s] -- Symlinking: /home/hayden/ros_ws/install/pepper_robot_description/share/pepper_robot_description/pepper_robot/meshes/visual/RElbowRoll.dae
[1.038s] -- Symlinking: /home/hayden/ros_ws/install/pepper_robot_description/share/pepper_robot_description/pepper_robot/meshes/visual/RElbowYaw.dae
[1.044s] -- Symlinking: /home/hayden/ros_ws/install/pepper_robot_description/share/pepper_robot_description/pepper_robot/meshes/visual/RFinger11.dae
[1.050s] -- Symlinking: /home/hayden/ros_ws/install/pepper_robot_description/share/pepper_robot_description/pepper_robot/meshes/visual/RFinger12.dae
[1.056s] -- Symlinking: /home/hayden/ros_ws/install/pepper_robot_description/share/pepper_robot_description/pepper_robot/meshes/visual/RFinger13.dae
[1.062s] -- Symlinking: /home/hayden/ros_ws/install/pepper_robot_description/share/pepper_robot_description/pepper_robot/meshes/visual/RFinger21.dae
[1.068s] -- Symlinking: /home/hayden/ros_ws/install/pepper_robot_description/share/pepper_robot_description/pepper_robot/meshes/visual/RFinger22.dae
[1.074s] -- Symlinking: /home/hayden/ros_ws/install/pepper_robot_description/share/pepper_robot_description/pepper_robot/meshes/visual/RFinger23.dae
[1.080s] -- Symlinking: /home/hayden/ros_ws/install/pepper_robot_description/share/pepper_robot_description/pepper_robot/meshes/visual/RFinger31.dae
[1.085s] -- Symlinking: /home/hayden/ros_ws/install/pepper_robot_description/share/pepper_robot_description/pepper_robot/meshes/visual/RFinger32.dae
[1.092s] -- Symlinking: /home/hayden/ros_ws/install/pepper_robot_description/share/pepper_robot_description/pepper_robot/meshes/visual/RFinger33.dae
[1.098s] -- Symlinking: /home/hayden/ros_ws/install/pepper_robot_description/share/pepper_robot_description/pepper_robot/meshes/visual/RFinger41.dae
[1.104s] -- Symlinking: /home/hayden/ros_ws/install/pepper_robot_description/share/pepper_robot_description/pepper_robot/meshes/visual/RFinger42.dae
[1.110s] -- Symlinking: /home/hayden/ros_ws/install/pepper_robot_description/share/pepper_robot_description/pepper_robot/meshes/visual/RFinger43.dae
[1.116s] -- Symlinking: /home/hayden/ros_ws/install/pepper_robot_description/share/pepper_robot_description/pepper_robot/meshes/visual/RShoulderPitch.dae
[1.122s] -- Symlinking: /home/hayden/ros_ws/install/pepper_robot_description/share/pepper_robot_description/pepper_robot/meshes/visual/RShoulderRoll.dae
[1.128s] -- Symlinking: /home/hayden/ros_ws/install/pepper_robot_description/share/pepper_robot_description/pepper_robot/meshes/visual/RThumb1.dae
[1.134s] -- Symlinking: /home/hayden/ros_ws/install/pepper_robot_description/share/pepper_robot_description/pepper_robot/meshes/visual/RThumb2.dae
[1.140s] -- Symlinking: /home/hayden/ros_ws/install/pepper_robot_description/share/pepper_robot_description/pepper_robot/meshes/visual/RWristYaw.dae
[1.146s] -- Symlinking: /home/hayden/ros_ws/install/pepper_robot_description/share/pepper_robot_description/pepper_robot/meshes/visual/Torso.dae
[1.152s] -- Symlinking: /home/hayden/ros_ws/install/pepper_robot_description/share/pepper_robot_description/pepper_robot/meshes/visual/WheelB.dae
[1.158s] -- Symlinking: /home/hayden/ros_ws/install/pepper_robot_description/share/pepper_robot_description/pepper_robot/meshes/visual/WheelFL.dae
[1.163s] -- Symlinking: /home/hayden/ros_ws/install/pepper_robot_description/share/pepper_robot_description/pepper_robot/meshes/visual/WheelFR.dae
[1.169s] -- Symlinking: /home/hayden/ros_ws/install/pepper_robot_description/share/pepper_robot_description/pepper_robot/meshes/visual/juliette_ear.png
[1.175s] -- Symlinking: /home/hayden/ros_ws/install/pepper_robot_description/share/pepper_robot_description/pepper_robot/meshes/visual/juliette_eyes.png
[1.182s] -- Symlinking: /home/hayden/ros_ws/install/pepper_robot_description/share/pepper_robot_description/pepper_robot/meshes/visual/juliette_face.png
[1.188s] -- Symlinking: /home/hayden/ros_ws/install/pepper_robot_description/share/pepper_robot_description/pepper_robot/model.config
[1.194s] -- Symlinking: /home/hayden/ros_ws/install/pepper_robot_description/share/pepper_robot_description/pepper_robot/model.sdf
[1.200s] -- Symlinking: /home/hayden/ros_ws/install/pepper_robot_description/share/pepper_robot_description/pepper_robot/thumbnails/thumbnails.png
[1.207s] -- Symlinking: /home/hayden/ros_ws/install/pepper_robot_description/share/pepper_robot_description/meshes/collision/HeadPitch_0.10.stl
[1.213s] -- Symlinking: /home/hayden/ros_ws/install/pepper_robot_description/share/pepper_robot_description/meshes/collision/HeadYaw_0.10.stl
[1.219s] -- Symlinking: /home/hayden/ros_ws/install/pepper_robot_description/share/pepper_robot_description/meshes/collision/HipPitch_0.10.stl
[1.225s] -- Symlinking: /home/hayden/ros_ws/install/pepper_robot_description/share/pepper_robot_description/meshes/collision/HipRoll_0.10.stl
[1.231s] -- Symlinking: /home/hayden/ros_ws/install/pepper_robot_description/share/pepper_robot_description/meshes/collision/KneePitch_0.10.stl
[1.238s] -- Symlinking: /home/hayden/ros_ws/install/pepper_robot_description/share/pepper_robot_description/meshes/collision/LElbowRoll_0.10.stl
[1.244s] -- Symlinking: /home/hayden/ros_ws/install/pepper_robot_description/share/pepper_robot_description/meshes/collision/LElbowYaw_0.10.stl
[1.249s] -- Symlinking: /home/hayden/ros_ws/install/pepper_robot_description/share/pepper_robot_description/meshes/collision/LFinger11_0.10.stl
[1.255s] -- Symlinking: /home/hayden/ros_ws/install/pepper_robot_description/share/pepper_robot_description/meshes/collision/LFinger12_0.10.stl
[1.262s] -- Symlinking: /home/hayden/ros_ws/install/pepper_robot_description/share/pepper_robot_description/meshes/collision/LFinger13_0.10.stl
[1.267s] -- Symlinking: /home/hayden/ros_ws/install/pepper_robot_description/share/pepper_robot_description/meshes/collision/LFinger21_0.10.stl
[1.273s] -- Symlinking: /home/hayden/ros_ws/install/pepper_robot_description/share/pepper_robot_description/meshes/collision/LFinger22_0.10.stl
[1.279s] -- Symlinking: /home/hayden/ros_ws/install/pepper_robot_description/share/pepper_robot_description/meshes/collision/LFinger23_0.10.stl
[1.285s] -- Symlinking: /home/hayden/ros_ws/install/pepper_robot_description/share/pepper_robot_description/meshes/collision/LFinger31_0.10.stl
[1.291s] -- Symlinking: /home/hayden/ros_ws/install/pepper_robot_description/share/pepper_robot_description/meshes/collision/LFinger32_0.10.stl
[1.297s] -- Symlinking: /home/hayden/ros_ws/install/pepper_robot_description/share/pepper_robot_description/meshes/collision/LFinger33_0.10.stl
[1.303s] -- Symlinking: /home/hayden/ros_ws/install/pepper_robot_description/share/pepper_robot_description/meshes/collision/LFinger41_0.10.stl
[1.309s] -- Symlinking: /home/hayden/ros_ws/install/pepper_robot_description/share/pepper_robot_description/meshes/collision/LFinger42_0.10.stl
[1.315s] -- Symlinking: /home/hayden/ros_ws/install/pepper_robot_description/share/pepper_robot_description/meshes/collision/LFinger43_0.10.stl
[1.321s] -- Symlinking: /home/hayden/ros_ws/install/pepper_robot_description/share/pepper_robot_description/meshes/collision/LShoulderPitch_0.10.stl
[1.327s] -- Symlinking: /home/hayden/ros_ws/install/pepper_robot_description/share/pepper_robot_description/meshes/collision/LShoulderRoll_0.10.stl
[1.334s] -- Symlinking: /home/hayden/ros_ws/install/pepper_robot_description/share/pepper_robot_description/meshes/collision/LThumb1_0.10.stl
[1.340s] -- Symlinking: /home/hayden/ros_ws/install/pepper_robot_description/share/pepper_robot_description/meshes/collision/LThumb2_0.10.stl
[1.346s] -- Symlinking: /home/hayden/ros_ws/install/pepper_robot_description/share/pepper_robot_description/meshes/collision/LWristYaw_0.10.stl
[1.352s] -- Symlinking: /home/hayden/ros_ws/install/pepper_robot_description/share/pepper_robot_description/meshes/collision/RElbowRoll_0.10.stl
[1.358s] -- Symlinking: /home/hayden/ros_ws/install/pepper_robot_description/share/pepper_robot_description/meshes/collision/RElbowYaw_0.10.stl
[1.364s] -- Symlinking: /home/hayden/ros_ws/install/pepper_robot_description/share/pepper_robot_description/meshes/collision/RFinger11_0.10.stl
[1.369s] -- Symlinking: /home/hayden/ros_ws/install/pepper_robot_description/share/pepper_robot_description/meshes/collision/RFinger12_0.10.stl
[1.376s] -- Symlinking: /home/hayden/ros_ws/install/pepper_robot_description/share/pepper_robot_description/meshes/collision/RFinger13_0.10.stl
[1.382s] -- Symlinking: /home/hayden/ros_ws/install/pepper_robot_description/share/pepper_robot_description/meshes/collision/RFinger21_0.10.stl
[1.387s] -- Symlinking: /home/hayden/ros_ws/install/pepper_robot_description/share/pepper_robot_description/meshes/collision/RFinger22_0.10.stl
[1.393s] -- Symlinking: /home/hayden/ros_ws/install/pepper_robot_description/share/pepper_robot_description/meshes/collision/RFinger23_0.10.stl
[1.400s] -- Symlinking: /home/hayden/ros_ws/install/pepper_robot_description/share/pepper_robot_description/meshes/collision/RFinger31_0.10.stl
[1.405s] -- Symlinking: /home/hayden/ros_ws/install/pepper_robot_description/share/pepper_robot_description/meshes/collision/RFinger32_0.10.stl
[1.411s] -- Symlinking: /home/hayden/ros_ws/install/pepper_robot_description/share/pepper_robot_description/meshes/collision/RFinger33_0.10.stl
[1.417s] -- Symlinking: /home/hayden/ros_ws/install/pepper_robot_description/share/pepper_robot_description/meshes/collision/RFinger41_0.10.stl
[1.424s] -- Symlinking: /home/hayden/ros_ws/install/pepper_robot_description/share/pepper_robot_description/meshes/collision/RFinger42_0.10.stl
[1.430s] -- Symlinking: /home/hayden/ros_ws/install/pepper_robot_description/share/pepper_robot_description/meshes/collision/RFinger43_0.10.stl
[1.437s] -- Symlinking: /home/hayden/ros_ws/install/pepper_robot_description/share/pepper_robot_description/meshes/collision/RShoulderPitch_0.10.stl
[1.443s] -- Symlinking: /home/hayden/ros_ws/install/pepper_robot_description/share/pepper_robot_description/meshes/collision/RShoulderRoll_0.10.stl
[1.450s] -- Symlinking: /home/hayden/ros_ws/install/pepper_robot_description/share/pepper_robot_description/meshes/collision/RThumb1_0.10.stl
[1.456s] -- Symlinking: /home/hayden/ros_ws/install/pepper_robot_description/share/pepper_robot_description/meshes/collision/RThumb2_0.10.stl
[1.461s] -- Symlinking: /home/hayden/ros_ws/install/pepper_robot_description/share/pepper_robot_description/meshes/collision/RWristYaw_0.10.stl
[1.467s] -- Symlinking: /home/hayden/ros_ws/install/pepper_robot_description/share/pepper_robot_description/meshes/collision/Torso_0.10.stl
[1.473s] -- Symlinking: /home/hayden/ros_ws/install/pepper_robot_description/share/pepper_robot_description/meshes/collision/WheelB_0.10.stl
[1.479s] -- Symlinking: /home/hayden/ros_ws/install/pepper_robot_description/share/pepper_robot_description/meshes/collision/WheelFL_0.10.stl
[1.485s] -- Symlinking: /home/hayden/ros_ws/install/pepper_robot_description/share/pepper_robot_description/meshes/collision/WheelFR_0.10.stl
[1.491s] -- Symlinking: /home/hayden/ros_ws/install/pepper_robot_description/share/pepper_robot_description/meshes/visual/HeadPitch.dae
[1.498s] -- Symlinking: /home/hayden/ros_ws/install/pepper_robot_description/share/pepper_robot_description/meshes/visual/HeadYaw.dae
[1.504s] -- Symlinking: /home/hayden/ros_ws/install/pepper_robot_description/share/pepper_robot_description/meshes/visual/HipPitch.dae
[1.509s] -- Symlinking: /home/hayden/ros_ws/install/pepper_robot_description/share/pepper_robot_description/meshes/visual/HipRoll.dae
[1.516s] -- Symlinking: /home/hayden/ros_ws/install/pepper_robot_description/share/pepper_robot_description/meshes/visual/KneePitch.dae
[1.522s] -- Symlinking: /home/hayden/ros_ws/install/pepper_robot_description/share/pepper_robot_description/meshes/visual/LElbowRoll.dae
[1.528s] -- Symlinking: /home/hayden/ros_ws/install/pepper_robot_description/share/pepper_robot_description/meshes/visual/LElbowYaw.dae
[1.534s] -- Symlinking: /home/hayden/ros_ws/install/pepper_robot_description/share/pepper_robot_description/meshes/visual/LFinger11.dae
[1.540s] -- Symlinking: /home/hayden/ros_ws/install/pepper_robot_description/share/pepper_robot_description/meshes/visual/LFinger12.dae
[1.546s] -- Symlinking: /home/hayden/ros_ws/install/pepper_robot_description/share/pepper_robot_description/meshes/visual/LFinger13.dae
[1.552s] -- Symlinking: /home/hayden/ros_ws/install/pepper_robot_description/share/pepper_robot_description/meshes/visual/LFinger21.dae
[1.558s] -- Symlinking: /home/hayden/ros_ws/install/pepper_robot_description/share/pepper_robot_description/meshes/visual/LFinger22.dae
[1.565s] -- Symlinking: /home/hayden/ros_ws/install/pepper_robot_description/share/pepper_robot_description/meshes/visual/LFinger23.dae
[1.571s] -- Symlinking: /home/hayden/ros_ws/install/pepper_robot_description/share/pepper_robot_description/meshes/visual/LFinger31.dae
[1.577s] -- Symlinking: /home/hayden/ros_ws/install/pepper_robot_description/share/pepper_robot_description/meshes/visual/LFinger32.dae
[1.583s] -- Symlinking: /home/hayden/ros_ws/install/pepper_robot_description/share/pepper_robot_description/meshes/visual/LFinger33.dae
[1.588s] -- Symlinking: /home/hayden/ros_ws/install/pepper_robot_description/share/pepper_robot_description/meshes/visual/LFinger41.dae
[1.595s] -- Symlinking: /home/hayden/ros_ws/install/pepper_robot_description/share/pepper_robot_description/meshes/visual/LFinger42.dae
[1.600s] -- Symlinking: /home/hayden/ros_ws/install/pepper_robot_description/share/pepper_robot_description/meshes/visual/LFinger43.dae
[1.606s] -- Symlinking: /home/hayden/ros_ws/install/pepper_robot_description/share/pepper_robot_description/meshes/visual/LShoulderPitch.dae
[1.612s] -- Symlinking: /home/hayden/ros_ws/install/pepper_robot_description/share/pepper_robot_description/meshes/visual/LShoulderRoll.dae
[1.618s] -- Symlinking: /home/hayden/ros_ws/install/pepper_robot_description/share/pepper_robot_description/meshes/visual/LThumb1.dae
[1.625s] -- Symlinking: /home/hayden/ros_ws/install/pepper_robot_description/share/pepper_robot_description/meshes/visual/LThumb2.dae
[1.631s] -- Symlinking: /home/hayden/ros_ws/install/pepper_robot_description/share/pepper_robot_description/meshes/visual/LWristYaw.dae
[1.637s] -- Symlinking: /home/hayden/ros_ws/install/pepper_robot_description/share/pepper_robot_description/meshes/visual/RElbowRoll.dae
[1.643s] -- Symlinking: /home/hayden/ros_ws/install/pepper_robot_description/share/pepper_robot_description/meshes/visual/RElbowYaw.dae
[1.649s] -- Symlinking: /home/hayden/ros_ws/install/pepper_robot_description/share/pepper_robot_description/meshes/visual/RFinger11.dae
[1.655s] -- Symlinking: /home/hayden/ros_ws/install/pepper_robot_description/share/pepper_robot_description/meshes/visual/RFinger12.dae
[1.661s] -- Symlinking: /home/hayden/ros_ws/install/pepper_robot_description/share/pepper_robot_description/meshes/visual/RFinger13.dae
[1.667s] -- Symlinking: /home/hayden/ros_ws/install/pepper_robot_description/share/pepper_robot_description/meshes/visual/RFinger21.dae
[1.673s] -- Symlinking: /home/hayden/ros_ws/install/pepper_robot_description/share/pepper_robot_description/meshes/visual/RFinger22.dae
[1.679s] -- Symlinking: /home/hayden/ros_ws/install/pepper_robot_description/share/pepper_robot_description/meshes/visual/RFinger23.dae
[1.685s] -- Symlinking: /home/hayden/ros_ws/install/pepper_robot_description/share/pepper_robot_description/meshes/visual/RFinger31.dae
[1.691s] -- Symlinking: /home/hayden/ros_ws/install/pepper_robot_description/share/pepper_robot_description/meshes/visual/RFinger32.dae
[1.697s] -- Symlinking: /home/hayden/ros_ws/install/pepper_robot_description/share/pepper_robot_description/meshes/visual/RFinger33.dae
[1.703s] -- Symlinking: /home/hayden/ros_ws/install/pepper_robot_description/share/pepper_robot_description/meshes/visual/RFinger41.dae
[1.709s] -- Symlinking: /home/hayden/ros_ws/install/pepper_robot_description/share/pepper_robot_description/meshes/visual/RFinger42.dae
[1.715s] -- Symlinking: /home/hayden/ros_ws/install/pepper_robot_description/share/pepper_robot_description/meshes/visual/RFinger43.dae
[1.721s] -- Symlinking: /home/hayden/ros_ws/install/pepper_robot_description/share/pepper_robot_description/meshes/visual/RShoulderPitch.dae
[1.727s] -- Symlinking: /home/hayden/ros_ws/install/pepper_robot_description/share/pepper_robot_description/meshes/visual/RShoulderRoll.dae
[1.733s] -- Symlinking: /home/hayden/ros_ws/install/pepper_robot_description/share/pepper_robot_description/meshes/visual/RThumb1.dae
[1.740s] -- Symlinking: /home/hayden/ros_ws/install/pepper_robot_description/share/pepper_robot_description/meshes/visual/RThumb2.dae
[1.746s] -- Symlinking: /home/hayden/ros_ws/install/pepper_robot_description/share/pepper_robot_description/meshes/visual/RWristYaw.dae
[1.752s] -- Symlinking: /home/hayden/ros_ws/install/pepper_robot_description/share/pepper_robot_description/meshes/visual/Torso.dae
[1.758s] -- Symlinking: /home/hayden/ros_ws/install/pepper_robot_description/share/pepper_robot_description/meshes/visual/WheelB.dae
[1.764s] -- Symlinking: /home/hayden/ros_ws/install/pepper_robot_description/share/pepper_robot_description/meshes/visual/WheelFL.dae
[1.770s] -- Symlinking: /home/hayden/ros_ws/install/pepper_robot_description/share/pepper_robot_description/meshes/visual/WheelFR.dae
[1.776s] -- Symlinking: /home/hayden/ros_ws/install/pepper_robot_description/share/pepper_robot_description/meshes/visual/juliette_ear.png
[1.782s] -- Symlinking: /home/hayden/ros_ws/install/pepper_robot_description/share/pepper_robot_description/meshes/visual/juliette_eyes.png
[1.788s] -- Symlinking: /home/hayden/ros_ws/install/pepper_robot_description/share/pepper_robot_description/meshes/visual/juliette_face.png
[1.795s] -- Symlinking: /home/hayden/ros_ws/install/pepper_robot_description/share/pepper_robot_description/rviz/view.rviz
[1.801s] -- Symlinking: /home/hayden/ros_ws/install/pepper_robot_description/share/pepper_robot_description/urdf/pepper_arms.xacro
[1.807s] -- Symlinking: /home/hayden/ros_ws/install/pepper_robot_description/share/pepper_robot_description/urdf/pepper_fingers.xacro
[1.813s] -- Symlinking: /home/hayden/ros_ws/install/pepper_robot_description/share/pepper_robot_description/urdf/pepper_head.xacro
[1.819s] -- Symlinking: /home/hayden/ros_ws/install/pepper_robot_description/share/pepper_robot_description/urdf/pepper_legs.xacro
[1.825s] -- Symlinking: /home/hayden/ros_ws/install/pepper_robot_description/share/pepper_robot_description/urdf/pepper_robot.gazebo
[1.831s] -- Symlinking: /home/hayden/ros_ws/install/pepper_robot_description/share/pepper_robot_description/urdf/pepper_robot.ros2_control
[1.837s] -- Symlinking: /home/hayden/ros_ws/install/pepper_robot_description/share/pepper_robot_description/urdf/pepper_robot.urdf
[1.843s] -- Symlinking: /home/hayden/ros_ws/install/pepper_robot_description/share/pepper_robot_description/urdf/pepper_robot.urdf.xacro
[1.850s] -- Symlinking: /home/hayden/ros_ws/install/pepper_robot_description/share/pepper_robot_description/urdf/pepper_sensors.xacro
[1.856s] -- Symlinking: /home/hayden/ros_ws/install/pepper_robot_description/share/pepper_robot_description/urdf/pepper_torso.xacro
[1.861s] -- Symlinking: /home/hayden/ros_ws/install/pepper_robot_description/share/pepper_robot_description/urdf/pepper_visual_collisions.xacro
[1.867s] -- Symlinking: /home/hayden/ros_ws/install/pepper_robot_description/share/pepper_robot_description/urdf/pepper_wheels.xacro
[1.873s] -- Symlinking: /home/hayden/ros_ws/install/pepper_robot_description/share/pepper_robot_description/environment/pepper_robot_description.dsv
[1.880s] -- Symlinking: /home/hayden/ros_ws/install/pepper_robot_description/share/pepper_robot_description/environment/pepper_robot_description.sh
[1.886s] -- Symlinking: /home/hayden/ros_ws/install/pepper_robot_description/share/ament_index/resource_index/package_run_dependencies/pepper_robot_description
[1.892s] -- Symlinking: /home/hayden/ros_ws/install/pepper_robot_description/share/ament_index/resource_index/parent_prefix_path/pepper_robot_description
[1.898s] -- Symlinking: /home/hayden/ros_ws/install/pepper_robot_description/share/pepper_robot_description/environment/ament_prefix_path.sh
[1.904s] -- Symlinking: /home/hayden/ros_ws/install/pepper_robot_description/share/pepper_robot_description/environment/ament_prefix_path.dsv
[1.910s] -- Symlinking: /home/hayden/ros_ws/install/pepper_robot_description/share/pepper_robot_description/environment/path.sh
[1.916s] -- Symlinking: /home/hayden/ros_ws/install/pepper_robot_description/share/pepper_robot_description/environment/path.dsv
[1.922s] -- Symlinking: /home/hayden/ros_ws/install/pepper_robot_description/share/pepper_robot_description/local_setup.bash
[1.929s] -- Symlinking: /home/hayden/ros_ws/install/pepper_robot_description/share/pepper_robot_description/local_setup.sh
[1.935s] -- Symlinking: /home/hayden/ros_ws/install/pepper_robot_description/share/pepper_robot_description/local_setup.zsh
[1.941s] -- Symlinking: /home/hayden/ros_ws/install/pepper_robot_description/share/pepper_robot_description/local_setup.dsv
[1.948s] -- Symlinking: /home/hayden/ros_ws/install/pepper_robot_description/share/pepper_robot_description/package.dsv
[1.954s] -- Symlinking: /home/hayden/ros_ws/install/pepper_robot_description/share/ament_index/resource_index/packages/pepper_robot_description
[1.960s] -- Symlinking: /home/hayden/ros_ws/install/pepper_robot_description/share/pepper_robot_description/cmake/pepper_robot_descriptionConfig.cmake
[1.966s] -- Symlinking: /home/hayden/ros_ws/install/pepper_robot_description/share/pepper_robot_description/cmake/pepper_robot_descriptionConfig-version.cmake
[1.971s] -- Symlinking: /home/hayden/ros_ws/install/pepper_robot_description/share/pepper_robot_description/package.xml
[1.979s] Invoked command in '/home/hayden/ros_ws/build/pepper_robot_description' returned '0': CMAKE_PREFIX_PATH=${CMAKE_PREFIX_PATH}:/opt/ros/humble /usr/bin/cmake --install /home/hayden/ros_ws/build/pepper_robot_description
