-- Found ament_cmake: 1.3.14 (/opt/ros/humble/share/ament_cmake/cmake)
-- Found pepper_robot_description: 1.0.0 (/home/hayden/ros_ws/install/pepper_robot_description/share/pepper_robot_description/cmake)
-- Found pepper_robot_moveit_config: 1.0.0 (/home/hayden/ros_ws/install/pepper_robot_moveit_config/share/pepper_robot_moveit_config/cmake)
Created new /home/hayden/ros_ws/src/pepper_ign_moveit2/pepper_robot_description/urdf/pepper_robot.urdf
Targeting Xacro: /home/hayden/ros_ws/src/pepper_ign_moveit2/pepper_robot_description/urdf/pepper_robot.urdf.xacro
Outputting to: /home/hayden/ros_ws/src/pepper_ign_moveit2/pepper_robot_description/pepper_robot/model.sdf
SUCCESS: Created new /home/hayden/ros_ws/src/pepper_ign_moveit2/pepper_robot_description/pepper_robot/model.sdf
-- Configuring done
-- Generating done
-- Build files have been written to: /home/hayden/ros_ws/build/pepper_robot
-- Install configuration: ""
-- Up-to-date: /home/hayden/ros_ws/install/pepper_robot/share/pepper_robot/launch
-- Up-to-date: /home/hayden/ros_ws/install/pepper_robot/share/pepper_robot/launch/fake.launch.py
-- Up-to-date: /home/hayden/ros_ws/install/pepper_robot/share/pepper_robot/launch/gz.launch.py
-- Up-to-date: /home/hayden/ros_ws/install/pepper_robot/share/ament_index/resource_index/package_run_dependencies/pepper_robot
-- Up-to-date: /home/hayden/ros_ws/install/pepper_robot/share/ament_index/resource_index/parent_prefix_path/pepper_robot
-- Up-to-date: /home/hayden/ros_ws/install/pepper_robot/share/pepper_robot/environment/ament_prefix_path.sh
-- Installing: /home/hayden/ros_ws/install/pepper_robot/share/pepper_robot/environment/ament_prefix_path.dsv
-- Up-to-date: /home/hayden/ros_ws/install/pepper_robot/share/pepper_robot/environment/path.sh
-- Installing: /home/hayden/ros_ws/install/pepper_robot/share/pepper_robot/environment/path.dsv
-- Up-to-date: /home/hayden/ros_ws/install/pepper_robot/share/pepper_robot/local_setup.bash
-- Up-to-date: /home/hayden/ros_ws/install/pepper_robot/share/pepper_robot/local_setup.sh
-- Up-to-date: /home/hayden/ros_ws/install/pepper_robot/share/pepper_robot/local_setup.zsh
-- Installing: /home/hayden/ros_ws/install/pepper_robot/share/pepper_robot/local_setup.dsv
-- Installing: /home/hayden/ros_ws/install/pepper_robot/share/pepper_robot/package.dsv
-- Up-to-date: /home/hayden/ros_ws/install/pepper_robot/share/ament_index/resource_index/packages/pepper_robot
-- Up-to-date: /home/hayden/ros_ws/install/pepper_robot/share/pepper_robot/cmake/pepper_robotConfig.cmake
-- Up-to-date: /home/hayden/ros_ws/install/pepper_robot/share/pepper_robot/cmake/pepper_robotConfig-version.cmake
-- Up-to-date: /home/hayden/ros_ws/install/pepper_robot/share/pepper_robot/package.xml
