[0.010s] Invoking command in '/home/hayden/ros_ws/build/pepper_robot': CMAKE_PREFIX_PATH=/home/hayden/ros_ws/install/pepper_robot_moveit_config:/home/hayden/ros_ws/install/pepper_robot_description:/home/hayden/ros_ws/install/pymoveit2:/home/hayden/ros_ws/install/pepper_robot_ign:/home/hayden/ros_ws/install/pepper_robot:/opt/ros/humble /usr/bin/cmake --build /home/hayden/ros_ws/build/pepper_robot -- -j12 -l12
[0.027s] -- Found ament_cmake: 1.3.14 (/opt/ros/humble/share/ament_cmake/cmake)
[0.111s] -- Found pepper_robot_description: 1.0.0 (/home/hayden/ros_ws/install/pepper_robot_description/share/pepper_robot_description/cmake)
[0.111s] -- Found pepper_robot_moveit_config: 1.0.0 (/home/hayden/ros_ws/install/pepper_robot_moveit_config/share/pepper_robot_moveit_config/cmake)
[0.237s] Created new /home/hayden/ros_ws/src/pepper_ign_moveit2/pepper_robot_description/urdf/pepper_robot.urdf
[0.240s] Targeting Xacro: /home/hayden/ros_ws/src/pepper_ign_moveit2/pepper_robot_description/urdf/pepper_robot.urdf.xacro
[0.240s] Outputting to: /home/hayden/ros_ws/src/pepper_ign_moveit2/pepper_robot_description/pepper_robot/model.sdf
[0.649s] SUCCESS: Created new /home/hayden/ros_ws/src/pepper_ign_moveit2/pepper_robot_description/pepper_robot/model.sdf
[0.699s] -- Configuring done
[0.702s] -- Generating done
[0.703s] -- Build files have been written to: /home/hayden/ros_ws/build/pepper_robot
[0.720s] Invoked command in '/home/hayden/ros_ws/build/pepper_robot' returned '0': CMAKE_PREFIX_PATH=/home/hayden/ros_ws/install/pepper_robot_moveit_config:/home/hayden/ros_ws/install/pepper_robot_description:/home/hayden/ros_ws/install/pymoveit2:/home/hayden/ros_ws/install/pepper_robot_ign:/home/hayden/ros_ws/install/pepper_robot:/opt/ros/humble /usr/bin/cmake --build /home/hayden/ros_ws/build/pepper_robot -- -j12 -l12
[0.722s] Invoking command in '/home/hayden/ros_ws/build/pepper_robot': CMAKE_PREFIX_PATH=/home/hayden/ros_ws/install/pepper_robot_moveit_config:/home/hayden/ros_ws/install/pepper_robot_description:/home/hayden/ros_ws/install/pymoveit2:/home/hayden/ros_ws/install/pepper_robot_ign:/home/hayden/ros_ws/install/pepper_robot:/opt/ros/humble /usr/bin/cmake --install /home/hayden/ros_ws/build/pepper_robot
[0.727s] -- Install configuration: ""
[0.727s] -- Up-to-date: /home/hayden/ros_ws/install/pepper_robot/share/pepper_robot/launch
[0.727s] -- Up-to-date: /home/hayden/ros_ws/install/pepper_robot/share/pepper_robot/launch/fake.launch.py
[0.727s] -- Up-to-date: /home/hayden/ros_ws/install/pepper_robot/share/pepper_robot/launch/gz.launch.py
[0.727s] -- Up-to-date: /home/hayden/ros_ws/install/pepper_robot/share/ament_index/resource_index/package_run_dependencies/pepper_robot
[0.727s] -- Up-to-date: /home/hayden/ros_ws/install/pepper_robot/share/ament_index/resource_index/parent_prefix_path/pepper_robot
[0.727s] -- Up-to-date: /home/hayden/ros_ws/install/pepper_robot/share/pepper_robot/environment/ament_prefix_path.sh
[0.727s] -- Installing: /home/hayden/ros_ws/install/pepper_robot/share/pepper_robot/environment/ament_prefix_path.dsv
[0.727s] -- Up-to-date: /home/hayden/ros_ws/install/pepper_robot/share/pepper_robot/environment/path.sh
[0.727s] -- Installing: /home/hayden/ros_ws/install/pepper_robot/share/pepper_robot/environment/path.dsv
[0.727s] -- Up-to-date: /home/hayden/ros_ws/install/pepper_robot/share/pepper_robot/local_setup.bash
[0.727s] -- Up-to-date: /home/hayden/ros_ws/install/pepper_robot/share/pepper_robot/local_setup.sh
[0.727s] -- Up-to-date: /home/hayden/ros_ws/install/pepper_robot/share/pepper_robot/local_setup.zsh
[0.727s] -- Installing: /home/hayden/ros_ws/install/pepper_robot/share/pepper_robot/local_setup.dsv
[0.728s] -- Installing: /home/hayden/ros_ws/install/pepper_robot/share/pepper_robot/package.dsv
[0.728s] -- Up-to-date: /home/hayden/ros_ws/install/pepper_robot/share/ament_index/resource_index/packages/pepper_robot
[0.728s] -- Up-to-date: /home/hayden/ros_ws/install/pepper_robot/share/pepper_robot/cmake/pepper_robotConfig.cmake
[0.728s] -- Up-to-date: /home/hayden/ros_ws/install/pepper_robot/share/pepper_robot/cmake/pepper_robotConfig-version.cmake
[0.728s] -- Up-to-date: /home/hayden/ros_ws/install/pepper_robot/share/pepper_robot/package.xml
[0.729s] Invoked command in '/home/hayden/ros_ws/build/pepper_robot' returned '0': CMAKE_PREFIX_PATH=/home/hayden/ros_ws/install/pepper_robot_moveit_config:/home/hayden/ros_ws/install/pepper_robot_description:/home/hayden/ros_ws/install/pymoveit2:/home/hayden/ros_ws/install/pepper_robot_ign:/home/hayden/ros_ws/install/pepper_robot:/opt/ros/humble /usr/bin/cmake --install /home/hayden/ros_ws/build/pepper_robot
