-- Found ament_cmake: 1.3.14 (/opt/ros/humble/share/ament_cmake/cmake)
-- Configuring done
-- Generating done
-- Build files have been written to: /home/hayden/ros_ws/build/pepper_robot_description
-- Install configuration: ""
-- Up-to-date: /home/hayden/ros_ws/install/pepper_robot_description/lib/pepper_robot_description/xacro2sdf_direct.bash
-- Up-to-date: /home/hayden/ros_ws/install/pepper_robot_description/lib/pepper_robot_description/xacro2sdf.bash
-- Up-to-date: /home/hayden/ros_ws/install/pepper_robot_description/lib/pepper_robot_description/xacro2urdf.bash
-- Up-to-date: /home/hayden/ros_ws/install/pepper_robot_description/share/pepper_robot_description/config
-- Up-to-date: /home/hayden/ros_ws/install/pepper_robot_description/share/pepper_robot_description/config/initial_joint_positions.yaml
-- Up-to-date: /home/hayden/ros_ws/install/pepper_robot_description/share/pepper_robot_description/launch
-- Up-to-date: /home/hayden/ros_ws/install/pepper_robot_description/share/pepper_robot_description/launch/view_gz.launch.py
-- Up-to-date: /home/hayden/ros_ws/install/pepper_robot_description/share/pepper_robot_description/launch/view.launch.py
-- Up-to-date: /home/hayden/ros_ws/install/pepper_robot_description/share/pepper_robot_description/pepper_robot
-- Up-to-date: /home/hayden/ros_ws/install/pepper_robot_description/share/pepper_robot_description/pepper_robot/model.config
-- Up-to-date: /home/hayden/ros_ws/install/pepper_robot_description/share/pepper_robot_description/pepper_robot/model.sdf
-- Up-to-date: /home/hayden/ros_ws/install/pepper_robot_description/share/pepper_robot_description/pepper_robot/meshes
-- Up-to-date: /home/hayden/ros_ws/install/pepper_robot_description/share/pepper_robot_description/pepper_robot/meshes/collision
-- Up-to-date: /home/hayden/ros_ws/install/pepper_robot_description/share/pepper_robot_description/pepper_robot/meshes/collision/LFinger31_0.10.stl
-- Up-to-date: /home/hayden/ros_ws/install/pepper_robot_description/share/pepper_robot_description/pepper_robot/meshes/collision/RFinger11_0.10.stl
-- Up-to-date: /home/hayden/ros_ws/install/pepper_robot_description/share/pepper_robot_description/pepper_robot/meshes/collision/RThumb1_0.10.stl
-- Up-to-date: /home/hayden/ros_ws/install/pepper_robot_description/share/pepper_robot_description/pepper_robot/meshes/collision/HeadPitch_0.10.stl
-- Up-to-date: /home/hayden/ros_ws/install/pepper_robot_description/share/pepper_robot_description/pepper_robot/meshes/collision/WheelFR_0.10.stl
-- Up-to-date: /home/hayden/ros_ws/install/pepper_robot_description/share/pepper_robot_description/pepper_robot/meshes/collision/RElbowYaw_0.10.stl
-- Up-to-date: /home/hayden/ros_ws/install/pepper_robot_description/share/pepper_robot_description/pepper_robot/meshes/collision/RFinger32_0.10.stl
-- Up-to-date: /home/hayden/ros_ws/install/pepper_robot_description/share/pepper_robot_description/pepper_robot/meshes/collision/RFinger41_0.10.stl
-- Up-to-date: /home/hayden/ros_ws/install/pepper_robot_description/share/pepper_robot_description/pepper_robot/meshes/collision/Torso_0.10.stl
-- Up-to-date: /home/hayden/ros_ws/install/pepper_robot_description/share/pepper_robot_description/pepper_robot/meshes/collision/LFinger13_0.10.stl
-- Up-to-date: /home/hayden/ros_ws/install/pepper_robot_description/share/pepper_robot_description/pepper_robot/meshes/collision/LThumb1_0.10.stl
-- Up-to-date: /home/hayden/ros_ws/install/pepper_robot_description/share/pepper_robot_description/pepper_robot/meshes/collision/LShoulderRoll_0.10.stl
-- Up-to-date: /home/hayden/ros_ws/install/pepper_robot_description/share/pepper_robot_description/pepper_robot/meshes/collision/LElbowRoll_0.10.stl
-- Up-to-date: /home/hayden/ros_ws/install/pepper_robot_description/share/pepper_robot_description/pepper_robot/meshes/collision/RFinger12_0.10.stl
-- Up-to-date: /home/hayden/ros_ws/install/pepper_robot_description/share/pepper_robot_description/pepper_robot/meshes/collision/LFinger11_0.10.stl
-- Up-to-date: /home/hayden/ros_ws/install/pepper_robot_description/share/pepper_robot_description/pepper_robot/meshes/collision/LFinger12_0.10.stl
-- Up-to-date: /home/hayden/ros_ws/install/pepper_robot_description/share/pepper_robot_description/pepper_robot/meshes/collision/LFinger43_0.10.stl
-- Up-to-date: /home/hayden/ros_ws/install/pepper_robot_description/share/pepper_robot_description/pepper_robot/meshes/collision/LFinger22_0.10.stl
-- Up-to-date: /home/hayden/ros_ws/install/pepper_robot_description/share/pepper_robot_description/pepper_robot/meshes/collision/RThumb2_0.10.stl
-- Up-to-date: /home/hayden/ros_ws/install/pepper_robot_description/share/pepper_robot_description/pepper_robot/meshes/collision/LFinger33_0.10.stl
-- Up-to-date: /home/hayden/ros_ws/install/pepper_robot_description/share/pepper_robot_description/pepper_robot/meshes/collision/LFinger41_0.10.stl
-- Up-to-date: /home/hayden/ros_ws/install/pepper_robot_description/share/pepper_robot_description/pepper_robot/meshes/collision/RShoulderRoll_0.10.stl
-- Up-to-date: /home/hayden/ros_ws/install/pepper_robot_description/share/pepper_robot_description/pepper_robot/meshes/collision/LFinger23_0.10.stl
-- Up-to-date: /home/hayden/ros_ws/install/pepper_robot_description/share/pepper_robot_description/pepper_robot/meshes/collision/RFinger33_0.10.stl
-- Up-to-date: /home/hayden/ros_ws/install/pepper_robot_description/share/pepper_robot_description/pepper_robot/meshes/collision/RFinger13_0.10.stl
-- Up-to-date: /home/hayden/ros_ws/install/pepper_robot_description/share/pepper_robot_description/pepper_robot/meshes/collision/RFinger23_0.10.stl
-- Up-to-date: /home/hayden/ros_ws/install/pepper_robot_description/share/pepper_robot_description/pepper_robot/meshes/collision/WheelFL_0.10.stl
-- Up-to-date: /home/hayden/ros_ws/install/pepper_robot_description/share/pepper_robot_description/pepper_robot/meshes/collision/LFinger42_0.10.stl
-- Up-to-date: /home/hayden/ros_ws/install/pepper_robot_description/share/pepper_robot_description/pepper_robot/meshes/collision/RElbowRoll_0.10.stl
-- Up-to-date: /home/hayden/ros_ws/install/pepper_robot_description/share/pepper_robot_description/pepper_robot/meshes/collision/RFinger31_0.10.stl
-- Up-to-date: /home/hayden/ros_ws/install/pepper_robot_description/share/pepper_robot_description/pepper_robot/meshes/collision/HipPitch_0.10.stl
-- Up-to-date: /home/hayden/ros_ws/install/pepper_robot_description/share/pepper_robot_description/pepper_robot/meshes/collision/KneePitch_0.10.stl
-- Up-to-date: /home/hayden/ros_ws/install/pepper_robot_description/share/pepper_robot_description/pepper_robot/meshes/collision/HeadYaw_0.10.stl
-- Up-to-date: /home/hayden/ros_ws/install/pepper_robot_description/share/pepper_robot_description/pepper_robot/meshes/collision/RWristYaw_0.10.stl
-- Up-to-date: /home/hayden/ros_ws/install/pepper_robot_description/share/pepper_robot_description/pepper_robot/meshes/collision/LWristYaw_0.10.stl
-- Up-to-date: /home/hayden/ros_ws/install/pepper_robot_description/share/pepper_robot_description/pepper_robot/meshes/collision/RFinger43_0.10.stl
-- Up-to-date: /home/hayden/ros_ws/install/pepper_robot_description/share/pepper_robot_description/pepper_robot/meshes/collision/WheelB_0.10.stl
-- Up-to-date: /home/hayden/ros_ws/install/pepper_robot_description/share/pepper_robot_description/pepper_robot/meshes/collision/RFinger42_0.10.stl
-- Up-to-date: /home/hayden/ros_ws/install/pepper_robot_description/share/pepper_robot_description/pepper_robot/meshes/collision/HipRoll_0.10.stl
-- Up-to-date: /home/hayden/ros_ws/install/pepper_robot_description/share/pepper_robot_description/pepper_robot/meshes/collision/LShoulderPitch_0.10.stl
-- Up-to-date: /home/hayden/ros_ws/install/pepper_robot_description/share/pepper_robot_description/pepper_robot/meshes/collision/LElbowYaw_0.10.stl
-- Up-to-date: /home/hayden/ros_ws/install/pepper_robot_description/share/pepper_robot_description/pepper_robot/meshes/collision/LFinger21_0.10.stl
-- Up-to-date: /home/hayden/ros_ws/install/pepper_robot_description/share/pepper_robot_description/pepper_robot/meshes/collision/RShoulderPitch_0.10.stl
-- Up-to-date: /home/hayden/ros_ws/install/pepper_robot_description/share/pepper_robot_description/pepper_robot/meshes/collision/RFinger22_0.10.stl
-- Up-to-date: /home/hayden/ros_ws/install/pepper_robot_description/share/pepper_robot_description/pepper_robot/meshes/collision/RFinger21_0.10.stl
-- Up-to-date: /home/hayden/ros_ws/install/pepper_robot_description/share/pepper_robot_description/pepper_robot/meshes/collision/LThumb2_0.10.stl
-- Up-to-date: /home/hayden/ros_ws/install/pepper_robot_description/share/pepper_robot_description/pepper_robot/meshes/collision/LFinger32_0.10.stl
-- Up-to-date: /home/hayden/ros_ws/install/pepper_robot_description/share/pepper_robot_description/pepper_robot/meshes/visual
-- Up-to-date: /home/hayden/ros_ws/install/pepper_robot_description/share/pepper_robot_description/pepper_robot/meshes/visual/LShoulderPitch.dae
-- Up-to-date: /home/hayden/ros_ws/install/pepper_robot_description/share/pepper_robot_description/pepper_robot/meshes/visual/LFinger42.dae
-- Up-to-date: /home/hayden/ros_ws/install/pepper_robot_description/share/pepper_robot_description/pepper_robot/meshes/visual/LFinger43.dae
-- Up-to-date: /home/hayden/ros_ws/install/pepper_robot_description/share/pepper_robot_description/pepper_robot/meshes/visual/WheelB.dae
-- Up-to-date: /home/hayden/ros_ws/install/pepper_robot_description/share/pepper_robot_description/pepper_robot/meshes/visual/juliette_eyes.png
-- Up-to-date: /home/hayden/ros_ws/install/pepper_robot_description/share/pepper_robot_description/pepper_robot/meshes/visual/LShoulderRoll.dae
-- Up-to-date: /home/hayden/ros_ws/install/pepper_robot_description/share/pepper_robot_description/pepper_robot/meshes/visual/RElbowYaw.dae
-- Up-to-date: /home/hayden/ros_ws/install/pepper_robot_description/share/pepper_robot_description/pepper_robot/meshes/visual/WheelFL.dae
-- Up-to-date: /home/hayden/ros_ws/install/pepper_robot_description/share/pepper_robot_description/pepper_robot/meshes/visual/LFinger33.dae
-- Up-to-date: /home/hayden/ros_ws/install/pepper_robot_description/share/pepper_robot_description/pepper_robot/meshes/visual/RFinger43.dae
-- Up-to-date: /home/hayden/ros_ws/install/pepper_robot_description/share/pepper_robot_description/pepper_robot/meshes/visual/RShoulderRoll.dae
-- Up-to-date: /home/hayden/ros_ws/install/pepper_robot_description/share/pepper_robot_description/pepper_robot/meshes/visual/LElbowYaw.dae
-- Up-to-date: /home/hayden/ros_ws/install/pepper_robot_description/share/pepper_robot_description/pepper_robot/meshes/visual/LFinger23.dae
-- Up-to-date: /home/hayden/ros_ws/install/pepper_robot_description/share/pepper_robot_description/pepper_robot/meshes/visual/LFinger11.dae
-- Up-to-date: /home/hayden/ros_ws/install/pepper_robot_description/share/pepper_robot_description/pepper_robot/meshes/visual/juliette_face.png
-- Up-to-date: /home/hayden/ros_ws/install/pepper_robot_description/share/pepper_robot_description/pepper_robot/meshes/visual/RFinger22.dae
-- Up-to-date: /home/hayden/ros_ws/install/pepper_robot_description/share/pepper_robot_description/pepper_robot/meshes/visual/LFinger41.dae
-- Up-to-date: /home/hayden/ros_ws/install/pepper_robot_description/share/pepper_robot_description/pepper_robot/meshes/visual/LWristYaw.dae
-- Up-to-date: /home/hayden/ros_ws/install/pepper_robot_description/share/pepper_robot_description/pepper_robot/meshes/visual/RFinger42.dae
-- Up-to-date: /home/hayden/ros_ws/install/pepper_robot_description/share/pepper_robot_description/pepper_robot/meshes/visual/RFinger41.dae
-- Up-to-date: /home/hayden/ros_ws/install/pepper_robot_description/share/pepper_robot_description/pepper_robot/meshes/visual/Torso.dae
-- Up-to-date: /home/hayden/ros_ws/install/pepper_robot_description/share/pepper_robot_description/pepper_robot/meshes/visual/RFinger12.dae
-- Up-to-date: /home/hayden/ros_ws/install/pepper_robot_description/share/pepper_robot_description/pepper_robot/meshes/visual/RFinger32.dae
-- Up-to-date: /home/hayden/ros_ws/install/pepper_robot_description/share/pepper_robot_description/pepper_robot/meshes/visual/juliette_ear.png
-- Up-to-date: /home/hayden/ros_ws/install/pepper_robot_description/share/pepper_robot_description/pepper_robot/meshes/visual/LFinger13.dae
-- Up-to-date: /home/hayden/ros_ws/install/pepper_robot_description/share/pepper_robot_description/pepper_robot/meshes/visual/LThumb1.dae
-- Up-to-date: /home/hayden/ros_ws/install/pepper_robot_description/share/pepper_robot_description/pepper_robot/meshes/visual/RShoulderPitch.dae
-- Up-to-date: /home/hayden/ros_ws/install/pepper_robot_description/share/pepper_robot_description/pepper_robot/meshes/visual/KneePitch.dae
-- Up-to-date: /home/hayden/ros_ws/install/pepper_robot_description/share/pepper_robot_description/pepper_robot/meshes/visual/RFinger33.dae
-- Up-to-date: /home/hayden/ros_ws/install/pepper_robot_description/share/pepper_robot_description/pepper_robot/meshes/visual/HipRoll.dae
-- Up-to-date: /home/hayden/ros_ws/install/pepper_robot_description/share/pepper_robot_description/pepper_robot/meshes/visual/LElbowRoll.dae
-- Up-to-date: /home/hayden/ros_ws/install/pepper_robot_description/share/pepper_robot_description/pepper_robot/meshes/visual/RFinger11.dae
-- Up-to-date: /home/hayden/ros_ws/install/pepper_robot_description/share/pepper_robot_description/pepper_robot/meshes/visual/RFinger21.dae
-- Up-to-date: /home/hayden/ros_ws/install/pepper_robot_description/share/pepper_robot_description/pepper_robot/meshes/visual/RFinger23.dae
-- Up-to-date: /home/hayden/ros_ws/install/pepper_robot_description/share/pepper_robot_description/pepper_robot/meshes/visual/HeadYaw.dae
-- Up-to-date: /home/hayden/ros_ws/install/pepper_robot_description/share/pepper_robot_description/pepper_robot/meshes/visual/RThumb2.dae
-- Up-to-date: /home/hayden/ros_ws/install/pepper_robot_description/share/pepper_robot_description/pepper_robot/meshes/visual/LThumb2.dae
-- Up-to-date: /home/hayden/ros_ws/install/pepper_robot_description/share/pepper_robot_description/pepper_robot/meshes/visual/LFinger32.dae
-- Up-to-date: /home/hayden/ros_ws/install/pepper_robot_description/share/pepper_robot_description/pepper_robot/meshes/visual/RFinger13.dae
-- Up-to-date: /home/hayden/ros_ws/install/pepper_robot_description/share/pepper_robot_description/pepper_robot/meshes/visual/RFinger31.dae
-- Up-to-date: /home/hayden/ros_ws/install/pepper_robot_description/share/pepper_robot_description/pepper_robot/meshes/visual/RWristYaw.dae
-- Up-to-date: /home/hayden/ros_ws/install/pepper_robot_description/share/pepper_robot_description/pepper_robot/meshes/visual/LFinger21.dae
-- Up-to-date: /home/hayden/ros_ws/install/pepper_robot_description/share/pepper_robot_description/pepper_robot/meshes/visual/LFinger22.dae
-- Up-to-date: /home/hayden/ros_ws/install/pepper_robot_description/share/pepper_robot_description/pepper_robot/meshes/visual/RThumb1.dae
-- Up-to-date: /home/hayden/ros_ws/install/pepper_robot_description/share/pepper_robot_description/pepper_robot/meshes/visual/WheelFR.dae
-- Up-to-date: /home/hayden/ros_ws/install/pepper_robot_description/share/pepper_robot_description/pepper_robot/meshes/visual/RElbowRoll.dae
-- Up-to-date: /home/hayden/ros_ws/install/pepper_robot_description/share/pepper_robot_description/pepper_robot/meshes/visual/HipPitch.dae
-- Up-to-date: /home/hayden/ros_ws/install/pepper_robot_description/share/pepper_robot_description/pepper_robot/meshes/visual/LFinger12.dae
-- Up-to-date: /home/hayden/ros_ws/install/pepper_robot_description/share/pepper_robot_description/pepper_robot/meshes/visual/LFinger31.dae
-- Up-to-date: /home/hayden/ros_ws/install/pepper_robot_description/share/pepper_robot_description/pepper_robot/meshes/visual/HeadPitch.dae
-- Up-to-date: /home/hayden/ros_ws/install/pepper_robot_description/share/pepper_robot_description/pepper_robot/thumbnails
-- Up-to-date: /home/hayden/ros_ws/install/pepper_robot_description/share/pepper_robot_description/pepper_robot/thumbnails/thumbnails.png
-- Up-to-date: /home/hayden/ros_ws/install/pepper_robot_description/share/pepper_robot_description/meshes
-- Up-to-date: /home/hayden/ros_ws/install/pepper_robot_description/share/pepper_robot_description/meshes/collision
-- Up-to-date: /home/hayden/ros_ws/install/pepper_robot_description/share/pepper_robot_description/meshes/collision/LFinger31_0.10.stl
-- Up-to-date: /home/hayden/ros_ws/install/pepper_robot_description/share/pepper_robot_description/meshes/collision/RFinger11_0.10.stl
-- Up-to-date: /home/hayden/ros_ws/install/pepper_robot_description/share/pepper_robot_description/meshes/collision/RThumb1_0.10.stl
-- Up-to-date: /home/hayden/ros_ws/install/pepper_robot_description/share/pepper_robot_description/meshes/collision/HeadPitch_0.10.stl
-- Up-to-date: /home/hayden/ros_ws/install/pepper_robot_description/share/pepper_robot_description/meshes/collision/WheelFR_0.10.stl
-- Up-to-date: /home/hayden/ros_ws/install/pepper_robot_description/share/pepper_robot_description/meshes/collision/RElbowYaw_0.10.stl
-- Up-to-date: /home/hayden/ros_ws/install/pepper_robot_description/share/pepper_robot_description/meshes/collision/RFinger32_0.10.stl
-- Up-to-date: /home/hayden/ros_ws/install/pepper_robot_description/share/pepper_robot_description/meshes/collision/RFinger41_0.10.stl
-- Up-to-date: /home/hayden/ros_ws/install/pepper_robot_description/share/pepper_robot_description/meshes/collision/Torso_0.10.stl
-- Up-to-date: /home/hayden/ros_ws/install/pepper_robot_description/share/pepper_robot_description/meshes/collision/LFinger13_0.10.stl
-- Up-to-date: /home/hayden/ros_ws/install/pepper_robot_description/share/pepper_robot_description/meshes/collision/LThumb1_0.10.stl
-- Up-to-date: /home/hayden/ros_ws/install/pepper_robot_description/share/pepper_robot_description/meshes/collision/LShoulderRoll_0.10.stl
-- Up-to-date: /home/hayden/ros_ws/install/pepper_robot_description/share/pepper_robot_description/meshes/collision/LElbowRoll_0.10.stl
-- Up-to-date: /home/hayden/ros_ws/install/pepper_robot_description/share/pepper_robot_description/meshes/collision/RFinger12_0.10.stl
-- Up-to-date: /home/hayden/ros_ws/install/pepper_robot_description/share/pepper_robot_description/meshes/collision/LFinger11_0.10.stl
-- Up-to-date: /home/hayden/ros_ws/install/pepper_robot_description/share/pepper_robot_description/meshes/collision/LFinger12_0.10.stl
-- Up-to-date: /home/hayden/ros_ws/install/pepper_robot_description/share/pepper_robot_description/meshes/collision/LFinger43_0.10.stl
-- Up-to-date: /home/hayden/ros_ws/install/pepper_robot_description/share/pepper_robot_description/meshes/collision/LFinger22_0.10.stl
-- Up-to-date: /home/hayden/ros_ws/install/pepper_robot_description/share/pepper_robot_description/meshes/collision/RThumb2_0.10.stl
-- Up-to-date: /home/hayden/ros_ws/install/pepper_robot_description/share/pepper_robot_description/meshes/collision/LFinger33_0.10.stl
-- Up-to-date: /home/hayden/ros_ws/install/pepper_robot_description/share/pepper_robot_description/meshes/collision/LFinger41_0.10.stl
-- Up-to-date: /home/hayden/ros_ws/install/pepper_robot_description/share/pepper_robot_description/meshes/collision/RShoulderRoll_0.10.stl
-- Up-to-date: /home/hayden/ros_ws/install/pepper_robot_description/share/pepper_robot_description/meshes/collision/LFinger23_0.10.stl
-- Up-to-date: /home/hayden/ros_ws/install/pepper_robot_description/share/pepper_robot_description/meshes/collision/RFinger33_0.10.stl
-- Up-to-date: /home/hayden/ros_ws/install/pepper_robot_description/share/pepper_robot_description/meshes/collision/RFinger13_0.10.stl
-- Up-to-date: /home/hayden/ros_ws/install/pepper_robot_description/share/pepper_robot_description/meshes/collision/RFinger23_0.10.stl
-- Up-to-date: /home/hayden/ros_ws/install/pepper_robot_description/share/pepper_robot_description/meshes/collision/WheelFL_0.10.stl
-- Up-to-date: /home/hayden/ros_ws/install/pepper_robot_description/share/pepper_robot_description/meshes/collision/LFinger42_0.10.stl
-- Up-to-date: /home/hayden/ros_ws/install/pepper_robot_description/share/pepper_robot_description/meshes/collision/RElbowRoll_0.10.stl
-- Up-to-date: /home/hayden/ros_ws/install/pepper_robot_description/share/pepper_robot_description/meshes/collision/RFinger31_0.10.stl
-- Up-to-date: /home/hayden/ros_ws/install/pepper_robot_description/share/pepper_robot_description/meshes/collision/HipPitch_0.10.stl
-- Up-to-date: /home/hayden/ros_ws/install/pepper_robot_description/share/pepper_robot_description/meshes/collision/KneePitch_0.10.stl
-- Up-to-date: /home/hayden/ros_ws/install/pepper_robot_description/share/pepper_robot_description/meshes/collision/HeadYaw_0.10.stl
-- Up-to-date: /home/hayden/ros_ws/install/pepper_robot_description/share/pepper_robot_description/meshes/collision/RWristYaw_0.10.stl
-- Up-to-date: /home/hayden/ros_ws/install/pepper_robot_description/share/pepper_robot_description/meshes/collision/LWristYaw_0.10.stl
-- Up-to-date: /home/hayden/ros_ws/install/pepper_robot_description/share/pepper_robot_description/meshes/collision/RFinger43_0.10.stl
-- Up-to-date: /home/hayden/ros_ws/install/pepper_robot_description/share/pepper_robot_description/meshes/collision/WheelB_0.10.stl
-- Up-to-date: /home/hayden/ros_ws/install/pepper_robot_description/share/pepper_robot_description/meshes/collision/RFinger42_0.10.stl
-- Up-to-date: /home/hayden/ros_ws/install/pepper_robot_description/share/pepper_robot_description/meshes/collision/HipRoll_0.10.stl
-- Up-to-date: /home/hayden/ros_ws/install/pepper_robot_description/share/pepper_robot_description/meshes/collision/LShoulderPitch_0.10.stl
-- Up-to-date: /home/hayden/ros_ws/install/pepper_robot_description/share/pepper_robot_description/meshes/collision/LElbowYaw_0.10.stl
-- Up-to-date: /home/hayden/ros_ws/install/pepper_robot_description/share/pepper_robot_description/meshes/collision/LFinger21_0.10.stl
-- Up-to-date: /home/hayden/ros_ws/install/pepper_robot_description/share/pepper_robot_description/meshes/collision/RShoulderPitch_0.10.stl
-- Up-to-date: /home/hayden/ros_ws/install/pepper_robot_description/share/pepper_robot_description/meshes/collision/RFinger22_0.10.stl
-- Up-to-date: /home/hayden/ros_ws/install/pepper_robot_description/share/pepper_robot_description/meshes/collision/RFinger21_0.10.stl
-- Up-to-date: /home/hayden/ros_ws/install/pepper_robot_description/share/pepper_robot_description/meshes/collision/LThumb2_0.10.stl
-- Up-to-date: /home/hayden/ros_ws/install/pepper_robot_description/share/pepper_robot_description/meshes/collision/LFinger32_0.10.stl
-- Up-to-date: /home/hayden/ros_ws/install/pepper_robot_description/share/pepper_robot_description/meshes/visual
-- Up-to-date: /home/hayden/ros_ws/install/pepper_robot_description/share/pepper_robot_description/meshes/visual/LShoulderPitch.dae
-- Up-to-date: /home/hayden/ros_ws/install/pepper_robot_description/share/pepper_robot_description/meshes/visual/LFinger42.dae
-- Up-to-date: /home/hayden/ros_ws/install/pepper_robot_description/share/pepper_robot_description/meshes/visual/LFinger43.dae
-- Up-to-date: /home/hayden/ros_ws/install/pepper_robot_description/share/pepper_robot_description/meshes/visual/WheelB.dae
-- Up-to-date: /home/hayden/ros_ws/install/pepper_robot_description/share/pepper_robot_description/meshes/visual/juliette_eyes.png
-- Up-to-date: /home/hayden/ros_ws/install/pepper_robot_description/share/pepper_robot_description/meshes/visual/LShoulderRoll.dae
-- Up-to-date: /home/hayden/ros_ws/install/pepper_robot_description/share/pepper_robot_description/meshes/visual/RElbowYaw.dae
-- Up-to-date: /home/hayden/ros_ws/install/pepper_robot_description/share/pepper_robot_description/meshes/visual/WheelFL.dae
-- Up-to-date: /home/hayden/ros_ws/install/pepper_robot_description/share/pepper_robot_description/meshes/visual/LFinger33.dae
-- Up-to-date: /home/hayden/ros_ws/install/pepper_robot_description/share/pepper_robot_description/meshes/visual/RFinger43.dae
-- Up-to-date: /home/hayden/ros_ws/install/pepper_robot_description/share/pepper_robot_description/meshes/visual/RShoulderRoll.dae
-- Up-to-date: /home/hayden/ros_ws/install/pepper_robot_description/share/pepper_robot_description/meshes/visual/LElbowYaw.dae
-- Up-to-date: /home/hayden/ros_ws/install/pepper_robot_description/share/pepper_robot_description/meshes/visual/LFinger23.dae
-- Up-to-date: /home/hayden/ros_ws/install/pepper_robot_description/share/pepper_robot_description/meshes/visual/LFinger11.dae
-- Up-to-date: /home/hayden/ros_ws/install/pepper_robot_description/share/pepper_robot_description/meshes/visual/juliette_face.png
-- Up-to-date: /home/hayden/ros_ws/install/pepper_robot_description/share/pepper_robot_description/meshes/visual/RFinger22.dae
-- Up-to-date: /home/hayden/ros_ws/install/pepper_robot_description/share/pepper_robot_description/meshes/visual/LFinger41.dae
-- Up-to-date: /home/hayden/ros_ws/install/pepper_robot_description/share/pepper_robot_description/meshes/visual/LWristYaw.dae
-- Up-to-date: /home/hayden/ros_ws/install/pepper_robot_description/share/pepper_robot_description/meshes/visual/RFinger42.dae
-- Up-to-date: /home/hayden/ros_ws/install/pepper_robot_description/share/pepper_robot_description/meshes/visual/RFinger41.dae
-- Up-to-date: /home/hayden/ros_ws/install/pepper_robot_description/share/pepper_robot_description/meshes/visual/Torso.dae
-- Up-to-date: /home/hayden/ros_ws/install/pepper_robot_description/share/pepper_robot_description/meshes/visual/RFinger12.dae
-- Up-to-date: /home/hayden/ros_ws/install/pepper_robot_description/share/pepper_robot_description/meshes/visual/RFinger32.dae
-- Up-to-date: /home/hayden/ros_ws/install/pepper_robot_description/share/pepper_robot_description/meshes/visual/juliette_ear.png
-- Up-to-date: /home/hayden/ros_ws/install/pepper_robot_description/share/pepper_robot_description/meshes/visual/LFinger13.dae
-- Up-to-date: /home/hayden/ros_ws/install/pepper_robot_description/share/pepper_robot_description/meshes/visual/LThumb1.dae
-- Up-to-date: /home/hayden/ros_ws/install/pepper_robot_description/share/pepper_robot_description/meshes/visual/RShoulderPitch.dae
-- Up-to-date: /home/hayden/ros_ws/install/pepper_robot_description/share/pepper_robot_description/meshes/visual/KneePitch.dae
-- Up-to-date: /home/hayden/ros_ws/install/pepper_robot_description/share/pepper_robot_description/meshes/visual/RFinger33.dae
-- Up-to-date: /home/hayden/ros_ws/install/pepper_robot_description/share/pepper_robot_description/meshes/visual/HipRoll.dae
-- Up-to-date: /home/hayden/ros_ws/install/pepper_robot_description/share/pepper_robot_description/meshes/visual/LElbowRoll.dae
-- Up-to-date: /home/hayden/ros_ws/install/pepper_robot_description/share/pepper_robot_description/meshes/visual/RFinger11.dae
-- Up-to-date: /home/hayden/ros_ws/install/pepper_robot_description/share/pepper_robot_description/meshes/visual/RFinger21.dae
-- Up-to-date: /home/hayden/ros_ws/install/pepper_robot_description/share/pepper_robot_description/meshes/visual/RFinger23.dae
-- Up-to-date: /home/hayden/ros_ws/install/pepper_robot_description/share/pepper_robot_description/meshes/visual/HeadYaw.dae
-- Up-to-date: /home/hayden/ros_ws/install/pepper_robot_description/share/pepper_robot_description/meshes/visual/RThumb2.dae
-- Up-to-date: /home/hayden/ros_ws/install/pepper_robot_description/share/pepper_robot_description/meshes/visual/LThumb2.dae
-- Up-to-date: /home/hayden/ros_ws/install/pepper_robot_description/share/pepper_robot_description/meshes/visual/LFinger32.dae
-- Up-to-date: /home/hayden/ros_ws/install/pepper_robot_description/share/pepper_robot_description/meshes/visual/RFinger13.dae
-- Up-to-date: /home/hayden/ros_ws/install/pepper_robot_description/share/pepper_robot_description/meshes/visual/RFinger31.dae
-- Up-to-date: /home/hayden/ros_ws/install/pepper_robot_description/share/pepper_robot_description/meshes/visual/RWristYaw.dae
-- Up-to-date: /home/hayden/ros_ws/install/pepper_robot_description/share/pepper_robot_description/meshes/visual/LFinger21.dae
-- Up-to-date: /home/hayden/ros_ws/install/pepper_robot_description/share/pepper_robot_description/meshes/visual/LFinger22.dae
-- Up-to-date: /home/hayden/ros_ws/install/pepper_robot_description/share/pepper_robot_description/meshes/visual/RThumb1.dae
-- Up-to-date: /home/hayden/ros_ws/install/pepper_robot_description/share/pepper_robot_description/meshes/visual/WheelFR.dae
-- Up-to-date: /home/hayden/ros_ws/install/pepper_robot_description/share/pepper_robot_description/meshes/visual/RElbowRoll.dae
-- Up-to-date: /home/hayden/ros_ws/install/pepper_robot_description/share/pepper_robot_description/meshes/visual/HipPitch.dae
-- Up-to-date: /home/hayden/ros_ws/install/pepper_robot_description/share/pepper_robot_description/meshes/visual/LFinger12.dae
-- Up-to-date: /home/hayden/ros_ws/install/pepper_robot_description/share/pepper_robot_description/meshes/visual/LFinger31.dae
-- Up-to-date: /home/hayden/ros_ws/install/pepper_robot_description/share/pepper_robot_description/meshes/visual/HeadPitch.dae
-- Up-to-date: /home/hayden/ros_ws/install/pepper_robot_description/share/pepper_robot_description/rviz
-- Up-to-date: /home/hayden/ros_ws/install/pepper_robot_description/share/pepper_robot_description/rviz/view.rviz
-- Up-to-date: /home/hayden/ros_ws/install/pepper_robot_description/share/pepper_robot_description/urdf
-- Up-to-date: /home/hayden/ros_ws/install/pepper_robot_description/share/pepper_robot_description/urdf/pepper_robot.urdf
-- Up-to-date: /home/hayden/ros_ws/install/pepper_robot_description/share/pepper_robot_description/urdf/pepper_robot.ros2_control
-- Up-to-date: /home/hayden/ros_ws/install/pepper_robot_description/share/pepper_robot_description/urdf/pepper_fingers.xacro
-- Up-to-date: /home/hayden/ros_ws/install/pepper_robot_description/share/pepper_robot_description/urdf/pepper_torso.xacro
-- Up-to-date: /home/hayden/ros_ws/install/pepper_robot_description/share/pepper_robot_description/urdf/pepper_legs.xacro
-- Up-to-date: /home/hayden/ros_ws/install/pepper_robot_description/share/pepper_robot_description/urdf/pepper_wheels.xacro
-- Up-to-date: /home/hayden/ros_ws/install/pepper_robot_description/share/pepper_robot_description/urdf/pepper_head.xacro
-- Up-to-date: /home/hayden/ros_ws/install/pepper_robot_description/share/pepper_robot_description/urdf/pepper_robot.urdf.xacro
-- Up-to-date: /home/hayden/ros_ws/install/pepper_robot_description/share/pepper_robot_description/urdf/pepper_sensors.xacro
-- Up-to-date: /home/hayden/ros_ws/install/pepper_robot_description/share/pepper_robot_description/urdf/pepper_robot.gazebo
-- Up-to-date: /home/hayden/ros_ws/install/pepper_robot_description/share/pepper_robot_description/urdf/pepper_arms.xacro
-- Up-to-date: /home/hayden/ros_ws/install/pepper_robot_description/share/pepper_robot_description/urdf/pepper_visual_collisions.xacro
-- Up-to-date: /home/hayden/ros_ws/install/pepper_robot_description/share/pepper_robot_description/launch
-- Up-to-date: /home/hayden/ros_ws/install/pepper_robot_description/share/pepper_robot_description/launch/view_gz.launch.py
-- Up-to-date: /home/hayden/ros_ws/install/pepper_robot_description/share/pepper_robot_description/launch/view.launch.py
-- Up-to-date: /home/hayden/ros_ws/install/pepper_robot_description/share/pepper_robot_description/urdf
-- Up-to-date: /home/hayden/ros_ws/install/pepper_robot_description/share/pepper_robot_description/urdf/pepper_robot.urdf
-- Up-to-date: /home/hayden/ros_ws/install/pepper_robot_description/share/pepper_robot_description/urdf/pepper_robot.ros2_control
-- Up-to-date: /home/hayden/ros_ws/install/pepper_robot_description/share/pepper_robot_description/urdf/pepper_fingers.xacro
-- Up-to-date: /home/hayden/ros_ws/install/pepper_robot_description/share/pepper_robot_description/urdf/pepper_torso.xacro
-- Up-to-date: /home/hayden/ros_ws/install/pepper_robot_description/share/pepper_robot_description/urdf/pepper_legs.xacro
-- Up-to-date: /home/hayden/ros_ws/install/pepper_robot_description/share/pepper_robot_description/urdf/pepper_wheels.xacro
-- Up-to-date: /home/hayden/ros_ws/install/pepper_robot_description/share/pepper_robot_description/urdf/pepper_head.xacro
-- Up-to-date: /home/hayden/ros_ws/install/pepper_robot_description/share/pepper_robot_description/urdf/pepper_robot.urdf.xacro
-- Up-to-date: /home/hayden/ros_ws/install/pepper_robot_description/share/pepper_robot_description/urdf/pepper_sensors.xacro
-- Up-to-date: /home/hayden/ros_ws/install/pepper_robot_description/share/pepper_robot_description/urdf/pepper_robot.gazebo
-- Up-to-date: /home/hayden/ros_ws/install/pepper_robot_description/share/pepper_robot_description/urdf/pepper_arms.xacro
-- Up-to-date: /home/hayden/ros_ws/install/pepper_robot_description/share/pepper_robot_description/urdf/pepper_visual_collisions.xacro
-- Installing: /home/hayden/ros_ws/install/pepper_robot_description/share/pepper_robot_description/meshes
