[0.008s] Invoking command in '/home/hayden/ros_ws/build/pymoveit2': CMAKE_PREFIX_PATH=${CMAKE_PREFIX_PATH}:/opt/ros/humble /usr/bin/cmake --build /home/hayden/ros_ws/build/pymoveit2 -- -j12 -l12
[0.079s] Built target ament_cmake_python_copy_pymoveit2
[0.244s] running egg_info
[0.244s] writing pymoveit2.egg-info/PKG-INFO
[0.244s] writing dependency_links to pymoveit2.egg-info/dependency_links.txt
[0.244s] writing top-level names to pymoveit2.egg-info/top_level.txt
[0.248s] reading manifest file 'pymoveit2.egg-info/SOURCES.txt'
[0.249s] writing manifest file 'pymoveit2.egg-info/SOURCES.txt'
[0.266s] Built target ament_cmake_python_build_pymoveit2_egg
[0.275s] Invoked command in '/home/hayden/ros_ws/build/pymoveit2' returned '0': CMAKE_PREFIX_PATH=${CMAKE_PREFIX_PATH}:/opt/ros/humble /usr/bin/cmake --build /home/hayden/ros_ws/build/pymoveit2 -- -j12 -l12
[0.277s] Invoking command in '/home/hayden/ros_ws/build/pymoveit2': CMAKE_PREFIX_PATH=${CMAKE_PREFIX_PATH}:/opt/ros/humble /usr/bin/cmake --install /home/hayden/ros_ws/build/pymoveit2
[0.282s] -- Install configuration: ""
[0.282s] -- Up-to-date: /home/hayden/ros_ws/install/pymoveit2/share/pymoveit2/environment/pythonpath.sh
[0.282s] -- Up-to-date: /home/hayden/ros_ws/install/pymoveit2/share/pymoveit2/environment/pythonpath.dsv
[0.282s] -- Up-to-date: /home/hayden/ros_ws/install/pymoveit2/local/lib/python3.10/dist-packages/pymoveit2-2.1.0-py3.10.egg-info
[0.282s] -- Installing: /home/hayden/ros_ws/install/pymoveit2/local/lib/python3.10/dist-packages/pymoveit2-2.1.0-py3.10.egg-info/dependency_links.txt
[0.282s] -- Installing: /home/hayden/ros_ws/install/pymoveit2/local/lib/python3.10/dist-packages/pymoveit2-2.1.0-py3.10.egg-info/PKG-INFO
[0.282s] -- Installing: /home/hayden/ros_ws/install/pymoveit2/local/lib/python3.10/dist-packages/pymoveit2-2.1.0-py3.10.egg-info/top_level.txt
[0.282s] -- Installing: /home/hayden/ros_ws/install/pymoveit2/local/lib/python3.10/dist-packages/pymoveit2-2.1.0-py3.10.egg-info/SOURCES.txt
[0.283s] -- Up-to-date: /home/hayden/ros_ws/install/pymoveit2/local/lib/python3.10/dist-packages/pymoveit2
[0.283s] -- Up-to-date: /home/hayden/ros_ws/install/pymoveit2/local/lib/python3.10/dist-packages/pymoveit2/moveit2_gripper.py
[0.283s] -- Up-to-date: /home/hayden/ros_ws/install/pymoveit2/local/lib/python3.10/dist-packages/pymoveit2/gripper_interface.py
[0.283s] -- Up-to-date: /home/hayden/ros_ws/install/pymoveit2/local/lib/python3.10/dist-packages/pymoveit2/robots
[0.283s] -- Up-to-date: /home/hayden/ros_ws/install/pymoveit2/local/lib/python3.10/dist-packages/pymoveit2/robots/panda.py
[0.283s] -- Up-to-date: /home/hayden/ros_ws/install/pymoveit2/local/lib/python3.10/dist-packages/pymoveit2/robots/kinova.py
[0.283s] -- Up-to-date: /home/hayden/ros_ws/install/pymoveit2/local/lib/python3.10/dist-packages/pymoveit2/robots/phantomx_pincher.py
[0.283s] -- Up-to-date: /home/hayden/ros_ws/install/pymoveit2/local/lib/python3.10/dist-packages/pymoveit2/robots/__init__.py
[0.283s] -- Up-to-date: /home/hayden/ros_ws/install/pymoveit2/local/lib/python3.10/dist-packages/pymoveit2/moveit2.py
[0.283s] -- Up-to-date: /home/hayden/ros_ws/install/pymoveit2/local/lib/python3.10/dist-packages/pymoveit2/gripper_command.py
[0.283s] -- Up-to-date: /home/hayden/ros_ws/install/pymoveit2/local/lib/python3.10/dist-packages/pymoveit2/__init__.py
[0.283s] -- Up-to-date: /home/hayden/ros_ws/install/pymoveit2/local/lib/python3.10/dist-packages/pymoveit2/moveit2_servo.py
[0.305s] Listing '/home/hayden/ros_ws/install/pymoveit2/local/lib/python3.10/dist-packages/pymoveit2'...
[0.305s] Listing '/home/hayden/ros_ws/install/pymoveit2/local/lib/python3.10/dist-packages/pymoveit2/robots'...
[0.308s] -- Up-to-date: /home/hayden/ros_ws/install/pymoveit2/lib/pymoveit2/ex_collision_mesh.py
[0.308s] -- Up-to-date: /home/hayden/ros_ws/install/pymoveit2/lib/pymoveit2/ex_collision_primitive.py
[0.308s] -- Up-to-date: /home/hayden/ros_ws/install/pymoveit2/lib/pymoveit2/ex_gripper.py
[0.308s] -- Up-to-date: /home/hayden/ros_ws/install/pymoveit2/lib/pymoveit2/ex_joint_goal.py
[0.308s] -- Up-to-date: /home/hayden/ros_ws/install/pymoveit2/lib/pymoveit2/ex_pose_goal.py
[0.308s] -- Up-to-date: /home/hayden/ros_ws/install/pymoveit2/lib/pymoveit2/ex_servo.py
[0.308s] -- Up-to-date: /home/hayden/ros_ws/install/pymoveit2/share/ament_index/resource_index/package_run_dependencies/pymoveit2
[0.309s] -- Up-to-date: /home/hayden/ros_ws/install/pymoveit2/share/ament_index/resource_index/parent_prefix_path/pymoveit2
[0.309s] -- Up-to-date: /home/hayden/ros_ws/install/pymoveit2/share/pymoveit2/environment/ament_prefix_path.sh
[0.309s] -- Up-to-date: /home/hayden/ros_ws/install/pymoveit2/share/pymoveit2/environment/ament_prefix_path.dsv
[0.309s] -- Up-to-date: /home/hayden/ros_ws/install/pymoveit2/share/pymoveit2/environment/path.sh
[0.309s] -- Up-to-date: /home/hayden/ros_ws/install/pymoveit2/share/pymoveit2/environment/path.dsv
[0.309s] -- Up-to-date: /home/hayden/ros_ws/install/pymoveit2/share/pymoveit2/local_setup.bash
[0.309s] -- Up-to-date: /home/hayden/ros_ws/install/pymoveit2/share/pymoveit2/local_setup.sh
[0.309s] -- Up-to-date: /home/hayden/ros_ws/install/pymoveit2/share/pymoveit2/local_setup.zsh
[0.309s] -- Up-to-date: /home/hayden/ros_ws/install/pymoveit2/share/pymoveit2/local_setup.dsv
[0.309s] -- Installing: /home/hayden/ros_ws/install/pymoveit2/share/pymoveit2/package.dsv
[0.309s] -- Up-to-date: /home/hayden/ros_ws/install/pymoveit2/share/ament_index/resource_index/packages/pymoveit2
[0.309s] -- Up-to-date: /home/hayden/ros_ws/install/pymoveit2/share/pymoveit2/cmake/pymoveit2Config.cmake
[0.309s] -- Up-to-date: /home/hayden/ros_ws/install/pymoveit2/share/pymoveit2/cmake/pymoveit2Config-version.cmake
[0.309s] -- Up-to-date: /home/hayden/ros_ws/install/pymoveit2/share/pymoveit2/package.xml
[0.310s] Invoked command in '/home/hayden/ros_ws/build/pymoveit2' returned '0': CMAKE_PREFIX_PATH=${CMAKE_PREFIX_PATH}:/opt/ros/humble /usr/bin/cmake --install /home/hayden/ros_ws/build/pymoveit2
