[0.016s] Invoking command in '/home/hayden/ros_ws/build/pepper_robot_moveit_config': CMAKE_PREFIX_PATH=/home/hayden/ros_ws/install/pepper_robot_description:/home/hayden/ros_ws/install/pymoveit2:/home/hayden/ros_ws/install/pepper_robot_ign:/home/hayden/ros_ws/install/pepper_robot_moveit_config:/home/hayden/ros_ws/install/pepper_robot:/opt/ros/humble /usr/bin/cmake --build /home/hayden/ros_ws/build/pepper_robot_moveit_config -- -j12 -l12
[0.033s] -- Found ament_cmake: 1.3.14 (/opt/ros/humble/share/ament_cmake/cmake)
[0.118s] -- Found pepper_robot_description: 1.0.0 (/home/hayden/ros_ws/install/pepper_robot_description/share/pepper_robot_description/cmake)
[0.163s] -- Configuring done
[0.168s] -- Generating done
[0.169s] -- Build files have been written to: /home/hayden/ros_ws/build/pepper_robot_moveit_config
[0.186s] Invoked command in '/home/hayden/ros_ws/build/pepper_robot_moveit_config' returned '0': CMAKE_PREFIX_PATH=/home/hayden/ros_ws/install/pepper_robot_description:/home/hayden/ros_ws/install/pymoveit2:/home/hayden/ros_ws/install/pepper_robot_ign:/home/hayden/ros_ws/install/pepper_robot_moveit_config:/home/hayden/ros_ws/install/pepper_robot:/opt/ros/humble /usr/bin/cmake --build /home/hayden/ros_ws/build/pepper_robot_moveit_config -- -j12 -l12
[0.187s] Invoking command in '/home/hayden/ros_ws/build/pepper_robot_moveit_config': CMAKE_PREFIX_PATH=/home/hayden/ros_ws/install/pepper_robot_description:/home/hayden/ros_ws/install/pymoveit2:/home/hayden/ros_ws/install/pepper_robot_ign:/home/hayden/ros_ws/install/pepper_robot_moveit_config:/home/hayden/ros_ws/install/pepper_robot:/opt/ros/humble /usr/bin/cmake --install /home/hayden/ros_ws/build/pepper_robot_moveit_config
[0.193s] -- Install configuration: ""
[0.193s] -- Up-to-date: /home/hayden/ros_ws/install/pepper_robot_moveit_config/share/pepper_robot_moveit_config/config
[0.193s] -- Up-to-date: /home/hayden/ros_ws/install/pepper_robot_moveit_config/share/pepper_robot_moveit_config/config/servo.yaml
[0.193s] -- Up-to-date: /home/hayden/ros_ws/install/pepper_robot_moveit_config/share/pepper_robot_moveit_config/config/controllers_position.yaml
[0.193s] -- Up-to-date: /home/hayden/ros_ws/install/pepper_robot_moveit_config/share/pepper_robot_moveit_config/config/sensors.yaml
[0.193s] -- Up-to-date: /home/hayden/ros_ws/install/pepper_robot_moveit_config/share/pepper_robot_moveit_config/config/ompl_planning.yaml
[0.193s] -- Up-to-date: /home/hayden/ros_ws/install/pepper_robot_moveit_config/share/pepper_robot_moveit_config/config/joint_limits.yaml
[0.193s] -- Up-to-date: /home/hayden/ros_ws/install/pepper_robot_moveit_config/share/pepper_robot_moveit_config/config/moveit_controller_manager.yaml
[0.193s] -- Up-to-date: /home/hayden/ros_ws/install/pepper_robot_moveit_config/share/pepper_robot_moveit_config/config/kinematics.yaml
[0.193s] -- Up-to-date: /home/hayden/ros_ws/install/pepper_robot_moveit_config/share/pepper_robot_moveit_config/config/controllers_effort.yaml
[0.193s] -- Up-to-date: /home/hayden/ros_ws/install/pepper_robot_moveit_config/share/pepper_robot_moveit_config/launch
[0.193s] -- Up-to-date: /home/hayden/ros_ws/install/pepper_robot_moveit_config/share/pepper_robot_moveit_config/launch/move_group.launch.py
[0.193s] -- Up-to-date: /home/hayden/ros_ws/install/pepper_robot_moveit_config/share/pepper_robot_moveit_config/rviz
[0.193s] -- Up-to-date: /home/hayden/ros_ws/install/pepper_robot_moveit_config/share/pepper_robot_moveit_config/rviz/moveit.rviz
[0.193s] -- Up-to-date: /home/hayden/ros_ws/install/pepper_robot_moveit_config/share/pepper_robot_moveit_config/srdf
[0.193s] -- Up-to-date: /home/hayden/ros_ws/install/pepper_robot_moveit_config/share/pepper_robot_moveit_config/srdf/pepper_robot.srdf
[0.193s] -- Up-to-date: /home/hayden/ros_ws/install/pepper_robot_moveit_config/share/ament_index/resource_index/package_run_dependencies/pepper_robot_moveit_config
[0.193s] -- Up-to-date: /home/hayden/ros_ws/install/pepper_robot_moveit_config/share/ament_index/resource_index/parent_prefix_path/pepper_robot_moveit_config
[0.193s] -- Up-to-date: /home/hayden/ros_ws/install/pepper_robot_moveit_config/share/pepper_robot_moveit_config/environment/ament_prefix_path.sh
[0.194s] -- Installing: /home/hayden/ros_ws/install/pepper_robot_moveit_config/share/pepper_robot_moveit_config/environment/ament_prefix_path.dsv
[0.194s] -- Up-to-date: /home/hayden/ros_ws/install/pepper_robot_moveit_config/share/pepper_robot_moveit_config/environment/path.sh
[0.194s] -- Installing: /home/hayden/ros_ws/install/pepper_robot_moveit_config/share/pepper_robot_moveit_config/environment/path.dsv
[0.194s] -- Up-to-date: /home/hayden/ros_ws/install/pepper_robot_moveit_config/share/pepper_robot_moveit_config/local_setup.bash
[0.194s] -- Up-to-date: /home/hayden/ros_ws/install/pepper_robot_moveit_config/share/pepper_robot_moveit_config/local_setup.sh
[0.194s] -- Up-to-date: /home/hayden/ros_ws/install/pepper_robot_moveit_config/share/pepper_robot_moveit_config/local_setup.zsh
[0.194s] -- Installing: /home/hayden/ros_ws/install/pepper_robot_moveit_config/share/pepper_robot_moveit_config/local_setup.dsv
[0.194s] -- Installing: /home/hayden/ros_ws/install/pepper_robot_moveit_config/share/pepper_robot_moveit_config/package.dsv
[0.194s] -- Up-to-date: /home/hayden/ros_ws/install/pepper_robot_moveit_config/share/ament_index/resource_index/packages/pepper_robot_moveit_config
[0.194s] -- Up-to-date: /home/hayden/ros_ws/install/pepper_robot_moveit_config/share/pepper_robot_moveit_config/cmake/pepper_robot_moveit_configConfig.cmake
[0.194s] -- Up-to-date: /home/hayden/ros_ws/install/pepper_robot_moveit_config/share/pepper_robot_moveit_config/cmake/pepper_robot_moveit_configConfig-version.cmake
[0.194s] -- Up-to-date: /home/hayden/ros_ws/install/pepper_robot_moveit_config/share/pepper_robot_moveit_config/package.xml
[0.195s] Invoked command in '/home/hayden/ros_ws/build/pepper_robot_moveit_config' returned '0': CMAKE_PREFIX_PATH=/home/hayden/ros_ws/install/pepper_robot_description:/home/hayden/ros_ws/install/pymoveit2:/home/hayden/ros_ws/install/pepper_robot_ign:/home/hayden/ros_ws/install/pepper_robot_moveit_config:/home/hayden/ros_ws/install/pepper_robot:/opt/ros/humble /usr/bin/cmake --install /home/hayden/ros_ws/build/pepper_robot_moveit_config
