Built target ament_cmake_python_copy_pymoveit2
running egg_info
creating pymoveit2.egg-info
writing pymoveit2.egg-info/PKG-INFO
writing dependency_links to pymoveit2.egg-info/dependency_links.txt
writing top-level names to pymoveit2.egg-info/top_level.txt
writing manifest file 'pymoveit2.egg-info/SOURCES.txt'
reading manifest file 'pymoveit2.egg-info/SOURCES.txt'
writing manifest file 'pymoveit2.egg-info/SOURCES.txt'
Built target ament_cmake_python_build_pymoveit2_egg
-- Install configuration: ""
-- Installing: /home/hayden/ros_ws/install/pymoveit2/share/pymoveit2/environment/pythonpath.sh
-- Installing: /home/hayden/ros_ws/install/pymoveit2/share/pymoveit2/environment/pythonpath.dsv
-- Installing: /home/hayden/ros_ws/install/pymoveit2/local/lib/python3.10/dist-packages/pymoveit2-2.1.0-py3.10.egg-info
-- Installing: /home/hayden/ros_ws/install/pymoveit2/local/lib/python3.10/dist-packages/pymoveit2-2.1.0-py3.10.egg-info/dependency_links.txt
-- Installing: /home/hayden/ros_ws/install/pymoveit2/local/lib/python3.10/dist-packages/pymoveit2-2.1.0-py3.10.egg-info/PKG-INFO
-- Installing: /home/hayden/ros_ws/install/pymoveit2/local/lib/python3.10/dist-packages/pymoveit2-2.1.0-py3.10.egg-info/top_level.txt
-- Installing: /home/hayden/ros_ws/install/pymoveit2/local/lib/python3.10/dist-packages/pymoveit2-2.1.0-py3.10.egg-info/SOURCES.txt
-- Installing: /home/hayden/ros_ws/install/pymoveit2/local/lib/python3.10/dist-packages/pymoveit2
-- Installing: /home/hayden/ros_ws/install/pymoveit2/local/lib/python3.10/dist-packages/pymoveit2/moveit2_gripper.py
-- Installing: /home/hayden/ros_ws/install/pymoveit2/local/lib/python3.10/dist-packages/pymoveit2/gripper_interface.py
-- Installing: /home/hayden/ros_ws/install/pymoveit2/local/lib/python3.10/dist-packages/pymoveit2/robots
-- Installing: /home/hayden/ros_ws/install/pymoveit2/local/lib/python3.10/dist-packages/pymoveit2/robots/panda.py
-- Installing: /home/hayden/ros_ws/install/pymoveit2/local/lib/python3.10/dist-packages/pymoveit2/robots/kinova.py
-- Installing: /home/hayden/ros_ws/install/pymoveit2/local/lib/python3.10/dist-packages/pymoveit2/robots/phantomx_pincher.py
-- Installing: /home/hayden/ros_ws/install/pymoveit2/local/lib/python3.10/dist-packages/pymoveit2/robots/__init__.py
-- Installing: /home/hayden/ros_ws/install/pymoveit2/local/lib/python3.10/dist-packages/pymoveit2/moveit2.py
-- Installing: /home/hayden/ros_ws/install/pymoveit2/local/lib/python3.10/dist-packages/pymoveit2/gripper_command.py
-- Installing: /home/hayden/ros_ws/install/pymoveit2/local/lib/python3.10/dist-packages/pymoveit2/__init__.py
-- Installing: /home/hayden/ros_ws/install/pymoveit2/local/lib/python3.10/dist-packages/pymoveit2/moveit2_servo.py
Listing '/home/hayden/ros_ws/install/pymoveit2/local/lib/python3.10/dist-packages/pymoveit2'...
Compiling '/home/hayden/ros_ws/install/pymoveit2/local/lib/python3.10/dist-packages/pymoveit2/__init__.py'...
Compiling '/home/hayden/ros_ws/install/pymoveit2/local/lib/python3.10/dist-packages/pymoveit2/gripper_command.py'...
Compiling '/home/hayden/ros_ws/install/pymoveit2/local/lib/python3.10/dist-packages/pymoveit2/gripper_interface.py'...
Compiling '/home/hayden/ros_ws/install/pymoveit2/local/lib/python3.10/dist-packages/pymoveit2/moveit2.py'...
Compiling '/home/hayden/ros_ws/install/pymoveit2/local/lib/python3.10/dist-packages/pymoveit2/moveit2_gripper.py'...
Compiling '/home/hayden/ros_ws/install/pymoveit2/local/lib/python3.10/dist-packages/pymoveit2/moveit2_servo.py'...
Listing '/home/hayden/ros_ws/install/pymoveit2/local/lib/python3.10/dist-packages/pymoveit2/robots'...
Compiling '/home/hayden/ros_ws/install/pymoveit2/local/lib/python3.10/dist-packages/pymoveit2/robots/__init__.py'...
Compiling '/home/hayden/ros_ws/install/pymoveit2/local/lib/python3.10/dist-packages/pymoveit2/robots/kinova.py'...
Compiling '/home/hayden/ros_ws/install/pymoveit2/local/lib/python3.10/dist-packages/pymoveit2/robots/panda.py'...
Compiling '/home/hayden/ros_ws/install/pymoveit2/local/lib/python3.10/dist-packages/pymoveit2/robots/phantomx_pincher.py'...
-- Installing: /home/hayden/ros_ws/install/pymoveit2/lib/pymoveit2/ex_collision_mesh.py
-- Installing: /home/hayden/ros_ws/install/pymoveit2/lib/pymoveit2/ex_collision_primitive.py
-- Installing: /home/hayden/ros_ws/install/pymoveit2/lib/pymoveit2/ex_gripper.py
-- Installing: /home/hayden/ros_ws/install/pymoveit2/lib/pymoveit2/ex_joint_goal.py
-- Installing: /home/hayden/ros_ws/install/pymoveit2/lib/pymoveit2/ex_pose_goal.py
-- Installing: /home/hayden/ros_ws/install/pymoveit2/lib/pymoveit2/ex_servo.py
-- Installing: /home/hayden/ros_ws/install/pymoveit2/share/ament_index/resource_index/package_run_dependencies/pymoveit2
-- Installing: /home/hayden/ros_ws/install/pymoveit2/share/ament_index/resource_index/parent_prefix_path/pymoveit2
-- Installing: /home/hayden/ros_ws/install/pymoveit2/share/pymoveit2/environment/ament_prefix_path.sh
-- Installing: /home/hayden/ros_ws/install/pymoveit2/share/pymoveit2/environment/ament_prefix_path.dsv
-- Installing: /home/hayden/ros_ws/install/pymoveit2/share/pymoveit2/environment/path.sh
-- Installing: /home/hayden/ros_ws/install/pymoveit2/share/pymoveit2/environment/path.dsv
-- Installing: /home/hayden/ros_ws/install/pymoveit2/share/pymoveit2/local_setup.bash
-- Installing: /home/hayden/ros_ws/install/pymoveit2/share/pymoveit2/local_setup.sh
-- Installing: /home/hayden/ros_ws/install/pymoveit2/share/pymoveit2/local_setup.zsh
-- Installing: /home/hayden/ros_ws/install/pymoveit2/share/pymoveit2/local_setup.dsv
-- Installing: /home/hayden/ros_ws/install/pymoveit2/share/pymoveit2/package.dsv
-- Installing: /home/hayden/ros_ws/install/pymoveit2/share/ament_index/resource_index/packages/pymoveit2
-- Installing: /home/hayden/ros_ws/install/pymoveit2/share/pymoveit2/cmake/pymoveit2Config.cmake
-- Installing: /home/hayden/ros_ws/install/pymoveit2/share/pymoveit2/cmake/pymoveit2Config-version.cmake
-- Installing: /home/hayden/ros_ws/install/pymoveit2/share/pymoveit2/package.xml
