[0.006s] Invoking command in '/home/hayden/ros_ws/build/pepper_robot_moveit_config': CMAKE_PREFIX_PATH=/home/hayden/ros_ws/install/pepper_robot_description:/home/hayden/ros_ws/install/pymoveit2:/home/hayden/ros_ws/install/pepper_robot_ign:/home/hayden/ros_ws/install/pepper_robot_moveit_config:/home/hayden/ros_ws/install/pepper_robot:/opt/ros/humble /usr/bin/cmake /home/hayden/ros_ws/src/pepper_ign_moveit2/pepper_robot_moveit_config -DCMAKE_INSTALL_PREFIX=/home/hayden/ros_ws/install/pepper_robot_moveit_config
[0.052s] -- The C compiler identification is GNU 11.4.0
[0.095s] -- The CXX compiler identification is GNU 11.4.0
[0.100s] -- Detecting C compiler ABI info
[0.156s] -- Detecting C compiler ABI info - done
[0.162s] -- Check for working C compiler: /usr/bin/cc - skipped
[0.162s] -- Detecting C compile features
[0.163s] -- Detecting C compile features - done
[0.165s] -- Detecting CXX compiler ABI info
[0.230s] -- Detecting CXX compiler ABI info - done
[0.235s] -- Check for working CXX compiler: /usr/bin/c++ - skipped
[0.235s] -- Detecting CXX compile features
[0.235s] -- Detecting CXX compile features - done
[0.238s] -- Found ament_cmake: 1.3.14 (/opt/ros/humble/share/ament_cmake/cmake)
[0.347s] -- Found Python3: /usr/bin/python3 (found version "3.10.12") found components: Interpreter 
[0.421s] -- Found pepper_robot_description: 1.0.0 (/home/hayden/ros_ws/install/pepper_robot_description/share/pepper_robot_description/cmake)
[0.467s] -- Configuring done
[0.469s] -- Generating done
[0.471s] -- Build files have been written to: /home/hayden/ros_ws/build/pepper_robot_moveit_config
[0.476s] Invoked command in '/home/hayden/ros_ws/build/pepper_robot_moveit_config' returned '0': CMAKE_PREFIX_PATH=/home/hayden/ros_ws/install/pepper_robot_description:/home/hayden/ros_ws/install/pymoveit2:/home/hayden/ros_ws/install/pepper_robot_ign:/home/hayden/ros_ws/install/pepper_robot_moveit_config:/home/hayden/ros_ws/install/pepper_robot:/opt/ros/humble /usr/bin/cmake /home/hayden/ros_ws/src/pepper_ign_moveit2/pepper_robot_moveit_config -DCMAKE_INSTALL_PREFIX=/home/hayden/ros_ws/install/pepper_robot_moveit_config
[0.477s] Invoking command in '/home/hayden/ros_ws/build/pepper_robot_moveit_config': CMAKE_PREFIX_PATH=/home/hayden/ros_ws/install/pepper_robot_description:/home/hayden/ros_ws/install/pymoveit2:/home/hayden/ros_ws/install/pepper_robot_ign:/home/hayden/ros_ws/install/pepper_robot_moveit_config:/home/hayden/ros_ws/install/pepper_robot:/opt/ros/humble /usr/bin/cmake --build /home/hayden/ros_ws/build/pepper_robot_moveit_config -- -j12 -l12
[0.511s] Invoked command in '/home/hayden/ros_ws/build/pepper_robot_moveit_config' returned '0': CMAKE_PREFIX_PATH=/home/hayden/ros_ws/install/pepper_robot_description:/home/hayden/ros_ws/install/pymoveit2:/home/hayden/ros_ws/install/pepper_robot_ign:/home/hayden/ros_ws/install/pepper_robot_moveit_config:/home/hayden/ros_ws/install/pepper_robot:/opt/ros/humble /usr/bin/cmake --build /home/hayden/ros_ws/build/pepper_robot_moveit_config -- -j12 -l12
[0.512s] Invoking command in '/home/hayden/ros_ws/build/pepper_robot_moveit_config': CMAKE_PREFIX_PATH=/home/hayden/ros_ws/install/pepper_robot_description:/home/hayden/ros_ws/install/pymoveit2:/home/hayden/ros_ws/install/pepper_robot_ign:/home/hayden/ros_ws/install/pepper_robot_moveit_config:/home/hayden/ros_ws/install/pepper_robot:/opt/ros/humble /usr/bin/cmake --install /home/hayden/ros_ws/build/pepper_robot_moveit_config
[0.518s] -- Install configuration: ""
[0.518s] -- Installing: /home/hayden/ros_ws/install/pepper_robot_moveit_config/share/pepper_robot_moveit_config/config
[0.518s] -- Installing: /home/hayden/ros_ws/install/pepper_robot_moveit_config/share/pepper_robot_moveit_config/config/servo.yaml
[0.518s] -- Installing: /home/hayden/ros_ws/install/pepper_robot_moveit_config/share/pepper_robot_moveit_config/config/controllers_position.yaml
[0.518s] -- Installing: /home/hayden/ros_ws/install/pepper_robot_moveit_config/share/pepper_robot_moveit_config/config/sensors.yaml
[0.518s] -- Installing: /home/hayden/ros_ws/install/pepper_robot_moveit_config/share/pepper_robot_moveit_config/config/ompl_planning.yaml
[0.519s] -- Installing: /home/hayden/ros_ws/install/pepper_robot_moveit_config/share/pepper_robot_moveit_config/config/joint_limits.yaml
[0.519s] -- Installing: /home/hayden/ros_ws/install/pepper_robot_moveit_config/share/pepper_robot_moveit_config/config/moveit_controller_manager.yaml
[0.519s] -- Installing: /home/hayden/ros_ws/install/pepper_robot_moveit_config/share/pepper_robot_moveit_config/config/kinematics.yaml
[0.519s] -- Installing: /home/hayden/ros_ws/install/pepper_robot_moveit_config/share/pepper_robot_moveit_config/config/controllers_effort.yaml
[0.519s] -- Installing: /home/hayden/ros_ws/install/pepper_robot_moveit_config/share/pepper_robot_moveit_config/launch
[0.519s] -- Installing: /home/hayden/ros_ws/install/pepper_robot_moveit_config/share/pepper_robot_moveit_config/launch/move_group.launch.py
[0.519s] -- Installing: /home/hayden/ros_ws/install/pepper_robot_moveit_config/share/pepper_robot_moveit_config/rviz
[0.519s] -- Installing: /home/hayden/ros_ws/install/pepper_robot_moveit_config/share/pepper_robot_moveit_config/rviz/moveit.rviz
[0.520s] -- Installing: /home/hayden/ros_ws/install/pepper_robot_moveit_config/share/pepper_robot_moveit_config/srdf
[0.520s] -- Installing: /home/hayden/ros_ws/install/pepper_robot_moveit_config/share/pepper_robot_moveit_config/srdf/pepper_robot.srdf
[0.521s] -- Installing: /home/hayden/ros_ws/install/pepper_robot_moveit_config/share/ament_index/resource_index/package_run_dependencies/pepper_robot_moveit_config
[0.521s] -- Installing: /home/hayden/ros_ws/install/pepper_robot_moveit_config/share/ament_index/resource_index/parent_prefix_path/pepper_robot_moveit_config
[0.521s] -- Installing: /home/hayden/ros_ws/install/pepper_robot_moveit_config/share/pepper_robot_moveit_config/environment/ament_prefix_path.sh
[0.521s] -- Installing: /home/hayden/ros_ws/install/pepper_robot_moveit_config/share/pepper_robot_moveit_config/environment/ament_prefix_path.dsv
[0.521s] -- Installing: /home/hayden/ros_ws/install/pepper_robot_moveit_config/share/pepper_robot_moveit_config/environment/path.sh
[0.521s] -- Installing: /home/hayden/ros_ws/install/pepper_robot_moveit_config/share/pepper_robot_moveit_config/environment/path.dsv
[0.522s] -- Installing: /home/hayden/ros_ws/install/pepper_robot_moveit_config/share/pepper_robot_moveit_config/local_setup.bash
[0.522s] -- Installing: /home/hayden/ros_ws/install/pepper_robot_moveit_config/share/pepper_robot_moveit_config/local_setup.sh
[0.522s] -- Installing: /home/hayden/ros_ws/install/pepper_robot_moveit_config/share/pepper_robot_moveit_config/local_setup.zsh
[0.522s] -- Installing: /home/hayden/ros_ws/install/pepper_robot_moveit_config/share/pepper_robot_moveit_config/local_setup.dsv
[0.522s] -- Installing: /home/hayden/ros_ws/install/pepper_robot_moveit_config/share/pepper_robot_moveit_config/package.dsv
[0.522s] -- Installing: /home/hayden/ros_ws/install/pepper_robot_moveit_config/share/ament_index/resource_index/packages/pepper_robot_moveit_config
[0.522s] -- Installing: /home/hayden/ros_ws/install/pepper_robot_moveit_config/share/pepper_robot_moveit_config/cmake/pepper_robot_moveit_configConfig.cmake
[0.522s] -- Installing: /home/hayden/ros_ws/install/pepper_robot_moveit_config/share/pepper_robot_moveit_config/cmake/pepper_robot_moveit_configConfig-version.cmake
[0.522s] -- Installing: /home/hayden/ros_ws/install/pepper_robot_moveit_config/share/pepper_robot_moveit_config/package.xml
[0.524s] Invoked command in '/home/hayden/ros_ws/build/pepper_robot_moveit_config' returned '0': CMAKE_PREFIX_PATH=/home/hayden/ros_ws/install/pepper_robot_description:/home/hayden/ros_ws/install/pymoveit2:/home/hayden/ros_ws/install/pepper_robot_ign:/home/hayden/ros_ws/install/pepper_robot_moveit_config:/home/hayden/ros_ws/install/pepper_robot:/opt/ros/humble /usr/bin/cmake --install /home/hayden/ros_ws/build/pepper_robot_moveit_config
