[0.093s] DEBUG:colcon:Command line arguments: ['/usr/bin/colcon', 'build', '--symlink-install']
[0.093s] DEBUG:colcon:Parsed command line arguments: Namespace(log_base=None, log_level=None, verb_name='build', build_base='build', install_base='install', merge_install=False, symlink_install=True, test_result_base=None, continue_on_error=False, executor='parallel', parallel_workers=12, event_handlers=None, ignore_user_meta=False, metas=['./colcon.meta'], base_paths=['.'], packages_ignore=None, packages_ignore_regex=None, paths=None, packages_up_to=None, packages_up_to_regex=None, packages_above=None, packages_above_and_dependencies=None, packages_above_depth=None, packages_select_by_dep=None, packages_skip_by_dep=None, packages_skip_up_to=None, packages_select_build_failed=False, packages_skip_build_finished=False, packages_select_test_failures=False, packages_skip_test_passed=False, packages_select=None, packages_skip=None, packages_select_regex=None, packages_skip_regex=None, packages_start=None, packages_end=None, allow_overriding=[], cmake_args=None, cmake_target=None, cmake_target_skip_unavailable=False, cmake_clean_cache=False, cmake_clean_first=False, cmake_force_configure=False, ament_cmake_args=None, catkin_cmake_args=None, catkin_skip_building_tests=False, mixin_files=None, mixin=None, verb_parser=<colcon_mixin.mixin.mixin_argument.MixinArgumentDecorator object at 0x799030bd17e0>, verb_extension=<colcon_core.verb.build.BuildVerb object at 0x799030cd67d0>, main=<bound method BuildVerb.main of <colcon_core.verb.build.BuildVerb object at 0x799030cd67d0>>, mixin_verb=('build',))
[0.261s] Level 1:colcon.colcon_core.package_discovery:discover_packages(colcon_meta) check parameters
[0.262s] Level 1:colcon.colcon_core.package_discovery:discover_packages(recursive) check parameters
[0.262s] Level 1:colcon.colcon_core.package_discovery:discover_packages(ignore) check parameters
[0.262s] Level 1:colcon.colcon_core.package_discovery:discover_packages(path) check parameters
[0.262s] Level 1:colcon.colcon_core.package_discovery:discover_packages(colcon_meta) discover
[0.262s] Level 1:colcon.colcon_core.package_discovery:discover_packages(recursive) discover
[0.262s] INFO:colcon.colcon_core.package_discovery:Crawling recursively for packages in '/home/hayden/ros_ws'
[0.262s] Level 1:colcon.colcon_core.package_identification:_identify(.) by extensions ['ignore', 'ignore_ament_install']
[0.262s] Level 1:colcon.colcon_core.package_identification:_identify(.) by extension 'ignore'
[0.262s] Level 1:colcon.colcon_core.package_identification:_identify(.) by extension 'ignore_ament_install'
[0.262s] Level 1:colcon.colcon_core.package_identification:_identify(.) by extensions ['colcon_pkg']
[0.262s] Level 1:colcon.colcon_core.package_identification:_identify(.) by extension 'colcon_pkg'
[0.262s] Level 1:colcon.colcon_core.package_identification:_identify(.) by extensions ['colcon_meta']
[0.262s] Level 1:colcon.colcon_core.package_identification:_identify(.) by extension 'colcon_meta'
[0.262s] Level 1:colcon.colcon_core.package_identification:_identify(.) by extensions ['ros']
[0.262s] Level 1:colcon.colcon_core.package_identification:_identify(.) by extension 'ros'
[0.272s] Level 1:colcon.colcon_core.package_identification:_identify(.) by extensions ['cmake', 'python']
[0.272s] Level 1:colcon.colcon_core.package_identification:_identify(.) by extension 'cmake'
[0.272s] Level 1:colcon.colcon_core.package_identification:_identify(.) by extension 'python'
[0.272s] Level 1:colcon.colcon_core.package_identification:_identify(.) by extensions ['python_setup_py']
[0.272s] Level 1:colcon.colcon_core.package_identification:_identify(.) by extension 'python_setup_py'
[0.272s] Level 1:colcon.colcon_core.package_identification:_identify(build) by extensions ['ignore', 'ignore_ament_install']
[0.272s] Level 1:colcon.colcon_core.package_identification:_identify(build) by extension 'ignore'
[0.272s] Level 1:colcon.colcon_core.package_identification:_identify(build) ignored
[0.272s] Level 1:colcon.colcon_core.package_identification:_identify(install) by extensions ['ignore', 'ignore_ament_install']
[0.273s] Level 1:colcon.colcon_core.package_identification:_identify(install) by extension 'ignore'
[0.273s] Level 1:colcon.colcon_core.package_identification:_identify(install) ignored
[0.273s] Level 1:colcon.colcon_core.package_identification:_identify(log) by extensions ['ignore', 'ignore_ament_install']
[0.273s] Level 1:colcon.colcon_core.package_identification:_identify(log) by extension 'ignore'
[0.273s] Level 1:colcon.colcon_core.package_identification:_identify(log) ignored
[0.273s] Level 1:colcon.colcon_core.package_identification:_identify(src) by extensions ['ignore', 'ignore_ament_install']
[0.273s] Level 1:colcon.colcon_core.package_identification:_identify(src) by extension 'ignore'
[0.273s] Level 1:colcon.colcon_core.package_identification:_identify(src) by extension 'ignore_ament_install'
[0.273s] Level 1:colcon.colcon_core.package_identification:_identify(src) by extensions ['colcon_pkg']
[0.273s] Level 1:colcon.colcon_core.package_identification:_identify(src) by extension 'colcon_pkg'
[0.273s] Level 1:colcon.colcon_core.package_identification:_identify(src) by extensions ['colcon_meta']
[0.273s] Level 1:colcon.colcon_core.package_identification:_identify(src) by extension 'colcon_meta'
[0.273s] Level 1:colcon.colcon_core.package_identification:_identify(src) by extensions ['ros']
[0.273s] Level 1:colcon.colcon_core.package_identification:_identify(src) by extension 'ros'
[0.273s] Level 1:colcon.colcon_core.package_identification:_identify(src) by extensions ['cmake', 'python']
[0.273s] Level 1:colcon.colcon_core.package_identification:_identify(src) by extension 'cmake'
[0.273s] Level 1:colcon.colcon_core.package_identification:_identify(src) by extension 'python'
[0.273s] Level 1:colcon.colcon_core.package_identification:_identify(src) by extensions ['python_setup_py']
[0.273s] Level 1:colcon.colcon_core.package_identification:_identify(src) by extension 'python_setup_py'
[0.273s] Level 1:colcon.colcon_core.package_identification:_identify(src/pepper_ign_moveit2) by extensions ['ignore', 'ignore_ament_install']
[0.273s] Level 1:colcon.colcon_core.package_identification:_identify(src/pepper_ign_moveit2) by extension 'ignore'
[0.273s] Level 1:colcon.colcon_core.package_identification:_identify(src/pepper_ign_moveit2) by extension 'ignore_ament_install'
[0.273s] Level 1:colcon.colcon_core.package_identification:_identify(src/pepper_ign_moveit2) by extensions ['colcon_pkg']
[0.273s] Level 1:colcon.colcon_core.package_identification:_identify(src/pepper_ign_moveit2) by extension 'colcon_pkg'
[0.273s] Level 1:colcon.colcon_core.package_identification:_identify(src/pepper_ign_moveit2) by extensions ['colcon_meta']
[0.273s] Level 1:colcon.colcon_core.package_identification:_identify(src/pepper_ign_moveit2) by extension 'colcon_meta'
[0.273s] Level 1:colcon.colcon_core.package_identification:_identify(src/pepper_ign_moveit2) by extensions ['ros']
[0.274s] Level 1:colcon.colcon_core.package_identification:_identify(src/pepper_ign_moveit2) by extension 'ros'
[0.274s] Level 1:colcon.colcon_core.package_identification:_identify(src/pepper_ign_moveit2) by extensions ['cmake', 'python']
[0.274s] Level 1:colcon.colcon_core.package_identification:_identify(src/pepper_ign_moveit2) by extension 'cmake'
[0.274s] Level 1:colcon.colcon_core.package_identification:_identify(src/pepper_ign_moveit2) by extension 'python'
[0.274s] Level 1:colcon.colcon_core.package_identification:_identify(src/pepper_ign_moveit2) by extensions ['python_setup_py']
[0.274s] Level 1:colcon.colcon_core.package_identification:_identify(src/pepper_ign_moveit2) by extension 'python_setup_py'
[0.274s] Level 1:colcon.colcon_core.package_identification:_identify(src/pepper_ign_moveit2/pepper_robot) by extensions ['ignore', 'ignore_ament_install']
[0.274s] Level 1:colcon.colcon_core.package_identification:_identify(src/pepper_ign_moveit2/pepper_robot) by extension 'ignore'
[0.274s] Level 1:colcon.colcon_core.package_identification:_identify(src/pepper_ign_moveit2/pepper_robot) by extension 'ignore_ament_install'
[0.274s] Level 1:colcon.colcon_core.package_identification:_identify(src/pepper_ign_moveit2/pepper_robot) by extensions ['colcon_pkg']
[0.274s] Level 1:colcon.colcon_core.package_identification:_identify(src/pepper_ign_moveit2/pepper_robot) by extension 'colcon_pkg'
[0.274s] Level 1:colcon.colcon_core.package_identification:_identify(src/pepper_ign_moveit2/pepper_robot) by extensions ['colcon_meta']
[0.274s] Level 1:colcon.colcon_core.package_identification:_identify(src/pepper_ign_moveit2/pepper_robot) by extension 'colcon_meta'
[0.274s] Level 1:colcon.colcon_core.package_identification:_identify(src/pepper_ign_moveit2/pepper_robot) by extensions ['ros']
[0.274s] Level 1:colcon.colcon_core.package_identification:_identify(src/pepper_ign_moveit2/pepper_robot) by extension 'ros'
[0.276s] DEBUG:colcon.colcon_core.package_identification:Package 'src/pepper_ign_moveit2/pepper_robot' with type 'ros.ament_cmake' and name 'pepper_robot'
[0.276s] Level 1:colcon.colcon_core.package_identification:_identify(src/pepper_ign_moveit2/pepper_robot_description) by extensions ['ignore', 'ignore_ament_install']
[0.276s] Level 1:colcon.colcon_core.package_identification:_identify(src/pepper_ign_moveit2/pepper_robot_description) by extension 'ignore'
[0.276s] Level 1:colcon.colcon_core.package_identification:_identify(src/pepper_ign_moveit2/pepper_robot_description) by extension 'ignore_ament_install'
[0.276s] Level 1:colcon.colcon_core.package_identification:_identify(src/pepper_ign_moveit2/pepper_robot_description) by extensions ['colcon_pkg']
[0.276s] Level 1:colcon.colcon_core.package_identification:_identify(src/pepper_ign_moveit2/pepper_robot_description) by extension 'colcon_pkg'
[0.276s] Level 1:colcon.colcon_core.package_identification:_identify(src/pepper_ign_moveit2/pepper_robot_description) by extensions ['colcon_meta']
[0.277s] Level 1:colcon.colcon_core.package_identification:_identify(src/pepper_ign_moveit2/pepper_robot_description) by extension 'colcon_meta'
[0.277s] Level 1:colcon.colcon_core.package_identification:_identify(src/pepper_ign_moveit2/pepper_robot_description) by extensions ['ros']
[0.277s] Level 1:colcon.colcon_core.package_identification:_identify(src/pepper_ign_moveit2/pepper_robot_description) by extension 'ros'
[0.277s] DEBUG:colcon.colcon_core.package_identification:Package 'src/pepper_ign_moveit2/pepper_robot_description' with type 'ros.ament_cmake' and name 'pepper_robot_description'
[0.277s] Level 1:colcon.colcon_core.package_identification:_identify(src/pepper_ign_moveit2/pepper_robot_ign) by extensions ['ignore', 'ignore_ament_install']
[0.277s] Level 1:colcon.colcon_core.package_identification:_identify(src/pepper_ign_moveit2/pepper_robot_ign) by extension 'ignore'
[0.277s] Level 1:colcon.colcon_core.package_identification:_identify(src/pepper_ign_moveit2/pepper_robot_ign) by extension 'ignore_ament_install'
[0.277s] Level 1:colcon.colcon_core.package_identification:_identify(src/pepper_ign_moveit2/pepper_robot_ign) by extensions ['colcon_pkg']
[0.277s] Level 1:colcon.colcon_core.package_identification:_identify(src/pepper_ign_moveit2/pepper_robot_ign) by extension 'colcon_pkg'
[0.277s] Level 1:colcon.colcon_core.package_identification:_identify(src/pepper_ign_moveit2/pepper_robot_ign) by extensions ['colcon_meta']
[0.277s] Level 1:colcon.colcon_core.package_identification:_identify(src/pepper_ign_moveit2/pepper_robot_ign) by extension 'colcon_meta'
[0.277s] Level 1:colcon.colcon_core.package_identification:_identify(src/pepper_ign_moveit2/pepper_robot_ign) by extensions ['ros']
[0.277s] Level 1:colcon.colcon_core.package_identification:_identify(src/pepper_ign_moveit2/pepper_robot_ign) by extension 'ros'
[0.278s] DEBUG:colcon.colcon_core.package_identification:Package 'src/pepper_ign_moveit2/pepper_robot_ign' with type 'ros.ament_cmake' and name 'pepper_robot_ign'
[0.278s] Level 1:colcon.colcon_core.package_identification:_identify(src/pepper_ign_moveit2/pepper_robot_moveit_config) by extensions ['ignore', 'ignore_ament_install']
[0.278s] Level 1:colcon.colcon_core.package_identification:_identify(src/pepper_ign_moveit2/pepper_robot_moveit_config) by extension 'ignore'
[0.278s] Level 1:colcon.colcon_core.package_identification:_identify(src/pepper_ign_moveit2/pepper_robot_moveit_config) by extension 'ignore_ament_install'
[0.278s] Level 1:colcon.colcon_core.package_identification:_identify(src/pepper_ign_moveit2/pepper_robot_moveit_config) by extensions ['colcon_pkg']
[0.278s] Level 1:colcon.colcon_core.package_identification:_identify(src/pepper_ign_moveit2/pepper_robot_moveit_config) by extension 'colcon_pkg'
[0.278s] Level 1:colcon.colcon_core.package_identification:_identify(src/pepper_ign_moveit2/pepper_robot_moveit_config) by extensions ['colcon_meta']
[0.278s] Level 1:colcon.colcon_core.package_identification:_identify(src/pepper_ign_moveit2/pepper_robot_moveit_config) by extension 'colcon_meta'
[0.278s] Level 1:colcon.colcon_core.package_identification:_identify(src/pepper_ign_moveit2/pepper_robot_moveit_config) by extensions ['ros']
[0.278s] Level 1:colcon.colcon_core.package_identification:_identify(src/pepper_ign_moveit2/pepper_robot_moveit_config) by extension 'ros'
[0.279s] DEBUG:colcon.colcon_core.package_identification:Package 'src/pepper_ign_moveit2/pepper_robot_moveit_config' with type 'ros.ament_cmake' and name 'pepper_robot_moveit_config'
[0.279s] Level 1:colcon.colcon_core.package_identification:_identify(src/pepper_ign_moveit2/vid) by extensions ['ignore', 'ignore_ament_install']
[0.279s] Level 1:colcon.colcon_core.package_identification:_identify(src/pepper_ign_moveit2/vid) by extension 'ignore'
[0.279s] Level 1:colcon.colcon_core.package_identification:_identify(src/pepper_ign_moveit2/vid) by extension 'ignore_ament_install'
[0.279s] Level 1:colcon.colcon_core.package_identification:_identify(src/pepper_ign_moveit2/vid) by extensions ['colcon_pkg']
[0.279s] Level 1:colcon.colcon_core.package_identification:_identify(src/pepper_ign_moveit2/vid) by extension 'colcon_pkg'
[0.279s] Level 1:colcon.colcon_core.package_identification:_identify(src/pepper_ign_moveit2/vid) by extensions ['colcon_meta']
[0.279s] Level 1:colcon.colcon_core.package_identification:_identify(src/pepper_ign_moveit2/vid) by extension 'colcon_meta'
[0.279s] Level 1:colcon.colcon_core.package_identification:_identify(src/pepper_ign_moveit2/vid) by extensions ['ros']
[0.279s] Level 1:colcon.colcon_core.package_identification:_identify(src/pepper_ign_moveit2/vid) by extension 'ros'
[0.279s] Level 1:colcon.colcon_core.package_identification:_identify(src/pepper_ign_moveit2/vid) by extensions ['cmake', 'python']
[0.279s] Level 1:colcon.colcon_core.package_identification:_identify(src/pepper_ign_moveit2/vid) by extension 'cmake'
[0.279s] Level 1:colcon.colcon_core.package_identification:_identify(src/pepper_ign_moveit2/vid) by extension 'python'
[0.279s] Level 1:colcon.colcon_core.package_identification:_identify(src/pepper_ign_moveit2/vid) by extensions ['python_setup_py']
[0.279s] Level 1:colcon.colcon_core.package_identification:_identify(src/pepper_ign_moveit2/vid) by extension 'python_setup_py'
[0.280s] Level 1:colcon.colcon_core.package_identification:_identify(src/pymoveit2) by extensions ['ignore', 'ignore_ament_install']
[0.280s] Level 1:colcon.colcon_core.package_identification:_identify(src/pymoveit2) by extension 'ignore'
[0.280s] Level 1:colcon.colcon_core.package_identification:_identify(src/pymoveit2) by extension 'ignore_ament_install'
[0.280s] Level 1:colcon.colcon_core.package_identification:_identify(src/pymoveit2) by extensions ['colcon_pkg']
[0.280s] Level 1:colcon.colcon_core.package_identification:_identify(src/pymoveit2) by extension 'colcon_pkg'
[0.280s] Level 1:colcon.colcon_core.package_identification:_identify(src/pymoveit2) by extensions ['colcon_meta']
[0.280s] Level 1:colcon.colcon_core.package_identification:_identify(src/pymoveit2) by extension 'colcon_meta'
[0.280s] Level 1:colcon.colcon_core.package_identification:_identify(src/pymoveit2) by extensions ['ros']
[0.280s] Level 1:colcon.colcon_core.package_identification:_identify(src/pymoveit2) by extension 'ros'
[0.280s] DEBUG:colcon.colcon_core.package_identification:Package 'src/pymoveit2' with type 'ros.ament_cmake' and name 'pymoveit2'
[0.280s] Level 1:colcon.colcon_core.package_discovery:discover_packages(recursive) using defaults
[0.280s] Level 1:colcon.colcon_core.package_discovery:discover_packages(ignore) discover
[0.280s] Level 1:colcon.colcon_core.package_discovery:discover_packages(ignore) using defaults
[0.280s] Level 1:colcon.colcon_core.package_discovery:discover_packages(path) discover
[0.280s] Level 1:colcon.colcon_core.package_discovery:discover_packages(path) using defaults
[0.303s] Level 1:colcon.colcon_core.package_discovery:discover_packages(prefix_path) check parameters
[0.303s] Level 1:colcon.colcon_core.package_discovery:discover_packages(prefix_path) discover
[0.304s] WARNING:colcon.colcon_ros.prefix_path.catkin:The path '/home/hayden/ros_ws/install/pymoveit2' in the environment variable CMAKE_PREFIX_PATH doesn't exist
[0.304s] WARNING:colcon.colcon_ros.prefix_path.catkin:The path '/home/hayden/ros_ws/install/pepper_robot_ign' in the environment variable CMAKE_PREFIX_PATH doesn't exist
[0.304s] WARNING:colcon.colcon_ros.prefix_path.catkin:The path '/home/hayden/ros_ws/install/pepper_robot_moveit_config' in the environment variable CMAKE_PREFIX_PATH doesn't exist
[0.304s] WARNING:colcon.colcon_ros.prefix_path.catkin:The path '/home/hayden/ros_ws/install/pepper_robot_description' in the environment variable CMAKE_PREFIX_PATH doesn't exist
[0.304s] WARNING:colcon.colcon_ros.prefix_path.catkin:The path '/home/hayden/ros_ws/install/pepper_robot' in the environment variable CMAKE_PREFIX_PATH doesn't exist
[0.305s] DEBUG:colcon.colcon_installed_package_information.package_discovery:Found 0 installed packages in /home/hayden/ros_ws/install
[0.305s] DEBUG:colcon.colcon_installed_package_information.package_discovery:Found 1 installed packages in /home/hayden/install
[0.306s] DEBUG:colcon.colcon_installed_package_information.package_discovery:Found 376 installed packages in /opt/ros/humble
[0.308s] Level 1:colcon.colcon_core.package_discovery:discover_packages(prefix_path) using defaults
[0.337s] Level 5:colcon.colcon_core.verb:set package 'pepper_robot_description' build argument 'cmake_args' from command line to 'None'
[0.338s] Level 5:colcon.colcon_core.verb:set package 'pepper_robot_description' build argument 'cmake_target' from command line to 'None'
[0.338s] Level 5:colcon.colcon_core.verb:set package 'pepper_robot_description' build argument 'cmake_target_skip_unavailable' from command line to 'False'
[0.338s] Level 5:colcon.colcon_core.verb:set package 'pepper_robot_description' build argument 'cmake_clean_cache' from command line to 'False'
[0.338s] Level 5:colcon.colcon_core.verb:set package 'pepper_robot_description' build argument 'cmake_clean_first' from command line to 'False'
[0.338s] Level 5:colcon.colcon_core.verb:set package 'pepper_robot_description' build argument 'cmake_force_configure' from command line to 'False'
[0.338s] Level 5:colcon.colcon_core.verb:set package 'pepper_robot_description' build argument 'ament_cmake_args' from command line to 'None'
[0.338s] Level 5:colcon.colcon_core.verb:set package 'pepper_robot_description' build argument 'catkin_cmake_args' from command line to 'None'
[0.338s] Level 5:colcon.colcon_core.verb:set package 'pepper_robot_description' build argument 'catkin_skip_building_tests' from command line to 'False'
[0.338s] DEBUG:colcon.colcon_core.verb:Building package 'pepper_robot_description' with the following arguments: {'ament_cmake_args': None, 'build_base': '/home/hayden/ros_ws/build/pepper_robot_description', 'catkin_cmake_args': None, 'catkin_skip_building_tests': False, 'cmake_args': None, 'cmake_clean_cache': False, 'cmake_clean_first': False, 'cmake_force_configure': False, 'cmake_target': None, 'cmake_target_skip_unavailable': False, 'install_base': '/home/hayden/ros_ws/install/pepper_robot_description', 'merge_install': False, 'path': '/home/hayden/ros_ws/src/pepper_ign_moveit2/pepper_robot_description', 'symlink_install': True, 'test_result_base': None}
[0.338s] Level 5:colcon.colcon_core.verb:set package 'pymoveit2' build argument 'cmake_args' from command line to 'None'
[0.338s] Level 5:colcon.colcon_core.verb:set package 'pymoveit2' build argument 'cmake_target' from command line to 'None'
[0.338s] Level 5:colcon.colcon_core.verb:set package 'pymoveit2' build argument 'cmake_target_skip_unavailable' from command line to 'False'
[0.338s] Level 5:colcon.colcon_core.verb:set package 'pymoveit2' build argument 'cmake_clean_cache' from command line to 'False'
[0.338s] Level 5:colcon.colcon_core.verb:set package 'pymoveit2' build argument 'cmake_clean_first' from command line to 'False'
[0.338s] Level 5:colcon.colcon_core.verb:set package 'pymoveit2' build argument 'cmake_force_configure' from command line to 'False'
[0.338s] Level 5:colcon.colcon_core.verb:set package 'pymoveit2' build argument 'ament_cmake_args' from command line to 'None'
[0.338s] Level 5:colcon.colcon_core.verb:set package 'pymoveit2' build argument 'catkin_cmake_args' from command line to 'None'
[0.338s] Level 5:colcon.colcon_core.verb:set package 'pymoveit2' build argument 'catkin_skip_building_tests' from command line to 'False'
[0.338s] DEBUG:colcon.colcon_core.verb:Building package 'pymoveit2' with the following arguments: {'ament_cmake_args': None, 'build_base': '/home/hayden/ros_ws/build/pymoveit2', 'catkin_cmake_args': None, 'catkin_skip_building_tests': False, 'cmake_args': None, 'cmake_clean_cache': False, 'cmake_clean_first': False, 'cmake_force_configure': False, 'cmake_target': None, 'cmake_target_skip_unavailable': False, 'install_base': '/home/hayden/ros_ws/install/pymoveit2', 'merge_install': False, 'path': '/home/hayden/ros_ws/src/pymoveit2', 'symlink_install': True, 'test_result_base': None}
[0.338s] Level 5:colcon.colcon_core.verb:set package 'pepper_robot_moveit_config' build argument 'cmake_args' from command line to 'None'
[0.338s] Level 5:colcon.colcon_core.verb:set package 'pepper_robot_moveit_config' build argument 'cmake_target' from command line to 'None'
[0.338s] Level 5:colcon.colcon_core.verb:set package 'pepper_robot_moveit_config' build argument 'cmake_target_skip_unavailable' from command line to 'False'
[0.338s] Level 5:colcon.colcon_core.verb:set package 'pepper_robot_moveit_config' build argument 'cmake_clean_cache' from command line to 'False'
[0.338s] Level 5:colcon.colcon_core.verb:set package 'pepper_robot_moveit_config' build argument 'cmake_clean_first' from command line to 'False'
[0.338s] Level 5:colcon.colcon_core.verb:set package 'pepper_robot_moveit_config' build argument 'cmake_force_configure' from command line to 'False'
[0.338s] Level 5:colcon.colcon_core.verb:set package 'pepper_robot_moveit_config' build argument 'ament_cmake_args' from command line to 'None'
[0.338s] Level 5:colcon.colcon_core.verb:set package 'pepper_robot_moveit_config' build argument 'catkin_cmake_args' from command line to 'None'
[0.338s] Level 5:colcon.colcon_core.verb:set package 'pepper_robot_moveit_config' build argument 'catkin_skip_building_tests' from command line to 'False'
[0.338s] DEBUG:colcon.colcon_core.verb:Building package 'pepper_robot_moveit_config' with the following arguments: {'ament_cmake_args': None, 'build_base': '/home/hayden/ros_ws/build/pepper_robot_moveit_config', 'catkin_cmake_args': None, 'catkin_skip_building_tests': False, 'cmake_args': None, 'cmake_clean_cache': False, 'cmake_clean_first': False, 'cmake_force_configure': False, 'cmake_target': None, 'cmake_target_skip_unavailable': False, 'install_base': '/home/hayden/ros_ws/install/pepper_robot_moveit_config', 'merge_install': False, 'path': '/home/hayden/ros_ws/src/pepper_ign_moveit2/pepper_robot_moveit_config', 'symlink_install': True, 'test_result_base': None}
[0.339s] Level 5:colcon.colcon_core.verb:set package 'pepper_robot' build argument 'cmake_args' from command line to 'None'
[0.339s] Level 5:colcon.colcon_core.verb:set package 'pepper_robot' build argument 'cmake_target' from command line to 'None'
[0.339s] Level 5:colcon.colcon_core.verb:set package 'pepper_robot' build argument 'cmake_target_skip_unavailable' from command line to 'False'
[0.339s] Level 5:colcon.colcon_core.verb:set package 'pepper_robot' build argument 'cmake_clean_cache' from command line to 'False'
[0.339s] Level 5:colcon.colcon_core.verb:set package 'pepper_robot' build argument 'cmake_clean_first' from command line to 'False'
[0.339s] Level 5:colcon.colcon_core.verb:set package 'pepper_robot' build argument 'cmake_force_configure' from command line to 'False'
[0.339s] Level 5:colcon.colcon_core.verb:set package 'pepper_robot' build argument 'ament_cmake_args' from command line to 'None'
[0.339s] Level 5:colcon.colcon_core.verb:set package 'pepper_robot' build argument 'catkin_cmake_args' from command line to 'None'
[0.339s] Level 5:colcon.colcon_core.verb:set package 'pepper_robot' build argument 'catkin_skip_building_tests' from command line to 'False'
[0.339s] DEBUG:colcon.colcon_core.verb:Building package 'pepper_robot' with the following arguments: {'ament_cmake_args': None, 'build_base': '/home/hayden/ros_ws/build/pepper_robot', 'catkin_cmake_args': None, 'catkin_skip_building_tests': False, 'cmake_args': None, 'cmake_clean_cache': False, 'cmake_clean_first': False, 'cmake_force_configure': False, 'cmake_target': None, 'cmake_target_skip_unavailable': False, 'install_base': '/home/hayden/ros_ws/install/pepper_robot', 'merge_install': False, 'path': '/home/hayden/ros_ws/src/pepper_ign_moveit2/pepper_robot', 'symlink_install': True, 'test_result_base': None}
[0.339s] Level 5:colcon.colcon_core.verb:set package 'pepper_robot_ign' build argument 'cmake_args' from command line to 'None'
[0.339s] Level 5:colcon.colcon_core.verb:set package 'pepper_robot_ign' build argument 'cmake_target' from command line to 'None'
[0.339s] Level 5:colcon.colcon_core.verb:set package 'pepper_robot_ign' build argument 'cmake_target_skip_unavailable' from command line to 'False'
[0.339s] Level 5:colcon.colcon_core.verb:set package 'pepper_robot_ign' build argument 'cmake_clean_cache' from command line to 'False'
[0.339s] Level 5:colcon.colcon_core.verb:set package 'pepper_robot_ign' build argument 'cmake_clean_first' from command line to 'False'
[0.339s] Level 5:colcon.colcon_core.verb:set package 'pepper_robot_ign' build argument 'cmake_force_configure' from command line to 'False'
[0.339s] Level 5:colcon.colcon_core.verb:set package 'pepper_robot_ign' build argument 'ament_cmake_args' from command line to 'None'
[0.339s] Level 5:colcon.colcon_core.verb:set package 'pepper_robot_ign' build argument 'catkin_cmake_args' from command line to 'None'
[0.339s] Level 5:colcon.colcon_core.verb:set package 'pepper_robot_ign' build argument 'catkin_skip_building_tests' from command line to 'False'
[0.339s] DEBUG:colcon.colcon_core.verb:Building package 'pepper_robot_ign' with the following arguments: {'ament_cmake_args': None, 'build_base': '/home/hayden/ros_ws/build/pepper_robot_ign', 'catkin_cmake_args': None, 'catkin_skip_building_tests': False, 'cmake_args': None, 'cmake_clean_cache': False, 'cmake_clean_first': False, 'cmake_force_configure': False, 'cmake_target': None, 'cmake_target_skip_unavailable': False, 'install_base': '/home/hayden/ros_ws/install/pepper_robot_ign', 'merge_install': False, 'path': '/home/hayden/ros_ws/src/pepper_ign_moveit2/pepper_robot_ign', 'symlink_install': True, 'test_result_base': None}
[0.339s] INFO:colcon.colcon_core.executor:Executing jobs using 'parallel' executor
[0.340s] DEBUG:colcon.colcon_parallel_executor.executor.parallel:run_until_complete
[0.340s] INFO:colcon.colcon_ros.task.ament_cmake.build:Building ROS package in '/home/hayden/ros_ws/src/pepper_ign_moveit2/pepper_robot_description' with build type 'ament_cmake'
[0.340s] INFO:colcon.colcon_cmake.task.cmake.build:Building CMake package in '/home/hayden/ros_ws/src/pepper_ign_moveit2/pepper_robot_description'
[0.342s] INFO:colcon.colcon_core.plugin_system:Skipping extension 'colcon_core.shell.bat': Not used on non-Windows systems
[0.343s] INFO:colcon.colcon_core.shell:Skip shell extension 'powershell' for command environment: Not usable outside of PowerShell
[0.343s] DEBUG:colcon.colcon_core.shell:Skip shell extension 'dsv' for command environment
[0.345s] INFO:colcon.colcon_ros.task.ament_cmake.build:Building ROS package in '/home/hayden/ros_ws/src/pymoveit2' with build type 'ament_cmake'
[0.345s] INFO:colcon.colcon_cmake.task.cmake.build:Building CMake package in '/home/hayden/ros_ws/src/pymoveit2'
[0.345s] INFO:colcon.colcon_core.shell:Skip shell extension 'powershell' for command environment: Not usable outside of PowerShell
[0.345s] DEBUG:colcon.colcon_core.shell:Skip shell extension 'dsv' for command environment
[0.350s] DEBUG:colcon.colcon_core.event_handler.log_command:Invoking command in '/home/hayden/ros_ws/build/pepper_robot_description': CMAKE_PREFIX_PATH=${CMAKE_PREFIX_PATH}:/opt/ros/humble /usr/bin/cmake /home/hayden/ros_ws/src/pepper_ign_moveit2/pepper_robot_description -DAMENT_CMAKE_SYMLINK_INSTALL=1 -DCMAKE_INSTALL_PREFIX=/home/hayden/ros_ws/install/pepper_robot_description
[0.352s] DEBUG:colcon.colcon_core.event_handler.log_command:Invoking command in '/home/hayden/ros_ws/build/pymoveit2': CMAKE_PREFIX_PATH=${CMAKE_PREFIX_PATH}:/opt/ros/humble /usr/bin/cmake /home/hayden/ros_ws/src/pymoveit2 -DAMENT_CMAKE_SYMLINK_INSTALL=1 -DCMAKE_INSTALL_PREFIX=/home/hayden/ros_ws/install/pymoveit2
[0.869s] DEBUG:colcon.colcon_core.event_handler.log_command:Invoked command in '/home/hayden/ros_ws/build/pepper_robot_description' returned '0': CMAKE_PREFIX_PATH=${CMAKE_PREFIX_PATH}:/opt/ros/humble /usr/bin/cmake /home/hayden/ros_ws/src/pepper_ign_moveit2/pepper_robot_description -DAMENT_CMAKE_SYMLINK_INSTALL=1 -DCMAKE_INSTALL_PREFIX=/home/hayden/ros_ws/install/pepper_robot_description
[0.871s] DEBUG:colcon.colcon_core.event_handler.log_command:Invoking command in '/home/hayden/ros_ws/build/pepper_robot_description': CMAKE_PREFIX_PATH=${CMAKE_PREFIX_PATH}:/opt/ros/humble /usr/bin/cmake --build /home/hayden/ros_ws/build/pepper_robot_description -- -j12 -l12
[0.899s] DEBUG:colcon.colcon_core.event_handler.log_command:Invoked command in '/home/hayden/ros_ws/build/pepper_robot_description' returned '0': CMAKE_PREFIX_PATH=${CMAKE_PREFIX_PATH}:/opt/ros/humble /usr/bin/cmake --build /home/hayden/ros_ws/build/pepper_robot_description -- -j12 -l12
[0.906s] DEBUG:colcon.colcon_core.event_handler.log_command:Invoking command in '/home/hayden/ros_ws/build/pepper_robot_description': CMAKE_PREFIX_PATH=${CMAKE_PREFIX_PATH}:/opt/ros/humble /usr/bin/cmake --install /home/hayden/ros_ws/build/pepper_robot_description
[0.923s] DEBUG:colcon.colcon_core.event_handler.log_command:Invoked command in '/home/hayden/ros_ws/build/pymoveit2' returned '0': CMAKE_PREFIX_PATH=${CMAKE_PREFIX_PATH}:/opt/ros/humble /usr/bin/cmake /home/hayden/ros_ws/src/pymoveit2 -DAMENT_CMAKE_SYMLINK_INSTALL=1 -DCMAKE_INSTALL_PREFIX=/home/hayden/ros_ws/install/pymoveit2
[0.924s] DEBUG:colcon.colcon_core.event_handler.log_command:Invoking command in '/home/hayden/ros_ws/build/pymoveit2': CMAKE_PREFIX_PATH=${CMAKE_PREFIX_PATH}:/opt/ros/humble /usr/bin/cmake --build /home/hayden/ros_ws/build/pymoveit2 -- -j12 -l12
[1.149s] DEBUG:colcon.colcon_core.event_handler.log_command:Invoked command in '/home/hayden/ros_ws/build/pymoveit2' returned '0': CMAKE_PREFIX_PATH=${CMAKE_PREFIX_PATH}:/opt/ros/humble /usr/bin/cmake --build /home/hayden/ros_ws/build/pymoveit2 -- -j12 -l12
[1.150s] DEBUG:colcon.colcon_core.event_handler.log_command:Invoking command in '/home/hayden/ros_ws/build/pymoveit2': CMAKE_PREFIX_PATH=${CMAKE_PREFIX_PATH}:/opt/ros/humble /usr/bin/cmake --install /home/hayden/ros_ws/build/pymoveit2
[1.416s] Level 1:colcon.colcon_core.environment:create_environment_scripts_only(pymoveit2)
[1.417s] DEBUG:colcon.colcon_core.event_handler.log_command:Invoked command in '/home/hayden/ros_ws/build/pymoveit2' returned '0': CMAKE_PREFIX_PATH=${CMAKE_PREFIX_PATH}:/opt/ros/humble /usr/bin/cmake --install /home/hayden/ros_ws/build/pymoveit2
[1.420s] Level 1:colcon.colcon_core.environment:checking '/home/hayden/ros_ws/install/pymoveit2' for CMake module files
[1.420s] Level 1:colcon.colcon_core.environment:checking '/home/hayden/ros_ws/install/pymoveit2' for CMake config files
[1.421s] Level 1:colcon.colcon_core.shell:create_environment_hook('pymoveit2', 'cmake_prefix_path')
[1.421s] INFO:colcon.colcon_core.shell:Creating environment hook '/home/hayden/ros_ws/install/pymoveit2/share/pymoveit2/hook/cmake_prefix_path.ps1'
[1.421s] INFO:colcon.colcon_core.shell:Creating environment descriptor '/home/hayden/ros_ws/install/pymoveit2/share/pymoveit2/hook/cmake_prefix_path.dsv'
[1.422s] INFO:colcon.colcon_core.shell:Creating environment hook '/home/hayden/ros_ws/install/pymoveit2/share/pymoveit2/hook/cmake_prefix_path.sh'
[1.422s] Level 1:colcon.colcon_core.environment:checking '/home/hayden/ros_ws/install/pymoveit2/lib'
[1.422s] Level 1:colcon.colcon_core.environment:checking '/home/hayden/ros_ws/install/pymoveit2/bin'
[1.422s] Level 1:colcon.colcon_core.environment:checking '/home/hayden/ros_ws/install/pymoveit2/lib/pkgconfig/pymoveit2.pc'
[1.423s] Level 1:colcon.colcon_core.environment:checking '/home/hayden/ros_ws/install/pymoveit2/lib/python3.10/site-packages'
[1.423s] Level 1:colcon.colcon_core.environment:checking '/home/hayden/ros_ws/install/pymoveit2/bin'
[1.423s] INFO:colcon.colcon_core.shell:Creating package script '/home/hayden/ros_ws/install/pymoveit2/share/pymoveit2/package.ps1'
[1.424s] INFO:colcon.colcon_core.shell:Creating package descriptor '/home/hayden/ros_ws/install/pymoveit2/share/pymoveit2/package.dsv'
[1.424s] INFO:colcon.colcon_core.shell:Creating package script '/home/hayden/ros_ws/install/pymoveit2/share/pymoveit2/package.sh'
[1.425s] INFO:colcon.colcon_core.shell:Creating package script '/home/hayden/ros_ws/install/pymoveit2/share/pymoveit2/package.bash'
[1.425s] INFO:colcon.colcon_core.shell:Creating package script '/home/hayden/ros_ws/install/pymoveit2/share/pymoveit2/package.zsh'
[1.426s] Level 1:colcon.colcon_core.environment:create_file_with_runtime_dependencies(/home/hayden/ros_ws/install/pymoveit2/share/colcon-core/packages/pymoveit2)
[1.426s] Level 1:colcon.colcon_core.environment:create_environment_scripts_only(pymoveit2)
[1.427s] Level 1:colcon.colcon_core.environment:checking '/home/hayden/ros_ws/install/pymoveit2' for CMake module files
[1.427s] Level 1:colcon.colcon_core.environment:checking '/home/hayden/ros_ws/install/pymoveit2' for CMake config files
[1.427s] Level 1:colcon.colcon_core.shell:create_environment_hook('pymoveit2', 'cmake_prefix_path')
[1.427s] INFO:colcon.colcon_core.shell:Creating environment hook '/home/hayden/ros_ws/install/pymoveit2/share/pymoveit2/hook/cmake_prefix_path.ps1'
[1.427s] INFO:colcon.colcon_core.shell:Creating environment descriptor '/home/hayden/ros_ws/install/pymoveit2/share/pymoveit2/hook/cmake_prefix_path.dsv'
[1.428s] INFO:colcon.colcon_core.shell:Creating environment hook '/home/hayden/ros_ws/install/pymoveit2/share/pymoveit2/hook/cmake_prefix_path.sh'
[1.428s] Level 1:colcon.colcon_core.environment:checking '/home/hayden/ros_ws/install/pymoveit2/lib'
[1.428s] Level 1:colcon.colcon_core.environment:checking '/home/hayden/ros_ws/install/pymoveit2/bin'
[1.428s] Level 1:colcon.colcon_core.environment:checking '/home/hayden/ros_ws/install/pymoveit2/lib/pkgconfig/pymoveit2.pc'
[1.428s] Level 1:colcon.colcon_core.environment:checking '/home/hayden/ros_ws/install/pymoveit2/lib/python3.10/site-packages'
[1.428s] Level 1:colcon.colcon_core.environment:checking '/home/hayden/ros_ws/install/pymoveit2/bin'
[1.429s] INFO:colcon.colcon_core.shell:Creating package script '/home/hayden/ros_ws/install/pymoveit2/share/pymoveit2/package.ps1'
[1.429s] INFO:colcon.colcon_core.shell:Creating package descriptor '/home/hayden/ros_ws/install/pymoveit2/share/pymoveit2/package.dsv'
[1.429s] INFO:colcon.colcon_core.shell:Creating package script '/home/hayden/ros_ws/install/pymoveit2/share/pymoveit2/package.sh'
[1.430s] INFO:colcon.colcon_core.shell:Creating package script '/home/hayden/ros_ws/install/pymoveit2/share/pymoveit2/package.bash'
[1.430s] INFO:colcon.colcon_core.shell:Creating package script '/home/hayden/ros_ws/install/pymoveit2/share/pymoveit2/package.zsh'
[1.430s] Level 1:colcon.colcon_core.environment:create_file_with_runtime_dependencies(/home/hayden/ros_ws/install/pymoveit2/share/colcon-core/packages/pymoveit2)
[2.443s] Level 1:colcon.colcon_core.environment:create_environment_scripts_only(pepper_robot_description)
[2.444s] Level 1:colcon.colcon_core.environment:checking '/home/hayden/ros_ws/install/pepper_robot_description' for CMake module files
[2.444s] DEBUG:colcon.colcon_core.event_handler.log_command:Invoked command in '/home/hayden/ros_ws/build/pepper_robot_description' returned '0': CMAKE_PREFIX_PATH=${CMAKE_PREFIX_PATH}:/opt/ros/humble /usr/bin/cmake --install /home/hayden/ros_ws/build/pepper_robot_description
[2.444s] Level 1:colcon.colcon_core.environment:checking '/home/hayden/ros_ws/install/pepper_robot_description' for CMake config files
[2.447s] Level 1:colcon.colcon_core.shell:create_environment_hook('pepper_robot_description', 'cmake_prefix_path')
[2.447s] INFO:colcon.colcon_core.shell:Creating environment hook '/home/hayden/ros_ws/install/pepper_robot_description/share/pepper_robot_description/hook/cmake_prefix_path.ps1'
[2.447s] INFO:colcon.colcon_core.shell:Creating environment descriptor '/home/hayden/ros_ws/install/pepper_robot_description/share/pepper_robot_description/hook/cmake_prefix_path.dsv'
[2.448s] INFO:colcon.colcon_core.shell:Creating environment hook '/home/hayden/ros_ws/install/pepper_robot_description/share/pepper_robot_description/hook/cmake_prefix_path.sh'
[2.448s] Level 1:colcon.colcon_core.environment:checking '/home/hayden/ros_ws/install/pepper_robot_description/lib'
[2.448s] Level 1:colcon.colcon_core.environment:checking '/home/hayden/ros_ws/install/pepper_robot_description/bin'
[2.448s] Level 1:colcon.colcon_core.environment:checking '/home/hayden/ros_ws/install/pepper_robot_description/lib/pkgconfig/pepper_robot_description.pc'
[2.449s] Level 1:colcon.colcon_core.environment:checking '/home/hayden/ros_ws/install/pepper_robot_description/lib/python3.10/site-packages'
[2.449s] Level 1:colcon.colcon_core.environment:checking '/home/hayden/ros_ws/install/pepper_robot_description/bin'
[2.449s] INFO:colcon.colcon_core.shell:Creating package script '/home/hayden/ros_ws/install/pepper_robot_description/share/pepper_robot_description/package.ps1'
[2.450s] INFO:colcon.colcon_core.shell:Creating package descriptor '/home/hayden/ros_ws/install/pepper_robot_description/share/pepper_robot_description/package.dsv'
[2.450s] INFO:colcon.colcon_core.shell:Creating package script '/home/hayden/ros_ws/install/pepper_robot_description/share/pepper_robot_description/package.sh'
[2.451s] INFO:colcon.colcon_core.shell:Creating package script '/home/hayden/ros_ws/install/pepper_robot_description/share/pepper_robot_description/package.bash'
[2.451s] INFO:colcon.colcon_core.shell:Creating package script '/home/hayden/ros_ws/install/pepper_robot_description/share/pepper_robot_description/package.zsh'
[2.451s] Level 1:colcon.colcon_core.environment:create_file_with_runtime_dependencies(/home/hayden/ros_ws/install/pepper_robot_description/share/colcon-core/packages/pepper_robot_description)
[2.452s] Level 1:colcon.colcon_core.environment:create_environment_scripts_only(pepper_robot_description)
[2.452s] Level 1:colcon.colcon_core.environment:checking '/home/hayden/ros_ws/install/pepper_robot_description' for CMake module files
[2.452s] Level 1:colcon.colcon_core.environment:checking '/home/hayden/ros_ws/install/pepper_robot_description' for CMake config files
[2.454s] Level 1:colcon.colcon_core.shell:create_environment_hook('pepper_robot_description', 'cmake_prefix_path')
[2.455s] INFO:colcon.colcon_core.shell:Creating environment hook '/home/hayden/ros_ws/install/pepper_robot_description/share/pepper_robot_description/hook/cmake_prefix_path.ps1'
[2.455s] INFO:colcon.colcon_core.shell:Creating environment descriptor '/home/hayden/ros_ws/install/pepper_robot_description/share/pepper_robot_description/hook/cmake_prefix_path.dsv'
[2.455s] INFO:colcon.colcon_core.shell:Creating environment hook '/home/hayden/ros_ws/install/pepper_robot_description/share/pepper_robot_description/hook/cmake_prefix_path.sh'
[2.456s] Level 1:colcon.colcon_core.environment:checking '/home/hayden/ros_ws/install/pepper_robot_description/lib'
[2.456s] Level 1:colcon.colcon_core.environment:checking '/home/hayden/ros_ws/install/pepper_robot_description/bin'
[2.456s] Level 1:colcon.colcon_core.environment:checking '/home/hayden/ros_ws/install/pepper_robot_description/lib/pkgconfig/pepper_robot_description.pc'
[2.456s] Level 1:colcon.colcon_core.environment:checking '/home/hayden/ros_ws/install/pepper_robot_description/lib/python3.10/site-packages'
[2.457s] Level 1:colcon.colcon_core.environment:checking '/home/hayden/ros_ws/install/pepper_robot_description/bin'
[2.457s] INFO:colcon.colcon_core.shell:Creating package script '/home/hayden/ros_ws/install/pepper_robot_description/share/pepper_robot_description/package.ps1'
[2.457s] INFO:colcon.colcon_core.shell:Creating package descriptor '/home/hayden/ros_ws/install/pepper_robot_description/share/pepper_robot_description/package.dsv'
[2.458s] INFO:colcon.colcon_core.shell:Creating package script '/home/hayden/ros_ws/install/pepper_robot_description/share/pepper_robot_description/package.sh'
[2.458s] INFO:colcon.colcon_core.shell:Creating package script '/home/hayden/ros_ws/install/pepper_robot_description/share/pepper_robot_description/package.bash'
[2.459s] INFO:colcon.colcon_core.shell:Creating package script '/home/hayden/ros_ws/install/pepper_robot_description/share/pepper_robot_description/package.zsh'
[2.459s] Level 1:colcon.colcon_core.environment:create_file_with_runtime_dependencies(/home/hayden/ros_ws/install/pepper_robot_description/share/colcon-core/packages/pepper_robot_description)
[2.459s] INFO:colcon.colcon_ros.task.ament_cmake.build:Building ROS package in '/home/hayden/ros_ws/src/pepper_ign_moveit2/pepper_robot_moveit_config' with build type 'ament_cmake'
[2.460s] INFO:colcon.colcon_cmake.task.cmake.build:Building CMake package in '/home/hayden/ros_ws/src/pepper_ign_moveit2/pepper_robot_moveit_config'
[2.460s] INFO:colcon.colcon_core.shell:Skip shell extension 'powershell' for command environment: Not usable outside of PowerShell
[2.460s] DEBUG:colcon.colcon_core.shell:Skip shell extension 'dsv' for command environment
[2.468s] DEBUG:colcon.colcon_core.event_handler.log_command:Invoking command in '/home/hayden/ros_ws/build/pepper_robot_moveit_config': AMENT_PREFIX_PATH=/home/hayden/ros_ws/install/pepper_robot_description:${AMENT_PREFIX_PATH} CMAKE_PREFIX_PATH=/home/hayden/ros_ws/install/pepper_robot_description:/home/hayden/ros_ws/install/pymoveit2:/home/hayden/ros_ws/install/pepper_robot_ign:/home/hayden/ros_ws/install/pepper_robot_moveit_config:/home/hayden/ros_ws/install/pepper_robot:/opt/ros/humble IGN_GAZEBO_RESOURCE_PATH=/home/hayden/ros_ws/install/pepper_robot_description/share/pepper_robot_description /usr/bin/cmake /home/hayden/ros_ws/src/pepper_ign_moveit2/pepper_robot_moveit_config -DAMENT_CMAKE_SYMLINK_INSTALL=1 -DCMAKE_INSTALL_PREFIX=/home/hayden/ros_ws/install/pepper_robot_moveit_config
[2.891s] DEBUG:colcon.colcon_core.event_handler.log_command:Invoked command in '/home/hayden/ros_ws/build/pepper_robot_moveit_config' returned '0': AMENT_PREFIX_PATH=/home/hayden/ros_ws/install/pepper_robot_description:${AMENT_PREFIX_PATH} CMAKE_PREFIX_PATH=/home/hayden/ros_ws/install/pepper_robot_description:/home/hayden/ros_ws/install/pymoveit2:/home/hayden/ros_ws/install/pepper_robot_ign:/home/hayden/ros_ws/install/pepper_robot_moveit_config:/home/hayden/ros_ws/install/pepper_robot:/opt/ros/humble IGN_GAZEBO_RESOURCE_PATH=/home/hayden/ros_ws/install/pepper_robot_description/share/pepper_robot_description /usr/bin/cmake /home/hayden/ros_ws/src/pepper_ign_moveit2/pepper_robot_moveit_config -DAMENT_CMAKE_SYMLINK_INSTALL=1 -DCMAKE_INSTALL_PREFIX=/home/hayden/ros_ws/install/pepper_robot_moveit_config
[2.892s] DEBUG:colcon.colcon_core.event_handler.log_command:Invoking command in '/home/hayden/ros_ws/build/pepper_robot_moveit_config': AMENT_PREFIX_PATH=/home/hayden/ros_ws/install/pepper_robot_description:${AMENT_PREFIX_PATH} CMAKE_PREFIX_PATH=/home/hayden/ros_ws/install/pepper_robot_description:/home/hayden/ros_ws/install/pymoveit2:/home/hayden/ros_ws/install/pepper_robot_ign:/home/hayden/ros_ws/install/pepper_robot_moveit_config:/home/hayden/ros_ws/install/pepper_robot:/opt/ros/humble IGN_GAZEBO_RESOURCE_PATH=/home/hayden/ros_ws/install/pepper_robot_description/share/pepper_robot_description /usr/bin/cmake --build /home/hayden/ros_ws/build/pepper_robot_moveit_config -- -j12 -l12
[2.920s] DEBUG:colcon.colcon_core.event_handler.log_command:Invoked command in '/home/hayden/ros_ws/build/pepper_robot_moveit_config' returned '0': AMENT_PREFIX_PATH=/home/hayden/ros_ws/install/pepper_robot_description:${AMENT_PREFIX_PATH} CMAKE_PREFIX_PATH=/home/hayden/ros_ws/install/pepper_robot_description:/home/hayden/ros_ws/install/pymoveit2:/home/hayden/ros_ws/install/pepper_robot_ign:/home/hayden/ros_ws/install/pepper_robot_moveit_config:/home/hayden/ros_ws/install/pepper_robot:/opt/ros/humble IGN_GAZEBO_RESOURCE_PATH=/home/hayden/ros_ws/install/pepper_robot_description/share/pepper_robot_description /usr/bin/cmake --build /home/hayden/ros_ws/build/pepper_robot_moveit_config -- -j12 -l12
[2.921s] DEBUG:colcon.colcon_core.event_handler.log_command:Invoking command in '/home/hayden/ros_ws/build/pepper_robot_moveit_config': AMENT_PREFIX_PATH=/home/hayden/ros_ws/install/pepper_robot_description:${AMENT_PREFIX_PATH} CMAKE_PREFIX_PATH=/home/hayden/ros_ws/install/pepper_robot_description:/home/hayden/ros_ws/install/pymoveit2:/home/hayden/ros_ws/install/pepper_robot_ign:/home/hayden/ros_ws/install/pepper_robot_moveit_config:/home/hayden/ros_ws/install/pepper_robot:/opt/ros/humble IGN_GAZEBO_RESOURCE_PATH=/home/hayden/ros_ws/install/pepper_robot_description/share/pepper_robot_description /usr/bin/cmake --install /home/hayden/ros_ws/build/pepper_robot_moveit_config
[3.086s] Level 1:colcon.colcon_core.environment:create_environment_scripts_only(pepper_robot_moveit_config)
[3.086s] Level 1:colcon.colcon_core.environment:checking '/home/hayden/ros_ws/install/pepper_robot_moveit_config' for CMake module files
[3.087s] DEBUG:colcon.colcon_core.event_handler.log_command:Invoked command in '/home/hayden/ros_ws/build/pepper_robot_moveit_config' returned '0': AMENT_PREFIX_PATH=/home/hayden/ros_ws/install/pepper_robot_description:${AMENT_PREFIX_PATH} CMAKE_PREFIX_PATH=/home/hayden/ros_ws/install/pepper_robot_description:/home/hayden/ros_ws/install/pymoveit2:/home/hayden/ros_ws/install/pepper_robot_ign:/home/hayden/ros_ws/install/pepper_robot_moveit_config:/home/hayden/ros_ws/install/pepper_robot:/opt/ros/humble IGN_GAZEBO_RESOURCE_PATH=/home/hayden/ros_ws/install/pepper_robot_description/share/pepper_robot_description /usr/bin/cmake --install /home/hayden/ros_ws/build/pepper_robot_moveit_config
[3.087s] Level 1:colcon.colcon_core.environment:checking '/home/hayden/ros_ws/install/pepper_robot_moveit_config' for CMake config files
[3.087s] Level 1:colcon.colcon_core.shell:create_environment_hook('pepper_robot_moveit_config', 'cmake_prefix_path')
[3.088s] INFO:colcon.colcon_core.shell:Creating environment hook '/home/hayden/ros_ws/install/pepper_robot_moveit_config/share/pepper_robot_moveit_config/hook/cmake_prefix_path.ps1'
[3.088s] INFO:colcon.colcon_core.shell:Creating environment descriptor '/home/hayden/ros_ws/install/pepper_robot_moveit_config/share/pepper_robot_moveit_config/hook/cmake_prefix_path.dsv'
[3.088s] INFO:colcon.colcon_core.shell:Creating environment hook '/home/hayden/ros_ws/install/pepper_robot_moveit_config/share/pepper_robot_moveit_config/hook/cmake_prefix_path.sh'
[3.089s] Level 1:colcon.colcon_core.environment:checking '/home/hayden/ros_ws/install/pepper_robot_moveit_config/bin'
[3.089s] Level 1:colcon.colcon_core.environment:checking '/home/hayden/ros_ws/install/pepper_robot_moveit_config/lib/pkgconfig/pepper_robot_moveit_config.pc'
[3.089s] Level 1:colcon.colcon_core.environment:checking '/home/hayden/ros_ws/install/pepper_robot_moveit_config/lib/python3.10/site-packages'
[3.089s] Level 1:colcon.colcon_core.environment:checking '/home/hayden/ros_ws/install/pepper_robot_moveit_config/bin'
[3.090s] INFO:colcon.colcon_core.shell:Creating package script '/home/hayden/ros_ws/install/pepper_robot_moveit_config/share/pepper_robot_moveit_config/package.ps1'
[3.090s] INFO:colcon.colcon_core.shell:Creating package descriptor '/home/hayden/ros_ws/install/pepper_robot_moveit_config/share/pepper_robot_moveit_config/package.dsv'
[3.091s] INFO:colcon.colcon_core.shell:Creating package script '/home/hayden/ros_ws/install/pepper_robot_moveit_config/share/pepper_robot_moveit_config/package.sh'
[3.091s] INFO:colcon.colcon_core.shell:Creating package script '/home/hayden/ros_ws/install/pepper_robot_moveit_config/share/pepper_robot_moveit_config/package.bash'
[3.091s] INFO:colcon.colcon_core.shell:Creating package script '/home/hayden/ros_ws/install/pepper_robot_moveit_config/share/pepper_robot_moveit_config/package.zsh'
[3.092s] Level 1:colcon.colcon_core.environment:create_file_with_runtime_dependencies(/home/hayden/ros_ws/install/pepper_robot_moveit_config/share/colcon-core/packages/pepper_robot_moveit_config)
[3.092s] Level 1:colcon.colcon_core.environment:create_environment_scripts_only(pepper_robot_moveit_config)
[3.092s] Level 1:colcon.colcon_core.environment:checking '/home/hayden/ros_ws/install/pepper_robot_moveit_config' for CMake module files
[3.093s] Level 1:colcon.colcon_core.environment:checking '/home/hayden/ros_ws/install/pepper_robot_moveit_config' for CMake config files
[3.093s] Level 1:colcon.colcon_core.shell:create_environment_hook('pepper_robot_moveit_config', 'cmake_prefix_path')
[3.094s] INFO:colcon.colcon_core.shell:Creating environment hook '/home/hayden/ros_ws/install/pepper_robot_moveit_config/share/pepper_robot_moveit_config/hook/cmake_prefix_path.ps1'
[3.094s] INFO:colcon.colcon_core.shell:Creating environment descriptor '/home/hayden/ros_ws/install/pepper_robot_moveit_config/share/pepper_robot_moveit_config/hook/cmake_prefix_path.dsv'
[3.094s] INFO:colcon.colcon_core.shell:Creating environment hook '/home/hayden/ros_ws/install/pepper_robot_moveit_config/share/pepper_robot_moveit_config/hook/cmake_prefix_path.sh'
[3.095s] Level 1:colcon.colcon_core.environment:checking '/home/hayden/ros_ws/install/pepper_robot_moveit_config/bin'
[3.095s] Level 1:colcon.colcon_core.environment:checking '/home/hayden/ros_ws/install/pepper_robot_moveit_config/lib/pkgconfig/pepper_robot_moveit_config.pc'
[3.095s] Level 1:colcon.colcon_core.environment:checking '/home/hayden/ros_ws/install/pepper_robot_moveit_config/lib/python3.10/site-packages'
[3.095s] Level 1:colcon.colcon_core.environment:checking '/home/hayden/ros_ws/install/pepper_robot_moveit_config/bin'
[3.096s] INFO:colcon.colcon_core.shell:Creating package script '/home/hayden/ros_ws/install/pepper_robot_moveit_config/share/pepper_robot_moveit_config/package.ps1'
[3.096s] INFO:colcon.colcon_core.shell:Creating package descriptor '/home/hayden/ros_ws/install/pepper_robot_moveit_config/share/pepper_robot_moveit_config/package.dsv'
[3.097s] INFO:colcon.colcon_core.shell:Creating package script '/home/hayden/ros_ws/install/pepper_robot_moveit_config/share/pepper_robot_moveit_config/package.sh'
[3.097s] INFO:colcon.colcon_core.shell:Creating package script '/home/hayden/ros_ws/install/pepper_robot_moveit_config/share/pepper_robot_moveit_config/package.bash'
[3.097s] INFO:colcon.colcon_core.shell:Creating package script '/home/hayden/ros_ws/install/pepper_robot_moveit_config/share/pepper_robot_moveit_config/package.zsh'
[3.098s] Level 1:colcon.colcon_core.environment:create_file_with_runtime_dependencies(/home/hayden/ros_ws/install/pepper_robot_moveit_config/share/colcon-core/packages/pepper_robot_moveit_config)
[3.098s] INFO:colcon.colcon_ros.task.ament_cmake.build:Building ROS package in '/home/hayden/ros_ws/src/pepper_ign_moveit2/pepper_robot' with build type 'ament_cmake'
[3.098s] INFO:colcon.colcon_cmake.task.cmake.build:Building CMake package in '/home/hayden/ros_ws/src/pepper_ign_moveit2/pepper_robot'
[3.098s] INFO:colcon.colcon_core.shell:Skip shell extension 'powershell' for command environment: Not usable outside of PowerShell
[3.098s] DEBUG:colcon.colcon_core.shell:Skip shell extension 'dsv' for command environment
[3.102s] INFO:colcon.colcon_ros.task.ament_cmake.build:Building ROS package in '/home/hayden/ros_ws/src/pepper_ign_moveit2/pepper_robot_ign' with build type 'ament_cmake'
[3.102s] INFO:colcon.colcon_cmake.task.cmake.build:Building CMake package in '/home/hayden/ros_ws/src/pepper_ign_moveit2/pepper_robot_ign'
[3.103s] INFO:colcon.colcon_core.shell:Skip shell extension 'powershell' for command environment: Not usable outside of PowerShell
[3.103s] DEBUG:colcon.colcon_core.shell:Skip shell extension 'dsv' for command environment
[3.108s] DEBUG:colcon.colcon_core.event_handler.log_command:Invoking command in '/home/hayden/ros_ws/build/pepper_robot': AMENT_PREFIX_PATH=/home/hayden/ros_ws/install/pepper_robot_moveit_config:/home/hayden/ros_ws/install/pepper_robot_description:${AMENT_PREFIX_PATH} CMAKE_PREFIX_PATH=/home/hayden/ros_ws/install/pepper_robot_moveit_config:/home/hayden/ros_ws/install/pepper_robot_description:/home/hayden/ros_ws/install/pymoveit2:/home/hayden/ros_ws/install/pepper_robot_ign:/home/hayden/ros_ws/install/pepper_robot:/opt/ros/humble IGN_GAZEBO_RESOURCE_PATH=/home/hayden/ros_ws/install/pepper_robot_description/share/pepper_robot_description /usr/bin/cmake /home/hayden/ros_ws/src/pepper_ign_moveit2/pepper_robot -DAMENT_CMAKE_SYMLINK_INSTALL=1 -DCMAKE_INSTALL_PREFIX=/home/hayden/ros_ws/install/pepper_robot
[3.109s] DEBUG:colcon.colcon_core.event_handler.log_command:Invoking command in '/home/hayden/ros_ws/build/pepper_robot_ign': AMENT_PREFIX_PATH=/home/hayden/ros_ws/install/pepper_robot_moveit_config:/home/hayden/ros_ws/install/pepper_robot_description:${AMENT_PREFIX_PATH} CMAKE_PREFIX_PATH=/home/hayden/ros_ws/install/pepper_robot_moveit_config:/home/hayden/ros_ws/install/pepper_robot_description:/home/hayden/ros_ws/install/pymoveit2:/home/hayden/ros_ws/install/pepper_robot_ign:/home/hayden/ros_ws/install/pepper_robot:/opt/ros/humble IGN_GAZEBO_RESOURCE_PATH=/home/hayden/ros_ws/install/pepper_robot_description/share/pepper_robot_description /usr/bin/cmake /home/hayden/ros_ws/src/pepper_ign_moveit2/pepper_robot_ign -DAMENT_CMAKE_SYMLINK_INSTALL=1 -DCMAKE_INSTALL_PREFIX=/home/hayden/ros_ws/install/pepper_robot_ign
[3.530s] DEBUG:colcon.colcon_core.event_handler.log_command:Invoked command in '/home/hayden/ros_ws/build/pepper_robot_ign' returned '0': AMENT_PREFIX_PATH=/home/hayden/ros_ws/install/pepper_robot_moveit_config:/home/hayden/ros_ws/install/pepper_robot_description:${AMENT_PREFIX_PATH} CMAKE_PREFIX_PATH=/home/hayden/ros_ws/install/pepper_robot_moveit_config:/home/hayden/ros_ws/install/pepper_robot_description:/home/hayden/ros_ws/install/pymoveit2:/home/hayden/ros_ws/install/pepper_robot_ign:/home/hayden/ros_ws/install/pepper_robot:/opt/ros/humble IGN_GAZEBO_RESOURCE_PATH=/home/hayden/ros_ws/install/pepper_robot_description/share/pepper_robot_description /usr/bin/cmake /home/hayden/ros_ws/src/pepper_ign_moveit2/pepper_robot_ign -DAMENT_CMAKE_SYMLINK_INSTALL=1 -DCMAKE_INSTALL_PREFIX=/home/hayden/ros_ws/install/pepper_robot_ign
[3.532s] DEBUG:colcon.colcon_core.event_handler.log_command:Invoking command in '/home/hayden/ros_ws/build/pepper_robot_ign': AMENT_PREFIX_PATH=/home/hayden/ros_ws/install/pepper_robot_moveit_config:/home/hayden/ros_ws/install/pepper_robot_description:${AMENT_PREFIX_PATH} CMAKE_PREFIX_PATH=/home/hayden/ros_ws/install/pepper_robot_moveit_config:/home/hayden/ros_ws/install/pepper_robot_description:/home/hayden/ros_ws/install/pymoveit2:/home/hayden/ros_ws/install/pepper_robot_ign:/home/hayden/ros_ws/install/pepper_robot:/opt/ros/humble IGN_GAZEBO_RESOURCE_PATH=/home/hayden/ros_ws/install/pepper_robot_description/share/pepper_robot_description /usr/bin/cmake --build /home/hayden/ros_ws/build/pepper_robot_ign -- -j12 -l12
[3.559s] DEBUG:colcon.colcon_core.event_handler.log_command:Invoked command in '/home/hayden/ros_ws/build/pepper_robot_ign' returned '0': AMENT_PREFIX_PATH=/home/hayden/ros_ws/install/pepper_robot_moveit_config:/home/hayden/ros_ws/install/pepper_robot_description:${AMENT_PREFIX_PATH} CMAKE_PREFIX_PATH=/home/hayden/ros_ws/install/pepper_robot_moveit_config:/home/hayden/ros_ws/install/pepper_robot_description:/home/hayden/ros_ws/install/pymoveit2:/home/hayden/ros_ws/install/pepper_robot_ign:/home/hayden/ros_ws/install/pepper_robot:/opt/ros/humble IGN_GAZEBO_RESOURCE_PATH=/home/hayden/ros_ws/install/pepper_robot_description/share/pepper_robot_description /usr/bin/cmake --build /home/hayden/ros_ws/build/pepper_robot_ign -- -j12 -l12
[3.560s] DEBUG:colcon.colcon_core.event_handler.log_command:Invoking command in '/home/hayden/ros_ws/build/pepper_robot_ign': AMENT_PREFIX_PATH=/home/hayden/ros_ws/install/pepper_robot_moveit_config:/home/hayden/ros_ws/install/pepper_robot_description:${AMENT_PREFIX_PATH} CMAKE_PREFIX_PATH=/home/hayden/ros_ws/install/pepper_robot_moveit_config:/home/hayden/ros_ws/install/pepper_robot_description:/home/hayden/ros_ws/install/pymoveit2:/home/hayden/ros_ws/install/pepper_robot_ign:/home/hayden/ros_ws/install/pepper_robot:/opt/ros/humble IGN_GAZEBO_RESOURCE_PATH=/home/hayden/ros_ws/install/pepper_robot_description/share/pepper_robot_description /usr/bin/cmake --install /home/hayden/ros_ws/build/pepper_robot_ign
[3.716s] Level 1:colcon.colcon_core.environment:create_environment_scripts_only(pepper_robot_ign)
[3.716s] Level 1:colcon.colcon_core.environment:checking '/home/hayden/ros_ws/install/pepper_robot_ign' for CMake module files
[3.716s] DEBUG:colcon.colcon_core.event_handler.log_command:Invoked command in '/home/hayden/ros_ws/build/pepper_robot_ign' returned '0': AMENT_PREFIX_PATH=/home/hayden/ros_ws/install/pepper_robot_moveit_config:/home/hayden/ros_ws/install/pepper_robot_description:${AMENT_PREFIX_PATH} CMAKE_PREFIX_PATH=/home/hayden/ros_ws/install/pepper_robot_moveit_config:/home/hayden/ros_ws/install/pepper_robot_description:/home/hayden/ros_ws/install/pymoveit2:/home/hayden/ros_ws/install/pepper_robot_ign:/home/hayden/ros_ws/install/pepper_robot:/opt/ros/humble IGN_GAZEBO_RESOURCE_PATH=/home/hayden/ros_ws/install/pepper_robot_description/share/pepper_robot_description /usr/bin/cmake --install /home/hayden/ros_ws/build/pepper_robot_ign
[3.717s] Level 1:colcon.colcon_core.environment:checking '/home/hayden/ros_ws/install/pepper_robot_ign' for CMake config files
[3.717s] Level 1:colcon.colcon_core.shell:create_environment_hook('pepper_robot_ign', 'cmake_prefix_path')
[3.717s] INFO:colcon.colcon_core.shell:Creating environment hook '/home/hayden/ros_ws/install/pepper_robot_ign/share/pepper_robot_ign/hook/cmake_prefix_path.ps1'
[3.718s] INFO:colcon.colcon_core.shell:Creating environment descriptor '/home/hayden/ros_ws/install/pepper_robot_ign/share/pepper_robot_ign/hook/cmake_prefix_path.dsv'
[3.718s] INFO:colcon.colcon_core.shell:Creating environment hook '/home/hayden/ros_ws/install/pepper_robot_ign/share/pepper_robot_ign/hook/cmake_prefix_path.sh'
[3.718s] Level 1:colcon.colcon_core.environment:checking '/home/hayden/ros_ws/install/pepper_robot_ign/lib'
[3.718s] Level 1:colcon.colcon_core.environment:checking '/home/hayden/ros_ws/install/pepper_robot_ign/bin'
[3.719s] Level 1:colcon.colcon_core.environment:checking '/home/hayden/ros_ws/install/pepper_robot_ign/lib/pkgconfig/pepper_robot_ign.pc'
[3.719s] Level 1:colcon.colcon_core.environment:checking '/home/hayden/ros_ws/install/pepper_robot_ign/lib/python3.10/site-packages'
[3.719s] Level 1:colcon.colcon_core.environment:checking '/home/hayden/ros_ws/install/pepper_robot_ign/bin'
[3.719s] INFO:colcon.colcon_core.shell:Creating package script '/home/hayden/ros_ws/install/pepper_robot_ign/share/pepper_robot_ign/package.ps1'
[3.720s] INFO:colcon.colcon_core.shell:Creating package descriptor '/home/hayden/ros_ws/install/pepper_robot_ign/share/pepper_robot_ign/package.dsv'
[3.720s] INFO:colcon.colcon_core.shell:Creating package script '/home/hayden/ros_ws/install/pepper_robot_ign/share/pepper_robot_ign/package.sh'
[3.720s] INFO:colcon.colcon_core.shell:Creating package script '/home/hayden/ros_ws/install/pepper_robot_ign/share/pepper_robot_ign/package.bash'
[3.720s] INFO:colcon.colcon_core.shell:Creating package script '/home/hayden/ros_ws/install/pepper_robot_ign/share/pepper_robot_ign/package.zsh'
[3.721s] Level 1:colcon.colcon_core.environment:create_file_with_runtime_dependencies(/home/hayden/ros_ws/install/pepper_robot_ign/share/colcon-core/packages/pepper_robot_ign)
[3.721s] Level 1:colcon.colcon_core.environment:create_environment_scripts_only(pepper_robot_ign)
[3.721s] Level 1:colcon.colcon_core.environment:checking '/home/hayden/ros_ws/install/pepper_robot_ign' for CMake module files
[3.722s] Level 1:colcon.colcon_core.environment:checking '/home/hayden/ros_ws/install/pepper_robot_ign' for CMake config files
[3.722s] Level 1:colcon.colcon_core.shell:create_environment_hook('pepper_robot_ign', 'cmake_prefix_path')
[3.722s] INFO:colcon.colcon_core.shell:Creating environment hook '/home/hayden/ros_ws/install/pepper_robot_ign/share/pepper_robot_ign/hook/cmake_prefix_path.ps1'
[3.723s] INFO:colcon.colcon_core.shell:Creating environment descriptor '/home/hayden/ros_ws/install/pepper_robot_ign/share/pepper_robot_ign/hook/cmake_prefix_path.dsv'
[3.723s] INFO:colcon.colcon_core.shell:Creating environment hook '/home/hayden/ros_ws/install/pepper_robot_ign/share/pepper_robot_ign/hook/cmake_prefix_path.sh'
[3.723s] Level 1:colcon.colcon_core.environment:checking '/home/hayden/ros_ws/install/pepper_robot_ign/lib'
[3.723s] Level 1:colcon.colcon_core.environment:checking '/home/hayden/ros_ws/install/pepper_robot_ign/bin'
[3.723s] Level 1:colcon.colcon_core.environment:checking '/home/hayden/ros_ws/install/pepper_robot_ign/lib/pkgconfig/pepper_robot_ign.pc'
[3.724s] Level 1:colcon.colcon_core.environment:checking '/home/hayden/ros_ws/install/pepper_robot_ign/lib/python3.10/site-packages'
[3.724s] Level 1:colcon.colcon_core.environment:checking '/home/hayden/ros_ws/install/pepper_robot_ign/bin'
[3.724s] INFO:colcon.colcon_core.shell:Creating package script '/home/hayden/ros_ws/install/pepper_robot_ign/share/pepper_robot_ign/package.ps1'
[3.724s] INFO:colcon.colcon_core.shell:Creating package descriptor '/home/hayden/ros_ws/install/pepper_robot_ign/share/pepper_robot_ign/package.dsv'
[3.725s] INFO:colcon.colcon_core.shell:Creating package script '/home/hayden/ros_ws/install/pepper_robot_ign/share/pepper_robot_ign/package.sh'
[3.725s] INFO:colcon.colcon_core.shell:Creating package script '/home/hayden/ros_ws/install/pepper_robot_ign/share/pepper_robot_ign/package.bash'
[3.725s] INFO:colcon.colcon_core.shell:Creating package script '/home/hayden/ros_ws/install/pepper_robot_ign/share/pepper_robot_ign/package.zsh'
[3.726s] Level 1:colcon.colcon_core.environment:create_file_with_runtime_dependencies(/home/hayden/ros_ws/install/pepper_robot_ign/share/colcon-core/packages/pepper_robot_ign)
[4.104s] DEBUG:colcon.colcon_core.event_handler.log_command:Invoked command in '/home/hayden/ros_ws/build/pepper_robot' returned '0': AMENT_PREFIX_PATH=/home/hayden/ros_ws/install/pepper_robot_moveit_config:/home/hayden/ros_ws/install/pepper_robot_description:${AMENT_PREFIX_PATH} CMAKE_PREFIX_PATH=/home/hayden/ros_ws/install/pepper_robot_moveit_config:/home/hayden/ros_ws/install/pepper_robot_description:/home/hayden/ros_ws/install/pymoveit2:/home/hayden/ros_ws/install/pepper_robot_ign:/home/hayden/ros_ws/install/pepper_robot:/opt/ros/humble IGN_GAZEBO_RESOURCE_PATH=/home/hayden/ros_ws/install/pepper_robot_description/share/pepper_robot_description /usr/bin/cmake /home/hayden/ros_ws/src/pepper_ign_moveit2/pepper_robot -DAMENT_CMAKE_SYMLINK_INSTALL=1 -DCMAKE_INSTALL_PREFIX=/home/hayden/ros_ws/install/pepper_robot
[4.105s] DEBUG:colcon.colcon_core.event_handler.log_command:Invoking command in '/home/hayden/ros_ws/build/pepper_robot': AMENT_PREFIX_PATH=/home/hayden/ros_ws/install/pepper_robot_moveit_config:/home/hayden/ros_ws/install/pepper_robot_description:${AMENT_PREFIX_PATH} CMAKE_PREFIX_PATH=/home/hayden/ros_ws/install/pepper_robot_moveit_config:/home/hayden/ros_ws/install/pepper_robot_description:/home/hayden/ros_ws/install/pymoveit2:/home/hayden/ros_ws/install/pepper_robot_ign:/home/hayden/ros_ws/install/pepper_robot:/opt/ros/humble IGN_GAZEBO_RESOURCE_PATH=/home/hayden/ros_ws/install/pepper_robot_description/share/pepper_robot_description /usr/bin/cmake --build /home/hayden/ros_ws/build/pepper_robot -- -j12 -l12
[4.133s] DEBUG:colcon.colcon_core.event_handler.log_command:Invoked command in '/home/hayden/ros_ws/build/pepper_robot' returned '0': AMENT_PREFIX_PATH=/home/hayden/ros_ws/install/pepper_robot_moveit_config:/home/hayden/ros_ws/install/pepper_robot_description:${AMENT_PREFIX_PATH} CMAKE_PREFIX_PATH=/home/hayden/ros_ws/install/pepper_robot_moveit_config:/home/hayden/ros_ws/install/pepper_robot_description:/home/hayden/ros_ws/install/pymoveit2:/home/hayden/ros_ws/install/pepper_robot_ign:/home/hayden/ros_ws/install/pepper_robot:/opt/ros/humble IGN_GAZEBO_RESOURCE_PATH=/home/hayden/ros_ws/install/pepper_robot_description/share/pepper_robot_description /usr/bin/cmake --build /home/hayden/ros_ws/build/pepper_robot -- -j12 -l12
[4.134s] DEBUG:colcon.colcon_core.event_handler.log_command:Invoking command in '/home/hayden/ros_ws/build/pepper_robot': AMENT_PREFIX_PATH=/home/hayden/ros_ws/install/pepper_robot_moveit_config:/home/hayden/ros_ws/install/pepper_robot_description:${AMENT_PREFIX_PATH} CMAKE_PREFIX_PATH=/home/hayden/ros_ws/install/pepper_robot_moveit_config:/home/hayden/ros_ws/install/pepper_robot_description:/home/hayden/ros_ws/install/pymoveit2:/home/hayden/ros_ws/install/pepper_robot_ign:/home/hayden/ros_ws/install/pepper_robot:/opt/ros/humble IGN_GAZEBO_RESOURCE_PATH=/home/hayden/ros_ws/install/pepper_robot_description/share/pepper_robot_description /usr/bin/cmake --install /home/hayden/ros_ws/build/pepper_robot
[4.243s] Level 1:colcon.colcon_core.environment:create_environment_scripts_only(pepper_robot)
[4.243s] Level 1:colcon.colcon_core.environment:checking '/home/hayden/ros_ws/install/pepper_robot' for CMake module files
[4.243s] DEBUG:colcon.colcon_core.event_handler.log_command:Invoked command in '/home/hayden/ros_ws/build/pepper_robot' returned '0': AMENT_PREFIX_PATH=/home/hayden/ros_ws/install/pepper_robot_moveit_config:/home/hayden/ros_ws/install/pepper_robot_description:${AMENT_PREFIX_PATH} CMAKE_PREFIX_PATH=/home/hayden/ros_ws/install/pepper_robot_moveit_config:/home/hayden/ros_ws/install/pepper_robot_description:/home/hayden/ros_ws/install/pymoveit2:/home/hayden/ros_ws/install/pepper_robot_ign:/home/hayden/ros_ws/install/pepper_robot:/opt/ros/humble IGN_GAZEBO_RESOURCE_PATH=/home/hayden/ros_ws/install/pepper_robot_description/share/pepper_robot_description /usr/bin/cmake --install /home/hayden/ros_ws/build/pepper_robot
[4.244s] Level 1:colcon.colcon_core.environment:checking '/home/hayden/ros_ws/install/pepper_robot' for CMake config files
[4.244s] Level 1:colcon.colcon_core.shell:create_environment_hook('pepper_robot', 'cmake_prefix_path')
[4.244s] INFO:colcon.colcon_core.shell:Creating environment hook '/home/hayden/ros_ws/install/pepper_robot/share/pepper_robot/hook/cmake_prefix_path.ps1'
[4.244s] INFO:colcon.colcon_core.shell:Creating environment descriptor '/home/hayden/ros_ws/install/pepper_robot/share/pepper_robot/hook/cmake_prefix_path.dsv'
[4.245s] INFO:colcon.colcon_core.shell:Creating environment hook '/home/hayden/ros_ws/install/pepper_robot/share/pepper_robot/hook/cmake_prefix_path.sh'
[4.245s] Level 1:colcon.colcon_core.environment:checking '/home/hayden/ros_ws/install/pepper_robot/bin'
[4.245s] Level 1:colcon.colcon_core.environment:checking '/home/hayden/ros_ws/install/pepper_robot/lib/pkgconfig/pepper_robot.pc'
[4.245s] Level 1:colcon.colcon_core.environment:checking '/home/hayden/ros_ws/install/pepper_robot/lib/python3.10/site-packages'
[4.245s] Level 1:colcon.colcon_core.environment:checking '/home/hayden/ros_ws/install/pepper_robot/bin'
[4.245s] INFO:colcon.colcon_core.shell:Creating package script '/home/hayden/ros_ws/install/pepper_robot/share/pepper_robot/package.ps1'
[4.246s] INFO:colcon.colcon_core.shell:Creating package descriptor '/home/hayden/ros_ws/install/pepper_robot/share/pepper_robot/package.dsv'
[4.246s] INFO:colcon.colcon_core.shell:Creating package script '/home/hayden/ros_ws/install/pepper_robot/share/pepper_robot/package.sh'
[4.246s] INFO:colcon.colcon_core.shell:Creating package script '/home/hayden/ros_ws/install/pepper_robot/share/pepper_robot/package.bash'
[4.246s] INFO:colcon.colcon_core.shell:Creating package script '/home/hayden/ros_ws/install/pepper_robot/share/pepper_robot/package.zsh'
[4.247s] Level 1:colcon.colcon_core.environment:create_file_with_runtime_dependencies(/home/hayden/ros_ws/install/pepper_robot/share/colcon-core/packages/pepper_robot)
[4.247s] Level 1:colcon.colcon_core.environment:create_environment_scripts_only(pepper_robot)
[4.247s] Level 1:colcon.colcon_core.environment:checking '/home/hayden/ros_ws/install/pepper_robot' for CMake module files
[4.247s] Level 1:colcon.colcon_core.environment:checking '/home/hayden/ros_ws/install/pepper_robot' for CMake config files
[4.248s] Level 1:colcon.colcon_core.shell:create_environment_hook('pepper_robot', 'cmake_prefix_path')
[4.248s] INFO:colcon.colcon_core.shell:Creating environment hook '/home/hayden/ros_ws/install/pepper_robot/share/pepper_robot/hook/cmake_prefix_path.ps1'
[4.248s] INFO:colcon.colcon_core.shell:Creating environment descriptor '/home/hayden/ros_ws/install/pepper_robot/share/pepper_robot/hook/cmake_prefix_path.dsv'
[4.248s] INFO:colcon.colcon_core.shell:Creating environment hook '/home/hayden/ros_ws/install/pepper_robot/share/pepper_robot/hook/cmake_prefix_path.sh'
[4.249s] Level 1:colcon.colcon_core.environment:checking '/home/hayden/ros_ws/install/pepper_robot/bin'
[4.249s] Level 1:colcon.colcon_core.environment:checking '/home/hayden/ros_ws/install/pepper_robot/lib/pkgconfig/pepper_robot.pc'
[4.249s] Level 1:colcon.colcon_core.environment:checking '/home/hayden/ros_ws/install/pepper_robot/lib/python3.10/site-packages'
[4.249s] Level 1:colcon.colcon_core.environment:checking '/home/hayden/ros_ws/install/pepper_robot/bin'
[4.249s] INFO:colcon.colcon_core.shell:Creating package script '/home/hayden/ros_ws/install/pepper_robot/share/pepper_robot/package.ps1'
[4.249s] INFO:colcon.colcon_core.shell:Creating package descriptor '/home/hayden/ros_ws/install/pepper_robot/share/pepper_robot/package.dsv'
[4.250s] INFO:colcon.colcon_core.shell:Creating package script '/home/hayden/ros_ws/install/pepper_robot/share/pepper_robot/package.sh'
[4.250s] INFO:colcon.colcon_core.shell:Creating package script '/home/hayden/ros_ws/install/pepper_robot/share/pepper_robot/package.bash'
[4.250s] INFO:colcon.colcon_core.shell:Creating package script '/home/hayden/ros_ws/install/pepper_robot/share/pepper_robot/package.zsh'
[4.250s] Level 1:colcon.colcon_core.environment:create_file_with_runtime_dependencies(/home/hayden/ros_ws/install/pepper_robot/share/colcon-core/packages/pepper_robot)
[4.251s] DEBUG:colcon.colcon_parallel_executor.executor.parallel:closing loop
[4.251s] DEBUG:colcon.colcon_parallel_executor.executor.parallel:loop closed
[4.251s] DEBUG:colcon.colcon_parallel_executor.executor.parallel:run_until_complete finished with '0'
[4.251s] DEBUG:colcon.colcon_core.event_reactor:joining thread
[4.255s] INFO:colcon.colcon_core.plugin_system:Skipping extension 'colcon_notification.desktop_notification.terminal_notifier': Not used on non-Darwin systems
[4.256s] INFO:colcon.colcon_core.plugin_system:Skipping extension 'colcon_notification.desktop_notification.win32': Not used on non-Windows systems
[4.256s] INFO:colcon.colcon_notification.desktop_notification:Sending desktop notification using 'notify2'
[4.272s] DEBUG:colcon.colcon_core.event_reactor:joined thread
[4.272s] INFO:colcon.colcon_core.shell:Creating prefix script '/home/hayden/ros_ws/install/local_setup.ps1'
[4.273s] INFO:colcon.colcon_core.shell:Creating prefix util module '/home/hayden/ros_ws/install/_local_setup_util_ps1.py'
[4.274s] INFO:colcon.colcon_core.shell:Creating prefix chain script '/home/hayden/ros_ws/install/setup.ps1'
[4.275s] INFO:colcon.colcon_core.shell:Creating prefix script '/home/hayden/ros_ws/install/local_setup.sh'
[4.276s] INFO:colcon.colcon_core.shell:Creating prefix util module '/home/hayden/ros_ws/install/_local_setup_util_sh.py'
[4.277s] INFO:colcon.colcon_core.shell:Creating prefix chain script '/home/hayden/ros_ws/install/setup.sh'
[4.278s] INFO:colcon.colcon_core.shell:Creating prefix script '/home/hayden/ros_ws/install/local_setup.bash'
[4.278s] INFO:colcon.colcon_core.shell:Creating prefix chain script '/home/hayden/ros_ws/install/setup.bash'
[4.279s] INFO:colcon.colcon_core.shell:Creating prefix script '/home/hayden/ros_ws/install/local_setup.zsh'
[4.280s] INFO:colcon.colcon_core.shell:Creating prefix chain script '/home/hayden/ros_ws/install/setup.zsh'
