[0.007s] Invoking command in '/home/hayden/ros_ws/build/pepper_robot_moveit_config': AMENT_PREFIX_PATH=/home/hayden/ros_ws/install/pepper_robot_description:${AMENT_PREFIX_PATH} CMAKE_PREFIX_PATH=/home/hayden/ros_ws/install/pepper_robot_description:/home/hayden/ros_ws/install/pymoveit2:/home/hayden/ros_ws/install/pepper_robot_ign:/home/hayden/ros_ws/install/pepper_robot_moveit_config:/home/hayden/ros_ws/install/pepper_robot:/opt/ros/humble IGN_GAZEBO_RESOURCE_PATH=/home/hayden/ros_ws/install/pepper_robot_description/share/pepper_robot_description /usr/bin/cmake /home/hayden/ros_ws/src/pepper_ign_moveit2/pepper_robot_moveit_config -DAMENT_CMAKE_SYMLINK_INSTALL=1 -DCMAKE_INSTALL_PREFIX=/home/hayden/ros_ws/install/pepper_robot_moveit_config
[0.045s] -- The C compiler identification is GNU 11.4.0
[0.081s] -- The CXX compiler identification is GNU 11.4.0
[0.086s] -- Detecting C compiler ABI info
[0.136s] -- Detecting C compiler ABI info - done
[0.141s] -- Check for working C compiler: /usr/bin/cc - skipped
[0.141s] -- Detecting C compile features
[0.141s] -- Detecting C compile features - done
[0.143s] -- Detecting CXX compiler ABI info
[0.198s] -- Detecting CXX compiler ABI info - done
[0.203s] -- Check for working CXX compiler: /usr/bin/c++ - skipped
[0.203s] -- Detecting CXX compile features
[0.203s] -- Detecting CXX compile features - done
[0.205s] -- Found ament_cmake: 1.3.14 (/opt/ros/humble/share/ament_cmake/cmake)
[0.300s] -- Found Python3: /usr/bin/python3 (found version "3.10.12") found components: Interpreter 
[0.340s] -- Override CMake install command with custom implementation using symlinks instead of copying resources
[0.374s] -- Found pepper_robot_description: 1.0.0 (/home/hayden/ros_ws/install/pepper_robot_description/share/pepper_robot_description/cmake)
[0.419s] -- Configuring done
[0.424s] -- Generating done
[0.426s] -- Build files have been written to: /home/hayden/ros_ws/build/pepper_robot_moveit_config
[0.430s] Invoked command in '/home/hayden/ros_ws/build/pepper_robot_moveit_config' returned '0': AMENT_PREFIX_PATH=/home/hayden/ros_ws/install/pepper_robot_description:${AMENT_PREFIX_PATH} CMAKE_PREFIX_PATH=/home/hayden/ros_ws/install/pepper_robot_description:/home/hayden/ros_ws/install/pymoveit2:/home/hayden/ros_ws/install/pepper_robot_ign:/home/hayden/ros_ws/install/pepper_robot_moveit_config:/home/hayden/ros_ws/install/pepper_robot:/opt/ros/humble IGN_GAZEBO_RESOURCE_PATH=/home/hayden/ros_ws/install/pepper_robot_description/share/pepper_robot_description /usr/bin/cmake /home/hayden/ros_ws/src/pepper_ign_moveit2/pepper_robot_moveit_config -DAMENT_CMAKE_SYMLINK_INSTALL=1 -DCMAKE_INSTALL_PREFIX=/home/hayden/ros_ws/install/pepper_robot_moveit_config
[0.432s] Invoking command in '/home/hayden/ros_ws/build/pepper_robot_moveit_config': AMENT_PREFIX_PATH=/home/hayden/ros_ws/install/pepper_robot_description:${AMENT_PREFIX_PATH} CMAKE_PREFIX_PATH=/home/hayden/ros_ws/install/pepper_robot_description:/home/hayden/ros_ws/install/pymoveit2:/home/hayden/ros_ws/install/pepper_robot_ign:/home/hayden/ros_ws/install/pepper_robot_moveit_config:/home/hayden/ros_ws/install/pepper_robot:/opt/ros/humble IGN_GAZEBO_RESOURCE_PATH=/home/hayden/ros_ws/install/pepper_robot_description/share/pepper_robot_description /usr/bin/cmake --build /home/hayden/ros_ws/build/pepper_robot_moveit_config -- -j12 -l12
[0.459s] Invoked command in '/home/hayden/ros_ws/build/pepper_robot_moveit_config' returned '0': AMENT_PREFIX_PATH=/home/hayden/ros_ws/install/pepper_robot_description:${AMENT_PREFIX_PATH} CMAKE_PREFIX_PATH=/home/hayden/ros_ws/install/pepper_robot_description:/home/hayden/ros_ws/install/pymoveit2:/home/hayden/ros_ws/install/pepper_robot_ign:/home/hayden/ros_ws/install/pepper_robot_moveit_config:/home/hayden/ros_ws/install/pepper_robot:/opt/ros/humble IGN_GAZEBO_RESOURCE_PATH=/home/hayden/ros_ws/install/pepper_robot_description/share/pepper_robot_description /usr/bin/cmake --build /home/hayden/ros_ws/build/pepper_robot_moveit_config -- -j12 -l12
[0.460s] Invoking command in '/home/hayden/ros_ws/build/pepper_robot_moveit_config': AMENT_PREFIX_PATH=/home/hayden/ros_ws/install/pepper_robot_description:${AMENT_PREFIX_PATH} CMAKE_PREFIX_PATH=/home/hayden/ros_ws/install/pepper_robot_description:/home/hayden/ros_ws/install/pymoveit2:/home/hayden/ros_ws/install/pepper_robot_ign:/home/hayden/ros_ws/install/pepper_robot_moveit_config:/home/hayden/ros_ws/install/pepper_robot:/opt/ros/humble IGN_GAZEBO_RESOURCE_PATH=/home/hayden/ros_ws/install/pepper_robot_description/share/pepper_robot_description /usr/bin/cmake --install /home/hayden/ros_ws/build/pepper_robot_moveit_config
[0.465s] -- Install configuration: ""
[0.465s] -- Execute custom install script
[0.466s] -- Symlinking: /home/hayden/ros_ws/install/pepper_robot_moveit_config/share/pepper_robot_moveit_config/config/controllers_effort.yaml
[0.472s] -- Symlinking: /home/hayden/ros_ws/install/pepper_robot_moveit_config/share/pepper_robot_moveit_config/config/controllers_position.yaml
[0.478s] -- Symlinking: /home/hayden/ros_ws/install/pepper_robot_moveit_config/share/pepper_robot_moveit_config/config/joint_limits.yaml
[0.484s] -- Symlinking: /home/hayden/ros_ws/install/pepper_robot_moveit_config/share/pepper_robot_moveit_config/config/kinematics.yaml
[0.490s] -- Symlinking: /home/hayden/ros_ws/install/pepper_robot_moveit_config/share/pepper_robot_moveit_config/config/moveit_controller_manager.yaml
[0.496s] -- Symlinking: /home/hayden/ros_ws/install/pepper_robot_moveit_config/share/pepper_robot_moveit_config/config/ompl_planning.yaml
[0.502s] -- Symlinking: /home/hayden/ros_ws/install/pepper_robot_moveit_config/share/pepper_robot_moveit_config/config/sensors.yaml
[0.508s] -- Symlinking: /home/hayden/ros_ws/install/pepper_robot_moveit_config/share/pepper_robot_moveit_config/config/servo.yaml
[0.515s] -- Symlinking: /home/hayden/ros_ws/install/pepper_robot_moveit_config/share/pepper_robot_moveit_config/launch/move_group.launch.py
[0.521s] -- Symlinking: /home/hayden/ros_ws/install/pepper_robot_moveit_config/share/pepper_robot_moveit_config/rviz/moveit.rviz
[0.527s] -- Symlinking: /home/hayden/ros_ws/install/pepper_robot_moveit_config/share/pepper_robot_moveit_config/srdf/pepper_robot.srdf
[0.534s] -- Symlinking: /home/hayden/ros_ws/install/pepper_robot_moveit_config/share/ament_index/resource_index/package_run_dependencies/pepper_robot_moveit_config
[0.540s] -- Symlinking: /home/hayden/ros_ws/install/pepper_robot_moveit_config/share/ament_index/resource_index/parent_prefix_path/pepper_robot_moveit_config
[0.546s] -- Symlinking: /home/hayden/ros_ws/install/pepper_robot_moveit_config/share/pepper_robot_moveit_config/environment/ament_prefix_path.sh
[0.551s] -- Symlinking: /home/hayden/ros_ws/install/pepper_robot_moveit_config/share/pepper_robot_moveit_config/environment/ament_prefix_path.dsv
[0.557s] -- Symlinking: /home/hayden/ros_ws/install/pepper_robot_moveit_config/share/pepper_robot_moveit_config/environment/path.sh
[0.563s] -- Symlinking: /home/hayden/ros_ws/install/pepper_robot_moveit_config/share/pepper_robot_moveit_config/environment/path.dsv
[0.569s] -- Symlinking: /home/hayden/ros_ws/install/pepper_robot_moveit_config/share/pepper_robot_moveit_config/local_setup.bash
[0.575s] -- Symlinking: /home/hayden/ros_ws/install/pepper_robot_moveit_config/share/pepper_robot_moveit_config/local_setup.sh
[0.582s] -- Symlinking: /home/hayden/ros_ws/install/pepper_robot_moveit_config/share/pepper_robot_moveit_config/local_setup.zsh
[0.588s] -- Symlinking: /home/hayden/ros_ws/install/pepper_robot_moveit_config/share/pepper_robot_moveit_config/local_setup.dsv
[0.594s] -- Symlinking: /home/hayden/ros_ws/install/pepper_robot_moveit_config/share/pepper_robot_moveit_config/package.dsv
[0.600s] -- Symlinking: /home/hayden/ros_ws/install/pepper_robot_moveit_config/share/ament_index/resource_index/packages/pepper_robot_moveit_config
[0.606s] -- Symlinking: /home/hayden/ros_ws/install/pepper_robot_moveit_config/share/pepper_robot_moveit_config/cmake/pepper_robot_moveit_configConfig.cmake
[0.612s] -- Symlinking: /home/hayden/ros_ws/install/pepper_robot_moveit_config/share/pepper_robot_moveit_config/cmake/pepper_robot_moveit_configConfig-version.cmake
[0.618s] -- Symlinking: /home/hayden/ros_ws/install/pepper_robot_moveit_config/share/pepper_robot_moveit_config/package.xml
[0.626s] Invoked command in '/home/hayden/ros_ws/build/pepper_robot_moveit_config' returned '0': AMENT_PREFIX_PATH=/home/hayden/ros_ws/install/pepper_robot_description:${AMENT_PREFIX_PATH} CMAKE_PREFIX_PATH=/home/hayden/ros_ws/install/pepper_robot_description:/home/hayden/ros_ws/install/pymoveit2:/home/hayden/ros_ws/install/pepper_robot_ign:/home/hayden/ros_ws/install/pepper_robot_moveit_config:/home/hayden/ros_ws/install/pepper_robot:/opt/ros/humble IGN_GAZEBO_RESOURCE_PATH=/home/hayden/ros_ws/install/pepper_robot_description/share/pepper_robot_description /usr/bin/cmake --install /home/hayden/ros_ws/build/pepper_robot_moveit_config
