[0.006s] Invoking command in '/home/hayden/ros_ws/build/pepper_robot_moveit_config': CMAKE_PREFIX_PATH=/home/hayden/ros_ws/install/pepper_robot_description:/home/hayden/ros_ws/install/pymoveit2:/home/hayden/ros_ws/install/pepper_robot_ign:/home/hayden/ros_ws/install/pepper_robot_moveit_config:/home/hayden/ros_ws/install/pepper_robot:/opt/ros/humble /usr/bin/cmake --build /home/hayden/ros_ws/build/pepper_robot_moveit_config -- -j12 -l12
[0.036s] Invoked command in '/home/hayden/ros_ws/build/pepper_robot_moveit_config' returned '0': CMAKE_PREFIX_PATH=/home/hayden/ros_ws/install/pepper_robot_description:/home/hayden/ros_ws/install/pymoveit2:/home/hayden/ros_ws/install/pepper_robot_ign:/home/hayden/ros_ws/install/pepper_robot_moveit_config:/home/hayden/ros_ws/install/pepper_robot:/opt/ros/humble /usr/bin/cmake --build /home/hayden/ros_ws/build/pepper_robot_moveit_config -- -j12 -l12
[0.037s] Invoking command in '/home/hayden/ros_ws/build/pepper_robot_moveit_config': CMAKE_PREFIX_PATH=/home/hayden/ros_ws/install/pepper_robot_description:/home/hayden/ros_ws/install/pymoveit2:/home/hayden/ros_ws/install/pepper_robot_ign:/home/hayden/ros_ws/install/pepper_robot_moveit_config:/home/hayden/ros_ws/install/pepper_robot:/opt/ros/humble /usr/bin/cmake --install /home/hayden/ros_ws/build/pepper_robot_moveit_config
[0.042s] -- Install configuration: ""
[0.043s] -- Up-to-date: /home/hayden/ros_ws/install/pepper_robot_moveit_config/share/pepper_robot_moveit_config/config
[0.043s] -- Up-to-date: /home/hayden/ros_ws/install/pepper_robot_moveit_config/share/pepper_robot_moveit_config/config/servo.yaml
[0.043s] -- Installing: /home/hayden/ros_ws/install/pepper_robot_moveit_config/share/pepper_robot_moveit_config/config/controllers_position.yaml
[0.043s] -- Up-to-date: /home/hayden/ros_ws/install/pepper_robot_moveit_config/share/pepper_robot_moveit_config/config/sensors.yaml
[0.043s] -- Up-to-date: /home/hayden/ros_ws/install/pepper_robot_moveit_config/share/pepper_robot_moveit_config/config/ompl_planning.yaml
[0.043s] -- Up-to-date: /home/hayden/ros_ws/install/pepper_robot_moveit_config/share/pepper_robot_moveit_config/config/joint_limits.yaml
[0.043s] -- Up-to-date: /home/hayden/ros_ws/install/pepper_robot_moveit_config/share/pepper_robot_moveit_config/config/moveit_controller_manager.yaml
[0.043s] -- Up-to-date: /home/hayden/ros_ws/install/pepper_robot_moveit_config/share/pepper_robot_moveit_config/config/kinematics.yaml
[0.043s] -- Installing: /home/hayden/ros_ws/install/pepper_robot_moveit_config/share/pepper_robot_moveit_config/config/controllers_effort.yaml
[0.043s] -- Up-to-date: /home/hayden/ros_ws/install/pepper_robot_moveit_config/share/pepper_robot_moveit_config/launch
[0.043s] -- Up-to-date: /home/hayden/ros_ws/install/pepper_robot_moveit_config/share/pepper_robot_moveit_config/launch/move_group.launch.py
[0.043s] -- Up-to-date: /home/hayden/ros_ws/install/pepper_robot_moveit_config/share/pepper_robot_moveit_config/rviz
[0.043s] -- Up-to-date: /home/hayden/ros_ws/install/pepper_robot_moveit_config/share/pepper_robot_moveit_config/rviz/moveit.rviz
[0.043s] -- Up-to-date: /home/hayden/ros_ws/install/pepper_robot_moveit_config/share/pepper_robot_moveit_config/srdf
[0.043s] -- Up-to-date: /home/hayden/ros_ws/install/pepper_robot_moveit_config/share/pepper_robot_moveit_config/srdf/pepper_robot.srdf
[0.043s] -- Up-to-date: /home/hayden/ros_ws/install/pepper_robot_moveit_config/share/ament_index/resource_index/package_run_dependencies/pepper_robot_moveit_config
[0.043s] -- Up-to-date: /home/hayden/ros_ws/install/pepper_robot_moveit_config/share/ament_index/resource_index/parent_prefix_path/pepper_robot_moveit_config
[0.043s] -- Up-to-date: /home/hayden/ros_ws/install/pepper_robot_moveit_config/share/pepper_robot_moveit_config/environment/ament_prefix_path.sh
[0.044s] -- Up-to-date: /home/hayden/ros_ws/install/pepper_robot_moveit_config/share/pepper_robot_moveit_config/environment/ament_prefix_path.dsv
[0.044s] -- Up-to-date: /home/hayden/ros_ws/install/pepper_robot_moveit_config/share/pepper_robot_moveit_config/environment/path.sh
[0.044s] -- Up-to-date: /home/hayden/ros_ws/install/pepper_robot_moveit_config/share/pepper_robot_moveit_config/environment/path.dsv
[0.044s] -- Up-to-date: /home/hayden/ros_ws/install/pepper_robot_moveit_config/share/pepper_robot_moveit_config/local_setup.bash
[0.044s] -- Up-to-date: /home/hayden/ros_ws/install/pepper_robot_moveit_config/share/pepper_robot_moveit_config/local_setup.sh
[0.044s] -- Up-to-date: /home/hayden/ros_ws/install/pepper_robot_moveit_config/share/pepper_robot_moveit_config/local_setup.zsh
[0.044s] -- Up-to-date: /home/hayden/ros_ws/install/pepper_robot_moveit_config/share/pepper_robot_moveit_config/local_setup.dsv
[0.044s] -- Up-to-date: /home/hayden/ros_ws/install/pepper_robot_moveit_config/share/pepper_robot_moveit_config/package.dsv
[0.044s] -- Up-to-date: /home/hayden/ros_ws/install/pepper_robot_moveit_config/share/ament_index/resource_index/packages/pepper_robot_moveit_config
[0.044s] -- Up-to-date: /home/hayden/ros_ws/install/pepper_robot_moveit_config/share/pepper_robot_moveit_config/cmake/pepper_robot_moveit_configConfig.cmake
[0.044s] -- Up-to-date: /home/hayden/ros_ws/install/pepper_robot_moveit_config/share/pepper_robot_moveit_config/cmake/pepper_robot_moveit_configConfig-version.cmake
[0.044s] -- Up-to-date: /home/hayden/ros_ws/install/pepper_robot_moveit_config/share/pepper_robot_moveit_config/package.xml
[0.045s] Invoked command in '/home/hayden/ros_ws/build/pepper_robot_moveit_config' returned '0': CMAKE_PREFIX_PATH=/home/hayden/ros_ws/install/pepper_robot_description:/home/hayden/ros_ws/install/pymoveit2:/home/hayden/ros_ws/install/pepper_robot_ign:/home/hayden/ros_ws/install/pepper_robot_moveit_config:/home/hayden/ros_ws/install/pepper_robot:/opt/ros/humble /usr/bin/cmake --install /home/hayden/ros_ws/build/pepper_robot_moveit_config
