[0.009s] Invoking command in '/home/hayden/ros_ws/build/pepper_robot': CMAKE_PREFIX_PATH=/home/hayden/ros_ws/install/pepper_robot_moveit_config:/home/hayden/ros_ws/install/pepper_robot_description:/home/hayden/ros_ws/install/pymoveit2:/home/hayden/ros_ws/install/pepper_robot_ign:/home/hayden/ros_ws/install/pepper_robot:/opt/ros/humble /usr/bin/cmake /home/hayden/ros_ws/src/pepper_ign_moveit2/pepper_robot -DCMAKE_INSTALL_PREFIX=/home/hayden/ros_ws/install/pepper_robot
[0.051s] -- The C compiler identification is GNU 11.4.0
[0.092s] -- The CXX compiler identification is GNU 11.4.0
[0.097s] -- Detecting C compiler ABI info
[0.149s] -- Detecting C compiler ABI info - done
[0.158s] -- Check for working C compiler: /usr/bin/cc - skipped
[0.158s] -- Detecting C compile features
[0.158s] -- Detecting C compile features - done
[0.161s] -- Detecting CXX compiler ABI info
[0.221s] -- Detecting CXX compiler ABI info - done
[0.226s] -- Check for working CXX compiler: /usr/bin/c++ - skipped
[0.226s] -- Detecting CXX compile features
[0.227s] -- Detecting CXX compile features - done
[0.229s] -- Found ament_cmake: 1.3.14 (/opt/ros/humble/share/ament_cmake/cmake)
[0.341s] -- Found Python3: /usr/bin/python3 (found version "3.10.12") found components: Interpreter 
[0.424s] -- Found pepper_robot_description: 1.0.0 (/home/hayden/ros_ws/install/pepper_robot_description/share/pepper_robot_description/cmake)
[0.424s] -- Found pepper_robot_moveit_config: 1.0.0 (/home/hayden/ros_ws/install/pepper_robot_moveit_config/share/pepper_robot_moveit_config/cmake)
[0.564s] Created new /home/hayden/ros_ws/src/pepper_ign_moveit2/pepper_robot_description/urdf/pepper_robot.urdf
[1.053s] Created new /home/hayden/ros_ws/src/pepper_ign_moveit2/pepper_robot_description/pepper_robot/model.sdf
[1.106s] -- Configuring done
[1.109s] -- Generating done
[1.111s] -- Build files have been written to: /home/hayden/ros_ws/build/pepper_robot
[1.115s] Invoked command in '/home/hayden/ros_ws/build/pepper_robot' returned '0': CMAKE_PREFIX_PATH=/home/hayden/ros_ws/install/pepper_robot_moveit_config:/home/hayden/ros_ws/install/pepper_robot_description:/home/hayden/ros_ws/install/pymoveit2:/home/hayden/ros_ws/install/pepper_robot_ign:/home/hayden/ros_ws/install/pepper_robot:/opt/ros/humble /usr/bin/cmake /home/hayden/ros_ws/src/pepper_ign_moveit2/pepper_robot -DCMAKE_INSTALL_PREFIX=/home/hayden/ros_ws/install/pepper_robot
[1.116s] Invoking command in '/home/hayden/ros_ws/build/pepper_robot': CMAKE_PREFIX_PATH=/home/hayden/ros_ws/install/pepper_robot_moveit_config:/home/hayden/ros_ws/install/pepper_robot_description:/home/hayden/ros_ws/install/pymoveit2:/home/hayden/ros_ws/install/pepper_robot_ign:/home/hayden/ros_ws/install/pepper_robot:/opt/ros/humble /usr/bin/cmake --build /home/hayden/ros_ws/build/pepper_robot -- -j12 -l12
[1.149s] Invoked command in '/home/hayden/ros_ws/build/pepper_robot' returned '0': CMAKE_PREFIX_PATH=/home/hayden/ros_ws/install/pepper_robot_moveit_config:/home/hayden/ros_ws/install/pepper_robot_description:/home/hayden/ros_ws/install/pymoveit2:/home/hayden/ros_ws/install/pepper_robot_ign:/home/hayden/ros_ws/install/pepper_robot:/opt/ros/humble /usr/bin/cmake --build /home/hayden/ros_ws/build/pepper_robot -- -j12 -l12
[1.150s] Invoking command in '/home/hayden/ros_ws/build/pepper_robot': CMAKE_PREFIX_PATH=/home/hayden/ros_ws/install/pepper_robot_moveit_config:/home/hayden/ros_ws/install/pepper_robot_description:/home/hayden/ros_ws/install/pymoveit2:/home/hayden/ros_ws/install/pepper_robot_ign:/home/hayden/ros_ws/install/pepper_robot:/opt/ros/humble /usr/bin/cmake --install /home/hayden/ros_ws/build/pepper_robot
[1.155s] -- Install configuration: ""
[1.155s] -- Installing: /home/hayden/ros_ws/install/pepper_robot/share/pepper_robot/launch
[1.155s] -- Installing: /home/hayden/ros_ws/install/pepper_robot/share/pepper_robot/launch/fake.launch.py
[1.156s] -- Installing: /home/hayden/ros_ws/install/pepper_robot/share/pepper_robot/launch/gz.launch.py
[1.156s] -- Installing: /home/hayden/ros_ws/install/pepper_robot/share/ament_index/resource_index/package_run_dependencies/pepper_robot
[1.156s] -- Installing: /home/hayden/ros_ws/install/pepper_robot/share/ament_index/resource_index/parent_prefix_path/pepper_robot
[1.156s] -- Installing: /home/hayden/ros_ws/install/pepper_robot/share/pepper_robot/environment/ament_prefix_path.sh
[1.157s] -- Installing: /home/hayden/ros_ws/install/pepper_robot/share/pepper_robot/environment/ament_prefix_path.dsv
[1.157s] -- Installing: /home/hayden/ros_ws/install/pepper_robot/share/pepper_robot/environment/path.sh
[1.157s] -- Installing: /home/hayden/ros_ws/install/pepper_robot/share/pepper_robot/environment/path.dsv
[1.157s] -- Installing: /home/hayden/ros_ws/install/pepper_robot/share/pepper_robot/local_setup.bash
[1.157s] -- Installing: /home/hayden/ros_ws/install/pepper_robot/share/pepper_robot/local_setup.sh
[1.157s] -- Installing: /home/hayden/ros_ws/install/pepper_robot/share/pepper_robot/local_setup.zsh
[1.157s] -- Installing: /home/hayden/ros_ws/install/pepper_robot/share/pepper_robot/local_setup.dsv
[1.158s] -- Installing: /home/hayden/ros_ws/install/pepper_robot/share/pepper_robot/package.dsv
[1.158s] -- Installing: /home/hayden/ros_ws/install/pepper_robot/share/ament_index/resource_index/packages/pepper_robot
[1.158s] -- Installing: /home/hayden/ros_ws/install/pepper_robot/share/pepper_robot/cmake/pepper_robotConfig.cmake
[1.158s] -- Installing: /home/hayden/ros_ws/install/pepper_robot/share/pepper_robot/cmake/pepper_robotConfig-version.cmake
[1.158s] -- Installing: /home/hayden/ros_ws/install/pepper_robot/share/pepper_robot/package.xml
[1.160s] Invoked command in '/home/hayden/ros_ws/build/pepper_robot' returned '0': CMAKE_PREFIX_PATH=/home/hayden/ros_ws/install/pepper_robot_moveit_config:/home/hayden/ros_ws/install/pepper_robot_description:/home/hayden/ros_ws/install/pymoveit2:/home/hayden/ros_ws/install/pepper_robot_ign:/home/hayden/ros_ws/install/pepper_robot:/opt/ros/humble /usr/bin/cmake --install /home/hayden/ros_ws/build/pepper_robot
