[0.105s] DEBUG:colcon:Command line arguments: ['/usr/bin/colcon', 'build']
[0.105s] DEBUG:colcon:Parsed command line arguments: Namespace(log_base=None, log_level=None, verb_name='build', build_base='build', install_base='install', merge_install=False, symlink_install=False, test_result_base=None, continue_on_error=False, executor='parallel', parallel_workers=12, event_handlers=None, ignore_user_meta=False, metas=['./colcon.meta'], base_paths=['.'], packages_ignore=None, packages_ignore_regex=None, paths=None, packages_up_to=None, packages_up_to_regex=None, packages_above=None, packages_above_and_dependencies=None, packages_above_depth=None, packages_select_by_dep=None, packages_skip_by_dep=None, packages_skip_up_to=None, packages_select_build_failed=False, packages_skip_build_finished=False, packages_select_test_failures=False, packages_skip_test_passed=False, packages_select=None, packages_skip=None, packages_select_regex=None, packages_skip_regex=None, packages_start=None, packages_end=None, allow_overriding=[], cmake_args=None, cmake_target=None, cmake_target_skip_unavailable=False, cmake_clean_cache=False, cmake_clean_first=False, cmake_force_configure=False, ament_cmake_args=None, catkin_cmake_args=None, catkin_skip_building_tests=False, mixin_files=None, mixin=None, verb_parser=<colcon_mixin.mixin.mixin_argument.MixinArgumentDecorator object at 0x78ef5cd65a20>, verb_extension=<colcon_core.verb.build.BuildVerb object at 0x78ef5ce72a10>, main=<bound method BuildVerb.main of <colcon_core.verb.build.BuildVerb object at 0x78ef5ce72a10>>, mixin_verb=('build',))
[0.279s] Level 1:colcon.colcon_core.package_discovery:discover_packages(colcon_meta) check parameters
[0.279s] Level 1:colcon.colcon_core.package_discovery:discover_packages(recursive) check parameters
[0.279s] Level 1:colcon.colcon_core.package_discovery:discover_packages(ignore) check parameters
[0.279s] Level 1:colcon.colcon_core.package_discovery:discover_packages(path) check parameters
[0.279s] Level 1:colcon.colcon_core.package_discovery:discover_packages(colcon_meta) discover
[0.279s] Level 1:colcon.colcon_core.package_discovery:discover_packages(recursive) discover
[0.279s] INFO:colcon.colcon_core.package_discovery:Crawling recursively for packages in '/home/hayden/ros_ws'
[0.279s] Level 1:colcon.colcon_core.package_identification:_identify(.) by extensions ['ignore', 'ignore_ament_install']
[0.280s] Level 1:colcon.colcon_core.package_identification:_identify(.) by extension 'ignore'
[0.280s] Level 1:colcon.colcon_core.package_identification:_identify(.) by extension 'ignore_ament_install'
[0.280s] Level 1:colcon.colcon_core.package_identification:_identify(.) by extensions ['colcon_pkg']
[0.280s] Level 1:colcon.colcon_core.package_identification:_identify(.) by extension 'colcon_pkg'
[0.280s] Level 1:colcon.colcon_core.package_identification:_identify(.) by extensions ['colcon_meta']
[0.280s] Level 1:colcon.colcon_core.package_identification:_identify(.) by extension 'colcon_meta'
[0.280s] Level 1:colcon.colcon_core.package_identification:_identify(.) by extensions ['ros']
[0.280s] Level 1:colcon.colcon_core.package_identification:_identify(.) by extension 'ros'
[0.287s] Level 1:colcon.colcon_core.package_identification:_identify(.) by extensions ['cmake', 'python']
[0.287s] Level 1:colcon.colcon_core.package_identification:_identify(.) by extension 'cmake'
[0.287s] Level 1:colcon.colcon_core.package_identification:_identify(.) by extension 'python'
[0.288s] Level 1:colcon.colcon_core.package_identification:_identify(.) by extensions ['python_setup_py']
[0.288s] Level 1:colcon.colcon_core.package_identification:_identify(.) by extension 'python_setup_py'
[0.288s] Level 1:colcon.colcon_core.package_identification:_identify(build) by extensions ['ignore', 'ignore_ament_install']
[0.288s] Level 1:colcon.colcon_core.package_identification:_identify(build) by extension 'ignore'
[0.288s] Level 1:colcon.colcon_core.package_identification:_identify(build) ignored
[0.288s] Level 1:colcon.colcon_core.package_identification:_identify(build_old) by extensions ['ignore', 'ignore_ament_install']
[0.288s] Level 1:colcon.colcon_core.package_identification:_identify(build_old) by extension 'ignore'
[0.288s] Level 1:colcon.colcon_core.package_identification:_identify(build_old) ignored
[0.288s] Level 1:colcon.colcon_core.package_identification:_identify(install) by extensions ['ignore', 'ignore_ament_install']
[0.288s] Level 1:colcon.colcon_core.package_identification:_identify(install) by extension 'ignore'
[0.288s] Level 1:colcon.colcon_core.package_identification:_identify(install) ignored
[0.288s] Level 1:colcon.colcon_core.package_identification:_identify(install_old) by extensions ['ignore', 'ignore_ament_install']
[0.288s] Level 1:colcon.colcon_core.package_identification:_identify(install_old) by extension 'ignore'
[0.288s] Level 1:colcon.colcon_core.package_identification:_identify(install_old) ignored
[0.288s] Level 1:colcon.colcon_core.package_identification:_identify(log) by extensions ['ignore', 'ignore_ament_install']
[0.288s] Level 1:colcon.colcon_core.package_identification:_identify(log) by extension 'ignore'
[0.288s] Level 1:colcon.colcon_core.package_identification:_identify(log) ignored
[0.288s] Level 1:colcon.colcon_core.package_identification:_identify(src) by extensions ['ignore', 'ignore_ament_install']
[0.288s] Level 1:colcon.colcon_core.package_identification:_identify(src) by extension 'ignore'
[0.288s] Level 1:colcon.colcon_core.package_identification:_identify(src) by extension 'ignore_ament_install'
[0.288s] Level 1:colcon.colcon_core.package_identification:_identify(src) by extensions ['colcon_pkg']
[0.288s] Level 1:colcon.colcon_core.package_identification:_identify(src) by extension 'colcon_pkg'
[0.289s] Level 1:colcon.colcon_core.package_identification:_identify(src) by extensions ['colcon_meta']
[0.289s] Level 1:colcon.colcon_core.package_identification:_identify(src) by extension 'colcon_meta'
[0.289s] Level 1:colcon.colcon_core.package_identification:_identify(src) by extensions ['ros']
[0.289s] Level 1:colcon.colcon_core.package_identification:_identify(src) by extension 'ros'
[0.289s] Level 1:colcon.colcon_core.package_identification:_identify(src) by extensions ['cmake', 'python']
[0.289s] Level 1:colcon.colcon_core.package_identification:_identify(src) by extension 'cmake'
[0.289s] Level 1:colcon.colcon_core.package_identification:_identify(src) by extension 'python'
[0.289s] Level 1:colcon.colcon_core.package_identification:_identify(src) by extensions ['python_setup_py']
[0.289s] Level 1:colcon.colcon_core.package_identification:_identify(src) by extension 'python_setup_py'
[0.289s] Level 1:colcon.colcon_core.package_identification:_identify(src/pepper_ign_moveit2) by extensions ['ignore', 'ignore_ament_install']
[0.289s] Level 1:colcon.colcon_core.package_identification:_identify(src/pepper_ign_moveit2) by extension 'ignore'
[0.289s] Level 1:colcon.colcon_core.package_identification:_identify(src/pepper_ign_moveit2) by extension 'ignore_ament_install'
[0.289s] Level 1:colcon.colcon_core.package_identification:_identify(src/pepper_ign_moveit2) by extensions ['colcon_pkg']
[0.289s] Level 1:colcon.colcon_core.package_identification:_identify(src/pepper_ign_moveit2) by extension 'colcon_pkg'
[0.289s] Level 1:colcon.colcon_core.package_identification:_identify(src/pepper_ign_moveit2) by extensions ['colcon_meta']
[0.289s] Level 1:colcon.colcon_core.package_identification:_identify(src/pepper_ign_moveit2) by extension 'colcon_meta'
[0.289s] Level 1:colcon.colcon_core.package_identification:_identify(src/pepper_ign_moveit2) by extensions ['ros']
[0.289s] Level 1:colcon.colcon_core.package_identification:_identify(src/pepper_ign_moveit2) by extension 'ros'
[0.289s] Level 1:colcon.colcon_core.package_identification:_identify(src/pepper_ign_moveit2) by extensions ['cmake', 'python']
[0.289s] Level 1:colcon.colcon_core.package_identification:_identify(src/pepper_ign_moveit2) by extension 'cmake'
[0.289s] Level 1:colcon.colcon_core.package_identification:_identify(src/pepper_ign_moveit2) by extension 'python'
[0.289s] Level 1:colcon.colcon_core.package_identification:_identify(src/pepper_ign_moveit2) by extensions ['python_setup_py']
[0.289s] Level 1:colcon.colcon_core.package_identification:_identify(src/pepper_ign_moveit2) by extension 'python_setup_py'
[0.289s] Level 1:colcon.colcon_core.package_identification:_identify(src/pepper_ign_moveit2/pepper_robot) by extensions ['ignore', 'ignore_ament_install']
[0.289s] Level 1:colcon.colcon_core.package_identification:_identify(src/pepper_ign_moveit2/pepper_robot) by extension 'ignore'
[0.289s] Level 1:colcon.colcon_core.package_identification:_identify(src/pepper_ign_moveit2/pepper_robot) by extension 'ignore_ament_install'
[0.289s] Level 1:colcon.colcon_core.package_identification:_identify(src/pepper_ign_moveit2/pepper_robot) by extensions ['colcon_pkg']
[0.289s] Level 1:colcon.colcon_core.package_identification:_identify(src/pepper_ign_moveit2/pepper_robot) by extension 'colcon_pkg'
[0.289s] Level 1:colcon.colcon_core.package_identification:_identify(src/pepper_ign_moveit2/pepper_robot) by extensions ['colcon_meta']
[0.289s] Level 1:colcon.colcon_core.package_identification:_identify(src/pepper_ign_moveit2/pepper_robot) by extension 'colcon_meta'
[0.290s] Level 1:colcon.colcon_core.package_identification:_identify(src/pepper_ign_moveit2/pepper_robot) by extensions ['ros']
[0.290s] Level 1:colcon.colcon_core.package_identification:_identify(src/pepper_ign_moveit2/pepper_robot) by extension 'ros'
[0.291s] DEBUG:colcon.colcon_core.package_identification:Package 'src/pepper_ign_moveit2/pepper_robot' with type 'ros.ament_cmake' and name 'pepper_robot'
[0.292s] Level 1:colcon.colcon_core.package_identification:_identify(src/pepper_ign_moveit2/pepper_robot_description) by extensions ['ignore', 'ignore_ament_install']
[0.292s] Level 1:colcon.colcon_core.package_identification:_identify(src/pepper_ign_moveit2/pepper_robot_description) by extension 'ignore'
[0.292s] Level 1:colcon.colcon_core.package_identification:_identify(src/pepper_ign_moveit2/pepper_robot_description) by extension 'ignore_ament_install'
[0.292s] Level 1:colcon.colcon_core.package_identification:_identify(src/pepper_ign_moveit2/pepper_robot_description) by extensions ['colcon_pkg']
[0.292s] Level 1:colcon.colcon_core.package_identification:_identify(src/pepper_ign_moveit2/pepper_robot_description) by extension 'colcon_pkg'
[0.292s] Level 1:colcon.colcon_core.package_identification:_identify(src/pepper_ign_moveit2/pepper_robot_description) by extensions ['colcon_meta']
[0.292s] Level 1:colcon.colcon_core.package_identification:_identify(src/pepper_ign_moveit2/pepper_robot_description) by extension 'colcon_meta'
[0.292s] Level 1:colcon.colcon_core.package_identification:_identify(src/pepper_ign_moveit2/pepper_robot_description) by extensions ['ros']
[0.292s] Level 1:colcon.colcon_core.package_identification:_identify(src/pepper_ign_moveit2/pepper_robot_description) by extension 'ros'
[0.292s] DEBUG:colcon.colcon_core.package_identification:Package 'src/pepper_ign_moveit2/pepper_robot_description' with type 'ros.ament_cmake' and name 'pepper_robot_description'
[0.292s] Level 1:colcon.colcon_core.package_identification:_identify(src/pepper_ign_moveit2/pepper_robot_ign) by extensions ['ignore', 'ignore_ament_install']
[0.292s] Level 1:colcon.colcon_core.package_identification:_identify(src/pepper_ign_moveit2/pepper_robot_ign) by extension 'ignore'
[0.292s] Level 1:colcon.colcon_core.package_identification:_identify(src/pepper_ign_moveit2/pepper_robot_ign) by extension 'ignore_ament_install'
[0.292s] Level 1:colcon.colcon_core.package_identification:_identify(src/pepper_ign_moveit2/pepper_robot_ign) by extensions ['colcon_pkg']
[0.292s] Level 1:colcon.colcon_core.package_identification:_identify(src/pepper_ign_moveit2/pepper_robot_ign) by extension 'colcon_pkg'
[0.293s] Level 1:colcon.colcon_core.package_identification:_identify(src/pepper_ign_moveit2/pepper_robot_ign) by extensions ['colcon_meta']
[0.293s] Level 1:colcon.colcon_core.package_identification:_identify(src/pepper_ign_moveit2/pepper_robot_ign) by extension 'colcon_meta'
[0.293s] Level 1:colcon.colcon_core.package_identification:_identify(src/pepper_ign_moveit2/pepper_robot_ign) by extensions ['ros']
[0.293s] Level 1:colcon.colcon_core.package_identification:_identify(src/pepper_ign_moveit2/pepper_robot_ign) by extension 'ros'
[0.293s] DEBUG:colcon.colcon_core.package_identification:Package 'src/pepper_ign_moveit2/pepper_robot_ign' with type 'ros.ament_cmake' and name 'pepper_robot_ign'
[0.293s] Level 1:colcon.colcon_core.package_identification:_identify(src/pepper_ign_moveit2/pepper_robot_moveit_config) by extensions ['ignore', 'ignore_ament_install']
[0.293s] Level 1:colcon.colcon_core.package_identification:_identify(src/pepper_ign_moveit2/pepper_robot_moveit_config) by extension 'ignore'
[0.293s] Level 1:colcon.colcon_core.package_identification:_identify(src/pepper_ign_moveit2/pepper_robot_moveit_config) by extension 'ignore_ament_install'
[0.293s] Level 1:colcon.colcon_core.package_identification:_identify(src/pepper_ign_moveit2/pepper_robot_moveit_config) by extensions ['colcon_pkg']
[0.293s] Level 1:colcon.colcon_core.package_identification:_identify(src/pepper_ign_moveit2/pepper_robot_moveit_config) by extension 'colcon_pkg'
[0.293s] Level 1:colcon.colcon_core.package_identification:_identify(src/pepper_ign_moveit2/pepper_robot_moveit_config) by extensions ['colcon_meta']
[0.293s] Level 1:colcon.colcon_core.package_identification:_identify(src/pepper_ign_moveit2/pepper_robot_moveit_config) by extension 'colcon_meta'
[0.293s] Level 1:colcon.colcon_core.package_identification:_identify(src/pepper_ign_moveit2/pepper_robot_moveit_config) by extensions ['ros']
[0.293s] Level 1:colcon.colcon_core.package_identification:_identify(src/pepper_ign_moveit2/pepper_robot_moveit_config) by extension 'ros'
[0.294s] DEBUG:colcon.colcon_core.package_identification:Package 'src/pepper_ign_moveit2/pepper_robot_moveit_config' with type 'ros.ament_cmake' and name 'pepper_robot_moveit_config'
[0.294s] Level 1:colcon.colcon_core.package_identification:_identify(src/pepper_ign_moveit2/vid) by extensions ['ignore', 'ignore_ament_install']
[0.294s] Level 1:colcon.colcon_core.package_identification:_identify(src/pepper_ign_moveit2/vid) by extension 'ignore'
[0.294s] Level 1:colcon.colcon_core.package_identification:_identify(src/pepper_ign_moveit2/vid) by extension 'ignore_ament_install'
[0.294s] Level 1:colcon.colcon_core.package_identification:_identify(src/pepper_ign_moveit2/vid) by extensions ['colcon_pkg']
[0.294s] Level 1:colcon.colcon_core.package_identification:_identify(src/pepper_ign_moveit2/vid) by extension 'colcon_pkg'
[0.294s] Level 1:colcon.colcon_core.package_identification:_identify(src/pepper_ign_moveit2/vid) by extensions ['colcon_meta']
[0.294s] Level 1:colcon.colcon_core.package_identification:_identify(src/pepper_ign_moveit2/vid) by extension 'colcon_meta'
[0.294s] Level 1:colcon.colcon_core.package_identification:_identify(src/pepper_ign_moveit2/vid) by extensions ['ros']
[0.294s] Level 1:colcon.colcon_core.package_identification:_identify(src/pepper_ign_moveit2/vid) by extension 'ros'
[0.294s] Level 1:colcon.colcon_core.package_identification:_identify(src/pepper_ign_moveit2/vid) by extensions ['cmake', 'python']
[0.294s] Level 1:colcon.colcon_core.package_identification:_identify(src/pepper_ign_moveit2/vid) by extension 'cmake'
[0.294s] Level 1:colcon.colcon_core.package_identification:_identify(src/pepper_ign_moveit2/vid) by extension 'python'
[0.294s] Level 1:colcon.colcon_core.package_identification:_identify(src/pepper_ign_moveit2/vid) by extensions ['python_setup_py']
[0.294s] Level 1:colcon.colcon_core.package_identification:_identify(src/pepper_ign_moveit2/vid) by extension 'python_setup_py'
[0.295s] Level 1:colcon.colcon_core.package_identification:_identify(src/pymoveit2) by extensions ['ignore', 'ignore_ament_install']
[0.295s] Level 1:colcon.colcon_core.package_identification:_identify(src/pymoveit2) by extension 'ignore'
[0.295s] Level 1:colcon.colcon_core.package_identification:_identify(src/pymoveit2) by extension 'ignore_ament_install'
[0.295s] Level 1:colcon.colcon_core.package_identification:_identify(src/pymoveit2) by extensions ['colcon_pkg']
[0.295s] Level 1:colcon.colcon_core.package_identification:_identify(src/pymoveit2) by extension 'colcon_pkg'
[0.295s] Level 1:colcon.colcon_core.package_identification:_identify(src/pymoveit2) by extensions ['colcon_meta']
[0.295s] Level 1:colcon.colcon_core.package_identification:_identify(src/pymoveit2) by extension 'colcon_meta'
[0.295s] Level 1:colcon.colcon_core.package_identification:_identify(src/pymoveit2) by extensions ['ros']
[0.295s] Level 1:colcon.colcon_core.package_identification:_identify(src/pymoveit2) by extension 'ros'
[0.295s] DEBUG:colcon.colcon_core.package_identification:Package 'src/pymoveit2' with type 'ros.ament_cmake' and name 'pymoveit2'
[0.295s] Level 1:colcon.colcon_core.package_discovery:discover_packages(recursive) using defaults
[0.295s] Level 1:colcon.colcon_core.package_discovery:discover_packages(ignore) discover
[0.295s] Level 1:colcon.colcon_core.package_discovery:discover_packages(ignore) using defaults
[0.295s] Level 1:colcon.colcon_core.package_discovery:discover_packages(path) discover
[0.295s] Level 1:colcon.colcon_core.package_discovery:discover_packages(path) using defaults
[0.317s] Level 1:colcon.colcon_core.package_discovery:discover_packages(prefix_path) check parameters
[0.317s] Level 1:colcon.colcon_core.package_discovery:discover_packages(prefix_path) discover
[0.319s] DEBUG:colcon.colcon_installed_package_information.package_discovery:Found 5 installed packages in /home/hayden/ros_ws/install
[0.320s] DEBUG:colcon.colcon_installed_package_information.package_discovery:Found 376 installed packages in /opt/ros/humble
[0.321s] Level 1:colcon.colcon_core.package_discovery:discover_packages(prefix_path) using defaults
[0.352s] Level 5:colcon.colcon_core.verb:set package 'pepper_robot_description' build argument 'cmake_args' from command line to 'None'
[0.352s] Level 5:colcon.colcon_core.verb:set package 'pepper_robot_description' build argument 'cmake_target' from command line to 'None'
[0.352s] Level 5:colcon.colcon_core.verb:set package 'pepper_robot_description' build argument 'cmake_target_skip_unavailable' from command line to 'False'
[0.352s] Level 5:colcon.colcon_core.verb:set package 'pepper_robot_description' build argument 'cmake_clean_cache' from command line to 'False'
[0.352s] Level 5:colcon.colcon_core.verb:set package 'pepper_robot_description' build argument 'cmake_clean_first' from command line to 'False'
[0.352s] Level 5:colcon.colcon_core.verb:set package 'pepper_robot_description' build argument 'cmake_force_configure' from command line to 'False'
[0.352s] Level 5:colcon.colcon_core.verb:set package 'pepper_robot_description' build argument 'ament_cmake_args' from command line to 'None'
[0.352s] Level 5:colcon.colcon_core.verb:set package 'pepper_robot_description' build argument 'catkin_cmake_args' from command line to 'None'
[0.352s] Level 5:colcon.colcon_core.verb:set package 'pepper_robot_description' build argument 'catkin_skip_building_tests' from command line to 'False'
[0.352s] DEBUG:colcon.colcon_core.verb:Building package 'pepper_robot_description' with the following arguments: {'ament_cmake_args': None, 'build_base': '/home/hayden/ros_ws/build/pepper_robot_description', 'catkin_cmake_args': None, 'catkin_skip_building_tests': False, 'cmake_args': None, 'cmake_clean_cache': False, 'cmake_clean_first': False, 'cmake_force_configure': False, 'cmake_target': None, 'cmake_target_skip_unavailable': False, 'install_base': '/home/hayden/ros_ws/install/pepper_robot_description', 'merge_install': False, 'path': '/home/hayden/ros_ws/src/pepper_ign_moveit2/pepper_robot_description', 'symlink_install': False, 'test_result_base': None}
[0.352s] Level 5:colcon.colcon_core.verb:set package 'pymoveit2' build argument 'cmake_args' from command line to 'None'
[0.352s] Level 5:colcon.colcon_core.verb:set package 'pymoveit2' build argument 'cmake_target' from command line to 'None'
[0.352s] Level 5:colcon.colcon_core.verb:set package 'pymoveit2' build argument 'cmake_target_skip_unavailable' from command line to 'False'
[0.352s] Level 5:colcon.colcon_core.verb:set package 'pymoveit2' build argument 'cmake_clean_cache' from command line to 'False'
[0.352s] Level 5:colcon.colcon_core.verb:set package 'pymoveit2' build argument 'cmake_clean_first' from command line to 'False'
[0.352s] Level 5:colcon.colcon_core.verb:set package 'pymoveit2' build argument 'cmake_force_configure' from command line to 'False'
[0.352s] Level 5:colcon.colcon_core.verb:set package 'pymoveit2' build argument 'ament_cmake_args' from command line to 'None'
[0.352s] Level 5:colcon.colcon_core.verb:set package 'pymoveit2' build argument 'catkin_cmake_args' from command line to 'None'
[0.352s] Level 5:colcon.colcon_core.verb:set package 'pymoveit2' build argument 'catkin_skip_building_tests' from command line to 'False'
[0.352s] DEBUG:colcon.colcon_core.verb:Building package 'pymoveit2' with the following arguments: {'ament_cmake_args': None, 'build_base': '/home/hayden/ros_ws/build/pymoveit2', 'catkin_cmake_args': None, 'catkin_skip_building_tests': False, 'cmake_args': None, 'cmake_clean_cache': False, 'cmake_clean_first': False, 'cmake_force_configure': False, 'cmake_target': None, 'cmake_target_skip_unavailable': False, 'install_base': '/home/hayden/ros_ws/install/pymoveit2', 'merge_install': False, 'path': '/home/hayden/ros_ws/src/pymoveit2', 'symlink_install': False, 'test_result_base': None}
[0.353s] Level 5:colcon.colcon_core.verb:set package 'pepper_robot_moveit_config' build argument 'cmake_args' from command line to 'None'
[0.353s] Level 5:colcon.colcon_core.verb:set package 'pepper_robot_moveit_config' build argument 'cmake_target' from command line to 'None'
[0.353s] Level 5:colcon.colcon_core.verb:set package 'pepper_robot_moveit_config' build argument 'cmake_target_skip_unavailable' from command line to 'False'
[0.353s] Level 5:colcon.colcon_core.verb:set package 'pepper_robot_moveit_config' build argument 'cmake_clean_cache' from command line to 'False'
[0.353s] Level 5:colcon.colcon_core.verb:set package 'pepper_robot_moveit_config' build argument 'cmake_clean_first' from command line to 'False'
[0.353s] Level 5:colcon.colcon_core.verb:set package 'pepper_robot_moveit_config' build argument 'cmake_force_configure' from command line to 'False'
[0.353s] Level 5:colcon.colcon_core.verb:set package 'pepper_robot_moveit_config' build argument 'ament_cmake_args' from command line to 'None'
[0.353s] Level 5:colcon.colcon_core.verb:set package 'pepper_robot_moveit_config' build argument 'catkin_cmake_args' from command line to 'None'
[0.353s] Level 5:colcon.colcon_core.verb:set package 'pepper_robot_moveit_config' build argument 'catkin_skip_building_tests' from command line to 'False'
[0.353s] DEBUG:colcon.colcon_core.verb:Building package 'pepper_robot_moveit_config' with the following arguments: {'ament_cmake_args': None, 'build_base': '/home/hayden/ros_ws/build/pepper_robot_moveit_config', 'catkin_cmake_args': None, 'catkin_skip_building_tests': False, 'cmake_args': None, 'cmake_clean_cache': False, 'cmake_clean_first': False, 'cmake_force_configure': False, 'cmake_target': None, 'cmake_target_skip_unavailable': False, 'install_base': '/home/hayden/ros_ws/install/pepper_robot_moveit_config', 'merge_install': False, 'path': '/home/hayden/ros_ws/src/pepper_ign_moveit2/pepper_robot_moveit_config', 'symlink_install': False, 'test_result_base': None}
[0.353s] Level 5:colcon.colcon_core.verb:set package 'pepper_robot' build argument 'cmake_args' from command line to 'None'
[0.353s] Level 5:colcon.colcon_core.verb:set package 'pepper_robot' build argument 'cmake_target' from command line to 'None'
[0.353s] Level 5:colcon.colcon_core.verb:set package 'pepper_robot' build argument 'cmake_target_skip_unavailable' from command line to 'False'
[0.353s] Level 5:colcon.colcon_core.verb:set package 'pepper_robot' build argument 'cmake_clean_cache' from command line to 'False'
[0.353s] Level 5:colcon.colcon_core.verb:set package 'pepper_robot' build argument 'cmake_clean_first' from command line to 'False'
[0.353s] Level 5:colcon.colcon_core.verb:set package 'pepper_robot' build argument 'cmake_force_configure' from command line to 'False'
[0.353s] Level 5:colcon.colcon_core.verb:set package 'pepper_robot' build argument 'ament_cmake_args' from command line to 'None'
[0.353s] Level 5:colcon.colcon_core.verb:set package 'pepper_robot' build argument 'catkin_cmake_args' from command line to 'None'
[0.353s] Level 5:colcon.colcon_core.verb:set package 'pepper_robot' build argument 'catkin_skip_building_tests' from command line to 'False'
[0.353s] DEBUG:colcon.colcon_core.verb:Building package 'pepper_robot' with the following arguments: {'ament_cmake_args': None, 'build_base': '/home/hayden/ros_ws/build/pepper_robot', 'catkin_cmake_args': None, 'catkin_skip_building_tests': False, 'cmake_args': None, 'cmake_clean_cache': False, 'cmake_clean_first': False, 'cmake_force_configure': False, 'cmake_target': None, 'cmake_target_skip_unavailable': False, 'install_base': '/home/hayden/ros_ws/install/pepper_robot', 'merge_install': False, 'path': '/home/hayden/ros_ws/src/pepper_ign_moveit2/pepper_robot', 'symlink_install': False, 'test_result_base': None}
[0.353s] Level 5:colcon.colcon_core.verb:set package 'pepper_robot_ign' build argument 'cmake_args' from command line to 'None'
[0.353s] Level 5:colcon.colcon_core.verb:set package 'pepper_robot_ign' build argument 'cmake_target' from command line to 'None'
[0.353s] Level 5:colcon.colcon_core.verb:set package 'pepper_robot_ign' build argument 'cmake_target_skip_unavailable' from command line to 'False'
[0.353s] Level 5:colcon.colcon_core.verb:set package 'pepper_robot_ign' build argument 'cmake_clean_cache' from command line to 'False'
[0.353s] Level 5:colcon.colcon_core.verb:set package 'pepper_robot_ign' build argument 'cmake_clean_first' from command line to 'False'
[0.353s] Level 5:colcon.colcon_core.verb:set package 'pepper_robot_ign' build argument 'cmake_force_configure' from command line to 'False'
[0.353s] Level 5:colcon.colcon_core.verb:set package 'pepper_robot_ign' build argument 'ament_cmake_args' from command line to 'None'
[0.353s] Level 5:colcon.colcon_core.verb:set package 'pepper_robot_ign' build argument 'catkin_cmake_args' from command line to 'None'
[0.354s] Level 5:colcon.colcon_core.verb:set package 'pepper_robot_ign' build argument 'catkin_skip_building_tests' from command line to 'False'
[0.354s] DEBUG:colcon.colcon_core.verb:Building package 'pepper_robot_ign' with the following arguments: {'ament_cmake_args': None, 'build_base': '/home/hayden/ros_ws/build/pepper_robot_ign', 'catkin_cmake_args': None, 'catkin_skip_building_tests': False, 'cmake_args': None, 'cmake_clean_cache': False, 'cmake_clean_first': False, 'cmake_force_configure': False, 'cmake_target': None, 'cmake_target_skip_unavailable': False, 'install_base': '/home/hayden/ros_ws/install/pepper_robot_ign', 'merge_install': False, 'path': '/home/hayden/ros_ws/src/pepper_ign_moveit2/pepper_robot_ign', 'symlink_install': False, 'test_result_base': None}
[0.354s] INFO:colcon.colcon_core.executor:Executing jobs using 'parallel' executor
[0.354s] DEBUG:colcon.colcon_parallel_executor.executor.parallel:run_until_complete
[0.354s] INFO:colcon.colcon_ros.task.ament_cmake.build:Building ROS package in '/home/hayden/ros_ws/src/pepper_ign_moveit2/pepper_robot_description' with build type 'ament_cmake'
[0.354s] INFO:colcon.colcon_cmake.task.cmake.build:Building CMake package in '/home/hayden/ros_ws/src/pepper_ign_moveit2/pepper_robot_description'
[0.358s] INFO:colcon.colcon_core.plugin_system:Skipping extension 'colcon_core.shell.bat': Not used on non-Windows systems
[0.358s] INFO:colcon.colcon_core.shell:Skip shell extension 'powershell' for command environment: Not usable outside of PowerShell
[0.358s] DEBUG:colcon.colcon_core.shell:Skip shell extension 'dsv' for command environment
[0.361s] INFO:colcon.colcon_ros.task.ament_cmake.build:Building ROS package in '/home/hayden/ros_ws/src/pymoveit2' with build type 'ament_cmake'
[0.361s] INFO:colcon.colcon_cmake.task.cmake.build:Building CMake package in '/home/hayden/ros_ws/src/pymoveit2'
[0.361s] INFO:colcon.colcon_core.shell:Skip shell extension 'powershell' for command environment: Not usable outside of PowerShell
[0.361s] DEBUG:colcon.colcon_core.shell:Skip shell extension 'dsv' for command environment
[0.366s] DEBUG:colcon.colcon_core.event_handler.log_command:Invoking command in '/home/hayden/ros_ws/build/pepper_robot_description': CMAKE_PREFIX_PATH=${CMAKE_PREFIX_PATH}:/opt/ros/humble /usr/bin/cmake --build /home/hayden/ros_ws/build/pepper_robot_description -- -j12 -l12
[0.369s] DEBUG:colcon.colcon_core.event_handler.log_command:Invoking command in '/home/hayden/ros_ws/build/pymoveit2': CMAKE_PREFIX_PATH=${CMAKE_PREFIX_PATH}:/opt/ros/humble /usr/bin/cmake --build /home/hayden/ros_ws/build/pymoveit2 -- -j12 -l12
[0.427s] DEBUG:colcon.colcon_core.event_handler.log_command:Invoked command in '/home/hayden/ros_ws/build/pepper_robot_description' returned '0': CMAKE_PREFIX_PATH=${CMAKE_PREFIX_PATH}:/opt/ros/humble /usr/bin/cmake --build /home/hayden/ros_ws/build/pepper_robot_description -- -j12 -l12
[0.434s] DEBUG:colcon.colcon_core.event_handler.log_command:Invoking command in '/home/hayden/ros_ws/build/pepper_robot_description': CMAKE_PREFIX_PATH=${CMAKE_PREFIX_PATH}:/opt/ros/humble /usr/bin/cmake --install /home/hayden/ros_ws/build/pepper_robot_description
[0.448s] Level 1:colcon.colcon_core.environment:create_environment_scripts_only(pepper_robot_description)
[0.451s] DEBUG:colcon.colcon_core.event_handler.log_command:Invoked command in '/home/hayden/ros_ws/build/pepper_robot_description' returned '0': CMAKE_PREFIX_PATH=${CMAKE_PREFIX_PATH}:/opt/ros/humble /usr/bin/cmake --install /home/hayden/ros_ws/build/pepper_robot_description
[0.455s] Level 1:colcon.colcon_core.environment:checking '/home/hayden/ros_ws/install/pepper_robot_description' for CMake module files
[0.455s] Level 1:colcon.colcon_core.environment:checking '/home/hayden/ros_ws/install/pepper_robot_description' for CMake config files
[0.456s] Level 1:colcon.colcon_core.shell:create_environment_hook('pepper_robot_description', 'cmake_prefix_path')
[0.456s] INFO:colcon.colcon_core.shell:Creating environment hook '/home/hayden/ros_ws/install/pepper_robot_description/share/pepper_robot_description/hook/cmake_prefix_path.ps1'
[0.456s] INFO:colcon.colcon_core.shell:Creating environment descriptor '/home/hayden/ros_ws/install/pepper_robot_description/share/pepper_robot_description/hook/cmake_prefix_path.dsv'
[0.457s] INFO:colcon.colcon_core.shell:Creating environment hook '/home/hayden/ros_ws/install/pepper_robot_description/share/pepper_robot_description/hook/cmake_prefix_path.sh'
[0.458s] Level 1:colcon.colcon_core.environment:checking '/home/hayden/ros_ws/install/pepper_robot_description/lib'
[0.458s] Level 1:colcon.colcon_core.environment:checking '/home/hayden/ros_ws/install/pepper_robot_description/bin'
[0.458s] Level 1:colcon.colcon_core.environment:checking '/home/hayden/ros_ws/install/pepper_robot_description/lib/pkgconfig/pepper_robot_description.pc'
[0.458s] Level 1:colcon.colcon_core.environment:checking '/home/hayden/ros_ws/install/pepper_robot_description/lib/python3.10/site-packages'
[0.458s] Level 1:colcon.colcon_core.environment:checking '/home/hayden/ros_ws/install/pepper_robot_description/bin'
[0.458s] INFO:colcon.colcon_core.shell:Creating package script '/home/hayden/ros_ws/install/pepper_robot_description/share/pepper_robot_description/package.ps1'
[0.459s] INFO:colcon.colcon_core.shell:Creating package descriptor '/home/hayden/ros_ws/install/pepper_robot_description/share/pepper_robot_description/package.dsv'
[0.460s] INFO:colcon.colcon_core.shell:Creating package script '/home/hayden/ros_ws/install/pepper_robot_description/share/pepper_robot_description/package.sh'
[0.461s] INFO:colcon.colcon_core.shell:Creating package script '/home/hayden/ros_ws/install/pepper_robot_description/share/pepper_robot_description/package.bash'
[0.461s] INFO:colcon.colcon_core.shell:Creating package script '/home/hayden/ros_ws/install/pepper_robot_description/share/pepper_robot_description/package.zsh'
[0.462s] Level 1:colcon.colcon_core.environment:create_file_with_runtime_dependencies(/home/hayden/ros_ws/install/pepper_robot_description/share/colcon-core/packages/pepper_robot_description)
[0.463s] Level 1:colcon.colcon_core.environment:create_environment_scripts_only(pepper_robot_description)
[0.463s] Level 1:colcon.colcon_core.environment:checking '/home/hayden/ros_ws/install/pepper_robot_description' for CMake module files
[0.463s] Level 1:colcon.colcon_core.environment:checking '/home/hayden/ros_ws/install/pepper_robot_description' for CMake config files
[0.463s] Level 1:colcon.colcon_core.shell:create_environment_hook('pepper_robot_description', 'cmake_prefix_path')
[0.464s] INFO:colcon.colcon_core.shell:Creating environment hook '/home/hayden/ros_ws/install/pepper_robot_description/share/pepper_robot_description/hook/cmake_prefix_path.ps1'
[0.464s] INFO:colcon.colcon_core.shell:Creating environment descriptor '/home/hayden/ros_ws/install/pepper_robot_description/share/pepper_robot_description/hook/cmake_prefix_path.dsv'
[0.464s] INFO:colcon.colcon_core.shell:Creating environment hook '/home/hayden/ros_ws/install/pepper_robot_description/share/pepper_robot_description/hook/cmake_prefix_path.sh'
[0.464s] Level 1:colcon.colcon_core.environment:checking '/home/hayden/ros_ws/install/pepper_robot_description/lib'
[0.464s] Level 1:colcon.colcon_core.environment:checking '/home/hayden/ros_ws/install/pepper_robot_description/bin'
[0.464s] Level 1:colcon.colcon_core.environment:checking '/home/hayden/ros_ws/install/pepper_robot_description/lib/pkgconfig/pepper_robot_description.pc'
[0.465s] Level 1:colcon.colcon_core.environment:checking '/home/hayden/ros_ws/install/pepper_robot_description/lib/python3.10/site-packages'
[0.465s] Level 1:colcon.colcon_core.environment:checking '/home/hayden/ros_ws/install/pepper_robot_description/bin'
[0.465s] INFO:colcon.colcon_core.shell:Creating package script '/home/hayden/ros_ws/install/pepper_robot_description/share/pepper_robot_description/package.ps1'
[0.465s] INFO:colcon.colcon_core.shell:Creating package descriptor '/home/hayden/ros_ws/install/pepper_robot_description/share/pepper_robot_description/package.dsv'
[0.466s] INFO:colcon.colcon_core.shell:Creating package script '/home/hayden/ros_ws/install/pepper_robot_description/share/pepper_robot_description/package.sh'
[0.466s] INFO:colcon.colcon_core.shell:Creating package script '/home/hayden/ros_ws/install/pepper_robot_description/share/pepper_robot_description/package.bash'
[0.466s] INFO:colcon.colcon_core.shell:Creating package script '/home/hayden/ros_ws/install/pepper_robot_description/share/pepper_robot_description/package.zsh'
[0.466s] Level 1:colcon.colcon_core.environment:create_file_with_runtime_dependencies(/home/hayden/ros_ws/install/pepper_robot_description/share/colcon-core/packages/pepper_robot_description)
[0.467s] INFO:colcon.colcon_ros.task.ament_cmake.build:Building ROS package in '/home/hayden/ros_ws/src/pepper_ign_moveit2/pepper_robot_moveit_config' with build type 'ament_cmake'
[0.467s] INFO:colcon.colcon_cmake.task.cmake.build:Building CMake package in '/home/hayden/ros_ws/src/pepper_ign_moveit2/pepper_robot_moveit_config'
[0.467s] INFO:colcon.colcon_core.shell:Skip shell extension 'powershell' for command environment: Not usable outside of PowerShell
[0.467s] DEBUG:colcon.colcon_core.shell:Skip shell extension 'dsv' for command environment
[0.474s] DEBUG:colcon.colcon_core.event_handler.log_command:Invoking command in '/home/hayden/ros_ws/build/pepper_robot_moveit_config': CMAKE_PREFIX_PATH=/home/hayden/ros_ws/install/pepper_robot_description:/home/hayden/ros_ws/install/pymoveit2:/home/hayden/ros_ws/install/pepper_robot_ign:/home/hayden/ros_ws/install/pepper_robot_moveit_config:/home/hayden/ros_ws/install/pepper_robot:/opt/ros/humble /usr/bin/cmake --build /home/hayden/ros_ws/build/pepper_robot_moveit_config -- -j12 -l12
[0.503s] DEBUG:colcon.colcon_core.event_handler.log_command:Invoked command in '/home/hayden/ros_ws/build/pepper_robot_moveit_config' returned '0': CMAKE_PREFIX_PATH=/home/hayden/ros_ws/install/pepper_robot_description:/home/hayden/ros_ws/install/pymoveit2:/home/hayden/ros_ws/install/pepper_robot_ign:/home/hayden/ros_ws/install/pepper_robot_moveit_config:/home/hayden/ros_ws/install/pepper_robot:/opt/ros/humble /usr/bin/cmake --build /home/hayden/ros_ws/build/pepper_robot_moveit_config -- -j12 -l12
[0.504s] DEBUG:colcon.colcon_core.event_handler.log_command:Invoking command in '/home/hayden/ros_ws/build/pepper_robot_moveit_config': CMAKE_PREFIX_PATH=/home/hayden/ros_ws/install/pepper_robot_description:/home/hayden/ros_ws/install/pymoveit2:/home/hayden/ros_ws/install/pepper_robot_ign:/home/hayden/ros_ws/install/pepper_robot_moveit_config:/home/hayden/ros_ws/install/pepper_robot:/opt/ros/humble /usr/bin/cmake --install /home/hayden/ros_ws/build/pepper_robot_moveit_config
[0.512s] Level 1:colcon.colcon_core.environment:create_environment_scripts_only(pepper_robot_moveit_config)
[0.512s] Level 1:colcon.colcon_core.environment:checking '/home/hayden/ros_ws/install/pepper_robot_moveit_config' for CMake module files
[0.512s] DEBUG:colcon.colcon_core.event_handler.log_command:Invoked command in '/home/hayden/ros_ws/build/pepper_robot_moveit_config' returned '0': CMAKE_PREFIX_PATH=/home/hayden/ros_ws/install/pepper_robot_description:/home/hayden/ros_ws/install/pymoveit2:/home/hayden/ros_ws/install/pepper_robot_ign:/home/hayden/ros_ws/install/pepper_robot_moveit_config:/home/hayden/ros_ws/install/pepper_robot:/opt/ros/humble /usr/bin/cmake --install /home/hayden/ros_ws/build/pepper_robot_moveit_config
[0.513s] Level 1:colcon.colcon_core.environment:checking '/home/hayden/ros_ws/install/pepper_robot_moveit_config' for CMake config files
[0.513s] Level 1:colcon.colcon_core.shell:create_environment_hook('pepper_robot_moveit_config', 'cmake_prefix_path')
[0.513s] INFO:colcon.colcon_core.shell:Creating environment hook '/home/hayden/ros_ws/install/pepper_robot_moveit_config/share/pepper_robot_moveit_config/hook/cmake_prefix_path.ps1'
[0.513s] INFO:colcon.colcon_core.shell:Creating environment descriptor '/home/hayden/ros_ws/install/pepper_robot_moveit_config/share/pepper_robot_moveit_config/hook/cmake_prefix_path.dsv'
[0.513s] INFO:colcon.colcon_core.shell:Creating environment hook '/home/hayden/ros_ws/install/pepper_robot_moveit_config/share/pepper_robot_moveit_config/hook/cmake_prefix_path.sh'
[0.514s] Level 1:colcon.colcon_core.environment:checking '/home/hayden/ros_ws/install/pepper_robot_moveit_config/bin'
[0.514s] Level 1:colcon.colcon_core.environment:checking '/home/hayden/ros_ws/install/pepper_robot_moveit_config/lib/pkgconfig/pepper_robot_moveit_config.pc'
[0.514s] Level 1:colcon.colcon_core.environment:checking '/home/hayden/ros_ws/install/pepper_robot_moveit_config/lib/python3.10/site-packages'
[0.514s] Level 1:colcon.colcon_core.environment:checking '/home/hayden/ros_ws/install/pepper_robot_moveit_config/bin'
[0.514s] INFO:colcon.colcon_core.shell:Creating package script '/home/hayden/ros_ws/install/pepper_robot_moveit_config/share/pepper_robot_moveit_config/package.ps1'
[0.515s] INFO:colcon.colcon_core.shell:Creating package descriptor '/home/hayden/ros_ws/install/pepper_robot_moveit_config/share/pepper_robot_moveit_config/package.dsv'
[0.515s] INFO:colcon.colcon_core.shell:Creating package script '/home/hayden/ros_ws/install/pepper_robot_moveit_config/share/pepper_robot_moveit_config/package.sh'
[0.515s] INFO:colcon.colcon_core.shell:Creating package script '/home/hayden/ros_ws/install/pepper_robot_moveit_config/share/pepper_robot_moveit_config/package.bash'
[0.516s] INFO:colcon.colcon_core.shell:Creating package script '/home/hayden/ros_ws/install/pepper_robot_moveit_config/share/pepper_robot_moveit_config/package.zsh'
[0.516s] Level 1:colcon.colcon_core.environment:create_file_with_runtime_dependencies(/home/hayden/ros_ws/install/pepper_robot_moveit_config/share/colcon-core/packages/pepper_robot_moveit_config)
[0.516s] Level 1:colcon.colcon_core.environment:create_environment_scripts_only(pepper_robot_moveit_config)
[0.516s] Level 1:colcon.colcon_core.environment:checking '/home/hayden/ros_ws/install/pepper_robot_moveit_config' for CMake module files
[0.517s] Level 1:colcon.colcon_core.environment:checking '/home/hayden/ros_ws/install/pepper_robot_moveit_config' for CMake config files
[0.517s] Level 1:colcon.colcon_core.shell:create_environment_hook('pepper_robot_moveit_config', 'cmake_prefix_path')
[0.517s] INFO:colcon.colcon_core.shell:Creating environment hook '/home/hayden/ros_ws/install/pepper_robot_moveit_config/share/pepper_robot_moveit_config/hook/cmake_prefix_path.ps1'
[0.517s] INFO:colcon.colcon_core.shell:Creating environment descriptor '/home/hayden/ros_ws/install/pepper_robot_moveit_config/share/pepper_robot_moveit_config/hook/cmake_prefix_path.dsv'
[0.518s] INFO:colcon.colcon_core.shell:Creating environment hook '/home/hayden/ros_ws/install/pepper_robot_moveit_config/share/pepper_robot_moveit_config/hook/cmake_prefix_path.sh'
[0.518s] Level 1:colcon.colcon_core.environment:checking '/home/hayden/ros_ws/install/pepper_robot_moveit_config/bin'
[0.518s] Level 1:colcon.colcon_core.environment:checking '/home/hayden/ros_ws/install/pepper_robot_moveit_config/lib/pkgconfig/pepper_robot_moveit_config.pc'
[0.518s] Level 1:colcon.colcon_core.environment:checking '/home/hayden/ros_ws/install/pepper_robot_moveit_config/lib/python3.10/site-packages'
[0.518s] Level 1:colcon.colcon_core.environment:checking '/home/hayden/ros_ws/install/pepper_robot_moveit_config/bin'
[0.518s] INFO:colcon.colcon_core.shell:Creating package script '/home/hayden/ros_ws/install/pepper_robot_moveit_config/share/pepper_robot_moveit_config/package.ps1'
[0.519s] INFO:colcon.colcon_core.shell:Creating package descriptor '/home/hayden/ros_ws/install/pepper_robot_moveit_config/share/pepper_robot_moveit_config/package.dsv'
[0.519s] INFO:colcon.colcon_core.shell:Creating package script '/home/hayden/ros_ws/install/pepper_robot_moveit_config/share/pepper_robot_moveit_config/package.sh'
[0.519s] INFO:colcon.colcon_core.shell:Creating package script '/home/hayden/ros_ws/install/pepper_robot_moveit_config/share/pepper_robot_moveit_config/package.bash'
[0.520s] INFO:colcon.colcon_core.shell:Creating package script '/home/hayden/ros_ws/install/pepper_robot_moveit_config/share/pepper_robot_moveit_config/package.zsh'
[0.520s] Level 1:colcon.colcon_core.environment:create_file_with_runtime_dependencies(/home/hayden/ros_ws/install/pepper_robot_moveit_config/share/colcon-core/packages/pepper_robot_moveit_config)
[0.520s] INFO:colcon.colcon_ros.task.ament_cmake.build:Building ROS package in '/home/hayden/ros_ws/src/pepper_ign_moveit2/pepper_robot' with build type 'ament_cmake'
[0.520s] INFO:colcon.colcon_cmake.task.cmake.build:Building CMake package in '/home/hayden/ros_ws/src/pepper_ign_moveit2/pepper_robot'
[0.520s] INFO:colcon.colcon_core.shell:Skip shell extension 'powershell' for command environment: Not usable outside of PowerShell
[0.520s] DEBUG:colcon.colcon_core.shell:Skip shell extension 'dsv' for command environment
[0.523s] INFO:colcon.colcon_ros.task.ament_cmake.build:Building ROS package in '/home/hayden/ros_ws/src/pepper_ign_moveit2/pepper_robot_ign' with build type 'ament_cmake'
[0.523s] INFO:colcon.colcon_cmake.task.cmake.build:Building CMake package in '/home/hayden/ros_ws/src/pepper_ign_moveit2/pepper_robot_ign'
[0.523s] INFO:colcon.colcon_core.shell:Skip shell extension 'powershell' for command environment: Not usable outside of PowerShell
[0.523s] DEBUG:colcon.colcon_core.shell:Skip shell extension 'dsv' for command environment
[0.528s] DEBUG:colcon.colcon_core.event_handler.log_command:Invoking command in '/home/hayden/ros_ws/build/pepper_robot': CMAKE_PREFIX_PATH=/home/hayden/ros_ws/install/pepper_robot_moveit_config:/home/hayden/ros_ws/install/pepper_robot_description:/home/hayden/ros_ws/install/pymoveit2:/home/hayden/ros_ws/install/pepper_robot_ign:/home/hayden/ros_ws/install/pepper_robot:/opt/ros/humble /usr/bin/cmake --build /home/hayden/ros_ws/build/pepper_robot -- -j12 -l12
[0.530s] DEBUG:colcon.colcon_core.event_handler.log_command:Invoking command in '/home/hayden/ros_ws/build/pepper_robot_ign': CMAKE_PREFIX_PATH=/home/hayden/ros_ws/install/pepper_robot_moveit_config:/home/hayden/ros_ws/install/pepper_robot_description:/home/hayden/ros_ws/install/pymoveit2:/home/hayden/ros_ws/install/pepper_robot_ign:/home/hayden/ros_ws/install/pepper_robot:/opt/ros/humble /usr/bin/cmake --build /home/hayden/ros_ws/build/pepper_robot_ign -- -j12 -l12
[0.556s] DEBUG:colcon.colcon_core.event_handler.log_command:Invoked command in '/home/hayden/ros_ws/build/pepper_robot' returned '0': CMAKE_PREFIX_PATH=/home/hayden/ros_ws/install/pepper_robot_moveit_config:/home/hayden/ros_ws/install/pepper_robot_description:/home/hayden/ros_ws/install/pymoveit2:/home/hayden/ros_ws/install/pepper_robot_ign:/home/hayden/ros_ws/install/pepper_robot:/opt/ros/humble /usr/bin/cmake --build /home/hayden/ros_ws/build/pepper_robot -- -j12 -l12
[0.558s] DEBUG:colcon.colcon_core.event_handler.log_command:Invoking command in '/home/hayden/ros_ws/build/pepper_robot': CMAKE_PREFIX_PATH=/home/hayden/ros_ws/install/pepper_robot_moveit_config:/home/hayden/ros_ws/install/pepper_robot_description:/home/hayden/ros_ws/install/pymoveit2:/home/hayden/ros_ws/install/pepper_robot_ign:/home/hayden/ros_ws/install/pepper_robot:/opt/ros/humble /usr/bin/cmake --install /home/hayden/ros_ws/build/pepper_robot
[0.558s] DEBUG:colcon.colcon_core.event_handler.log_command:Invoked command in '/home/hayden/ros_ws/build/pepper_robot_ign' returned '0': CMAKE_PREFIX_PATH=/home/hayden/ros_ws/install/pepper_robot_moveit_config:/home/hayden/ros_ws/install/pepper_robot_description:/home/hayden/ros_ws/install/pymoveit2:/home/hayden/ros_ws/install/pepper_robot_ign:/home/hayden/ros_ws/install/pepper_robot:/opt/ros/humble /usr/bin/cmake --build /home/hayden/ros_ws/build/pepper_robot_ign -- -j12 -l12
[0.559s] DEBUG:colcon.colcon_core.event_handler.log_command:Invoking command in '/home/hayden/ros_ws/build/pepper_robot_ign': CMAKE_PREFIX_PATH=/home/hayden/ros_ws/install/pepper_robot_moveit_config:/home/hayden/ros_ws/install/pepper_robot_description:/home/hayden/ros_ws/install/pymoveit2:/home/hayden/ros_ws/install/pepper_robot_ign:/home/hayden/ros_ws/install/pepper_robot:/opt/ros/humble /usr/bin/cmake --install /home/hayden/ros_ws/build/pepper_robot_ign
[0.565s] Level 1:colcon.colcon_core.environment:create_environment_scripts_only(pepper_robot)
[0.565s] Level 1:colcon.colcon_core.environment:checking '/home/hayden/ros_ws/install/pepper_robot' for CMake module files
[0.565s] DEBUG:colcon.colcon_core.event_handler.log_command:Invoked command in '/home/hayden/ros_ws/build/pepper_robot' returned '0': CMAKE_PREFIX_PATH=/home/hayden/ros_ws/install/pepper_robot_moveit_config:/home/hayden/ros_ws/install/pepper_robot_description:/home/hayden/ros_ws/install/pymoveit2:/home/hayden/ros_ws/install/pepper_robot_ign:/home/hayden/ros_ws/install/pepper_robot:/opt/ros/humble /usr/bin/cmake --install /home/hayden/ros_ws/build/pepper_robot
[0.566s] Level 1:colcon.colcon_core.environment:checking '/home/hayden/ros_ws/install/pepper_robot' for CMake config files
[0.567s] Level 1:colcon.colcon_core.shell:create_environment_hook('pepper_robot', 'cmake_prefix_path')
[0.567s] INFO:colcon.colcon_core.shell:Creating environment hook '/home/hayden/ros_ws/install/pepper_robot/share/pepper_robot/hook/cmake_prefix_path.ps1'
[0.567s] INFO:colcon.colcon_core.shell:Creating environment descriptor '/home/hayden/ros_ws/install/pepper_robot/share/pepper_robot/hook/cmake_prefix_path.dsv'
[0.568s] INFO:colcon.colcon_core.shell:Creating environment hook '/home/hayden/ros_ws/install/pepper_robot/share/pepper_robot/hook/cmake_prefix_path.sh'
[0.568s] Level 1:colcon.colcon_core.environment:checking '/home/hayden/ros_ws/install/pepper_robot/bin'
[0.568s] Level 1:colcon.colcon_core.environment:checking '/home/hayden/ros_ws/install/pepper_robot/lib/pkgconfig/pepper_robot.pc'
[0.568s] Level 1:colcon.colcon_core.environment:checking '/home/hayden/ros_ws/install/pepper_robot/lib/python3.10/site-packages'
[0.568s] Level 1:colcon.colcon_core.environment:checking '/home/hayden/ros_ws/install/pepper_robot/bin'
[0.569s] INFO:colcon.colcon_core.shell:Creating package script '/home/hayden/ros_ws/install/pepper_robot/share/pepper_robot/package.ps1'
[0.569s] INFO:colcon.colcon_core.shell:Creating package descriptor '/home/hayden/ros_ws/install/pepper_robot/share/pepper_robot/package.dsv'
[0.569s] INFO:colcon.colcon_core.shell:Creating package script '/home/hayden/ros_ws/install/pepper_robot/share/pepper_robot/package.sh'
[0.570s] INFO:colcon.colcon_core.shell:Creating package script '/home/hayden/ros_ws/install/pepper_robot/share/pepper_robot/package.bash'
[0.570s] INFO:colcon.colcon_core.shell:Creating package script '/home/hayden/ros_ws/install/pepper_robot/share/pepper_robot/package.zsh'
[0.570s] Level 1:colcon.colcon_core.environment:create_file_with_runtime_dependencies(/home/hayden/ros_ws/install/pepper_robot/share/colcon-core/packages/pepper_robot)
[0.570s] Level 1:colcon.colcon_core.environment:create_environment_scripts_only(pepper_robot)
[0.570s] Level 1:colcon.colcon_core.environment:checking '/home/hayden/ros_ws/install/pepper_robot' for CMake module files
[0.571s] Level 1:colcon.colcon_core.environment:checking '/home/hayden/ros_ws/install/pepper_robot' for CMake config files
[0.571s] Level 1:colcon.colcon_core.shell:create_environment_hook('pepper_robot', 'cmake_prefix_path')
[0.571s] INFO:colcon.colcon_core.shell:Creating environment hook '/home/hayden/ros_ws/install/pepper_robot/share/pepper_robot/hook/cmake_prefix_path.ps1'
[0.571s] INFO:colcon.colcon_core.shell:Creating environment descriptor '/home/hayden/ros_ws/install/pepper_robot/share/pepper_robot/hook/cmake_prefix_path.dsv'
[0.571s] INFO:colcon.colcon_core.shell:Creating environment hook '/home/hayden/ros_ws/install/pepper_robot/share/pepper_robot/hook/cmake_prefix_path.sh'
[0.572s] Level 1:colcon.colcon_core.environment:checking '/home/hayden/ros_ws/install/pepper_robot/bin'
[0.572s] Level 1:colcon.colcon_core.environment:checking '/home/hayden/ros_ws/install/pepper_robot/lib/pkgconfig/pepper_robot.pc'
[0.572s] Level 1:colcon.colcon_core.environment:checking '/home/hayden/ros_ws/install/pepper_robot/lib/python3.10/site-packages'
[0.572s] Level 1:colcon.colcon_core.environment:checking '/home/hayden/ros_ws/install/pepper_robot/bin'
[0.572s] INFO:colcon.colcon_core.shell:Creating package script '/home/hayden/ros_ws/install/pepper_robot/share/pepper_robot/package.ps1'
[0.573s] INFO:colcon.colcon_core.shell:Creating package descriptor '/home/hayden/ros_ws/install/pepper_robot/share/pepper_robot/package.dsv'
[0.573s] INFO:colcon.colcon_core.shell:Creating package script '/home/hayden/ros_ws/install/pepper_robot/share/pepper_robot/package.sh'
[0.573s] INFO:colcon.colcon_core.shell:Creating package script '/home/hayden/ros_ws/install/pepper_robot/share/pepper_robot/package.bash'
[0.574s] INFO:colcon.colcon_core.shell:Creating package script '/home/hayden/ros_ws/install/pepper_robot/share/pepper_robot/package.zsh'
[0.574s] Level 1:colcon.colcon_core.environment:create_file_with_runtime_dependencies(/home/hayden/ros_ws/install/pepper_robot/share/colcon-core/packages/pepper_robot)
[0.574s] Level 1:colcon.colcon_core.environment:create_environment_scripts_only(pepper_robot_ign)
[0.574s] Level 1:colcon.colcon_core.environment:checking '/home/hayden/ros_ws/install/pepper_robot_ign' for CMake module files
[0.575s] DEBUG:colcon.colcon_core.event_handler.log_command:Invoked command in '/home/hayden/ros_ws/build/pepper_robot_ign' returned '0': CMAKE_PREFIX_PATH=/home/hayden/ros_ws/install/pepper_robot_moveit_config:/home/hayden/ros_ws/install/pepper_robot_description:/home/hayden/ros_ws/install/pymoveit2:/home/hayden/ros_ws/install/pepper_robot_ign:/home/hayden/ros_ws/install/pepper_robot:/opt/ros/humble /usr/bin/cmake --install /home/hayden/ros_ws/build/pepper_robot_ign
[0.575s] Level 1:colcon.colcon_core.environment:checking '/home/hayden/ros_ws/install/pepper_robot_ign' for CMake config files
[0.575s] Level 1:colcon.colcon_core.shell:create_environment_hook('pepper_robot_ign', 'cmake_prefix_path')
[0.575s] INFO:colcon.colcon_core.shell:Creating environment hook '/home/hayden/ros_ws/install/pepper_robot_ign/share/pepper_robot_ign/hook/cmake_prefix_path.ps1'
[0.576s] INFO:colcon.colcon_core.shell:Creating environment descriptor '/home/hayden/ros_ws/install/pepper_robot_ign/share/pepper_robot_ign/hook/cmake_prefix_path.dsv'
[0.576s] INFO:colcon.colcon_core.shell:Creating environment hook '/home/hayden/ros_ws/install/pepper_robot_ign/share/pepper_robot_ign/hook/cmake_prefix_path.sh'
[0.576s] Level 1:colcon.colcon_core.environment:checking '/home/hayden/ros_ws/install/pepper_robot_ign/lib'
[0.576s] Level 1:colcon.colcon_core.environment:checking '/home/hayden/ros_ws/install/pepper_robot_ign/bin'
[0.576s] Level 1:colcon.colcon_core.environment:checking '/home/hayden/ros_ws/install/pepper_robot_ign/lib/pkgconfig/pepper_robot_ign.pc'
[0.576s] Level 1:colcon.colcon_core.environment:checking '/home/hayden/ros_ws/install/pepper_robot_ign/lib/python3.10/site-packages'
[0.577s] Level 1:colcon.colcon_core.environment:checking '/home/hayden/ros_ws/install/pepper_robot_ign/bin'
[0.577s] INFO:colcon.colcon_core.shell:Creating package script '/home/hayden/ros_ws/install/pepper_robot_ign/share/pepper_robot_ign/package.ps1'
[0.577s] INFO:colcon.colcon_core.shell:Creating package descriptor '/home/hayden/ros_ws/install/pepper_robot_ign/share/pepper_robot_ign/package.dsv'
[0.577s] INFO:colcon.colcon_core.shell:Creating package script '/home/hayden/ros_ws/install/pepper_robot_ign/share/pepper_robot_ign/package.sh'
[0.578s] INFO:colcon.colcon_core.shell:Creating package script '/home/hayden/ros_ws/install/pepper_robot_ign/share/pepper_robot_ign/package.bash'
[0.578s] INFO:colcon.colcon_core.shell:Creating package script '/home/hayden/ros_ws/install/pepper_robot_ign/share/pepper_robot_ign/package.zsh'
[0.578s] Level 1:colcon.colcon_core.environment:create_file_with_runtime_dependencies(/home/hayden/ros_ws/install/pepper_robot_ign/share/colcon-core/packages/pepper_robot_ign)
[0.578s] Level 1:colcon.colcon_core.environment:create_environment_scripts_only(pepper_robot_ign)
[0.579s] Level 1:colcon.colcon_core.environment:checking '/home/hayden/ros_ws/install/pepper_robot_ign' for CMake module files
[0.579s] Level 1:colcon.colcon_core.environment:checking '/home/hayden/ros_ws/install/pepper_robot_ign' for CMake config files
[0.579s] Level 1:colcon.colcon_core.shell:create_environment_hook('pepper_robot_ign', 'cmake_prefix_path')
[0.579s] INFO:colcon.colcon_core.shell:Creating environment hook '/home/hayden/ros_ws/install/pepper_robot_ign/share/pepper_robot_ign/hook/cmake_prefix_path.ps1'
[0.579s] INFO:colcon.colcon_core.shell:Creating environment descriptor '/home/hayden/ros_ws/install/pepper_robot_ign/share/pepper_robot_ign/hook/cmake_prefix_path.dsv'
[0.580s] INFO:colcon.colcon_core.shell:Creating environment hook '/home/hayden/ros_ws/install/pepper_robot_ign/share/pepper_robot_ign/hook/cmake_prefix_path.sh'
[0.580s] Level 1:colcon.colcon_core.environment:checking '/home/hayden/ros_ws/install/pepper_robot_ign/lib'
[0.580s] Level 1:colcon.colcon_core.environment:checking '/home/hayden/ros_ws/install/pepper_robot_ign/bin'
[0.580s] Level 1:colcon.colcon_core.environment:checking '/home/hayden/ros_ws/install/pepper_robot_ign/lib/pkgconfig/pepper_robot_ign.pc'
[0.580s] Level 1:colcon.colcon_core.environment:checking '/home/hayden/ros_ws/install/pepper_robot_ign/lib/python3.10/site-packages'
[0.580s] Level 1:colcon.colcon_core.environment:checking '/home/hayden/ros_ws/install/pepper_robot_ign/bin'
[0.581s] INFO:colcon.colcon_core.shell:Creating package script '/home/hayden/ros_ws/install/pepper_robot_ign/share/pepper_robot_ign/package.ps1'
[0.581s] INFO:colcon.colcon_core.shell:Creating package descriptor '/home/hayden/ros_ws/install/pepper_robot_ign/share/pepper_robot_ign/package.dsv'
[0.581s] INFO:colcon.colcon_core.shell:Creating package script '/home/hayden/ros_ws/install/pepper_robot_ign/share/pepper_robot_ign/package.sh'
[0.581s] INFO:colcon.colcon_core.shell:Creating package script '/home/hayden/ros_ws/install/pepper_robot_ign/share/pepper_robot_ign/package.bash'
[0.582s] INFO:colcon.colcon_core.shell:Creating package script '/home/hayden/ros_ws/install/pepper_robot_ign/share/pepper_robot_ign/package.zsh'
[0.582s] Level 1:colcon.colcon_core.environment:create_file_with_runtime_dependencies(/home/hayden/ros_ws/install/pepper_robot_ign/share/colcon-core/packages/pepper_robot_ign)
[0.636s] DEBUG:colcon.colcon_core.event_handler.log_command:Invoked command in '/home/hayden/ros_ws/build/pymoveit2' returned '0': CMAKE_PREFIX_PATH=${CMAKE_PREFIX_PATH}:/opt/ros/humble /usr/bin/cmake --build /home/hayden/ros_ws/build/pymoveit2 -- -j12 -l12
[0.638s] DEBUG:colcon.colcon_core.event_handler.log_command:Invoking command in '/home/hayden/ros_ws/build/pymoveit2': CMAKE_PREFIX_PATH=${CMAKE_PREFIX_PATH}:/opt/ros/humble /usr/bin/cmake --install /home/hayden/ros_ws/build/pymoveit2
[0.671s] Level 1:colcon.colcon_core.environment:create_environment_scripts_only(pymoveit2)
[0.671s] DEBUG:colcon.colcon_core.event_handler.log_command:Invoked command in '/home/hayden/ros_ws/build/pymoveit2' returned '0': CMAKE_PREFIX_PATH=${CMAKE_PREFIX_PATH}:/opt/ros/humble /usr/bin/cmake --install /home/hayden/ros_ws/build/pymoveit2
[0.671s] Level 1:colcon.colcon_core.environment:checking '/home/hayden/ros_ws/install/pymoveit2' for CMake module files
[0.672s] Level 1:colcon.colcon_core.environment:checking '/home/hayden/ros_ws/install/pymoveit2' for CMake config files
[0.672s] Level 1:colcon.colcon_core.shell:create_environment_hook('pymoveit2', 'cmake_prefix_path')
[0.672s] INFO:colcon.colcon_core.shell:Creating environment hook '/home/hayden/ros_ws/install/pymoveit2/share/pymoveit2/hook/cmake_prefix_path.ps1'
[0.673s] INFO:colcon.colcon_core.shell:Creating environment descriptor '/home/hayden/ros_ws/install/pymoveit2/share/pymoveit2/hook/cmake_prefix_path.dsv'
[0.673s] INFO:colcon.colcon_core.shell:Creating environment hook '/home/hayden/ros_ws/install/pymoveit2/share/pymoveit2/hook/cmake_prefix_path.sh'
[0.674s] Level 1:colcon.colcon_core.environment:checking '/home/hayden/ros_ws/install/pymoveit2/lib'
[0.674s] Level 1:colcon.colcon_core.environment:checking '/home/hayden/ros_ws/install/pymoveit2/bin'
[0.674s] Level 1:colcon.colcon_core.environment:checking '/home/hayden/ros_ws/install/pymoveit2/lib/pkgconfig/pymoveit2.pc'
[0.674s] Level 1:colcon.colcon_core.environment:checking '/home/hayden/ros_ws/install/pymoveit2/lib/python3.10/site-packages'
[0.674s] Level 1:colcon.colcon_core.environment:checking '/home/hayden/ros_ws/install/pymoveit2/bin'
[0.675s] INFO:colcon.colcon_core.shell:Creating package script '/home/hayden/ros_ws/install/pymoveit2/share/pymoveit2/package.ps1'
[0.675s] INFO:colcon.colcon_core.shell:Creating package descriptor '/home/hayden/ros_ws/install/pymoveit2/share/pymoveit2/package.dsv'
[0.676s] INFO:colcon.colcon_core.shell:Creating package script '/home/hayden/ros_ws/install/pymoveit2/share/pymoveit2/package.sh'
[0.676s] INFO:colcon.colcon_core.shell:Creating package script '/home/hayden/ros_ws/install/pymoveit2/share/pymoveit2/package.bash'
[0.676s] INFO:colcon.colcon_core.shell:Creating package script '/home/hayden/ros_ws/install/pymoveit2/share/pymoveit2/package.zsh'
[0.677s] Level 1:colcon.colcon_core.environment:create_file_with_runtime_dependencies(/home/hayden/ros_ws/install/pymoveit2/share/colcon-core/packages/pymoveit2)
[0.677s] Level 1:colcon.colcon_core.environment:create_environment_scripts_only(pymoveit2)
[0.677s] Level 1:colcon.colcon_core.environment:checking '/home/hayden/ros_ws/install/pymoveit2' for CMake module files
[0.678s] Level 1:colcon.colcon_core.environment:checking '/home/hayden/ros_ws/install/pymoveit2' for CMake config files
[0.678s] Level 1:colcon.colcon_core.shell:create_environment_hook('pymoveit2', 'cmake_prefix_path')
[0.678s] INFO:colcon.colcon_core.shell:Creating environment hook '/home/hayden/ros_ws/install/pymoveit2/share/pymoveit2/hook/cmake_prefix_path.ps1'
[0.679s] INFO:colcon.colcon_core.shell:Creating environment descriptor '/home/hayden/ros_ws/install/pymoveit2/share/pymoveit2/hook/cmake_prefix_path.dsv'
[0.679s] INFO:colcon.colcon_core.shell:Creating environment hook '/home/hayden/ros_ws/install/pymoveit2/share/pymoveit2/hook/cmake_prefix_path.sh'
[0.679s] Level 1:colcon.colcon_core.environment:checking '/home/hayden/ros_ws/install/pymoveit2/lib'
[0.680s] Level 1:colcon.colcon_core.environment:checking '/home/hayden/ros_ws/install/pymoveit2/bin'
[0.680s] Level 1:colcon.colcon_core.environment:checking '/home/hayden/ros_ws/install/pymoveit2/lib/pkgconfig/pymoveit2.pc'
[0.680s] Level 1:colcon.colcon_core.environment:checking '/home/hayden/ros_ws/install/pymoveit2/lib/python3.10/site-packages'
[0.680s] Level 1:colcon.colcon_core.environment:checking '/home/hayden/ros_ws/install/pymoveit2/bin'
[0.680s] INFO:colcon.colcon_core.shell:Creating package script '/home/hayden/ros_ws/install/pymoveit2/share/pymoveit2/package.ps1'
[0.681s] INFO:colcon.colcon_core.shell:Creating package descriptor '/home/hayden/ros_ws/install/pymoveit2/share/pymoveit2/package.dsv'
[0.681s] INFO:colcon.colcon_core.shell:Creating package script '/home/hayden/ros_ws/install/pymoveit2/share/pymoveit2/package.sh'
[0.682s] INFO:colcon.colcon_core.shell:Creating package script '/home/hayden/ros_ws/install/pymoveit2/share/pymoveit2/package.bash'
[0.682s] INFO:colcon.colcon_core.shell:Creating package script '/home/hayden/ros_ws/install/pymoveit2/share/pymoveit2/package.zsh'
[0.682s] Level 1:colcon.colcon_core.environment:create_file_with_runtime_dependencies(/home/hayden/ros_ws/install/pymoveit2/share/colcon-core/packages/pymoveit2)
[0.683s] DEBUG:colcon.colcon_parallel_executor.executor.parallel:closing loop
[0.683s] DEBUG:colcon.colcon_parallel_executor.executor.parallel:loop closed
[0.683s] DEBUG:colcon.colcon_parallel_executor.executor.parallel:run_until_complete finished with '0'
[0.683s] DEBUG:colcon.colcon_core.event_reactor:joining thread
[0.689s] INFO:colcon.colcon_core.plugin_system:Skipping extension 'colcon_notification.desktop_notification.terminal_notifier': Not used on non-Darwin systems
[0.689s] INFO:colcon.colcon_core.plugin_system:Skipping extension 'colcon_notification.desktop_notification.win32': Not used on non-Windows systems
[0.689s] INFO:colcon.colcon_notification.desktop_notification:Sending desktop notification using 'notify2'
[0.708s] DEBUG:colcon.colcon_core.event_reactor:joined thread
[0.708s] INFO:colcon.colcon_core.shell:Creating prefix script '/home/hayden/ros_ws/install/local_setup.ps1'
[0.709s] INFO:colcon.colcon_core.shell:Creating prefix util module '/home/hayden/ros_ws/install/_local_setup_util_ps1.py'
[0.711s] INFO:colcon.colcon_core.shell:Creating prefix chain script '/home/hayden/ros_ws/install/setup.ps1'
[0.712s] INFO:colcon.colcon_core.shell:Creating prefix script '/home/hayden/ros_ws/install/local_setup.sh'
[0.713s] INFO:colcon.colcon_core.shell:Creating prefix util module '/home/hayden/ros_ws/install/_local_setup_util_sh.py'
[0.714s] INFO:colcon.colcon_core.shell:Creating prefix chain script '/home/hayden/ros_ws/install/setup.sh'
[0.715s] INFO:colcon.colcon_core.shell:Creating prefix script '/home/hayden/ros_ws/install/local_setup.bash'
[0.716s] INFO:colcon.colcon_core.shell:Creating prefix chain script '/home/hayden/ros_ws/install/setup.bash'
[0.717s] INFO:colcon.colcon_core.shell:Creating prefix script '/home/hayden/ros_ws/install/local_setup.zsh'
[0.717s] INFO:colcon.colcon_core.shell:Creating prefix chain script '/home/hayden/ros_ws/install/setup.zsh'
